[2023-09-23T03:47:56.441+0000] {processor.py:157} INFO - Started process (PID=60) to work on /home/airflow/.local/lib/python3.8/site-packages/airflow/example_dags/example_skip_dag.py
[2023-09-23T03:47:56.442+0000] {processor.py:829} INFO - Processing file /home/airflow/.local/lib/python3.8/site-packages/airflow/example_dags/example_skip_dag.py for tasks to queue
[2023-09-23T03:47:56.444+0000] {logging_mixin.py:151} INFO - [2023-09-23T03:47:56.443+0000] {dagbag.py:539} INFO - Filling up the DagBag from /home/airflow/.local/lib/python3.8/site-packages/airflow/example_dags/example_skip_dag.py
[2023-09-23T03:47:56.451+0000] {processor.py:839} INFO - DAG(s) dict_keys(['example_skip_dag']) retrieved from /home/airflow/.local/lib/python3.8/site-packages/airflow/example_dags/example_skip_dag.py
[2023-09-23T03:47:56.471+0000] {logging_mixin.py:151} INFO - [2023-09-23T03:47:56.471+0000] {dag.py:2915} INFO - Sync 1 DAGs
[2023-09-23T03:47:56.503+0000] {logging_mixin.py:151} INFO - [2023-09-23T03:47:56.503+0000] {dag.py:3696} INFO - Setting next_dagrun for example_skip_dag to 2023-09-22T03:47:56.502854+00:00, run_after=2023-09-23T03:47:56.502854+00:00
[2023-09-23T03:47:56.569+0000] {processor.py:179} INFO - Processing /home/airflow/.local/lib/python3.8/site-packages/airflow/example_dags/example_skip_dag.py took 0.131 seconds
[2023-09-23T03:48:27.438+0000] {processor.py:157} INFO - Started process (PID=113) to work on /home/airflow/.local/lib/python3.8/site-packages/airflow/example_dags/example_skip_dag.py
[2023-09-23T03:48:27.442+0000] {processor.py:829} INFO - Processing file /home/airflow/.local/lib/python3.8/site-packages/airflow/example_dags/example_skip_dag.py for tasks to queue
[2023-09-23T03:48:27.444+0000] {logging_mixin.py:151} INFO - [2023-09-23T03:48:27.443+0000] {dagbag.py:539} INFO - Filling up the DagBag from /home/airflow/.local/lib/python3.8/site-packages/airflow/example_dags/example_skip_dag.py
[2023-09-23T03:48:27.449+0000] {processor.py:839} INFO - DAG(s) dict_keys(['example_skip_dag']) retrieved from /home/airflow/.local/lib/python3.8/site-packages/airflow/example_dags/example_skip_dag.py
[2023-09-23T03:48:27.468+0000] {logging_mixin.py:151} INFO - [2023-09-23T03:48:27.467+0000] {dag.py:2915} INFO - Sync 1 DAGs
[2023-09-23T03:48:27.486+0000] {logging_mixin.py:151} INFO - [2023-09-23T03:48:27.486+0000] {dag.py:3696} INFO - Setting next_dagrun for example_skip_dag to 2023-09-22T03:48:27.485872+00:00, run_after=2023-09-23T03:48:27.485872+00:00
[2023-09-23T03:48:27.533+0000] {processor.py:179} INFO - Processing /home/airflow/.local/lib/python3.8/site-packages/airflow/example_dags/example_skip_dag.py took 0.097 seconds
[2023-09-23T03:49:00.841+0000] {processor.py:157} INFO - Started process (PID=169) to work on /home/airflow/.local/lib/python3.8/site-packages/airflow/example_dags/example_skip_dag.py
[2023-09-23T03:49:00.843+0000] {processor.py:829} INFO - Processing file /home/airflow/.local/lib/python3.8/site-packages/airflow/example_dags/example_skip_dag.py for tasks to queue
[2023-09-23T03:49:00.844+0000] {logging_mixin.py:151} INFO - [2023-09-23T03:49:00.844+0000] {dagbag.py:539} INFO - Filling up the DagBag from /home/airflow/.local/lib/python3.8/site-packages/airflow/example_dags/example_skip_dag.py
[2023-09-23T03:49:00.849+0000] {processor.py:839} INFO - DAG(s) dict_keys(['example_skip_dag']) retrieved from /home/airflow/.local/lib/python3.8/site-packages/airflow/example_dags/example_skip_dag.py
[2023-09-23T03:49:00.869+0000] {logging_mixin.py:151} INFO - [2023-09-23T03:49:00.868+0000] {dag.py:2915} INFO - Sync 1 DAGs
[2023-09-23T03:49:00.886+0000] {logging_mixin.py:151} INFO - [2023-09-23T03:49:00.886+0000] {dag.py:3696} INFO - Setting next_dagrun for example_skip_dag to 2023-09-22T03:49:00.886601+00:00, run_after=2023-09-23T03:49:00.886601+00:00
[2023-09-23T03:49:00.931+0000] {processor.py:179} INFO - Processing /home/airflow/.local/lib/python3.8/site-packages/airflow/example_dags/example_skip_dag.py took 0.092 seconds
[2023-09-23T03:49:32.158+0000] {processor.py:157} INFO - Started process (PID=224) to work on /home/airflow/.local/lib/python3.8/site-packages/airflow/example_dags/example_skip_dag.py
[2023-09-23T03:49:32.160+0000] {processor.py:829} INFO - Processing file /home/airflow/.local/lib/python3.8/site-packages/airflow/example_dags/example_skip_dag.py for tasks to queue
[2023-09-23T03:49:32.161+0000] {logging_mixin.py:151} INFO - [2023-09-23T03:49:32.161+0000] {dagbag.py:539} INFO - Filling up the DagBag from /home/airflow/.local/lib/python3.8/site-packages/airflow/example_dags/example_skip_dag.py
[2023-09-23T03:49:32.166+0000] {processor.py:839} INFO - DAG(s) dict_keys(['example_skip_dag']) retrieved from /home/airflow/.local/lib/python3.8/site-packages/airflow/example_dags/example_skip_dag.py
[2023-09-23T03:49:32.185+0000] {logging_mixin.py:151} INFO - [2023-09-23T03:49:32.185+0000] {dag.py:2915} INFO - Sync 1 DAGs
[2023-09-23T03:49:32.203+0000] {logging_mixin.py:151} INFO - [2023-09-23T03:49:32.202+0000] {dag.py:3696} INFO - Setting next_dagrun for example_skip_dag to 2023-09-22T03:49:32.202699+00:00, run_after=2023-09-23T03:49:32.202699+00:00
[2023-09-23T03:49:32.255+0000] {processor.py:179} INFO - Processing /home/airflow/.local/lib/python3.8/site-packages/airflow/example_dags/example_skip_dag.py took 0.099 seconds
[2023-09-23T03:50:03.744+0000] {processor.py:157} INFO - Started process (PID=279) to work on /home/airflow/.local/lib/python3.8/site-packages/airflow/example_dags/example_skip_dag.py
[2023-09-23T03:50:03.752+0000] {processor.py:829} INFO - Processing file /home/airflow/.local/lib/python3.8/site-packages/airflow/example_dags/example_skip_dag.py for tasks to queue
[2023-09-23T03:50:03.754+0000] {logging_mixin.py:151} INFO - [2023-09-23T03:50:03.753+0000] {dagbag.py:539} INFO - Filling up the DagBag from /home/airflow/.local/lib/python3.8/site-packages/airflow/example_dags/example_skip_dag.py
[2023-09-23T03:50:03.760+0000] {processor.py:839} INFO - DAG(s) dict_keys(['example_skip_dag']) retrieved from /home/airflow/.local/lib/python3.8/site-packages/airflow/example_dags/example_skip_dag.py
[2023-09-23T03:50:03.784+0000] {logging_mixin.py:151} INFO - [2023-09-23T03:50:03.784+0000] {dag.py:2915} INFO - Sync 1 DAGs
[2023-09-23T03:50:03.807+0000] {logging_mixin.py:151} INFO - [2023-09-23T03:50:03.807+0000] {dag.py:3696} INFO - Setting next_dagrun for example_skip_dag to 2023-09-22T03:50:03.807083+00:00, run_after=2023-09-23T03:50:03.807083+00:00
[2023-09-23T03:50:03.895+0000] {processor.py:179} INFO - Processing /home/airflow/.local/lib/python3.8/site-packages/airflow/example_dags/example_skip_dag.py took 0.154 seconds
[2023-09-23T03:50:34.791+0000] {processor.py:157} INFO - Started process (PID=334) to work on /home/airflow/.local/lib/python3.8/site-packages/airflow/example_dags/example_skip_dag.py
[2023-09-23T03:50:34.795+0000] {processor.py:829} INFO - Processing file /home/airflow/.local/lib/python3.8/site-packages/airflow/example_dags/example_skip_dag.py for tasks to queue
[2023-09-23T03:50:34.797+0000] {logging_mixin.py:151} INFO - [2023-09-23T03:50:34.796+0000] {dagbag.py:539} INFO - Filling up the DagBag from /home/airflow/.local/lib/python3.8/site-packages/airflow/example_dags/example_skip_dag.py
[2023-09-23T03:50:34.802+0000] {processor.py:839} INFO - DAG(s) dict_keys(['example_skip_dag']) retrieved from /home/airflow/.local/lib/python3.8/site-packages/airflow/example_dags/example_skip_dag.py
[2023-09-23T03:50:34.822+0000] {logging_mixin.py:151} INFO - [2023-09-23T03:50:34.822+0000] {dag.py:2915} INFO - Sync 1 DAGs
[2023-09-23T03:50:34.840+0000] {logging_mixin.py:151} INFO - [2023-09-23T03:50:34.840+0000] {dag.py:3696} INFO - Setting next_dagrun for example_skip_dag to 2023-09-22T03:50:34.840576+00:00, run_after=2023-09-23T03:50:34.840576+00:00
[2023-09-23T03:50:34.885+0000] {processor.py:179} INFO - Processing /home/airflow/.local/lib/python3.8/site-packages/airflow/example_dags/example_skip_dag.py took 0.097 seconds
[2023-09-23T03:51:05.599+0000] {processor.py:157} INFO - Started process (PID=389) to work on /home/airflow/.local/lib/python3.8/site-packages/airflow/example_dags/example_skip_dag.py
[2023-09-23T03:51:05.601+0000] {processor.py:829} INFO - Processing file /home/airflow/.local/lib/python3.8/site-packages/airflow/example_dags/example_skip_dag.py for tasks to queue
[2023-09-23T03:51:05.602+0000] {logging_mixin.py:151} INFO - [2023-09-23T03:51:05.602+0000] {dagbag.py:539} INFO - Filling up the DagBag from /home/airflow/.local/lib/python3.8/site-packages/airflow/example_dags/example_skip_dag.py
[2023-09-23T03:51:05.608+0000] {processor.py:839} INFO - DAG(s) dict_keys(['example_skip_dag']) retrieved from /home/airflow/.local/lib/python3.8/site-packages/airflow/example_dags/example_skip_dag.py
[2023-09-23T03:51:05.628+0000] {logging_mixin.py:151} INFO - [2023-09-23T03:51:05.627+0000] {dag.py:2915} INFO - Sync 1 DAGs
[2023-09-23T03:51:05.647+0000] {logging_mixin.py:151} INFO - [2023-09-23T03:51:05.647+0000] {dag.py:3696} INFO - Setting next_dagrun for example_skip_dag to 2023-09-22T03:51:05.647026+00:00, run_after=2023-09-23T03:51:05.647026+00:00
[2023-09-23T03:51:05.688+0000] {processor.py:179} INFO - Processing /home/airflow/.local/lib/python3.8/site-packages/airflow/example_dags/example_skip_dag.py took 0.092 seconds
[2023-09-23T03:51:37.776+0000] {processor.py:157} INFO - Started process (PID=444) to work on /home/airflow/.local/lib/python3.8/site-packages/airflow/example_dags/example_skip_dag.py
[2023-09-23T03:51:37.792+0000] {processor.py:829} INFO - Processing file /home/airflow/.local/lib/python3.8/site-packages/airflow/example_dags/example_skip_dag.py for tasks to queue
[2023-09-23T03:51:37.794+0000] {logging_mixin.py:151} INFO - [2023-09-23T03:51:37.794+0000] {dagbag.py:539} INFO - Filling up the DagBag from /home/airflow/.local/lib/python3.8/site-packages/airflow/example_dags/example_skip_dag.py
[2023-09-23T03:51:37.800+0000] {processor.py:839} INFO - DAG(s) dict_keys(['example_skip_dag']) retrieved from /home/airflow/.local/lib/python3.8/site-packages/airflow/example_dags/example_skip_dag.py
[2023-09-23T03:51:37.821+0000] {logging_mixin.py:151} INFO - [2023-09-23T03:51:37.821+0000] {dag.py:2915} INFO - Sync 1 DAGs
[2023-09-23T03:51:37.838+0000] {logging_mixin.py:151} INFO - [2023-09-23T03:51:37.838+0000] {dag.py:3696} INFO - Setting next_dagrun for example_skip_dag to 2023-09-22T03:51:37.838110+00:00, run_after=2023-09-23T03:51:37.838110+00:00
[2023-09-23T03:51:37.876+0000] {processor.py:179} INFO - Processing /home/airflow/.local/lib/python3.8/site-packages/airflow/example_dags/example_skip_dag.py took 0.103 seconds
[2023-09-23T03:52:16.415+0000] {processor.py:157} INFO - Started process (PID=499) to work on /home/airflow/.local/lib/python3.8/site-packages/airflow/example_dags/example_skip_dag.py
[2023-09-23T03:52:16.587+0000] {processor.py:829} INFO - Processing file /home/airflow/.local/lib/python3.8/site-packages/airflow/example_dags/example_skip_dag.py for tasks to queue
[2023-09-23T03:52:16.589+0000] {logging_mixin.py:151} INFO - [2023-09-23T03:52:16.589+0000] {dagbag.py:539} INFO - Filling up the DagBag from /home/airflow/.local/lib/python3.8/site-packages/airflow/example_dags/example_skip_dag.py
[2023-09-23T03:52:16.594+0000] {processor.py:839} INFO - DAG(s) dict_keys(['example_skip_dag']) retrieved from /home/airflow/.local/lib/python3.8/site-packages/airflow/example_dags/example_skip_dag.py
[2023-09-23T03:52:16.612+0000] {logging_mixin.py:151} INFO - [2023-09-23T03:52:16.612+0000] {dag.py:2915} INFO - Sync 1 DAGs
[2023-09-23T03:52:16.629+0000] {logging_mixin.py:151} INFO - [2023-09-23T03:52:16.629+0000] {dag.py:3696} INFO - Setting next_dagrun for example_skip_dag to 2023-09-22T03:52:16.629291+00:00, run_after=2023-09-23T03:52:16.629291+00:00
[2023-09-23T03:52:16.951+0000] {processor.py:179} INFO - Processing /home/airflow/.local/lib/python3.8/site-packages/airflow/example_dags/example_skip_dag.py took 0.538 seconds
[2023-09-23T03:52:47.056+0000] {processor.py:157} INFO - Started process (PID=554) to work on /home/airflow/.local/lib/python3.8/site-packages/airflow/example_dags/example_skip_dag.py
[2023-09-23T03:52:47.063+0000] {processor.py:829} INFO - Processing file /home/airflow/.local/lib/python3.8/site-packages/airflow/example_dags/example_skip_dag.py for tasks to queue
[2023-09-23T03:52:47.065+0000] {logging_mixin.py:151} INFO - [2023-09-23T03:52:47.065+0000] {dagbag.py:539} INFO - Filling up the DagBag from /home/airflow/.local/lib/python3.8/site-packages/airflow/example_dags/example_skip_dag.py
[2023-09-23T03:52:47.070+0000] {processor.py:839} INFO - DAG(s) dict_keys(['example_skip_dag']) retrieved from /home/airflow/.local/lib/python3.8/site-packages/airflow/example_dags/example_skip_dag.py
[2023-09-23T03:52:47.088+0000] {logging_mixin.py:151} INFO - [2023-09-23T03:52:47.088+0000] {dag.py:2915} INFO - Sync 1 DAGs
[2023-09-23T03:52:47.106+0000] {logging_mixin.py:151} INFO - [2023-09-23T03:52:47.106+0000] {dag.py:3696} INFO - Setting next_dagrun for example_skip_dag to 2023-09-22T03:52:47.106241+00:00, run_after=2023-09-23T03:52:47.106241+00:00
[2023-09-23T03:52:47.220+0000] {processor.py:179} INFO - Processing /home/airflow/.local/lib/python3.8/site-packages/airflow/example_dags/example_skip_dag.py took 0.166 seconds
[2023-09-23T03:53:18.760+0000] {processor.py:157} INFO - Started process (PID=609) to work on /home/airflow/.local/lib/python3.8/site-packages/airflow/example_dags/example_skip_dag.py
[2023-09-23T03:53:18.788+0000] {processor.py:829} INFO - Processing file /home/airflow/.local/lib/python3.8/site-packages/airflow/example_dags/example_skip_dag.py for tasks to queue
[2023-09-23T03:53:18.789+0000] {logging_mixin.py:151} INFO - [2023-09-23T03:53:18.789+0000] {dagbag.py:539} INFO - Filling up the DagBag from /home/airflow/.local/lib/python3.8/site-packages/airflow/example_dags/example_skip_dag.py
[2023-09-23T03:53:18.794+0000] {processor.py:839} INFO - DAG(s) dict_keys(['example_skip_dag']) retrieved from /home/airflow/.local/lib/python3.8/site-packages/airflow/example_dags/example_skip_dag.py
[2023-09-23T03:53:18.812+0000] {logging_mixin.py:151} INFO - [2023-09-23T03:53:18.812+0000] {dag.py:2915} INFO - Sync 1 DAGs
[2023-09-23T03:53:18.830+0000] {logging_mixin.py:151} INFO - [2023-09-23T03:53:18.829+0000] {dag.py:3696} INFO - Setting next_dagrun for example_skip_dag to 2023-09-22T03:53:18.829783+00:00, run_after=2023-09-23T03:53:18.829783+00:00
[2023-09-23T03:53:18.898+0000] {processor.py:179} INFO - Processing /home/airflow/.local/lib/python3.8/site-packages/airflow/example_dags/example_skip_dag.py took 0.140 seconds
[2023-09-23T03:53:49.971+0000] {processor.py:157} INFO - Started process (PID=664) to work on /home/airflow/.local/lib/python3.8/site-packages/airflow/example_dags/example_skip_dag.py
[2023-09-23T03:53:50.267+0000] {processor.py:829} INFO - Processing file /home/airflow/.local/lib/python3.8/site-packages/airflow/example_dags/example_skip_dag.py for tasks to queue
[2023-09-23T03:53:50.269+0000] {logging_mixin.py:151} INFO - [2023-09-23T03:53:50.269+0000] {dagbag.py:539} INFO - Filling up the DagBag from /home/airflow/.local/lib/python3.8/site-packages/airflow/example_dags/example_skip_dag.py
[2023-09-23T03:53:50.274+0000] {processor.py:839} INFO - DAG(s) dict_keys(['example_skip_dag']) retrieved from /home/airflow/.local/lib/python3.8/site-packages/airflow/example_dags/example_skip_dag.py
[2023-09-23T03:53:50.293+0000] {logging_mixin.py:151} INFO - [2023-09-23T03:53:50.293+0000] {dag.py:2915} INFO - Sync 1 DAGs
[2023-09-23T03:53:50.311+0000] {logging_mixin.py:151} INFO - [2023-09-23T03:53:50.310+0000] {dag.py:3696} INFO - Setting next_dagrun for example_skip_dag to 2023-09-22T03:53:50.310613+00:00, run_after=2023-09-23T03:53:50.310613+00:00
[2023-09-23T03:53:50.489+0000] {processor.py:179} INFO - Processing /home/airflow/.local/lib/python3.8/site-packages/airflow/example_dags/example_skip_dag.py took 0.520 seconds
[2023-09-23T03:54:20.817+0000] {processor.py:157} INFO - Started process (PID=719) to work on /home/airflow/.local/lib/python3.8/site-packages/airflow/example_dags/example_skip_dag.py
[2023-09-23T03:54:20.824+0000] {processor.py:829} INFO - Processing file /home/airflow/.local/lib/python3.8/site-packages/airflow/example_dags/example_skip_dag.py for tasks to queue
[2023-09-23T03:54:20.825+0000] {logging_mixin.py:151} INFO - [2023-09-23T03:54:20.825+0000] {dagbag.py:539} INFO - Filling up the DagBag from /home/airflow/.local/lib/python3.8/site-packages/airflow/example_dags/example_skip_dag.py
[2023-09-23T03:54:20.830+0000] {processor.py:839} INFO - DAG(s) dict_keys(['example_skip_dag']) retrieved from /home/airflow/.local/lib/python3.8/site-packages/airflow/example_dags/example_skip_dag.py
[2023-09-23T03:54:20.849+0000] {logging_mixin.py:151} INFO - [2023-09-23T03:54:20.848+0000] {dag.py:2915} INFO - Sync 1 DAGs
[2023-09-23T03:54:20.866+0000] {logging_mixin.py:151} INFO - [2023-09-23T03:54:20.866+0000] {dag.py:3696} INFO - Setting next_dagrun for example_skip_dag to 2023-09-22T03:54:20.866403+00:00, run_after=2023-09-23T03:54:20.866403+00:00
[2023-09-23T03:54:20.911+0000] {processor.py:179} INFO - Processing /home/airflow/.local/lib/python3.8/site-packages/airflow/example_dags/example_skip_dag.py took 0.097 seconds
[2023-09-23T03:54:51.538+0000] {processor.py:157} INFO - Started process (PID=774) to work on /home/airflow/.local/lib/python3.8/site-packages/airflow/example_dags/example_skip_dag.py
[2023-09-23T03:54:51.539+0000] {processor.py:829} INFO - Processing file /home/airflow/.local/lib/python3.8/site-packages/airflow/example_dags/example_skip_dag.py for tasks to queue
[2023-09-23T03:54:51.541+0000] {logging_mixin.py:151} INFO - [2023-09-23T03:54:51.540+0000] {dagbag.py:539} INFO - Filling up the DagBag from /home/airflow/.local/lib/python3.8/site-packages/airflow/example_dags/example_skip_dag.py
[2023-09-23T03:54:51.547+0000] {processor.py:839} INFO - DAG(s) dict_keys(['example_skip_dag']) retrieved from /home/airflow/.local/lib/python3.8/site-packages/airflow/example_dags/example_skip_dag.py
[2023-09-23T03:54:51.566+0000] {logging_mixin.py:151} INFO - [2023-09-23T03:54:51.566+0000] {dag.py:2915} INFO - Sync 1 DAGs
[2023-09-23T03:54:51.584+0000] {logging_mixin.py:151} INFO - [2023-09-23T03:54:51.584+0000] {dag.py:3696} INFO - Setting next_dagrun for example_skip_dag to 2023-09-22T03:54:51.584522+00:00, run_after=2023-09-23T03:54:51.584522+00:00
[2023-09-23T03:54:51.631+0000] {processor.py:179} INFO - Processing /home/airflow/.local/lib/python3.8/site-packages/airflow/example_dags/example_skip_dag.py took 0.096 seconds
[2023-09-23T03:55:22.886+0000] {processor.py:157} INFO - Started process (PID=829) to work on /home/airflow/.local/lib/python3.8/site-packages/airflow/example_dags/example_skip_dag.py
[2023-09-23T03:55:22.897+0000] {processor.py:829} INFO - Processing file /home/airflow/.local/lib/python3.8/site-packages/airflow/example_dags/example_skip_dag.py for tasks to queue
[2023-09-23T03:55:22.898+0000] {logging_mixin.py:151} INFO - [2023-09-23T03:55:22.898+0000] {dagbag.py:539} INFO - Filling up the DagBag from /home/airflow/.local/lib/python3.8/site-packages/airflow/example_dags/example_skip_dag.py
[2023-09-23T03:55:22.904+0000] {processor.py:839} INFO - DAG(s) dict_keys(['example_skip_dag']) retrieved from /home/airflow/.local/lib/python3.8/site-packages/airflow/example_dags/example_skip_dag.py
[2023-09-23T03:55:22.922+0000] {logging_mixin.py:151} INFO - [2023-09-23T03:55:22.922+0000] {dag.py:2915} INFO - Sync 1 DAGs
[2023-09-23T03:55:22.939+0000] {logging_mixin.py:151} INFO - [2023-09-23T03:55:22.939+0000] {dag.py:3696} INFO - Setting next_dagrun for example_skip_dag to 2023-09-22T03:55:22.939029+00:00, run_after=2023-09-23T03:55:22.939029+00:00
[2023-09-23T03:55:22.999+0000] {processor.py:179} INFO - Processing /home/airflow/.local/lib/python3.8/site-packages/airflow/example_dags/example_skip_dag.py took 0.115 seconds
[2023-09-23T03:55:54.707+0000] {processor.py:157} INFO - Started process (PID=884) to work on /home/airflow/.local/lib/python3.8/site-packages/airflow/example_dags/example_skip_dag.py
[2023-09-23T03:55:54.933+0000] {processor.py:829} INFO - Processing file /home/airflow/.local/lib/python3.8/site-packages/airflow/example_dags/example_skip_dag.py for tasks to queue
[2023-09-23T03:55:54.937+0000] {logging_mixin.py:151} INFO - [2023-09-23T03:55:54.936+0000] {dagbag.py:539} INFO - Filling up the DagBag from /home/airflow/.local/lib/python3.8/site-packages/airflow/example_dags/example_skip_dag.py
[2023-09-23T03:55:54.952+0000] {processor.py:839} INFO - DAG(s) dict_keys(['example_skip_dag']) retrieved from /home/airflow/.local/lib/python3.8/site-packages/airflow/example_dags/example_skip_dag.py
[2023-09-23T03:55:54.979+0000] {logging_mixin.py:151} INFO - [2023-09-23T03:55:54.978+0000] {dag.py:2915} INFO - Sync 1 DAGs
[2023-09-23T03:55:55.133+0000] {logging_mixin.py:151} INFO - [2023-09-23T03:55:55.133+0000] {dag.py:3696} INFO - Setting next_dagrun for example_skip_dag to 2023-09-22T03:55:55.132992+00:00, run_after=2023-09-23T03:55:55.132992+00:00
[2023-09-23T03:55:55.360+0000] {processor.py:179} INFO - Processing /home/airflow/.local/lib/python3.8/site-packages/airflow/example_dags/example_skip_dag.py took 0.655 seconds
[2023-09-23T03:56:25.993+0000] {processor.py:157} INFO - Started process (PID=939) to work on /home/airflow/.local/lib/python3.8/site-packages/airflow/example_dags/example_skip_dag.py
[2023-09-23T03:56:26.405+0000] {processor.py:829} INFO - Processing file /home/airflow/.local/lib/python3.8/site-packages/airflow/example_dags/example_skip_dag.py for tasks to queue
[2023-09-23T03:56:26.410+0000] {logging_mixin.py:151} INFO - [2023-09-23T03:56:26.410+0000] {dagbag.py:539} INFO - Filling up the DagBag from /home/airflow/.local/lib/python3.8/site-packages/airflow/example_dags/example_skip_dag.py
[2023-09-23T03:56:26.416+0000] {processor.py:839} INFO - DAG(s) dict_keys(['example_skip_dag']) retrieved from /home/airflow/.local/lib/python3.8/site-packages/airflow/example_dags/example_skip_dag.py
[2023-09-23T03:56:26.434+0000] {logging_mixin.py:151} INFO - [2023-09-23T03:56:26.434+0000] {dag.py:2915} INFO - Sync 1 DAGs
[2023-09-23T03:56:26.452+0000] {logging_mixin.py:151} INFO - [2023-09-23T03:56:26.452+0000] {dag.py:3696} INFO - Setting next_dagrun for example_skip_dag to 2023-09-22T03:56:26.452274+00:00, run_after=2023-09-23T03:56:26.452274+00:00
[2023-09-23T03:56:28.009+0000] {processor.py:179} INFO - Processing /home/airflow/.local/lib/python3.8/site-packages/airflow/example_dags/example_skip_dag.py took 2.019 seconds
[2023-09-23T03:56:58.673+0000] {processor.py:157} INFO - Started process (PID=994) to work on /home/airflow/.local/lib/python3.8/site-packages/airflow/example_dags/example_skip_dag.py
[2023-09-23T03:56:58.733+0000] {processor.py:829} INFO - Processing file /home/airflow/.local/lib/python3.8/site-packages/airflow/example_dags/example_skip_dag.py for tasks to queue
[2023-09-23T03:56:58.735+0000] {logging_mixin.py:151} INFO - [2023-09-23T03:56:58.734+0000] {dagbag.py:539} INFO - Filling up the DagBag from /home/airflow/.local/lib/python3.8/site-packages/airflow/example_dags/example_skip_dag.py
[2023-09-23T03:56:58.741+0000] {processor.py:839} INFO - DAG(s) dict_keys(['example_skip_dag']) retrieved from /home/airflow/.local/lib/python3.8/site-packages/airflow/example_dags/example_skip_dag.py
[2023-09-23T03:56:58.759+0000] {logging_mixin.py:151} INFO - [2023-09-23T03:56:58.759+0000] {dag.py:2915} INFO - Sync 1 DAGs
[2023-09-23T03:56:58.777+0000] {logging_mixin.py:151} INFO - [2023-09-23T03:56:58.777+0000] {dag.py:3696} INFO - Setting next_dagrun for example_skip_dag to 2023-09-22T03:56:58.777535+00:00, run_after=2023-09-23T03:56:58.777535+00:00
[2023-09-23T03:56:59.926+0000] {processor.py:179} INFO - Processing /home/airflow/.local/lib/python3.8/site-packages/airflow/example_dags/example_skip_dag.py took 1.255 seconds
[2023-09-23T03:57:30.812+0000] {processor.py:157} INFO - Started process (PID=1049) to work on /home/airflow/.local/lib/python3.8/site-packages/airflow/example_dags/example_skip_dag.py
[2023-09-23T03:57:31.024+0000] {processor.py:829} INFO - Processing file /home/airflow/.local/lib/python3.8/site-packages/airflow/example_dags/example_skip_dag.py for tasks to queue
[2023-09-23T03:57:31.026+0000] {logging_mixin.py:151} INFO - [2023-09-23T03:57:31.025+0000] {dagbag.py:539} INFO - Filling up the DagBag from /home/airflow/.local/lib/python3.8/site-packages/airflow/example_dags/example_skip_dag.py
[2023-09-23T03:57:31.031+0000] {processor.py:839} INFO - DAG(s) dict_keys(['example_skip_dag']) retrieved from /home/airflow/.local/lib/python3.8/site-packages/airflow/example_dags/example_skip_dag.py
[2023-09-23T03:57:31.048+0000] {logging_mixin.py:151} INFO - [2023-09-23T03:57:31.048+0000] {dag.py:2915} INFO - Sync 1 DAGs
[2023-09-23T03:57:31.066+0000] {logging_mixin.py:151} INFO - [2023-09-23T03:57:31.065+0000] {dag.py:3696} INFO - Setting next_dagrun for example_skip_dag to 2023-09-22T03:57:31.065595+00:00, run_after=2023-09-23T03:57:31.065595+00:00
[2023-09-23T03:57:31.187+0000] {processor.py:179} INFO - Processing /home/airflow/.local/lib/python3.8/site-packages/airflow/example_dags/example_skip_dag.py took 0.377 seconds
[2023-09-23T04:04:46.606+0000] {processor.py:157} INFO - Started process (PID=68) to work on /home/airflow/.local/lib/python3.8/site-packages/airflow/example_dags/example_skip_dag.py
[2023-09-23T04:04:46.613+0000] {processor.py:829} INFO - Processing file /home/airflow/.local/lib/python3.8/site-packages/airflow/example_dags/example_skip_dag.py for tasks to queue
[2023-09-23T04:04:46.615+0000] {logging_mixin.py:151} INFO - [2023-09-23T04:04:46.615+0000] {dagbag.py:539} INFO - Filling up the DagBag from /home/airflow/.local/lib/python3.8/site-packages/airflow/example_dags/example_skip_dag.py
[2023-09-23T04:04:46.623+0000] {processor.py:839} INFO - DAG(s) dict_keys(['example_skip_dag']) retrieved from /home/airflow/.local/lib/python3.8/site-packages/airflow/example_dags/example_skip_dag.py
[2023-09-23T04:04:46.642+0000] {logging_mixin.py:151} INFO - [2023-09-23T04:04:46.642+0000] {dag.py:2915} INFO - Sync 1 DAGs
[2023-09-23T04:04:46.661+0000] {logging_mixin.py:151} INFO - [2023-09-23T04:04:46.661+0000] {dag.py:3696} INFO - Setting next_dagrun for example_skip_dag to 2023-09-22T04:04:46.660824+00:00, run_after=2023-09-23T04:04:46.660824+00:00
[2023-09-23T04:04:46.706+0000] {processor.py:179} INFO - Processing /home/airflow/.local/lib/python3.8/site-packages/airflow/example_dags/example_skip_dag.py took 0.103 seconds
[2023-09-23T04:05:20.692+0000] {processor.py:157} INFO - Started process (PID=124) to work on /home/airflow/.local/lib/python3.8/site-packages/airflow/example_dags/example_skip_dag.py
[2023-09-23T04:05:20.692+0000] {processor.py:829} INFO - Processing file /home/airflow/.local/lib/python3.8/site-packages/airflow/example_dags/example_skip_dag.py for tasks to queue
[2023-09-23T04:05:20.694+0000] {logging_mixin.py:151} INFO - [2023-09-23T04:05:20.694+0000] {dagbag.py:539} INFO - Filling up the DagBag from /home/airflow/.local/lib/python3.8/site-packages/airflow/example_dags/example_skip_dag.py
[2023-09-23T04:05:20.699+0000] {processor.py:839} INFO - DAG(s) dict_keys(['example_skip_dag']) retrieved from /home/airflow/.local/lib/python3.8/site-packages/airflow/example_dags/example_skip_dag.py
[2023-09-23T04:05:20.718+0000] {logging_mixin.py:151} INFO - [2023-09-23T04:05:20.718+0000] {dag.py:2915} INFO - Sync 1 DAGs
[2023-09-23T04:05:20.736+0000] {logging_mixin.py:151} INFO - [2023-09-23T04:05:20.736+0000] {dag.py:3696} INFO - Setting next_dagrun for example_skip_dag to 2023-09-22T04:05:20.736002+00:00, run_after=2023-09-23T04:05:20.736002+00:00
[2023-09-23T04:05:21.001+0000] {processor.py:179} INFO - Processing /home/airflow/.local/lib/python3.8/site-packages/airflow/example_dags/example_skip_dag.py took 0.312 seconds
[2023-09-23T04:05:52.966+0000] {processor.py:157} INFO - Started process (PID=179) to work on /home/airflow/.local/lib/python3.8/site-packages/airflow/example_dags/example_skip_dag.py
[2023-09-23T04:05:52.986+0000] {processor.py:829} INFO - Processing file /home/airflow/.local/lib/python3.8/site-packages/airflow/example_dags/example_skip_dag.py for tasks to queue
[2023-09-23T04:05:52.988+0000] {logging_mixin.py:151} INFO - [2023-09-23T04:05:52.988+0000] {dagbag.py:539} INFO - Filling up the DagBag from /home/airflow/.local/lib/python3.8/site-packages/airflow/example_dags/example_skip_dag.py
[2023-09-23T04:05:52.993+0000] {processor.py:839} INFO - DAG(s) dict_keys(['example_skip_dag']) retrieved from /home/airflow/.local/lib/python3.8/site-packages/airflow/example_dags/example_skip_dag.py
[2023-09-23T04:05:53.012+0000] {logging_mixin.py:151} INFO - [2023-09-23T04:05:53.012+0000] {dag.py:2915} INFO - Sync 1 DAGs
[2023-09-23T04:05:53.031+0000] {logging_mixin.py:151} INFO - [2023-09-23T04:05:53.030+0000] {dag.py:3696} INFO - Setting next_dagrun for example_skip_dag to 2023-09-22T04:05:53.030660+00:00, run_after=2023-09-23T04:05:53.030660+00:00
[2023-09-23T04:05:53.072+0000] {processor.py:179} INFO - Processing /home/airflow/.local/lib/python3.8/site-packages/airflow/example_dags/example_skip_dag.py took 0.108 seconds
[2023-09-23T04:06:24.062+0000] {processor.py:157} INFO - Started process (PID=234) to work on /home/airflow/.local/lib/python3.8/site-packages/airflow/example_dags/example_skip_dag.py
[2023-09-23T04:06:24.079+0000] {processor.py:829} INFO - Processing file /home/airflow/.local/lib/python3.8/site-packages/airflow/example_dags/example_skip_dag.py for tasks to queue
[2023-09-23T04:06:24.080+0000] {logging_mixin.py:151} INFO - [2023-09-23T04:06:24.080+0000] {dagbag.py:539} INFO - Filling up the DagBag from /home/airflow/.local/lib/python3.8/site-packages/airflow/example_dags/example_skip_dag.py
[2023-09-23T04:06:24.085+0000] {processor.py:839} INFO - DAG(s) dict_keys(['example_skip_dag']) retrieved from /home/airflow/.local/lib/python3.8/site-packages/airflow/example_dags/example_skip_dag.py
[2023-09-23T04:06:24.104+0000] {logging_mixin.py:151} INFO - [2023-09-23T04:06:24.104+0000] {dag.py:2915} INFO - Sync 1 DAGs
[2023-09-23T04:06:24.123+0000] {logging_mixin.py:151} INFO - [2023-09-23T04:06:24.122+0000] {dag.py:3696} INFO - Setting next_dagrun for example_skip_dag to 2023-09-22T04:06:24.122735+00:00, run_after=2023-09-23T04:06:24.122735+00:00
[2023-09-23T04:06:24.168+0000] {processor.py:179} INFO - Processing /home/airflow/.local/lib/python3.8/site-packages/airflow/example_dags/example_skip_dag.py took 0.109 seconds
[2023-09-23T04:06:54.401+0000] {processor.py:157} INFO - Started process (PID=289) to work on /home/airflow/.local/lib/python3.8/site-packages/airflow/example_dags/example_skip_dag.py
[2023-09-23T04:06:54.402+0000] {processor.py:829} INFO - Processing file /home/airflow/.local/lib/python3.8/site-packages/airflow/example_dags/example_skip_dag.py for tasks to queue
[2023-09-23T04:06:54.404+0000] {logging_mixin.py:151} INFO - [2023-09-23T04:06:54.403+0000] {dagbag.py:539} INFO - Filling up the DagBag from /home/airflow/.local/lib/python3.8/site-packages/airflow/example_dags/example_skip_dag.py
[2023-09-23T04:06:54.409+0000] {processor.py:839} INFO - DAG(s) dict_keys(['example_skip_dag']) retrieved from /home/airflow/.local/lib/python3.8/site-packages/airflow/example_dags/example_skip_dag.py
[2023-09-23T04:06:54.429+0000] {logging_mixin.py:151} INFO - [2023-09-23T04:06:54.429+0000] {dag.py:2915} INFO - Sync 1 DAGs
[2023-09-23T04:06:54.448+0000] {logging_mixin.py:151} INFO - [2023-09-23T04:06:54.448+0000] {dag.py:3696} INFO - Setting next_dagrun for example_skip_dag to 2023-09-22T04:06:54.448615+00:00, run_after=2023-09-23T04:06:54.448615+00:00
[2023-09-23T04:06:54.493+0000] {processor.py:179} INFO - Processing /home/airflow/.local/lib/python3.8/site-packages/airflow/example_dags/example_skip_dag.py took 0.095 seconds
[2023-09-23T04:07:25.355+0000] {processor.py:157} INFO - Started process (PID=344) to work on /home/airflow/.local/lib/python3.8/site-packages/airflow/example_dags/example_skip_dag.py
[2023-09-23T04:07:25.356+0000] {processor.py:829} INFO - Processing file /home/airflow/.local/lib/python3.8/site-packages/airflow/example_dags/example_skip_dag.py for tasks to queue
[2023-09-23T04:07:25.358+0000] {logging_mixin.py:151} INFO - [2023-09-23T04:07:25.358+0000] {dagbag.py:539} INFO - Filling up the DagBag from /home/airflow/.local/lib/python3.8/site-packages/airflow/example_dags/example_skip_dag.py
[2023-09-23T04:07:25.363+0000] {processor.py:839} INFO - DAG(s) dict_keys(['example_skip_dag']) retrieved from /home/airflow/.local/lib/python3.8/site-packages/airflow/example_dags/example_skip_dag.py
[2023-09-23T04:07:25.382+0000] {logging_mixin.py:151} INFO - [2023-09-23T04:07:25.382+0000] {dag.py:2915} INFO - Sync 1 DAGs
[2023-09-23T04:07:25.400+0000] {logging_mixin.py:151} INFO - [2023-09-23T04:07:25.400+0000] {dag.py:3696} INFO - Setting next_dagrun for example_skip_dag to 2023-09-22T04:07:25.400215+00:00, run_after=2023-09-23T04:07:25.400215+00:00
[2023-09-23T04:07:25.452+0000] {processor.py:179} INFO - Processing /home/airflow/.local/lib/python3.8/site-packages/airflow/example_dags/example_skip_dag.py took 0.100 seconds
[2023-09-23T04:07:57.849+0000] {processor.py:157} INFO - Started process (PID=399) to work on /home/airflow/.local/lib/python3.8/site-packages/airflow/example_dags/example_skip_dag.py
[2023-09-23T04:07:57.858+0000] {processor.py:829} INFO - Processing file /home/airflow/.local/lib/python3.8/site-packages/airflow/example_dags/example_skip_dag.py for tasks to queue
[2023-09-23T04:07:57.864+0000] {logging_mixin.py:151} INFO - [2023-09-23T04:07:57.863+0000] {dagbag.py:539} INFO - Filling up the DagBag from /home/airflow/.local/lib/python3.8/site-packages/airflow/example_dags/example_skip_dag.py
[2023-09-23T04:07:57.877+0000] {processor.py:839} INFO - DAG(s) dict_keys(['example_skip_dag']) retrieved from /home/airflow/.local/lib/python3.8/site-packages/airflow/example_dags/example_skip_dag.py
[2023-09-23T04:07:57.902+0000] {logging_mixin.py:151} INFO - [2023-09-23T04:07:57.902+0000] {dag.py:2915} INFO - Sync 1 DAGs
[2023-09-23T04:07:57.919+0000] {logging_mixin.py:151} INFO - [2023-09-23T04:07:57.919+0000] {dag.py:3696} INFO - Setting next_dagrun for example_skip_dag to 2023-09-22T04:07:57.919498+00:00, run_after=2023-09-23T04:07:57.919498+00:00
[2023-09-23T04:07:57.981+0000] {processor.py:179} INFO - Processing /home/airflow/.local/lib/python3.8/site-packages/airflow/example_dags/example_skip_dag.py took 0.135 seconds
[2023-09-23T04:08:28.479+0000] {processor.py:157} INFO - Started process (PID=454) to work on /home/airflow/.local/lib/python3.8/site-packages/airflow/example_dags/example_skip_dag.py
[2023-09-23T04:08:28.482+0000] {processor.py:829} INFO - Processing file /home/airflow/.local/lib/python3.8/site-packages/airflow/example_dags/example_skip_dag.py for tasks to queue
[2023-09-23T04:08:28.484+0000] {logging_mixin.py:151} INFO - [2023-09-23T04:08:28.484+0000] {dagbag.py:539} INFO - Filling up the DagBag from /home/airflow/.local/lib/python3.8/site-packages/airflow/example_dags/example_skip_dag.py
[2023-09-23T04:08:28.489+0000] {processor.py:839} INFO - DAG(s) dict_keys(['example_skip_dag']) retrieved from /home/airflow/.local/lib/python3.8/site-packages/airflow/example_dags/example_skip_dag.py
[2023-09-23T04:08:28.508+0000] {logging_mixin.py:151} INFO - [2023-09-23T04:08:28.508+0000] {dag.py:2915} INFO - Sync 1 DAGs
[2023-09-23T04:08:28.526+0000] {logging_mixin.py:151} INFO - [2023-09-23T04:08:28.526+0000] {dag.py:3696} INFO - Setting next_dagrun for example_skip_dag to 2023-09-22T04:08:28.526535+00:00, run_after=2023-09-23T04:08:28.526535+00:00
[2023-09-23T04:08:28.572+0000] {processor.py:179} INFO - Processing /home/airflow/.local/lib/python3.8/site-packages/airflow/example_dags/example_skip_dag.py took 0.095 seconds
[2023-09-23T04:09:01.278+0000] {processor.py:157} INFO - Started process (PID=509) to work on /home/airflow/.local/lib/python3.8/site-packages/airflow/example_dags/example_skip_dag.py
[2023-09-23T04:09:01.279+0000] {processor.py:829} INFO - Processing file /home/airflow/.local/lib/python3.8/site-packages/airflow/example_dags/example_skip_dag.py for tasks to queue
[2023-09-23T04:09:01.281+0000] {logging_mixin.py:151} INFO - [2023-09-23T04:09:01.281+0000] {dagbag.py:539} INFO - Filling up the DagBag from /home/airflow/.local/lib/python3.8/site-packages/airflow/example_dags/example_skip_dag.py
[2023-09-23T04:09:01.286+0000] {processor.py:839} INFO - DAG(s) dict_keys(['example_skip_dag']) retrieved from /home/airflow/.local/lib/python3.8/site-packages/airflow/example_dags/example_skip_dag.py
[2023-09-23T04:09:01.305+0000] {logging_mixin.py:151} INFO - [2023-09-23T04:09:01.305+0000] {dag.py:2915} INFO - Sync 1 DAGs
[2023-09-23T04:09:01.323+0000] {logging_mixin.py:151} INFO - [2023-09-23T04:09:01.323+0000] {dag.py:3696} INFO - Setting next_dagrun for example_skip_dag to 2023-09-22T04:09:01.323020+00:00, run_after=2023-09-23T04:09:01.323020+00:00
[2023-09-23T04:09:01.363+0000] {processor.py:179} INFO - Processing /home/airflow/.local/lib/python3.8/site-packages/airflow/example_dags/example_skip_dag.py took 0.089 seconds
[2023-09-23T04:09:31.643+0000] {processor.py:157} INFO - Started process (PID=564) to work on /home/airflow/.local/lib/python3.8/site-packages/airflow/example_dags/example_skip_dag.py
[2023-09-23T04:09:31.645+0000] {processor.py:829} INFO - Processing file /home/airflow/.local/lib/python3.8/site-packages/airflow/example_dags/example_skip_dag.py for tasks to queue
[2023-09-23T04:09:31.646+0000] {logging_mixin.py:151} INFO - [2023-09-23T04:09:31.646+0000] {dagbag.py:539} INFO - Filling up the DagBag from /home/airflow/.local/lib/python3.8/site-packages/airflow/example_dags/example_skip_dag.py
[2023-09-23T04:09:31.652+0000] {processor.py:839} INFO - DAG(s) dict_keys(['example_skip_dag']) retrieved from /home/airflow/.local/lib/python3.8/site-packages/airflow/example_dags/example_skip_dag.py
[2023-09-23T04:09:31.670+0000] {logging_mixin.py:151} INFO - [2023-09-23T04:09:31.670+0000] {dag.py:2915} INFO - Sync 1 DAGs
[2023-09-23T04:09:31.688+0000] {logging_mixin.py:151} INFO - [2023-09-23T04:09:31.688+0000] {dag.py:3696} INFO - Setting next_dagrun for example_skip_dag to 2023-09-22T04:09:31.688522+00:00, run_after=2023-09-23T04:09:31.688522+00:00
[2023-09-23T04:09:31.733+0000] {processor.py:179} INFO - Processing /home/airflow/.local/lib/python3.8/site-packages/airflow/example_dags/example_skip_dag.py took 0.092 seconds
[2023-09-23T04:10:02.709+0000] {processor.py:157} INFO - Started process (PID=619) to work on /home/airflow/.local/lib/python3.8/site-packages/airflow/example_dags/example_skip_dag.py
[2023-09-23T04:10:02.712+0000] {processor.py:829} INFO - Processing file /home/airflow/.local/lib/python3.8/site-packages/airflow/example_dags/example_skip_dag.py for tasks to queue
[2023-09-23T04:10:02.714+0000] {logging_mixin.py:151} INFO - [2023-09-23T04:10:02.714+0000] {dagbag.py:539} INFO - Filling up the DagBag from /home/airflow/.local/lib/python3.8/site-packages/airflow/example_dags/example_skip_dag.py
[2023-09-23T04:10:02.719+0000] {processor.py:839} INFO - DAG(s) dict_keys(['example_skip_dag']) retrieved from /home/airflow/.local/lib/python3.8/site-packages/airflow/example_dags/example_skip_dag.py
[2023-09-23T04:10:02.739+0000] {logging_mixin.py:151} INFO - [2023-09-23T04:10:02.739+0000] {dag.py:2915} INFO - Sync 1 DAGs
[2023-09-23T04:10:02.757+0000] {logging_mixin.py:151} INFO - [2023-09-23T04:10:02.757+0000] {dag.py:3696} INFO - Setting next_dagrun for example_skip_dag to 2023-09-22T04:10:02.757377+00:00, run_after=2023-09-23T04:10:02.757377+00:00
[2023-09-23T04:10:02.814+0000] {processor.py:179} INFO - Processing /home/airflow/.local/lib/python3.8/site-packages/airflow/example_dags/example_skip_dag.py took 0.108 seconds
[2023-09-23T04:10:33.993+0000] {processor.py:157} INFO - Started process (PID=674) to work on /home/airflow/.local/lib/python3.8/site-packages/airflow/example_dags/example_skip_dag.py
[2023-09-23T04:10:34.009+0000] {processor.py:829} INFO - Processing file /home/airflow/.local/lib/python3.8/site-packages/airflow/example_dags/example_skip_dag.py for tasks to queue
[2023-09-23T04:10:34.011+0000] {logging_mixin.py:151} INFO - [2023-09-23T04:10:34.011+0000] {dagbag.py:539} INFO - Filling up the DagBag from /home/airflow/.local/lib/python3.8/site-packages/airflow/example_dags/example_skip_dag.py
[2023-09-23T04:10:34.017+0000] {processor.py:839} INFO - DAG(s) dict_keys(['example_skip_dag']) retrieved from /home/airflow/.local/lib/python3.8/site-packages/airflow/example_dags/example_skip_dag.py
[2023-09-23T04:10:34.039+0000] {logging_mixin.py:151} INFO - [2023-09-23T04:10:34.039+0000] {dag.py:2915} INFO - Sync 1 DAGs
[2023-09-23T04:10:34.057+0000] {logging_mixin.py:151} INFO - [2023-09-23T04:10:34.057+0000] {dag.py:3696} INFO - Setting next_dagrun for example_skip_dag to 2023-09-22T04:10:34.057602+00:00, run_after=2023-09-23T04:10:34.057602+00:00
[2023-09-23T04:10:34.099+0000] {processor.py:179} INFO - Processing /home/airflow/.local/lib/python3.8/site-packages/airflow/example_dags/example_skip_dag.py took 0.108 seconds
[2023-09-23T04:11:04.258+0000] {processor.py:157} INFO - Started process (PID=729) to work on /home/airflow/.local/lib/python3.8/site-packages/airflow/example_dags/example_skip_dag.py
[2023-09-23T04:11:04.279+0000] {processor.py:829} INFO - Processing file /home/airflow/.local/lib/python3.8/site-packages/airflow/example_dags/example_skip_dag.py for tasks to queue
[2023-09-23T04:11:04.281+0000] {logging_mixin.py:151} INFO - [2023-09-23T04:11:04.281+0000] {dagbag.py:539} INFO - Filling up the DagBag from /home/airflow/.local/lib/python3.8/site-packages/airflow/example_dags/example_skip_dag.py
[2023-09-23T04:11:04.286+0000] {processor.py:839} INFO - DAG(s) dict_keys(['example_skip_dag']) retrieved from /home/airflow/.local/lib/python3.8/site-packages/airflow/example_dags/example_skip_dag.py
[2023-09-23T04:11:04.306+0000] {logging_mixin.py:151} INFO - [2023-09-23T04:11:04.305+0000] {dag.py:2915} INFO - Sync 1 DAGs
[2023-09-23T04:11:04.324+0000] {logging_mixin.py:151} INFO - [2023-09-23T04:11:04.324+0000] {dag.py:3696} INFO - Setting next_dagrun for example_skip_dag to 2023-09-22T04:11:04.323945+00:00, run_after=2023-09-23T04:11:04.323945+00:00
[2023-09-23T04:11:04.369+0000] {processor.py:179} INFO - Processing /home/airflow/.local/lib/python3.8/site-packages/airflow/example_dags/example_skip_dag.py took 0.113 seconds
[2023-09-23T04:11:35.126+0000] {processor.py:157} INFO - Started process (PID=784) to work on /home/airflow/.local/lib/python3.8/site-packages/airflow/example_dags/example_skip_dag.py
[2023-09-23T04:11:35.152+0000] {processor.py:829} INFO - Processing file /home/airflow/.local/lib/python3.8/site-packages/airflow/example_dags/example_skip_dag.py for tasks to queue
[2023-09-23T04:11:35.154+0000] {logging_mixin.py:151} INFO - [2023-09-23T04:11:35.154+0000] {dagbag.py:539} INFO - Filling up the DagBag from /home/airflow/.local/lib/python3.8/site-packages/airflow/example_dags/example_skip_dag.py
[2023-09-23T04:11:35.159+0000] {processor.py:839} INFO - DAG(s) dict_keys(['example_skip_dag']) retrieved from /home/airflow/.local/lib/python3.8/site-packages/airflow/example_dags/example_skip_dag.py
[2023-09-23T04:11:35.178+0000] {logging_mixin.py:151} INFO - [2023-09-23T04:11:35.178+0000] {dag.py:2915} INFO - Sync 1 DAGs
[2023-09-23T04:11:35.196+0000] {logging_mixin.py:151} INFO - [2023-09-23T04:11:35.196+0000] {dag.py:3696} INFO - Setting next_dagrun for example_skip_dag to 2023-09-22T04:11:35.196441+00:00, run_after=2023-09-23T04:11:35.196441+00:00
[2023-09-23T04:11:35.230+0000] {processor.py:179} INFO - Processing /home/airflow/.local/lib/python3.8/site-packages/airflow/example_dags/example_skip_dag.py took 0.107 seconds
[2023-09-23T04:12:07.423+0000] {processor.py:157} INFO - Started process (PID=839) to work on /home/airflow/.local/lib/python3.8/site-packages/airflow/example_dags/example_skip_dag.py
[2023-09-23T04:12:07.540+0000] {processor.py:829} INFO - Processing file /home/airflow/.local/lib/python3.8/site-packages/airflow/example_dags/example_skip_dag.py for tasks to queue
[2023-09-23T04:12:07.545+0000] {logging_mixin.py:151} INFO - [2023-09-23T04:12:07.545+0000] {dagbag.py:539} INFO - Filling up the DagBag from /home/airflow/.local/lib/python3.8/site-packages/airflow/example_dags/example_skip_dag.py
[2023-09-23T04:12:07.551+0000] {processor.py:839} INFO - DAG(s) dict_keys(['example_skip_dag']) retrieved from /home/airflow/.local/lib/python3.8/site-packages/airflow/example_dags/example_skip_dag.py
[2023-09-23T04:12:07.570+0000] {logging_mixin.py:151} INFO - [2023-09-23T04:12:07.569+0000] {dag.py:2915} INFO - Sync 1 DAGs
[2023-09-23T04:12:07.588+0000] {logging_mixin.py:151} INFO - [2023-09-23T04:12:07.587+0000] {dag.py:3696} INFO - Setting next_dagrun for example_skip_dag to 2023-09-22T04:12:07.587741+00:00, run_after=2023-09-23T04:12:07.587741+00:00
[2023-09-23T04:12:07.652+0000] {processor.py:179} INFO - Processing /home/airflow/.local/lib/python3.8/site-packages/airflow/example_dags/example_skip_dag.py took 0.231 seconds
[2023-09-23T04:12:38.664+0000] {processor.py:157} INFO - Started process (PID=894) to work on /home/airflow/.local/lib/python3.8/site-packages/airflow/example_dags/example_skip_dag.py
[2023-09-23T04:12:38.666+0000] {processor.py:829} INFO - Processing file /home/airflow/.local/lib/python3.8/site-packages/airflow/example_dags/example_skip_dag.py for tasks to queue
[2023-09-23T04:12:38.667+0000] {logging_mixin.py:151} INFO - [2023-09-23T04:12:38.667+0000] {dagbag.py:539} INFO - Filling up the DagBag from /home/airflow/.local/lib/python3.8/site-packages/airflow/example_dags/example_skip_dag.py
[2023-09-23T04:12:38.673+0000] {processor.py:839} INFO - DAG(s) dict_keys(['example_skip_dag']) retrieved from /home/airflow/.local/lib/python3.8/site-packages/airflow/example_dags/example_skip_dag.py
[2023-09-23T04:12:38.692+0000] {logging_mixin.py:151} INFO - [2023-09-23T04:12:38.692+0000] {dag.py:2915} INFO - Sync 1 DAGs
[2023-09-23T04:12:38.710+0000] {logging_mixin.py:151} INFO - [2023-09-23T04:12:38.709+0000] {dag.py:3696} INFO - Setting next_dagrun for example_skip_dag to 2023-09-22T04:12:38.709789+00:00, run_after=2023-09-23T04:12:38.709789+00:00
[2023-09-23T04:12:38.769+0000] {processor.py:179} INFO - Processing /home/airflow/.local/lib/python3.8/site-packages/airflow/example_dags/example_skip_dag.py took 0.107 seconds
[2023-09-23T04:13:10.502+0000] {processor.py:157} INFO - Started process (PID=949) to work on /home/airflow/.local/lib/python3.8/site-packages/airflow/example_dags/example_skip_dag.py
[2023-09-23T04:13:10.534+0000] {processor.py:829} INFO - Processing file /home/airflow/.local/lib/python3.8/site-packages/airflow/example_dags/example_skip_dag.py for tasks to queue
[2023-09-23T04:13:10.536+0000] {logging_mixin.py:151} INFO - [2023-09-23T04:13:10.535+0000] {dagbag.py:539} INFO - Filling up the DagBag from /home/airflow/.local/lib/python3.8/site-packages/airflow/example_dags/example_skip_dag.py
[2023-09-23T04:13:10.541+0000] {processor.py:839} INFO - DAG(s) dict_keys(['example_skip_dag']) retrieved from /home/airflow/.local/lib/python3.8/site-packages/airflow/example_dags/example_skip_dag.py
[2023-09-23T04:13:10.560+0000] {logging_mixin.py:151} INFO - [2023-09-23T04:13:10.560+0000] {dag.py:2915} INFO - Sync 1 DAGs
[2023-09-23T04:13:10.577+0000] {logging_mixin.py:151} INFO - [2023-09-23T04:13:10.577+0000] {dag.py:3696} INFO - Setting next_dagrun for example_skip_dag to 2023-09-22T04:13:10.577519+00:00, run_after=2023-09-23T04:13:10.577519+00:00
[2023-09-23T04:13:10.629+0000] {processor.py:179} INFO - Processing /home/airflow/.local/lib/python3.8/site-packages/airflow/example_dags/example_skip_dag.py took 0.130 seconds
[2023-09-23T04:13:42.052+0000] {processor.py:157} INFO - Started process (PID=1004) to work on /home/airflow/.local/lib/python3.8/site-packages/airflow/example_dags/example_skip_dag.py
[2023-09-23T04:13:42.056+0000] {processor.py:829} INFO - Processing file /home/airflow/.local/lib/python3.8/site-packages/airflow/example_dags/example_skip_dag.py for tasks to queue
[2023-09-23T04:13:42.058+0000] {logging_mixin.py:151} INFO - [2023-09-23T04:13:42.058+0000] {dagbag.py:539} INFO - Filling up the DagBag from /home/airflow/.local/lib/python3.8/site-packages/airflow/example_dags/example_skip_dag.py
[2023-09-23T04:13:42.063+0000] {processor.py:839} INFO - DAG(s) dict_keys(['example_skip_dag']) retrieved from /home/airflow/.local/lib/python3.8/site-packages/airflow/example_dags/example_skip_dag.py
[2023-09-23T04:13:42.082+0000] {logging_mixin.py:151} INFO - [2023-09-23T04:13:42.082+0000] {dag.py:2915} INFO - Sync 1 DAGs
[2023-09-23T04:13:42.100+0000] {logging_mixin.py:151} INFO - [2023-09-23T04:13:42.100+0000] {dag.py:3696} INFO - Setting next_dagrun for example_skip_dag to 2023-09-22T04:13:42.100455+00:00, run_after=2023-09-23T04:13:42.100455+00:00
[2023-09-23T04:13:42.147+0000] {processor.py:179} INFO - Processing /home/airflow/.local/lib/python3.8/site-packages/airflow/example_dags/example_skip_dag.py took 0.098 seconds
[2023-09-23T04:14:13.851+0000] {processor.py:157} INFO - Started process (PID=1059) to work on /home/airflow/.local/lib/python3.8/site-packages/airflow/example_dags/example_skip_dag.py
[2023-09-23T04:14:14.009+0000] {processor.py:829} INFO - Processing file /home/airflow/.local/lib/python3.8/site-packages/airflow/example_dags/example_skip_dag.py for tasks to queue
[2023-09-23T04:14:14.016+0000] {logging_mixin.py:151} INFO - [2023-09-23T04:14:14.015+0000] {dagbag.py:539} INFO - Filling up the DagBag from /home/airflow/.local/lib/python3.8/site-packages/airflow/example_dags/example_skip_dag.py
[2023-09-23T04:14:14.033+0000] {processor.py:839} INFO - DAG(s) dict_keys(['example_skip_dag']) retrieved from /home/airflow/.local/lib/python3.8/site-packages/airflow/example_dags/example_skip_dag.py
[2023-09-23T04:14:14.059+0000] {logging_mixin.py:151} INFO - [2023-09-23T04:14:14.059+0000] {dag.py:2915} INFO - Sync 1 DAGs
[2023-09-23T04:14:14.079+0000] {logging_mixin.py:151} INFO - [2023-09-23T04:14:14.078+0000] {dag.py:3696} INFO - Setting next_dagrun for example_skip_dag to 2023-09-22T04:14:14.078664+00:00, run_after=2023-09-23T04:14:14.078664+00:00
[2023-09-23T04:14:14.354+0000] {processor.py:179} INFO - Processing /home/airflow/.local/lib/python3.8/site-packages/airflow/example_dags/example_skip_dag.py took 0.506 seconds
[2023-09-23T04:14:45.637+0000] {processor.py:157} INFO - Started process (PID=1114) to work on /home/airflow/.local/lib/python3.8/site-packages/airflow/example_dags/example_skip_dag.py
[2023-09-23T04:14:45.651+0000] {processor.py:829} INFO - Processing file /home/airflow/.local/lib/python3.8/site-packages/airflow/example_dags/example_skip_dag.py for tasks to queue
[2023-09-23T04:14:45.653+0000] {logging_mixin.py:151} INFO - [2023-09-23T04:14:45.653+0000] {dagbag.py:539} INFO - Filling up the DagBag from /home/airflow/.local/lib/python3.8/site-packages/airflow/example_dags/example_skip_dag.py
[2023-09-23T04:14:45.658+0000] {processor.py:839} INFO - DAG(s) dict_keys(['example_skip_dag']) retrieved from /home/airflow/.local/lib/python3.8/site-packages/airflow/example_dags/example_skip_dag.py
[2023-09-23T04:14:45.677+0000] {logging_mixin.py:151} INFO - [2023-09-23T04:14:45.677+0000] {dag.py:2915} INFO - Sync 1 DAGs
[2023-09-23T04:14:45.696+0000] {logging_mixin.py:151} INFO - [2023-09-23T04:14:45.695+0000] {dag.py:3696} INFO - Setting next_dagrun for example_skip_dag to 2023-09-22T04:14:45.695755+00:00, run_after=2023-09-23T04:14:45.695755+00:00
[2023-09-23T04:14:45.738+0000] {processor.py:179} INFO - Processing /home/airflow/.local/lib/python3.8/site-packages/airflow/example_dags/example_skip_dag.py took 0.104 seconds
[2023-09-23T04:15:15.779+0000] {processor.py:157} INFO - Started process (PID=1168) to work on /home/airflow/.local/lib/python3.8/site-packages/airflow/example_dags/example_skip_dag.py
[2023-09-23T04:15:15.789+0000] {processor.py:829} INFO - Processing file /home/airflow/.local/lib/python3.8/site-packages/airflow/example_dags/example_skip_dag.py for tasks to queue
[2023-09-23T04:15:15.790+0000] {logging_mixin.py:151} INFO - [2023-09-23T04:15:15.790+0000] {dagbag.py:539} INFO - Filling up the DagBag from /home/airflow/.local/lib/python3.8/site-packages/airflow/example_dags/example_skip_dag.py
[2023-09-23T04:15:15.795+0000] {processor.py:839} INFO - DAG(s) dict_keys(['example_skip_dag']) retrieved from /home/airflow/.local/lib/python3.8/site-packages/airflow/example_dags/example_skip_dag.py
[2023-09-23T04:15:15.814+0000] {logging_mixin.py:151} INFO - [2023-09-23T04:15:15.813+0000] {dag.py:2915} INFO - Sync 1 DAGs
[2023-09-23T04:15:15.832+0000] {logging_mixin.py:151} INFO - [2023-09-23T04:15:15.832+0000] {dag.py:3696} INFO - Setting next_dagrun for example_skip_dag to 2023-09-22T04:15:15.831828+00:00, run_after=2023-09-23T04:15:15.831828+00:00
[2023-09-23T04:15:15.874+0000] {processor.py:179} INFO - Processing /home/airflow/.local/lib/python3.8/site-packages/airflow/example_dags/example_skip_dag.py took 0.097 seconds
[2023-09-23T04:15:46.792+0000] {processor.py:157} INFO - Started process (PID=1223) to work on /home/airflow/.local/lib/python3.8/site-packages/airflow/example_dags/example_skip_dag.py
[2023-09-23T04:15:46.827+0000] {processor.py:829} INFO - Processing file /home/airflow/.local/lib/python3.8/site-packages/airflow/example_dags/example_skip_dag.py for tasks to queue
[2023-09-23T04:15:46.828+0000] {logging_mixin.py:151} INFO - [2023-09-23T04:15:46.828+0000] {dagbag.py:539} INFO - Filling up the DagBag from /home/airflow/.local/lib/python3.8/site-packages/airflow/example_dags/example_skip_dag.py
[2023-09-23T04:15:46.834+0000] {processor.py:839} INFO - DAG(s) dict_keys(['example_skip_dag']) retrieved from /home/airflow/.local/lib/python3.8/site-packages/airflow/example_dags/example_skip_dag.py
[2023-09-23T04:15:46.853+0000] {logging_mixin.py:151} INFO - [2023-09-23T04:15:46.853+0000] {dag.py:2915} INFO - Sync 1 DAGs
[2023-09-23T04:15:46.873+0000] {logging_mixin.py:151} INFO - [2023-09-23T04:15:46.873+0000] {dag.py:3696} INFO - Setting next_dagrun for example_skip_dag to 2023-09-22T04:15:46.873335+00:00, run_after=2023-09-23T04:15:46.873335+00:00
[2023-09-23T04:15:46.918+0000] {processor.py:179} INFO - Processing /home/airflow/.local/lib/python3.8/site-packages/airflow/example_dags/example_skip_dag.py took 0.129 seconds
[2023-09-23T04:16:18.201+0000] {processor.py:157} INFO - Started process (PID=1279) to work on /home/airflow/.local/lib/python3.8/site-packages/airflow/example_dags/example_skip_dag.py
[2023-09-23T04:16:18.204+0000] {processor.py:829} INFO - Processing file /home/airflow/.local/lib/python3.8/site-packages/airflow/example_dags/example_skip_dag.py for tasks to queue
[2023-09-23T04:16:18.205+0000] {logging_mixin.py:151} INFO - [2023-09-23T04:16:18.205+0000] {dagbag.py:539} INFO - Filling up the DagBag from /home/airflow/.local/lib/python3.8/site-packages/airflow/example_dags/example_skip_dag.py
[2023-09-23T04:16:18.211+0000] {processor.py:839} INFO - DAG(s) dict_keys(['example_skip_dag']) retrieved from /home/airflow/.local/lib/python3.8/site-packages/airflow/example_dags/example_skip_dag.py
[2023-09-23T04:16:18.231+0000] {logging_mixin.py:151} INFO - [2023-09-23T04:16:18.231+0000] {dag.py:2915} INFO - Sync 1 DAGs
[2023-09-23T04:16:18.252+0000] {logging_mixin.py:151} INFO - [2023-09-23T04:16:18.251+0000] {dag.py:3696} INFO - Setting next_dagrun for example_skip_dag to 2023-09-22T04:16:18.251678+00:00, run_after=2023-09-23T04:16:18.251678+00:00
[2023-09-23T04:16:18.296+0000] {processor.py:179} INFO - Processing /home/airflow/.local/lib/python3.8/site-packages/airflow/example_dags/example_skip_dag.py took 0.098 seconds
[2023-09-23T04:16:48.442+0000] {processor.py:157} INFO - Started process (PID=1333) to work on /home/airflow/.local/lib/python3.8/site-packages/airflow/example_dags/example_skip_dag.py
[2023-09-23T04:16:48.444+0000] {processor.py:829} INFO - Processing file /home/airflow/.local/lib/python3.8/site-packages/airflow/example_dags/example_skip_dag.py for tasks to queue
[2023-09-23T04:16:48.445+0000] {logging_mixin.py:151} INFO - [2023-09-23T04:16:48.445+0000] {dagbag.py:539} INFO - Filling up the DagBag from /home/airflow/.local/lib/python3.8/site-packages/airflow/example_dags/example_skip_dag.py
[2023-09-23T04:16:48.451+0000] {processor.py:839} INFO - DAG(s) dict_keys(['example_skip_dag']) retrieved from /home/airflow/.local/lib/python3.8/site-packages/airflow/example_dags/example_skip_dag.py
[2023-09-23T04:16:48.469+0000] {logging_mixin.py:151} INFO - [2023-09-23T04:16:48.469+0000] {dag.py:2915} INFO - Sync 1 DAGs
[2023-09-23T04:16:48.488+0000] {logging_mixin.py:151} INFO - [2023-09-23T04:16:48.488+0000] {dag.py:3696} INFO - Setting next_dagrun for example_skip_dag to 2023-09-22T04:16:48.488558+00:00, run_after=2023-09-23T04:16:48.488558+00:00
[2023-09-23T04:16:48.542+0000] {processor.py:179} INFO - Processing /home/airflow/.local/lib/python3.8/site-packages/airflow/example_dags/example_skip_dag.py took 0.103 seconds
[2023-09-23T04:17:20.521+0000] {processor.py:157} INFO - Started process (PID=1389) to work on /home/airflow/.local/lib/python3.8/site-packages/airflow/example_dags/example_skip_dag.py
[2023-09-23T04:17:20.522+0000] {processor.py:829} INFO - Processing file /home/airflow/.local/lib/python3.8/site-packages/airflow/example_dags/example_skip_dag.py for tasks to queue
[2023-09-23T04:17:20.524+0000] {logging_mixin.py:151} INFO - [2023-09-23T04:17:20.524+0000] {dagbag.py:539} INFO - Filling up the DagBag from /home/airflow/.local/lib/python3.8/site-packages/airflow/example_dags/example_skip_dag.py
[2023-09-23T04:17:20.529+0000] {processor.py:839} INFO - DAG(s) dict_keys(['example_skip_dag']) retrieved from /home/airflow/.local/lib/python3.8/site-packages/airflow/example_dags/example_skip_dag.py
[2023-09-23T04:17:20.547+0000] {logging_mixin.py:151} INFO - [2023-09-23T04:17:20.547+0000] {dag.py:2915} INFO - Sync 1 DAGs
[2023-09-23T04:17:20.564+0000] {logging_mixin.py:151} INFO - [2023-09-23T04:17:20.564+0000] {dag.py:3696} INFO - Setting next_dagrun for example_skip_dag to 2023-09-22T04:17:20.564144+00:00, run_after=2023-09-23T04:17:20.564144+00:00
[2023-09-23T04:17:20.607+0000] {processor.py:179} INFO - Processing /home/airflow/.local/lib/python3.8/site-packages/airflow/example_dags/example_skip_dag.py took 0.088 seconds
[2023-09-23T04:17:51.644+0000] {processor.py:157} INFO - Started process (PID=1444) to work on /home/airflow/.local/lib/python3.8/site-packages/airflow/example_dags/example_skip_dag.py
[2023-09-23T04:17:51.660+0000] {processor.py:829} INFO - Processing file /home/airflow/.local/lib/python3.8/site-packages/airflow/example_dags/example_skip_dag.py for tasks to queue
[2023-09-23T04:17:51.663+0000] {logging_mixin.py:151} INFO - [2023-09-23T04:17:51.662+0000] {dagbag.py:539} INFO - Filling up the DagBag from /home/airflow/.local/lib/python3.8/site-packages/airflow/example_dags/example_skip_dag.py
[2023-09-23T04:17:51.668+0000] {processor.py:839} INFO - DAG(s) dict_keys(['example_skip_dag']) retrieved from /home/airflow/.local/lib/python3.8/site-packages/airflow/example_dags/example_skip_dag.py
[2023-09-23T04:17:51.681+0000] {logging_mixin.py:151} INFO - [2023-09-23T04:17:51.680+0000] {dag.py:2915} INFO - Sync 1 DAGs
[2023-09-23T04:17:51.703+0000] {logging_mixin.py:151} INFO - [2023-09-23T04:17:51.703+0000] {dag.py:3696} INFO - Setting next_dagrun for example_skip_dag to 2023-09-22T04:17:51.702829+00:00, run_after=2023-09-23T04:17:51.702829+00:00
[2023-09-23T04:17:51.746+0000] {processor.py:179} INFO - Processing /home/airflow/.local/lib/python3.8/site-packages/airflow/example_dags/example_skip_dag.py took 0.105 seconds
[2023-09-23T04:18:23.138+0000] {processor.py:157} INFO - Started process (PID=1499) to work on /home/airflow/.local/lib/python3.8/site-packages/airflow/example_dags/example_skip_dag.py
[2023-09-23T04:18:23.151+0000] {processor.py:829} INFO - Processing file /home/airflow/.local/lib/python3.8/site-packages/airflow/example_dags/example_skip_dag.py for tasks to queue
[2023-09-23T04:18:23.152+0000] {logging_mixin.py:151} INFO - [2023-09-23T04:18:23.152+0000] {dagbag.py:539} INFO - Filling up the DagBag from /home/airflow/.local/lib/python3.8/site-packages/airflow/example_dags/example_skip_dag.py
[2023-09-23T04:18:23.157+0000] {processor.py:839} INFO - DAG(s) dict_keys(['example_skip_dag']) retrieved from /home/airflow/.local/lib/python3.8/site-packages/airflow/example_dags/example_skip_dag.py
[2023-09-23T04:18:23.175+0000] {logging_mixin.py:151} INFO - [2023-09-23T04:18:23.175+0000] {dag.py:2915} INFO - Sync 1 DAGs
[2023-09-23T04:18:23.193+0000] {logging_mixin.py:151} INFO - [2023-09-23T04:18:23.193+0000] {dag.py:3696} INFO - Setting next_dagrun for example_skip_dag to 2023-09-22T04:18:23.193357+00:00, run_after=2023-09-23T04:18:23.193357+00:00
[2023-09-23T04:18:23.243+0000] {processor.py:179} INFO - Processing /home/airflow/.local/lib/python3.8/site-packages/airflow/example_dags/example_skip_dag.py took 0.107 seconds
[2023-09-23T04:18:57.821+0000] {processor.py:157} INFO - Started process (PID=1554) to work on /home/airflow/.local/lib/python3.8/site-packages/airflow/example_dags/example_skip_dag.py
[2023-09-23T04:18:58.488+0000] {processor.py:829} INFO - Processing file /home/airflow/.local/lib/python3.8/site-packages/airflow/example_dags/example_skip_dag.py for tasks to queue
[2023-09-23T04:18:58.490+0000] {logging_mixin.py:151} INFO - [2023-09-23T04:18:58.489+0000] {dagbag.py:539} INFO - Filling up the DagBag from /home/airflow/.local/lib/python3.8/site-packages/airflow/example_dags/example_skip_dag.py
[2023-09-23T04:18:58.495+0000] {processor.py:839} INFO - DAG(s) dict_keys(['example_skip_dag']) retrieved from /home/airflow/.local/lib/python3.8/site-packages/airflow/example_dags/example_skip_dag.py
[2023-09-23T04:18:58.514+0000] {logging_mixin.py:151} INFO - [2023-09-23T04:18:58.513+0000] {dag.py:2915} INFO - Sync 1 DAGs
[2023-09-23T04:18:58.531+0000] {logging_mixin.py:151} INFO - [2023-09-23T04:18:58.531+0000] {dag.py:3696} INFO - Setting next_dagrun for example_skip_dag to 2023-09-22T04:18:58.531111+00:00, run_after=2023-09-23T04:18:58.531111+00:00
[2023-09-23T04:18:59.533+0000] {processor.py:179} INFO - Processing /home/airflow/.local/lib/python3.8/site-packages/airflow/example_dags/example_skip_dag.py took 1.715 seconds
[2023-09-23T04:19:30.134+0000] {processor.py:157} INFO - Started process (PID=1609) to work on /home/airflow/.local/lib/python3.8/site-packages/airflow/example_dags/example_skip_dag.py
[2023-09-23T04:19:30.153+0000] {processor.py:829} INFO - Processing file /home/airflow/.local/lib/python3.8/site-packages/airflow/example_dags/example_skip_dag.py for tasks to queue
[2023-09-23T04:19:30.154+0000] {logging_mixin.py:151} INFO - [2023-09-23T04:19:30.154+0000] {dagbag.py:539} INFO - Filling up the DagBag from /home/airflow/.local/lib/python3.8/site-packages/airflow/example_dags/example_skip_dag.py
[2023-09-23T04:19:30.159+0000] {processor.py:839} INFO - DAG(s) dict_keys(['example_skip_dag']) retrieved from /home/airflow/.local/lib/python3.8/site-packages/airflow/example_dags/example_skip_dag.py
[2023-09-23T04:19:30.177+0000] {logging_mixin.py:151} INFO - [2023-09-23T04:19:30.177+0000] {dag.py:2915} INFO - Sync 1 DAGs
[2023-09-23T04:19:30.196+0000] {logging_mixin.py:151} INFO - [2023-09-23T04:19:30.196+0000] {dag.py:3696} INFO - Setting next_dagrun for example_skip_dag to 2023-09-22T04:19:30.196554+00:00, run_after=2023-09-23T04:19:30.196554+00:00
[2023-09-23T04:19:30.281+0000] {processor.py:179} INFO - Processing /home/airflow/.local/lib/python3.8/site-packages/airflow/example_dags/example_skip_dag.py took 0.150 seconds
[2023-09-23T04:24:08.541+0000] {processor.py:157} INFO - Started process (PID=60) to work on /home/airflow/.local/lib/python3.8/site-packages/airflow/example_dags/example_skip_dag.py
[2023-09-23T04:24:08.564+0000] {processor.py:829} INFO - Processing file /home/airflow/.local/lib/python3.8/site-packages/airflow/example_dags/example_skip_dag.py for tasks to queue
[2023-09-23T04:24:08.566+0000] {logging_mixin.py:151} INFO - [2023-09-23T04:24:08.566+0000] {dagbag.py:539} INFO - Filling up the DagBag from /home/airflow/.local/lib/python3.8/site-packages/airflow/example_dags/example_skip_dag.py
[2023-09-23T04:24:08.575+0000] {processor.py:839} INFO - DAG(s) dict_keys(['example_skip_dag']) retrieved from /home/airflow/.local/lib/python3.8/site-packages/airflow/example_dags/example_skip_dag.py
[2023-09-23T04:24:08.598+0000] {logging_mixin.py:151} INFO - [2023-09-23T04:24:08.597+0000] {dag.py:2915} INFO - Sync 1 DAGs
[2023-09-23T04:24:08.619+0000] {logging_mixin.py:151} INFO - [2023-09-23T04:24:08.619+0000] {dag.py:3696} INFO - Setting next_dagrun for example_skip_dag to 2023-09-22T04:24:08.618976+00:00, run_after=2023-09-23T04:24:08.618976+00:00
[2023-09-23T04:24:08.673+0000] {processor.py:179} INFO - Processing /home/airflow/.local/lib/python3.8/site-packages/airflow/example_dags/example_skip_dag.py took 0.136 seconds
[2023-09-23T04:24:57.676+0000] {processor.py:157} INFO - Started process (PID=123) to work on /home/airflow/.local/lib/python3.8/site-packages/airflow/example_dags/example_skip_dag.py
[2023-09-23T04:24:57.681+0000] {processor.py:829} INFO - Processing file /home/airflow/.local/lib/python3.8/site-packages/airflow/example_dags/example_skip_dag.py for tasks to queue
[2023-09-23T04:24:57.682+0000] {logging_mixin.py:151} INFO - [2023-09-23T04:24:57.682+0000] {dagbag.py:539} INFO - Filling up the DagBag from /home/airflow/.local/lib/python3.8/site-packages/airflow/example_dags/example_skip_dag.py
[2023-09-23T04:24:57.688+0000] {processor.py:839} INFO - DAG(s) dict_keys(['example_skip_dag']) retrieved from /home/airflow/.local/lib/python3.8/site-packages/airflow/example_dags/example_skip_dag.py
[2023-09-23T04:24:57.707+0000] {logging_mixin.py:151} INFO - [2023-09-23T04:24:57.707+0000] {dag.py:2915} INFO - Sync 1 DAGs
[2023-09-23T04:24:57.727+0000] {logging_mixin.py:151} INFO - [2023-09-23T04:24:57.727+0000] {dag.py:3696} INFO - Setting next_dagrun for example_skip_dag to 2023-09-22T04:24:57.727440+00:00, run_after=2023-09-23T04:24:57.727440+00:00
[2023-09-23T04:24:57.781+0000] {processor.py:179} INFO - Processing /home/airflow/.local/lib/python3.8/site-packages/airflow/example_dags/example_skip_dag.py took 0.108 seconds
[2023-09-23T04:25:28.721+0000] {processor.py:157} INFO - Started process (PID=178) to work on /home/airflow/.local/lib/python3.8/site-packages/airflow/example_dags/example_skip_dag.py
[2023-09-23T04:25:28.724+0000] {processor.py:829} INFO - Processing file /home/airflow/.local/lib/python3.8/site-packages/airflow/example_dags/example_skip_dag.py for tasks to queue
[2023-09-23T04:25:28.725+0000] {logging_mixin.py:151} INFO - [2023-09-23T04:25:28.725+0000] {dagbag.py:539} INFO - Filling up the DagBag from /home/airflow/.local/lib/python3.8/site-packages/airflow/example_dags/example_skip_dag.py
[2023-09-23T04:25:28.731+0000] {processor.py:839} INFO - DAG(s) dict_keys(['example_skip_dag']) retrieved from /home/airflow/.local/lib/python3.8/site-packages/airflow/example_dags/example_skip_dag.py
[2023-09-23T04:25:28.750+0000] {logging_mixin.py:151} INFO - [2023-09-23T04:25:28.750+0000] {dag.py:2915} INFO - Sync 1 DAGs
[2023-09-23T04:25:28.769+0000] {logging_mixin.py:151} INFO - [2023-09-23T04:25:28.769+0000] {dag.py:3696} INFO - Setting next_dagrun for example_skip_dag to 2023-09-22T04:25:28.768888+00:00, run_after=2023-09-23T04:25:28.768888+00:00
[2023-09-23T04:25:29.208+0000] {processor.py:179} INFO - Processing /home/airflow/.local/lib/python3.8/site-packages/airflow/example_dags/example_skip_dag.py took 0.490 seconds
[2023-09-23T04:26:03.631+0000] {processor.py:157} INFO - Started process (PID=233) to work on /home/airflow/.local/lib/python3.8/site-packages/airflow/example_dags/example_skip_dag.py
[2023-09-23T04:26:03.652+0000] {processor.py:829} INFO - Processing file /home/airflow/.local/lib/python3.8/site-packages/airflow/example_dags/example_skip_dag.py for tasks to queue
[2023-09-23T04:26:03.654+0000] {logging_mixin.py:151} INFO - [2023-09-23T04:26:03.653+0000] {dagbag.py:539} INFO - Filling up the DagBag from /home/airflow/.local/lib/python3.8/site-packages/airflow/example_dags/example_skip_dag.py
[2023-09-23T04:26:03.659+0000] {processor.py:839} INFO - DAG(s) dict_keys(['example_skip_dag']) retrieved from /home/airflow/.local/lib/python3.8/site-packages/airflow/example_dags/example_skip_dag.py
[2023-09-23T04:26:03.679+0000] {logging_mixin.py:151} INFO - [2023-09-23T04:26:03.678+0000] {dag.py:2915} INFO - Sync 1 DAGs
[2023-09-23T04:26:03.697+0000] {logging_mixin.py:151} INFO - [2023-09-23T04:26:03.697+0000] {dag.py:3696} INFO - Setting next_dagrun for example_skip_dag to 2023-09-22T04:26:03.697465+00:00, run_after=2023-09-23T04:26:03.697465+00:00
[2023-09-23T04:26:03.933+0000] {processor.py:179} INFO - Processing /home/airflow/.local/lib/python3.8/site-packages/airflow/example_dags/example_skip_dag.py took 0.305 seconds
[2023-09-23T04:26:35.681+0000] {processor.py:157} INFO - Started process (PID=288) to work on /home/airflow/.local/lib/python3.8/site-packages/airflow/example_dags/example_skip_dag.py
[2023-09-23T04:26:35.696+0000] {processor.py:829} INFO - Processing file /home/airflow/.local/lib/python3.8/site-packages/airflow/example_dags/example_skip_dag.py for tasks to queue
[2023-09-23T04:26:35.697+0000] {logging_mixin.py:151} INFO - [2023-09-23T04:26:35.697+0000] {dagbag.py:539} INFO - Filling up the DagBag from /home/airflow/.local/lib/python3.8/site-packages/airflow/example_dags/example_skip_dag.py
[2023-09-23T04:26:35.703+0000] {processor.py:839} INFO - DAG(s) dict_keys(['example_skip_dag']) retrieved from /home/airflow/.local/lib/python3.8/site-packages/airflow/example_dags/example_skip_dag.py
[2023-09-23T04:26:35.721+0000] {logging_mixin.py:151} INFO - [2023-09-23T04:26:35.721+0000] {dag.py:2915} INFO - Sync 1 DAGs
[2023-09-23T04:26:35.740+0000] {logging_mixin.py:151} INFO - [2023-09-23T04:26:35.740+0000] {dag.py:3696} INFO - Setting next_dagrun for example_skip_dag to 2023-09-22T04:26:35.740500+00:00, run_after=2023-09-23T04:26:35.740500+00:00
[2023-09-23T04:26:35.794+0000] {processor.py:179} INFO - Processing /home/airflow/.local/lib/python3.8/site-packages/airflow/example_dags/example_skip_dag.py took 0.116 seconds
[2023-09-23T04:27:06.828+0000] {processor.py:157} INFO - Started process (PID=343) to work on /home/airflow/.local/lib/python3.8/site-packages/airflow/example_dags/example_skip_dag.py
[2023-09-23T04:27:06.832+0000] {processor.py:829} INFO - Processing file /home/airflow/.local/lib/python3.8/site-packages/airflow/example_dags/example_skip_dag.py for tasks to queue
[2023-09-23T04:27:06.834+0000] {logging_mixin.py:151} INFO - [2023-09-23T04:27:06.834+0000] {dagbag.py:539} INFO - Filling up the DagBag from /home/airflow/.local/lib/python3.8/site-packages/airflow/example_dags/example_skip_dag.py
[2023-09-23T04:27:06.840+0000] {processor.py:839} INFO - DAG(s) dict_keys(['example_skip_dag']) retrieved from /home/airflow/.local/lib/python3.8/site-packages/airflow/example_dags/example_skip_dag.py
[2023-09-23T04:27:06.862+0000] {logging_mixin.py:151} INFO - [2023-09-23T04:27:06.861+0000] {dag.py:2915} INFO - Sync 1 DAGs
[2023-09-23T04:27:06.883+0000] {logging_mixin.py:151} INFO - [2023-09-23T04:27:06.882+0000] {dag.py:3696} INFO - Setting next_dagrun for example_skip_dag to 2023-09-22T04:27:06.882569+00:00, run_after=2023-09-23T04:27:06.882569+00:00
[2023-09-23T04:27:06.971+0000] {processor.py:179} INFO - Processing /home/airflow/.local/lib/python3.8/site-packages/airflow/example_dags/example_skip_dag.py took 0.146 seconds
[2023-09-23T04:27:38.309+0000] {processor.py:157} INFO - Started process (PID=398) to work on /home/airflow/.local/lib/python3.8/site-packages/airflow/example_dags/example_skip_dag.py
[2023-09-23T04:27:38.320+0000] {processor.py:829} INFO - Processing file /home/airflow/.local/lib/python3.8/site-packages/airflow/example_dags/example_skip_dag.py for tasks to queue
[2023-09-23T04:27:38.322+0000] {logging_mixin.py:151} INFO - [2023-09-23T04:27:38.321+0000] {dagbag.py:539} INFO - Filling up the DagBag from /home/airflow/.local/lib/python3.8/site-packages/airflow/example_dags/example_skip_dag.py
[2023-09-23T04:27:38.327+0000] {processor.py:839} INFO - DAG(s) dict_keys(['example_skip_dag']) retrieved from /home/airflow/.local/lib/python3.8/site-packages/airflow/example_dags/example_skip_dag.py
[2023-09-23T04:27:38.347+0000] {logging_mixin.py:151} INFO - [2023-09-23T04:27:38.347+0000] {dag.py:2915} INFO - Sync 1 DAGs
[2023-09-23T04:27:38.367+0000] {logging_mixin.py:151} INFO - [2023-09-23T04:27:38.367+0000] {dag.py:3696} INFO - Setting next_dagrun for example_skip_dag to 2023-09-22T04:27:38.366834+00:00, run_after=2023-09-23T04:27:38.366834+00:00
[2023-09-23T04:27:38.427+0000] {processor.py:179} INFO - Processing /home/airflow/.local/lib/python3.8/site-packages/airflow/example_dags/example_skip_dag.py took 0.120 seconds
[2023-09-23T04:28:09.445+0000] {processor.py:157} INFO - Started process (PID=453) to work on /home/airflow/.local/lib/python3.8/site-packages/airflow/example_dags/example_skip_dag.py
[2023-09-23T04:28:09.470+0000] {processor.py:829} INFO - Processing file /home/airflow/.local/lib/python3.8/site-packages/airflow/example_dags/example_skip_dag.py for tasks to queue
[2023-09-23T04:28:09.472+0000] {logging_mixin.py:151} INFO - [2023-09-23T04:28:09.472+0000] {dagbag.py:539} INFO - Filling up the DagBag from /home/airflow/.local/lib/python3.8/site-packages/airflow/example_dags/example_skip_dag.py
[2023-09-23T04:28:09.477+0000] {processor.py:839} INFO - DAG(s) dict_keys(['example_skip_dag']) retrieved from /home/airflow/.local/lib/python3.8/site-packages/airflow/example_dags/example_skip_dag.py
[2023-09-23T04:28:09.496+0000] {logging_mixin.py:151} INFO - [2023-09-23T04:28:09.496+0000] {dag.py:2915} INFO - Sync 1 DAGs
[2023-09-23T04:28:09.515+0000] {logging_mixin.py:151} INFO - [2023-09-23T04:28:09.515+0000] {dag.py:3696} INFO - Setting next_dagrun for example_skip_dag to 2023-09-22T04:28:09.515164+00:00, run_after=2023-09-23T04:28:09.515164+00:00
[2023-09-23T04:28:09.561+0000] {processor.py:179} INFO - Processing /home/airflow/.local/lib/python3.8/site-packages/airflow/example_dags/example_skip_dag.py took 0.118 seconds
[2023-09-23T04:28:42.110+0000] {processor.py:157} INFO - Started process (PID=508) to work on /home/airflow/.local/lib/python3.8/site-packages/airflow/example_dags/example_skip_dag.py
[2023-09-23T04:28:42.127+0000] {processor.py:829} INFO - Processing file /home/airflow/.local/lib/python3.8/site-packages/airflow/example_dags/example_skip_dag.py for tasks to queue
[2023-09-23T04:28:42.128+0000] {logging_mixin.py:151} INFO - [2023-09-23T04:28:42.128+0000] {dagbag.py:539} INFO - Filling up the DagBag from /home/airflow/.local/lib/python3.8/site-packages/airflow/example_dags/example_skip_dag.py
[2023-09-23T04:28:42.134+0000] {processor.py:839} INFO - DAG(s) dict_keys(['example_skip_dag']) retrieved from /home/airflow/.local/lib/python3.8/site-packages/airflow/example_dags/example_skip_dag.py
[2023-09-23T04:28:42.152+0000] {logging_mixin.py:151} INFO - [2023-09-23T04:28:42.152+0000] {dag.py:2915} INFO - Sync 1 DAGs
[2023-09-23T04:28:42.171+0000] {logging_mixin.py:151} INFO - [2023-09-23T04:28:42.171+0000] {dag.py:3696} INFO - Setting next_dagrun for example_skip_dag to 2023-09-22T04:28:42.171262+00:00, run_after=2023-09-23T04:28:42.171262+00:00
[2023-09-23T04:28:42.218+0000] {processor.py:179} INFO - Processing /home/airflow/.local/lib/python3.8/site-packages/airflow/example_dags/example_skip_dag.py took 0.110 seconds
[2023-09-23T04:29:15.767+0000] {processor.py:157} INFO - Started process (PID=563) to work on /home/airflow/.local/lib/python3.8/site-packages/airflow/example_dags/example_skip_dag.py
[2023-09-23T04:29:15.793+0000] {processor.py:829} INFO - Processing file /home/airflow/.local/lib/python3.8/site-packages/airflow/example_dags/example_skip_dag.py for tasks to queue
[2023-09-23T04:29:15.795+0000] {logging_mixin.py:151} INFO - [2023-09-23T04:29:15.795+0000] {dagbag.py:539} INFO - Filling up the DagBag from /home/airflow/.local/lib/python3.8/site-packages/airflow/example_dags/example_skip_dag.py
[2023-09-23T04:29:15.800+0000] {processor.py:839} INFO - DAG(s) dict_keys(['example_skip_dag']) retrieved from /home/airflow/.local/lib/python3.8/site-packages/airflow/example_dags/example_skip_dag.py
[2023-09-23T04:29:15.811+0000] {logging_mixin.py:151} INFO - [2023-09-23T04:29:15.811+0000] {dag.py:2915} INFO - Sync 1 DAGs
[2023-09-23T04:29:15.831+0000] {logging_mixin.py:151} INFO - [2023-09-23T04:29:15.831+0000] {dag.py:3696} INFO - Setting next_dagrun for example_skip_dag to 2023-09-22T04:29:15.831108+00:00, run_after=2023-09-23T04:29:15.831108+00:00
[2023-09-23T04:29:15.893+0000] {processor.py:179} INFO - Processing /home/airflow/.local/lib/python3.8/site-packages/airflow/example_dags/example_skip_dag.py took 0.129 seconds
[2023-09-23T04:29:47.770+0000] {processor.py:157} INFO - Started process (PID=618) to work on /home/airflow/.local/lib/python3.8/site-packages/airflow/example_dags/example_skip_dag.py
[2023-09-23T04:29:47.793+0000] {processor.py:829} INFO - Processing file /home/airflow/.local/lib/python3.8/site-packages/airflow/example_dags/example_skip_dag.py for tasks to queue
[2023-09-23T04:29:47.796+0000] {logging_mixin.py:151} INFO - [2023-09-23T04:29:47.796+0000] {dagbag.py:539} INFO - Filling up the DagBag from /home/airflow/.local/lib/python3.8/site-packages/airflow/example_dags/example_skip_dag.py
[2023-09-23T04:29:47.811+0000] {processor.py:839} INFO - DAG(s) dict_keys(['example_skip_dag']) retrieved from /home/airflow/.local/lib/python3.8/site-packages/airflow/example_dags/example_skip_dag.py
[2023-09-23T04:29:47.846+0000] {logging_mixin.py:151} INFO - [2023-09-23T04:29:47.845+0000] {dag.py:2915} INFO - Sync 1 DAGs
[2023-09-23T04:29:47.879+0000] {logging_mixin.py:151} INFO - [2023-09-23T04:29:47.879+0000] {dag.py:3696} INFO - Setting next_dagrun for example_skip_dag to 2023-09-22T04:29:47.879100+00:00, run_after=2023-09-23T04:29:47.879100+00:00
[2023-09-23T04:29:48.356+0000] {processor.py:179} INFO - Processing /home/airflow/.local/lib/python3.8/site-packages/airflow/example_dags/example_skip_dag.py took 0.588 seconds
[2023-09-23T04:30:18.786+0000] {processor.py:157} INFO - Started process (PID=673) to work on /home/airflow/.local/lib/python3.8/site-packages/airflow/example_dags/example_skip_dag.py
[2023-09-23T04:30:18.791+0000] {processor.py:829} INFO - Processing file /home/airflow/.local/lib/python3.8/site-packages/airflow/example_dags/example_skip_dag.py for tasks to queue
[2023-09-23T04:30:18.792+0000] {logging_mixin.py:151} INFO - [2023-09-23T04:30:18.792+0000] {dagbag.py:539} INFO - Filling up the DagBag from /home/airflow/.local/lib/python3.8/site-packages/airflow/example_dags/example_skip_dag.py
[2023-09-23T04:30:18.798+0000] {processor.py:839} INFO - DAG(s) dict_keys(['example_skip_dag']) retrieved from /home/airflow/.local/lib/python3.8/site-packages/airflow/example_dags/example_skip_dag.py
[2023-09-23T04:30:18.816+0000] {logging_mixin.py:151} INFO - [2023-09-23T04:30:18.816+0000] {dag.py:2915} INFO - Sync 1 DAGs
[2023-09-23T04:30:18.834+0000] {logging_mixin.py:151} INFO - [2023-09-23T04:30:18.834+0000] {dag.py:3696} INFO - Setting next_dagrun for example_skip_dag to 2023-09-22T04:30:18.833876+00:00, run_after=2023-09-23T04:30:18.833876+00:00
[2023-09-23T04:30:18.880+0000] {processor.py:179} INFO - Processing /home/airflow/.local/lib/python3.8/site-packages/airflow/example_dags/example_skip_dag.py took 0.097 seconds
[2023-09-23T04:30:50.057+0000] {processor.py:157} INFO - Started process (PID=728) to work on /home/airflow/.local/lib/python3.8/site-packages/airflow/example_dags/example_skip_dag.py
[2023-09-23T04:30:50.080+0000] {processor.py:829} INFO - Processing file /home/airflow/.local/lib/python3.8/site-packages/airflow/example_dags/example_skip_dag.py for tasks to queue
[2023-09-23T04:30:50.082+0000] {logging_mixin.py:151} INFO - [2023-09-23T04:30:50.082+0000] {dagbag.py:539} INFO - Filling up the DagBag from /home/airflow/.local/lib/python3.8/site-packages/airflow/example_dags/example_skip_dag.py
[2023-09-23T04:30:50.087+0000] {processor.py:839} INFO - DAG(s) dict_keys(['example_skip_dag']) retrieved from /home/airflow/.local/lib/python3.8/site-packages/airflow/example_dags/example_skip_dag.py
[2023-09-23T04:30:50.106+0000] {logging_mixin.py:151} INFO - [2023-09-23T04:30:50.105+0000] {dag.py:2915} INFO - Sync 1 DAGs
[2023-09-23T04:30:50.124+0000] {logging_mixin.py:151} INFO - [2023-09-23T04:30:50.123+0000] {dag.py:3696} INFO - Setting next_dagrun for example_skip_dag to 2023-09-22T04:30:50.123686+00:00, run_after=2023-09-23T04:30:50.123686+00:00
[2023-09-23T04:30:50.244+0000] {processor.py:179} INFO - Processing /home/airflow/.local/lib/python3.8/site-packages/airflow/example_dags/example_skip_dag.py took 0.190 seconds
[2023-09-23T22:35:23.019+0000] {processor.py:157} INFO - Started process (PID=67) to work on /home/airflow/.local/lib/python3.8/site-packages/airflow/example_dags/example_skip_dag.py
[2023-09-23T22:35:23.117+0000] {processor.py:829} INFO - Processing file /home/airflow/.local/lib/python3.8/site-packages/airflow/example_dags/example_skip_dag.py for tasks to queue
[2023-09-23T22:35:23.122+0000] {logging_mixin.py:151} INFO - [2023-09-23T22:35:23.122+0000] {dagbag.py:539} INFO - Filling up the DagBag from /home/airflow/.local/lib/python3.8/site-packages/airflow/example_dags/example_skip_dag.py
[2023-09-23T22:35:23.129+0000] {processor.py:839} INFO - DAG(s) dict_keys(['example_skip_dag']) retrieved from /home/airflow/.local/lib/python3.8/site-packages/airflow/example_dags/example_skip_dag.py
[2023-09-23T22:35:23.149+0000] {logging_mixin.py:151} INFO - [2023-09-23T22:35:23.148+0000] {dag.py:2915} INFO - Sync 1 DAGs
[2023-09-23T22:35:23.167+0000] {logging_mixin.py:151} INFO - [2023-09-23T22:35:23.167+0000] {dag.py:3696} INFO - Setting next_dagrun for example_skip_dag to 2023-09-22T22:35:23.166883+00:00, run_after=2023-09-23T22:35:23.166883+00:00
[2023-09-23T22:35:23.233+0000] {processor.py:179} INFO - Processing /home/airflow/.local/lib/python3.8/site-packages/airflow/example_dags/example_skip_dag.py took 0.218 seconds
[2023-09-23T22:35:59.641+0000] {processor.py:157} INFO - Started process (PID=122) to work on /home/airflow/.local/lib/python3.8/site-packages/airflow/example_dags/example_skip_dag.py
[2023-09-23T22:35:59.935+0000] {processor.py:829} INFO - Processing file /home/airflow/.local/lib/python3.8/site-packages/airflow/example_dags/example_skip_dag.py for tasks to queue
[2023-09-23T22:35:59.939+0000] {logging_mixin.py:151} INFO - [2023-09-23T22:35:59.939+0000] {dagbag.py:539} INFO - Filling up the DagBag from /home/airflow/.local/lib/python3.8/site-packages/airflow/example_dags/example_skip_dag.py
[2023-09-23T22:35:59.948+0000] {processor.py:839} INFO - DAG(s) dict_keys(['example_skip_dag']) retrieved from /home/airflow/.local/lib/python3.8/site-packages/airflow/example_dags/example_skip_dag.py
[2023-09-23T22:35:59.960+0000] {logging_mixin.py:151} INFO - [2023-09-23T22:35:59.960+0000] {dag.py:2915} INFO - Sync 1 DAGs
[2023-09-23T22:35:59.981+0000] {logging_mixin.py:151} INFO - [2023-09-23T22:35:59.981+0000] {dag.py:3696} INFO - Setting next_dagrun for example_skip_dag to 2023-09-22T22:35:59.981280+00:00, run_after=2023-09-23T22:35:59.981280+00:00
[2023-09-23T22:36:00.266+0000] {processor.py:179} INFO - Processing /home/airflow/.local/lib/python3.8/site-packages/airflow/example_dags/example_skip_dag.py took 0.628 seconds
[2023-09-23T22:36:30.629+0000] {processor.py:157} INFO - Started process (PID=177) to work on /home/airflow/.local/lib/python3.8/site-packages/airflow/example_dags/example_skip_dag.py
[2023-09-23T22:36:30.674+0000] {processor.py:829} INFO - Processing file /home/airflow/.local/lib/python3.8/site-packages/airflow/example_dags/example_skip_dag.py for tasks to queue
[2023-09-23T22:36:30.675+0000] {logging_mixin.py:151} INFO - [2023-09-23T22:36:30.675+0000] {dagbag.py:539} INFO - Filling up the DagBag from /home/airflow/.local/lib/python3.8/site-packages/airflow/example_dags/example_skip_dag.py
[2023-09-23T22:36:30.681+0000] {processor.py:839} INFO - DAG(s) dict_keys(['example_skip_dag']) retrieved from /home/airflow/.local/lib/python3.8/site-packages/airflow/example_dags/example_skip_dag.py
[2023-09-23T22:36:30.700+0000] {logging_mixin.py:151} INFO - [2023-09-23T22:36:30.700+0000] {dag.py:2915} INFO - Sync 1 DAGs
[2023-09-23T22:36:30.718+0000] {logging_mixin.py:151} INFO - [2023-09-23T22:36:30.718+0000] {dag.py:3696} INFO - Setting next_dagrun for example_skip_dag to 2023-09-22T22:36:30.718588+00:00, run_after=2023-09-23T22:36:30.718588+00:00
[2023-09-23T22:36:30.816+0000] {processor.py:179} INFO - Processing /home/airflow/.local/lib/python3.8/site-packages/airflow/example_dags/example_skip_dag.py took 0.190 seconds
[2023-09-23T22:37:01.349+0000] {processor.py:157} INFO - Started process (PID=232) to work on /home/airflow/.local/lib/python3.8/site-packages/airflow/example_dags/example_skip_dag.py
[2023-09-23T22:37:01.370+0000] {processor.py:829} INFO - Processing file /home/airflow/.local/lib/python3.8/site-packages/airflow/example_dags/example_skip_dag.py for tasks to queue
[2023-09-23T22:37:01.371+0000] {logging_mixin.py:151} INFO - [2023-09-23T22:37:01.371+0000] {dagbag.py:539} INFO - Filling up the DagBag from /home/airflow/.local/lib/python3.8/site-packages/airflow/example_dags/example_skip_dag.py
[2023-09-23T22:37:01.377+0000] {processor.py:839} INFO - DAG(s) dict_keys(['example_skip_dag']) retrieved from /home/airflow/.local/lib/python3.8/site-packages/airflow/example_dags/example_skip_dag.py
[2023-09-23T22:37:01.388+0000] {logging_mixin.py:151} INFO - [2023-09-23T22:37:01.387+0000] {dag.py:2915} INFO - Sync 1 DAGs
[2023-09-23T22:37:01.407+0000] {logging_mixin.py:151} INFO - [2023-09-23T22:37:01.407+0000] {dag.py:3696} INFO - Setting next_dagrun for example_skip_dag to 2023-09-22T22:37:01.407623+00:00, run_after=2023-09-23T22:37:01.407623+00:00
[2023-09-23T22:37:01.472+0000] {processor.py:179} INFO - Processing /home/airflow/.local/lib/python3.8/site-packages/airflow/example_dags/example_skip_dag.py took 0.126 seconds
[2023-09-23T22:37:32.333+0000] {processor.py:157} INFO - Started process (PID=287) to work on /home/airflow/.local/lib/python3.8/site-packages/airflow/example_dags/example_skip_dag.py
[2023-09-23T22:37:32.341+0000] {processor.py:829} INFO - Processing file /home/airflow/.local/lib/python3.8/site-packages/airflow/example_dags/example_skip_dag.py for tasks to queue
[2023-09-23T22:37:32.343+0000] {logging_mixin.py:151} INFO - [2023-09-23T22:37:32.342+0000] {dagbag.py:539} INFO - Filling up the DagBag from /home/airflow/.local/lib/python3.8/site-packages/airflow/example_dags/example_skip_dag.py
[2023-09-23T22:37:32.348+0000] {processor.py:839} INFO - DAG(s) dict_keys(['example_skip_dag']) retrieved from /home/airflow/.local/lib/python3.8/site-packages/airflow/example_dags/example_skip_dag.py
[2023-09-23T22:37:32.367+0000] {logging_mixin.py:151} INFO - [2023-09-23T22:37:32.367+0000] {dag.py:2915} INFO - Sync 1 DAGs
[2023-09-23T22:37:32.385+0000] {logging_mixin.py:151} INFO - [2023-09-23T22:37:32.385+0000] {dag.py:3696} INFO - Setting next_dagrun for example_skip_dag to 2023-09-22T22:37:32.385338+00:00, run_after=2023-09-23T22:37:32.385338+00:00
[2023-09-23T22:37:32.423+0000] {processor.py:179} INFO - Processing /home/airflow/.local/lib/python3.8/site-packages/airflow/example_dags/example_skip_dag.py took 0.093 seconds
[2023-09-23T22:38:03.636+0000] {processor.py:157} INFO - Started process (PID=342) to work on /home/airflow/.local/lib/python3.8/site-packages/airflow/example_dags/example_skip_dag.py
[2023-09-23T22:38:03.672+0000] {processor.py:829} INFO - Processing file /home/airflow/.local/lib/python3.8/site-packages/airflow/example_dags/example_skip_dag.py for tasks to queue
[2023-09-23T22:38:03.677+0000] {logging_mixin.py:151} INFO - [2023-09-23T22:38:03.676+0000] {dagbag.py:539} INFO - Filling up the DagBag from /home/airflow/.local/lib/python3.8/site-packages/airflow/example_dags/example_skip_dag.py
[2023-09-23T22:38:03.692+0000] {processor.py:839} INFO - DAG(s) dict_keys(['example_skip_dag']) retrieved from /home/airflow/.local/lib/python3.8/site-packages/airflow/example_dags/example_skip_dag.py
[2023-09-23T22:38:03.718+0000] {logging_mixin.py:151} INFO - [2023-09-23T22:38:03.718+0000] {dag.py:2915} INFO - Sync 1 DAGs
[2023-09-23T22:38:03.736+0000] {logging_mixin.py:151} INFO - [2023-09-23T22:38:03.736+0000] {dag.py:3696} INFO - Setting next_dagrun for example_skip_dag to 2023-09-22T22:38:03.735815+00:00, run_after=2023-09-23T22:38:03.735815+00:00
[2023-09-23T22:38:03.786+0000] {processor.py:179} INFO - Processing /home/airflow/.local/lib/python3.8/site-packages/airflow/example_dags/example_skip_dag.py took 0.153 seconds
[2023-09-23T22:38:35.509+0000] {processor.py:157} INFO - Started process (PID=397) to work on /home/airflow/.local/lib/python3.8/site-packages/airflow/example_dags/example_skip_dag.py
[2023-09-23T22:38:35.652+0000] {processor.py:829} INFO - Processing file /home/airflow/.local/lib/python3.8/site-packages/airflow/example_dags/example_skip_dag.py for tasks to queue
[2023-09-23T22:38:35.654+0000] {logging_mixin.py:151} INFO - [2023-09-23T22:38:35.654+0000] {dagbag.py:539} INFO - Filling up the DagBag from /home/airflow/.local/lib/python3.8/site-packages/airflow/example_dags/example_skip_dag.py
[2023-09-23T22:38:35.659+0000] {processor.py:839} INFO - DAG(s) dict_keys(['example_skip_dag']) retrieved from /home/airflow/.local/lib/python3.8/site-packages/airflow/example_dags/example_skip_dag.py
[2023-09-23T22:38:35.679+0000] {logging_mixin.py:151} INFO - [2023-09-23T22:38:35.679+0000] {dag.py:2915} INFO - Sync 1 DAGs
[2023-09-23T22:38:35.699+0000] {logging_mixin.py:151} INFO - [2023-09-23T22:38:35.699+0000] {dag.py:3696} INFO - Setting next_dagrun for example_skip_dag to 2023-09-22T22:38:35.699514+00:00, run_after=2023-09-23T22:38:35.699514+00:00
[2023-09-23T22:38:35.840+0000] {processor.py:179} INFO - Processing /home/airflow/.local/lib/python3.8/site-packages/airflow/example_dags/example_skip_dag.py took 0.335 seconds
[2023-09-23T22:39:06.632+0000] {processor.py:157} INFO - Started process (PID=452) to work on /home/airflow/.local/lib/python3.8/site-packages/airflow/example_dags/example_skip_dag.py
[2023-09-23T22:39:06.684+0000] {processor.py:829} INFO - Processing file /home/airflow/.local/lib/python3.8/site-packages/airflow/example_dags/example_skip_dag.py for tasks to queue
[2023-09-23T22:39:06.686+0000] {logging_mixin.py:151} INFO - [2023-09-23T22:39:06.686+0000] {dagbag.py:539} INFO - Filling up the DagBag from /home/airflow/.local/lib/python3.8/site-packages/airflow/example_dags/example_skip_dag.py
[2023-09-23T22:39:06.692+0000] {processor.py:839} INFO - DAG(s) dict_keys(['example_skip_dag']) retrieved from /home/airflow/.local/lib/python3.8/site-packages/airflow/example_dags/example_skip_dag.py
[2023-09-23T22:39:06.712+0000] {logging_mixin.py:151} INFO - [2023-09-23T22:39:06.712+0000] {dag.py:2915} INFO - Sync 1 DAGs
[2023-09-23T22:39:06.732+0000] {logging_mixin.py:151} INFO - [2023-09-23T22:39:06.731+0000] {dag.py:3696} INFO - Setting next_dagrun for example_skip_dag to 2023-09-22T22:39:06.731623+00:00, run_after=2023-09-23T22:39:06.731623+00:00
[2023-09-23T22:39:06.817+0000] {processor.py:179} INFO - Processing /home/airflow/.local/lib/python3.8/site-packages/airflow/example_dags/example_skip_dag.py took 0.189 seconds
[2023-09-23T22:39:37.193+0000] {processor.py:157} INFO - Started process (PID=507) to work on /home/airflow/.local/lib/python3.8/site-packages/airflow/example_dags/example_skip_dag.py
[2023-09-23T22:39:37.360+0000] {processor.py:829} INFO - Processing file /home/airflow/.local/lib/python3.8/site-packages/airflow/example_dags/example_skip_dag.py for tasks to queue
[2023-09-23T22:39:37.362+0000] {logging_mixin.py:151} INFO - [2023-09-23T22:39:37.362+0000] {dagbag.py:539} INFO - Filling up the DagBag from /home/airflow/.local/lib/python3.8/site-packages/airflow/example_dags/example_skip_dag.py
[2023-09-23T22:39:37.368+0000] {processor.py:839} INFO - DAG(s) dict_keys(['example_skip_dag']) retrieved from /home/airflow/.local/lib/python3.8/site-packages/airflow/example_dags/example_skip_dag.py
[2023-09-23T22:39:37.390+0000] {logging_mixin.py:151} INFO - [2023-09-23T22:39:37.390+0000] {dag.py:2915} INFO - Sync 1 DAGs
[2023-09-23T22:39:37.411+0000] {logging_mixin.py:151} INFO - [2023-09-23T22:39:37.410+0000] {dag.py:3696} INFO - Setting next_dagrun for example_skip_dag to 2023-09-22T22:39:37.410735+00:00, run_after=2023-09-23T22:39:37.410735+00:00
[2023-09-23T22:39:37.602+0000] {processor.py:179} INFO - Processing /home/airflow/.local/lib/python3.8/site-packages/airflow/example_dags/example_skip_dag.py took 0.412 seconds
[2023-09-23T22:40:09.882+0000] {processor.py:157} INFO - Started process (PID=562) to work on /home/airflow/.local/lib/python3.8/site-packages/airflow/example_dags/example_skip_dag.py
[2023-09-23T22:40:09.917+0000] {processor.py:829} INFO - Processing file /home/airflow/.local/lib/python3.8/site-packages/airflow/example_dags/example_skip_dag.py for tasks to queue
[2023-09-23T22:40:09.918+0000] {logging_mixin.py:151} INFO - [2023-09-23T22:40:09.918+0000] {dagbag.py:539} INFO - Filling up the DagBag from /home/airflow/.local/lib/python3.8/site-packages/airflow/example_dags/example_skip_dag.py
[2023-09-23T22:40:09.924+0000] {processor.py:839} INFO - DAG(s) dict_keys(['example_skip_dag']) retrieved from /home/airflow/.local/lib/python3.8/site-packages/airflow/example_dags/example_skip_dag.py
[2023-09-23T22:40:09.943+0000] {logging_mixin.py:151} INFO - [2023-09-23T22:40:09.943+0000] {dag.py:2915} INFO - Sync 1 DAGs
[2023-09-23T22:40:09.961+0000] {logging_mixin.py:151} INFO - [2023-09-23T22:40:09.961+0000] {dag.py:3696} INFO - Setting next_dagrun for example_skip_dag to 2023-09-22T22:40:09.960824+00:00, run_after=2023-09-23T22:40:09.960824+00:00
[2023-09-23T22:40:10.032+0000] {processor.py:179} INFO - Processing /home/airflow/.local/lib/python3.8/site-packages/airflow/example_dags/example_skip_dag.py took 0.153 seconds
[2023-09-23T22:40:42.299+0000] {processor.py:157} INFO - Started process (PID=617) to work on /home/airflow/.local/lib/python3.8/site-packages/airflow/example_dags/example_skip_dag.py
[2023-09-23T22:40:42.471+0000] {processor.py:829} INFO - Processing file /home/airflow/.local/lib/python3.8/site-packages/airflow/example_dags/example_skip_dag.py for tasks to queue
[2023-09-23T22:40:42.476+0000] {logging_mixin.py:151} INFO - [2023-09-23T22:40:42.476+0000] {dagbag.py:539} INFO - Filling up the DagBag from /home/airflow/.local/lib/python3.8/site-packages/airflow/example_dags/example_skip_dag.py
[2023-09-23T22:40:42.488+0000] {processor.py:839} INFO - DAG(s) dict_keys(['example_skip_dag']) retrieved from /home/airflow/.local/lib/python3.8/site-packages/airflow/example_dags/example_skip_dag.py
[2023-09-23T22:40:42.508+0000] {logging_mixin.py:151} INFO - [2023-09-23T22:40:42.508+0000] {dag.py:2915} INFO - Sync 1 DAGs
[2023-09-23T22:40:42.528+0000] {logging_mixin.py:151} INFO - [2023-09-23T22:40:42.528+0000] {dag.py:3696} INFO - Setting next_dagrun for example_skip_dag to 2023-09-22T22:40:42.527999+00:00, run_after=2023-09-23T22:40:42.527999+00:00
[2023-09-23T22:40:42.787+0000] {processor.py:179} INFO - Processing /home/airflow/.local/lib/python3.8/site-packages/airflow/example_dags/example_skip_dag.py took 0.491 seconds
[2023-09-23T22:41:13.815+0000] {processor.py:157} INFO - Started process (PID=672) to work on /home/airflow/.local/lib/python3.8/site-packages/airflow/example_dags/example_skip_dag.py
[2023-09-23T22:41:13.926+0000] {processor.py:829} INFO - Processing file /home/airflow/.local/lib/python3.8/site-packages/airflow/example_dags/example_skip_dag.py for tasks to queue
[2023-09-23T22:41:13.928+0000] {logging_mixin.py:151} INFO - [2023-09-23T22:41:13.927+0000] {dagbag.py:539} INFO - Filling up the DagBag from /home/airflow/.local/lib/python3.8/site-packages/airflow/example_dags/example_skip_dag.py
[2023-09-23T22:41:13.933+0000] {processor.py:839} INFO - DAG(s) dict_keys(['example_skip_dag']) retrieved from /home/airflow/.local/lib/python3.8/site-packages/airflow/example_dags/example_skip_dag.py
[2023-09-23T22:41:13.953+0000] {logging_mixin.py:151} INFO - [2023-09-23T22:41:13.953+0000] {dag.py:2915} INFO - Sync 1 DAGs
[2023-09-23T22:41:13.973+0000] {logging_mixin.py:151} INFO - [2023-09-23T22:41:13.973+0000] {dag.py:3696} INFO - Setting next_dagrun for example_skip_dag to 2023-09-22T22:41:13.973493+00:00, run_after=2023-09-23T22:41:13.973493+00:00
[2023-09-23T22:41:14.291+0000] {processor.py:179} INFO - Processing /home/airflow/.local/lib/python3.8/site-packages/airflow/example_dags/example_skip_dag.py took 0.478 seconds
[2023-09-23T22:41:45.961+0000] {processor.py:157} INFO - Started process (PID=727) to work on /home/airflow/.local/lib/python3.8/site-packages/airflow/example_dags/example_skip_dag.py
[2023-09-23T22:41:46.140+0000] {processor.py:829} INFO - Processing file /home/airflow/.local/lib/python3.8/site-packages/airflow/example_dags/example_skip_dag.py for tasks to queue
[2023-09-23T22:41:46.142+0000] {logging_mixin.py:151} INFO - [2023-09-23T22:41:46.142+0000] {dagbag.py:539} INFO - Filling up the DagBag from /home/airflow/.local/lib/python3.8/site-packages/airflow/example_dags/example_skip_dag.py
[2023-09-23T22:41:46.151+0000] {processor.py:839} INFO - DAG(s) dict_keys(['example_skip_dag']) retrieved from /home/airflow/.local/lib/python3.8/site-packages/airflow/example_dags/example_skip_dag.py
[2023-09-23T22:41:46.177+0000] {logging_mixin.py:151} INFO - [2023-09-23T22:41:46.177+0000] {dag.py:2915} INFO - Sync 1 DAGs
[2023-09-23T22:41:46.196+0000] {logging_mixin.py:151} INFO - [2023-09-23T22:41:46.196+0000] {dag.py:3696} INFO - Setting next_dagrun for example_skip_dag to 2023-09-22T22:41:46.196019+00:00, run_after=2023-09-23T22:41:46.196019+00:00
[2023-09-23T22:41:47.063+0000] {processor.py:179} INFO - Processing /home/airflow/.local/lib/python3.8/site-packages/airflow/example_dags/example_skip_dag.py took 1.105 seconds
