[2023-09-23T03:47:58.455+0000] {processor.py:157} INFO - Started process (PID=79) to work on /home/airflow/.local/lib/python3.8/site-packages/airflow/example_dags/example_xcom.py
[2023-09-23T03:47:58.455+0000] {processor.py:829} INFO - Processing file /home/airflow/.local/lib/python3.8/site-packages/airflow/example_dags/example_xcom.py for tasks to queue
[2023-09-23T03:47:58.456+0000] {logging_mixin.py:151} INFO - [2023-09-23T03:47:58.456+0000] {dagbag.py:539} INFO - Filling up the DagBag from /home/airflow/.local/lib/python3.8/site-packages/airflow/example_dags/example_xcom.py
[2023-09-23T03:47:58.464+0000] {processor.py:839} INFO - DAG(s) dict_keys(['example_xcom']) retrieved from /home/airflow/.local/lib/python3.8/site-packages/airflow/example_dags/example_xcom.py
[2023-09-23T03:47:58.482+0000] {logging_mixin.py:151} INFO - [2023-09-23T03:47:58.482+0000] {dag.py:2915} INFO - Sync 1 DAGs
[2023-09-23T03:47:58.500+0000] {logging_mixin.py:151} INFO - [2023-09-23T03:47:58.499+0000] {dag.py:3696} INFO - Setting next_dagrun for example_xcom to 2021-01-01T00:00:00+00:00, run_after=2021-01-01T00:00:00+00:00
[2023-09-23T03:47:58.595+0000] {processor.py:179} INFO - Processing /home/airflow/.local/lib/python3.8/site-packages/airflow/example_dags/example_xcom.py took 0.143 seconds
[2023-09-23T03:48:29.166+0000] {processor.py:157} INFO - Started process (PID=133) to work on /home/airflow/.local/lib/python3.8/site-packages/airflow/example_dags/example_xcom.py
[2023-09-23T03:48:29.236+0000] {processor.py:829} INFO - Processing file /home/airflow/.local/lib/python3.8/site-packages/airflow/example_dags/example_xcom.py for tasks to queue
[2023-09-23T03:48:29.238+0000] {logging_mixin.py:151} INFO - [2023-09-23T03:48:29.238+0000] {dagbag.py:539} INFO - Filling up the DagBag from /home/airflow/.local/lib/python3.8/site-packages/airflow/example_dags/example_xcom.py
[2023-09-23T03:48:29.245+0000] {processor.py:839} INFO - DAG(s) dict_keys(['example_xcom']) retrieved from /home/airflow/.local/lib/python3.8/site-packages/airflow/example_dags/example_xcom.py
[2023-09-23T03:48:29.267+0000] {logging_mixin.py:151} INFO - [2023-09-23T03:48:29.266+0000] {dag.py:2915} INFO - Sync 1 DAGs
[2023-09-23T03:48:29.285+0000] {logging_mixin.py:151} INFO - [2023-09-23T03:48:29.285+0000] {dag.py:3696} INFO - Setting next_dagrun for example_xcom to 2021-01-01T00:00:00+00:00, run_after=2021-01-01T00:00:00+00:00
[2023-09-23T03:48:29.331+0000] {processor.py:179} INFO - Processing /home/airflow/.local/lib/python3.8/site-packages/airflow/example_dags/example_xcom.py took 0.168 seconds
[2023-09-23T03:49:02.157+0000] {processor.py:157} INFO - Started process (PID=188) to work on /home/airflow/.local/lib/python3.8/site-packages/airflow/example_dags/example_xcom.py
[2023-09-23T03:49:02.158+0000] {processor.py:829} INFO - Processing file /home/airflow/.local/lib/python3.8/site-packages/airflow/example_dags/example_xcom.py for tasks to queue
[2023-09-23T03:49:02.159+0000] {logging_mixin.py:151} INFO - [2023-09-23T03:49:02.159+0000] {dagbag.py:539} INFO - Filling up the DagBag from /home/airflow/.local/lib/python3.8/site-packages/airflow/example_dags/example_xcom.py
[2023-09-23T03:49:02.165+0000] {processor.py:839} INFO - DAG(s) dict_keys(['example_xcom']) retrieved from /home/airflow/.local/lib/python3.8/site-packages/airflow/example_dags/example_xcom.py
[2023-09-23T03:49:02.183+0000] {logging_mixin.py:151} INFO - [2023-09-23T03:49:02.183+0000] {dag.py:2915} INFO - Sync 1 DAGs
[2023-09-23T03:49:02.201+0000] {logging_mixin.py:151} INFO - [2023-09-23T03:49:02.200+0000] {dag.py:3696} INFO - Setting next_dagrun for example_xcom to 2021-01-01T00:00:00+00:00, run_after=2021-01-01T00:00:00+00:00
[2023-09-23T03:49:02.295+0000] {processor.py:179} INFO - Processing /home/airflow/.local/lib/python3.8/site-packages/airflow/example_dags/example_xcom.py took 0.141 seconds
[2023-09-23T03:49:34.393+0000] {processor.py:157} INFO - Started process (PID=243) to work on /home/airflow/.local/lib/python3.8/site-packages/airflow/example_dags/example_xcom.py
[2023-09-23T03:49:34.426+0000] {processor.py:829} INFO - Processing file /home/airflow/.local/lib/python3.8/site-packages/airflow/example_dags/example_xcom.py for tasks to queue
[2023-09-23T03:49:34.427+0000] {logging_mixin.py:151} INFO - [2023-09-23T03:49:34.427+0000] {dagbag.py:539} INFO - Filling up the DagBag from /home/airflow/.local/lib/python3.8/site-packages/airflow/example_dags/example_xcom.py
[2023-09-23T03:49:34.433+0000] {processor.py:839} INFO - DAG(s) dict_keys(['example_xcom']) retrieved from /home/airflow/.local/lib/python3.8/site-packages/airflow/example_dags/example_xcom.py
[2023-09-23T03:49:34.451+0000] {logging_mixin.py:151} INFO - [2023-09-23T03:49:34.451+0000] {dag.py:2915} INFO - Sync 1 DAGs
[2023-09-23T03:49:34.469+0000] {logging_mixin.py:151} INFO - [2023-09-23T03:49:34.469+0000] {dag.py:3696} INFO - Setting next_dagrun for example_xcom to 2021-01-01T00:00:00+00:00, run_after=2021-01-01T00:00:00+00:00
[2023-09-23T03:49:34.520+0000] {processor.py:179} INFO - Processing /home/airflow/.local/lib/python3.8/site-packages/airflow/example_dags/example_xcom.py took 0.129 seconds
[2023-09-23T03:50:05.393+0000] {processor.py:157} INFO - Started process (PID=298) to work on /home/airflow/.local/lib/python3.8/site-packages/airflow/example_dags/example_xcom.py
[2023-09-23T03:50:05.397+0000] {processor.py:829} INFO - Processing file /home/airflow/.local/lib/python3.8/site-packages/airflow/example_dags/example_xcom.py for tasks to queue
[2023-09-23T03:50:05.399+0000] {logging_mixin.py:151} INFO - [2023-09-23T03:50:05.399+0000] {dagbag.py:539} INFO - Filling up the DagBag from /home/airflow/.local/lib/python3.8/site-packages/airflow/example_dags/example_xcom.py
[2023-09-23T03:50:05.405+0000] {processor.py:839} INFO - DAG(s) dict_keys(['example_xcom']) retrieved from /home/airflow/.local/lib/python3.8/site-packages/airflow/example_dags/example_xcom.py
[2023-09-23T03:50:05.423+0000] {logging_mixin.py:151} INFO - [2023-09-23T03:50:05.423+0000] {dag.py:2915} INFO - Sync 1 DAGs
[2023-09-23T03:50:05.441+0000] {logging_mixin.py:151} INFO - [2023-09-23T03:50:05.441+0000] {dag.py:3696} INFO - Setting next_dagrun for example_xcom to 2021-01-01T00:00:00+00:00, run_after=2021-01-01T00:00:00+00:00
[2023-09-23T03:50:05.555+0000] {processor.py:179} INFO - Processing /home/airflow/.local/lib/python3.8/site-packages/airflow/example_dags/example_xcom.py took 0.164 seconds
[2023-09-23T03:50:36.248+0000] {processor.py:157} INFO - Started process (PID=353) to work on /home/airflow/.local/lib/python3.8/site-packages/airflow/example_dags/example_xcom.py
[2023-09-23T03:50:36.250+0000] {processor.py:829} INFO - Processing file /home/airflow/.local/lib/python3.8/site-packages/airflow/example_dags/example_xcom.py for tasks to queue
[2023-09-23T03:50:36.252+0000] {logging_mixin.py:151} INFO - [2023-09-23T03:50:36.251+0000] {dagbag.py:539} INFO - Filling up the DagBag from /home/airflow/.local/lib/python3.8/site-packages/airflow/example_dags/example_xcom.py
[2023-09-23T03:50:36.258+0000] {processor.py:839} INFO - DAG(s) dict_keys(['example_xcom']) retrieved from /home/airflow/.local/lib/python3.8/site-packages/airflow/example_dags/example_xcom.py
[2023-09-23T03:50:36.276+0000] {logging_mixin.py:151} INFO - [2023-09-23T03:50:36.276+0000] {dag.py:2915} INFO - Sync 1 DAGs
[2023-09-23T03:50:36.295+0000] {logging_mixin.py:151} INFO - [2023-09-23T03:50:36.295+0000] {dag.py:3696} INFO - Setting next_dagrun for example_xcom to 2021-01-01T00:00:00+00:00, run_after=2021-01-01T00:00:00+00:00
[2023-09-23T03:50:37.456+0000] {processor.py:179} INFO - Processing /home/airflow/.local/lib/python3.8/site-packages/airflow/example_dags/example_xcom.py took 1.210 seconds
[2023-09-23T03:51:08.110+0000] {processor.py:157} INFO - Started process (PID=408) to work on /home/airflow/.local/lib/python3.8/site-packages/airflow/example_dags/example_xcom.py
[2023-09-23T03:51:08.464+0000] {processor.py:829} INFO - Processing file /home/airflow/.local/lib/python3.8/site-packages/airflow/example_dags/example_xcom.py for tasks to queue
[2023-09-23T03:51:08.468+0000] {logging_mixin.py:151} INFO - [2023-09-23T03:51:08.468+0000] {dagbag.py:539} INFO - Filling up the DagBag from /home/airflow/.local/lib/python3.8/site-packages/airflow/example_dags/example_xcom.py
[2023-09-23T03:51:08.483+0000] {processor.py:839} INFO - DAG(s) dict_keys(['example_xcom']) retrieved from /home/airflow/.local/lib/python3.8/site-packages/airflow/example_dags/example_xcom.py
[2023-09-23T03:51:08.508+0000] {logging_mixin.py:151} INFO - [2023-09-23T03:51:08.508+0000] {dag.py:2915} INFO - Sync 1 DAGs
[2023-09-23T03:51:08.527+0000] {logging_mixin.py:151} INFO - [2023-09-23T03:51:08.527+0000] {dag.py:3696} INFO - Setting next_dagrun for example_xcom to 2021-01-01T00:00:00+00:00, run_after=2021-01-01T00:00:00+00:00
[2023-09-23T03:51:08.591+0000] {processor.py:179} INFO - Processing /home/airflow/.local/lib/python3.8/site-packages/airflow/example_dags/example_xcom.py took 0.484 seconds
[2023-09-23T03:51:40.251+0000] {processor.py:157} INFO - Started process (PID=463) to work on /home/airflow/.local/lib/python3.8/site-packages/airflow/example_dags/example_xcom.py
[2023-09-23T03:51:40.441+0000] {processor.py:829} INFO - Processing file /home/airflow/.local/lib/python3.8/site-packages/airflow/example_dags/example_xcom.py for tasks to queue
[2023-09-23T03:51:40.443+0000] {logging_mixin.py:151} INFO - [2023-09-23T03:51:40.442+0000] {dagbag.py:539} INFO - Filling up the DagBag from /home/airflow/.local/lib/python3.8/site-packages/airflow/example_dags/example_xcom.py
[2023-09-23T03:51:40.449+0000] {processor.py:839} INFO - DAG(s) dict_keys(['example_xcom']) retrieved from /home/airflow/.local/lib/python3.8/site-packages/airflow/example_dags/example_xcom.py
[2023-09-23T03:51:40.528+0000] {logging_mixin.py:151} INFO - [2023-09-23T03:51:40.528+0000] {dag.py:2915} INFO - Sync 1 DAGs
[2023-09-23T03:51:40.556+0000] {logging_mixin.py:151} INFO - [2023-09-23T03:51:40.556+0000] {dag.py:3696} INFO - Setting next_dagrun for example_xcom to 2021-01-01T00:00:00+00:00, run_after=2021-01-01T00:00:00+00:00
[2023-09-23T03:51:40.915+0000] {processor.py:179} INFO - Processing /home/airflow/.local/lib/python3.8/site-packages/airflow/example_dags/example_xcom.py took 0.667 seconds
[2023-09-23T03:52:20.872+0000] {processor.py:157} INFO - Started process (PID=518) to work on /home/airflow/.local/lib/python3.8/site-packages/airflow/example_dags/example_xcom.py
[2023-09-23T03:52:20.943+0000] {processor.py:829} INFO - Processing file /home/airflow/.local/lib/python3.8/site-packages/airflow/example_dags/example_xcom.py for tasks to queue
[2023-09-23T03:52:20.945+0000] {logging_mixin.py:151} INFO - [2023-09-23T03:52:20.944+0000] {dagbag.py:539} INFO - Filling up the DagBag from /home/airflow/.local/lib/python3.8/site-packages/airflow/example_dags/example_xcom.py
[2023-09-23T03:52:20.950+0000] {processor.py:839} INFO - DAG(s) dict_keys(['example_xcom']) retrieved from /home/airflow/.local/lib/python3.8/site-packages/airflow/example_dags/example_xcom.py
[2023-09-23T03:52:20.969+0000] {logging_mixin.py:151} INFO - [2023-09-23T03:52:20.968+0000] {dag.py:2915} INFO - Sync 1 DAGs
[2023-09-23T03:52:20.986+0000] {logging_mixin.py:151} INFO - [2023-09-23T03:52:20.986+0000] {dag.py:3696} INFO - Setting next_dagrun for example_xcom to 2021-01-01T00:00:00+00:00, run_after=2021-01-01T00:00:00+00:00
[2023-09-23T03:52:21.149+0000] {processor.py:179} INFO - Processing /home/airflow/.local/lib/python3.8/site-packages/airflow/example_dags/example_xcom.py took 0.281 seconds
[2023-09-23T03:52:52.829+0000] {processor.py:157} INFO - Started process (PID=573) to work on /home/airflow/.local/lib/python3.8/site-packages/airflow/example_dags/example_xcom.py
[2023-09-23T03:52:52.844+0000] {processor.py:829} INFO - Processing file /home/airflow/.local/lib/python3.8/site-packages/airflow/example_dags/example_xcom.py for tasks to queue
[2023-09-23T03:52:52.845+0000] {logging_mixin.py:151} INFO - [2023-09-23T03:52:52.845+0000] {dagbag.py:539} INFO - Filling up the DagBag from /home/airflow/.local/lib/python3.8/site-packages/airflow/example_dags/example_xcom.py
[2023-09-23T03:52:52.851+0000] {processor.py:839} INFO - DAG(s) dict_keys(['example_xcom']) retrieved from /home/airflow/.local/lib/python3.8/site-packages/airflow/example_dags/example_xcom.py
[2023-09-23T03:52:52.868+0000] {logging_mixin.py:151} INFO - [2023-09-23T03:52:52.868+0000] {dag.py:2915} INFO - Sync 1 DAGs
[2023-09-23T03:52:52.885+0000] {logging_mixin.py:151} INFO - [2023-09-23T03:52:52.885+0000] {dag.py:3696} INFO - Setting next_dagrun for example_xcom to 2021-01-01T00:00:00+00:00, run_after=2021-01-01T00:00:00+00:00
[2023-09-23T03:52:52.944+0000] {processor.py:179} INFO - Processing /home/airflow/.local/lib/python3.8/site-packages/airflow/example_dags/example_xcom.py took 0.117 seconds
[2023-09-23T03:53:26.223+0000] {processor.py:157} INFO - Started process (PID=628) to work on /home/airflow/.local/lib/python3.8/site-packages/airflow/example_dags/example_xcom.py
[2023-09-23T03:53:26.229+0000] {processor.py:829} INFO - Processing file /home/airflow/.local/lib/python3.8/site-packages/airflow/example_dags/example_xcom.py for tasks to queue
[2023-09-23T03:53:26.231+0000] {logging_mixin.py:151} INFO - [2023-09-23T03:53:26.230+0000] {dagbag.py:539} INFO - Filling up the DagBag from /home/airflow/.local/lib/python3.8/site-packages/airflow/example_dags/example_xcom.py
[2023-09-23T03:53:26.236+0000] {processor.py:839} INFO - DAG(s) dict_keys(['example_xcom']) retrieved from /home/airflow/.local/lib/python3.8/site-packages/airflow/example_dags/example_xcom.py
[2023-09-23T03:53:26.254+0000] {logging_mixin.py:151} INFO - [2023-09-23T03:53:26.254+0000] {dag.py:2915} INFO - Sync 1 DAGs
[2023-09-23T03:53:26.272+0000] {logging_mixin.py:151} INFO - [2023-09-23T03:53:26.272+0000] {dag.py:3696} INFO - Setting next_dagrun for example_xcom to 2021-01-01T00:00:00+00:00, run_after=2021-01-01T00:00:00+00:00
[2023-09-23T03:53:26.376+0000] {processor.py:179} INFO - Processing /home/airflow/.local/lib/python3.8/site-packages/airflow/example_dags/example_xcom.py took 0.156 seconds
[2023-09-23T03:53:58.828+0000] {processor.py:157} INFO - Started process (PID=683) to work on /home/airflow/.local/lib/python3.8/site-packages/airflow/example_dags/example_xcom.py
[2023-09-23T03:53:58.850+0000] {processor.py:829} INFO - Processing file /home/airflow/.local/lib/python3.8/site-packages/airflow/example_dags/example_xcom.py for tasks to queue
[2023-09-23T03:53:58.852+0000] {logging_mixin.py:151} INFO - [2023-09-23T03:53:58.851+0000] {dagbag.py:539} INFO - Filling up the DagBag from /home/airflow/.local/lib/python3.8/site-packages/airflow/example_dags/example_xcom.py
[2023-09-23T03:53:58.858+0000] {processor.py:839} INFO - DAG(s) dict_keys(['example_xcom']) retrieved from /home/airflow/.local/lib/python3.8/site-packages/airflow/example_dags/example_xcom.py
[2023-09-23T03:53:58.878+0000] {logging_mixin.py:151} INFO - [2023-09-23T03:53:58.878+0000] {dag.py:2915} INFO - Sync 1 DAGs
[2023-09-23T03:53:58.896+0000] {logging_mixin.py:151} INFO - [2023-09-23T03:53:58.896+0000] {dag.py:3696} INFO - Setting next_dagrun for example_xcom to 2021-01-01T00:00:00+00:00, run_after=2021-01-01T00:00:00+00:00
[2023-09-23T03:53:58.951+0000] {processor.py:179} INFO - Processing /home/airflow/.local/lib/python3.8/site-packages/airflow/example_dags/example_xcom.py took 0.126 seconds
[2023-09-23T03:54:29.671+0000] {processor.py:157} INFO - Started process (PID=738) to work on /home/airflow/.local/lib/python3.8/site-packages/airflow/example_dags/example_xcom.py
[2023-09-23T03:54:29.680+0000] {processor.py:829} INFO - Processing file /home/airflow/.local/lib/python3.8/site-packages/airflow/example_dags/example_xcom.py for tasks to queue
[2023-09-23T03:54:29.682+0000] {logging_mixin.py:151} INFO - [2023-09-23T03:54:29.682+0000] {dagbag.py:539} INFO - Filling up the DagBag from /home/airflow/.local/lib/python3.8/site-packages/airflow/example_dags/example_xcom.py
[2023-09-23T03:54:29.688+0000] {processor.py:839} INFO - DAG(s) dict_keys(['example_xcom']) retrieved from /home/airflow/.local/lib/python3.8/site-packages/airflow/example_dags/example_xcom.py
[2023-09-23T03:54:29.709+0000] {logging_mixin.py:151} INFO - [2023-09-23T03:54:29.708+0000] {dag.py:2915} INFO - Sync 1 DAGs
[2023-09-23T03:54:29.728+0000] {logging_mixin.py:151} INFO - [2023-09-23T03:54:29.728+0000] {dag.py:3696} INFO - Setting next_dagrun for example_xcom to 2021-01-01T00:00:00+00:00, run_after=2021-01-01T00:00:00+00:00
[2023-09-23T03:54:29.795+0000] {processor.py:179} INFO - Processing /home/airflow/.local/lib/python3.8/site-packages/airflow/example_dags/example_xcom.py took 0.127 seconds
[2023-09-23T03:55:00.096+0000] {processor.py:157} INFO - Started process (PID=793) to work on /home/airflow/.local/lib/python3.8/site-packages/airflow/example_dags/example_xcom.py
[2023-09-23T03:55:00.116+0000] {processor.py:829} INFO - Processing file /home/airflow/.local/lib/python3.8/site-packages/airflow/example_dags/example_xcom.py for tasks to queue
[2023-09-23T03:55:00.117+0000] {logging_mixin.py:151} INFO - [2023-09-23T03:55:00.117+0000] {dagbag.py:539} INFO - Filling up the DagBag from /home/airflow/.local/lib/python3.8/site-packages/airflow/example_dags/example_xcom.py
[2023-09-23T03:55:00.123+0000] {processor.py:839} INFO - DAG(s) dict_keys(['example_xcom']) retrieved from /home/airflow/.local/lib/python3.8/site-packages/airflow/example_dags/example_xcom.py
[2023-09-23T03:55:00.140+0000] {logging_mixin.py:151} INFO - [2023-09-23T03:55:00.140+0000] {dag.py:2915} INFO - Sync 1 DAGs
[2023-09-23T03:55:00.157+0000] {logging_mixin.py:151} INFO - [2023-09-23T03:55:00.157+0000] {dag.py:3696} INFO - Setting next_dagrun for example_xcom to 2021-01-01T00:00:00+00:00, run_after=2021-01-01T00:00:00+00:00
[2023-09-23T03:55:00.202+0000] {processor.py:179} INFO - Processing /home/airflow/.local/lib/python3.8/site-packages/airflow/example_dags/example_xcom.py took 0.108 seconds
[2023-09-23T03:55:30.587+0000] {processor.py:157} INFO - Started process (PID=848) to work on /home/airflow/.local/lib/python3.8/site-packages/airflow/example_dags/example_xcom.py
[2023-09-23T03:55:30.600+0000] {processor.py:829} INFO - Processing file /home/airflow/.local/lib/python3.8/site-packages/airflow/example_dags/example_xcom.py for tasks to queue
[2023-09-23T03:55:30.601+0000] {logging_mixin.py:151} INFO - [2023-09-23T03:55:30.601+0000] {dagbag.py:539} INFO - Filling up the DagBag from /home/airflow/.local/lib/python3.8/site-packages/airflow/example_dags/example_xcom.py
[2023-09-23T03:55:30.607+0000] {processor.py:839} INFO - DAG(s) dict_keys(['example_xcom']) retrieved from /home/airflow/.local/lib/python3.8/site-packages/airflow/example_dags/example_xcom.py
[2023-09-23T03:55:30.624+0000] {logging_mixin.py:151} INFO - [2023-09-23T03:55:30.624+0000] {dag.py:2915} INFO - Sync 1 DAGs
[2023-09-23T03:55:30.641+0000] {logging_mixin.py:151} INFO - [2023-09-23T03:55:30.641+0000] {dag.py:3696} INFO - Setting next_dagrun for example_xcom to 2021-01-01T00:00:00+00:00, run_after=2021-01-01T00:00:00+00:00
[2023-09-23T03:55:30.718+0000] {processor.py:179} INFO - Processing /home/airflow/.local/lib/python3.8/site-packages/airflow/example_dags/example_xcom.py took 0.133 seconds
[2023-09-23T03:56:05.674+0000] {processor.py:157} INFO - Started process (PID=903) to work on /home/airflow/.local/lib/python3.8/site-packages/airflow/example_dags/example_xcom.py
[2023-09-23T03:56:06.073+0000] {processor.py:829} INFO - Processing file /home/airflow/.local/lib/python3.8/site-packages/airflow/example_dags/example_xcom.py for tasks to queue
[2023-09-23T03:56:06.077+0000] {logging_mixin.py:151} INFO - [2023-09-23T03:56:06.076+0000] {dagbag.py:539} INFO - Filling up the DagBag from /home/airflow/.local/lib/python3.8/site-packages/airflow/example_dags/example_xcom.py
[2023-09-23T03:56:06.083+0000] {processor.py:839} INFO - DAG(s) dict_keys(['example_xcom']) retrieved from /home/airflow/.local/lib/python3.8/site-packages/airflow/example_dags/example_xcom.py
[2023-09-23T03:56:06.096+0000] {logging_mixin.py:151} INFO - [2023-09-23T03:56:06.096+0000] {dag.py:2915} INFO - Sync 1 DAGs
[2023-09-23T03:56:06.115+0000] {logging_mixin.py:151} INFO - [2023-09-23T03:56:06.115+0000] {dag.py:3696} INFO - Setting next_dagrun for example_xcom to 2021-01-01T00:00:00+00:00, run_after=2021-01-01T00:00:00+00:00
[2023-09-23T03:56:06.693+0000] {processor.py:179} INFO - Processing /home/airflow/.local/lib/python3.8/site-packages/airflow/example_dags/example_xcom.py took 1.021 seconds
[2023-09-23T03:56:37.146+0000] {processor.py:157} INFO - Started process (PID=958) to work on /home/airflow/.local/lib/python3.8/site-packages/airflow/example_dags/example_xcom.py
[2023-09-23T03:56:37.376+0000] {processor.py:829} INFO - Processing file /home/airflow/.local/lib/python3.8/site-packages/airflow/example_dags/example_xcom.py for tasks to queue
[2023-09-23T03:56:37.378+0000] {logging_mixin.py:151} INFO - [2023-09-23T03:56:37.377+0000] {dagbag.py:539} INFO - Filling up the DagBag from /home/airflow/.local/lib/python3.8/site-packages/airflow/example_dags/example_xcom.py
[2023-09-23T03:56:37.383+0000] {processor.py:839} INFO - DAG(s) dict_keys(['example_xcom']) retrieved from /home/airflow/.local/lib/python3.8/site-packages/airflow/example_dags/example_xcom.py
[2023-09-23T03:56:37.403+0000] {logging_mixin.py:151} INFO - [2023-09-23T03:56:37.402+0000] {dag.py:2915} INFO - Sync 1 DAGs
[2023-09-23T03:56:37.421+0000] {logging_mixin.py:151} INFO - [2023-09-23T03:56:37.420+0000] {dag.py:3696} INFO - Setting next_dagrun for example_xcom to 2021-01-01T00:00:00+00:00, run_after=2021-01-01T00:00:00+00:00
[2023-09-23T03:56:37.487+0000] {processor.py:179} INFO - Processing /home/airflow/.local/lib/python3.8/site-packages/airflow/example_dags/example_xcom.py took 0.344 seconds
[2023-09-23T03:57:08.718+0000] {processor.py:157} INFO - Started process (PID=1013) to work on /home/airflow/.local/lib/python3.8/site-packages/airflow/example_dags/example_xcom.py
[2023-09-23T03:57:09.073+0000] {processor.py:829} INFO - Processing file /home/airflow/.local/lib/python3.8/site-packages/airflow/example_dags/example_xcom.py for tasks to queue
[2023-09-23T03:57:09.078+0000] {logging_mixin.py:151} INFO - [2023-09-23T03:57:09.077+0000] {dagbag.py:539} INFO - Filling up the DagBag from /home/airflow/.local/lib/python3.8/site-packages/airflow/example_dags/example_xcom.py
[2023-09-23T03:57:09.083+0000] {processor.py:839} INFO - DAG(s) dict_keys(['example_xcom']) retrieved from /home/airflow/.local/lib/python3.8/site-packages/airflow/example_dags/example_xcom.py
[2023-09-23T03:57:09.101+0000] {logging_mixin.py:151} INFO - [2023-09-23T03:57:09.101+0000] {dag.py:2915} INFO - Sync 1 DAGs
[2023-09-23T03:57:09.118+0000] {logging_mixin.py:151} INFO - [2023-09-23T03:57:09.118+0000] {dag.py:3696} INFO - Setting next_dagrun for example_xcom to 2021-01-01T00:00:00+00:00, run_after=2021-01-01T00:00:00+00:00
[2023-09-23T03:57:09.804+0000] {processor.py:179} INFO - Processing /home/airflow/.local/lib/python3.8/site-packages/airflow/example_dags/example_xcom.py took 1.088 seconds
[2023-09-23T04:04:48.182+0000] {processor.py:157} INFO - Started process (PID=87) to work on /home/airflow/.local/lib/python3.8/site-packages/airflow/example_dags/example_xcom.py
[2023-09-23T04:04:48.183+0000] {processor.py:829} INFO - Processing file /home/airflow/.local/lib/python3.8/site-packages/airflow/example_dags/example_xcom.py for tasks to queue
[2023-09-23T04:04:48.185+0000] {logging_mixin.py:151} INFO - [2023-09-23T04:04:48.184+0000] {dagbag.py:539} INFO - Filling up the DagBag from /home/airflow/.local/lib/python3.8/site-packages/airflow/example_dags/example_xcom.py
[2023-09-23T04:04:48.193+0000] {processor.py:839} INFO - DAG(s) dict_keys(['example_xcom']) retrieved from /home/airflow/.local/lib/python3.8/site-packages/airflow/example_dags/example_xcom.py
[2023-09-23T04:04:48.211+0000] {logging_mixin.py:151} INFO - [2023-09-23T04:04:48.211+0000] {dag.py:2915} INFO - Sync 1 DAGs
[2023-09-23T04:04:48.230+0000] {logging_mixin.py:151} INFO - [2023-09-23T04:04:48.230+0000] {dag.py:3696} INFO - Setting next_dagrun for example_xcom to 2021-01-01T00:00:00+00:00, run_after=2021-01-01T00:00:00+00:00
[2023-09-23T04:04:48.298+0000] {processor.py:179} INFO - Processing /home/airflow/.local/lib/python3.8/site-packages/airflow/example_dags/example_xcom.py took 0.119 seconds
[2023-09-23T04:05:23.968+0000] {processor.py:157} INFO - Started process (PID=143) to work on /home/airflow/.local/lib/python3.8/site-packages/airflow/example_dags/example_xcom.py
[2023-09-23T04:05:23.973+0000] {processor.py:829} INFO - Processing file /home/airflow/.local/lib/python3.8/site-packages/airflow/example_dags/example_xcom.py for tasks to queue
[2023-09-23T04:05:23.975+0000] {logging_mixin.py:151} INFO - [2023-09-23T04:05:23.975+0000] {dagbag.py:539} INFO - Filling up the DagBag from /home/airflow/.local/lib/python3.8/site-packages/airflow/example_dags/example_xcom.py
[2023-09-23T04:05:23.981+0000] {processor.py:839} INFO - DAG(s) dict_keys(['example_xcom']) retrieved from /home/airflow/.local/lib/python3.8/site-packages/airflow/example_dags/example_xcom.py
[2023-09-23T04:05:23.999+0000] {logging_mixin.py:151} INFO - [2023-09-23T04:05:23.999+0000] {dag.py:2915} INFO - Sync 1 DAGs
[2023-09-23T04:05:24.018+0000] {logging_mixin.py:151} INFO - [2023-09-23T04:05:24.018+0000] {dag.py:3696} INFO - Setting next_dagrun for example_xcom to 2021-01-01T00:00:00+00:00, run_after=2021-01-01T00:00:00+00:00
[2023-09-23T04:05:24.062+0000] {processor.py:179} INFO - Processing /home/airflow/.local/lib/python3.8/site-packages/airflow/example_dags/example_xcom.py took 0.097 seconds
[2023-09-23T04:05:54.764+0000] {processor.py:157} INFO - Started process (PID=198) to work on /home/airflow/.local/lib/python3.8/site-packages/airflow/example_dags/example_xcom.py
[2023-09-23T04:05:54.780+0000] {processor.py:829} INFO - Processing file /home/airflow/.local/lib/python3.8/site-packages/airflow/example_dags/example_xcom.py for tasks to queue
[2023-09-23T04:05:54.782+0000] {logging_mixin.py:151} INFO - [2023-09-23T04:05:54.782+0000] {dagbag.py:539} INFO - Filling up the DagBag from /home/airflow/.local/lib/python3.8/site-packages/airflow/example_dags/example_xcom.py
[2023-09-23T04:05:54.788+0000] {processor.py:839} INFO - DAG(s) dict_keys(['example_xcom']) retrieved from /home/airflow/.local/lib/python3.8/site-packages/airflow/example_dags/example_xcom.py
[2023-09-23T04:05:54.807+0000] {logging_mixin.py:151} INFO - [2023-09-23T04:05:54.806+0000] {dag.py:2915} INFO - Sync 1 DAGs
[2023-09-23T04:05:54.825+0000] {logging_mixin.py:151} INFO - [2023-09-23T04:05:54.824+0000] {dag.py:3696} INFO - Setting next_dagrun for example_xcom to 2021-01-01T00:00:00+00:00, run_after=2021-01-01T00:00:00+00:00
[2023-09-23T04:05:54.902+0000] {processor.py:179} INFO - Processing /home/airflow/.local/lib/python3.8/site-packages/airflow/example_dags/example_xcom.py took 0.140 seconds
[2023-09-23T04:06:25.425+0000] {processor.py:157} INFO - Started process (PID=253) to work on /home/airflow/.local/lib/python3.8/site-packages/airflow/example_dags/example_xcom.py
[2023-09-23T04:06:25.426+0000] {processor.py:829} INFO - Processing file /home/airflow/.local/lib/python3.8/site-packages/airflow/example_dags/example_xcom.py for tasks to queue
[2023-09-23T04:06:25.428+0000] {logging_mixin.py:151} INFO - [2023-09-23T04:06:25.427+0000] {dagbag.py:539} INFO - Filling up the DagBag from /home/airflow/.local/lib/python3.8/site-packages/airflow/example_dags/example_xcom.py
[2023-09-23T04:06:25.434+0000] {processor.py:839} INFO - DAG(s) dict_keys(['example_xcom']) retrieved from /home/airflow/.local/lib/python3.8/site-packages/airflow/example_dags/example_xcom.py
[2023-09-23T04:06:25.452+0000] {logging_mixin.py:151} INFO - [2023-09-23T04:06:25.452+0000] {dag.py:2915} INFO - Sync 1 DAGs
[2023-09-23T04:06:25.469+0000] {logging_mixin.py:151} INFO - [2023-09-23T04:06:25.469+0000] {dag.py:3696} INFO - Setting next_dagrun for example_xcom to 2021-01-01T00:00:00+00:00, run_after=2021-01-01T00:00:00+00:00
[2023-09-23T04:06:25.516+0000] {processor.py:179} INFO - Processing /home/airflow/.local/lib/python3.8/site-packages/airflow/example_dags/example_xcom.py took 0.094 seconds
[2023-09-23T04:06:55.847+0000] {processor.py:157} INFO - Started process (PID=308) to work on /home/airflow/.local/lib/python3.8/site-packages/airflow/example_dags/example_xcom.py
[2023-09-23T04:06:55.848+0000] {processor.py:829} INFO - Processing file /home/airflow/.local/lib/python3.8/site-packages/airflow/example_dags/example_xcom.py for tasks to queue
[2023-09-23T04:06:55.850+0000] {logging_mixin.py:151} INFO - [2023-09-23T04:06:55.850+0000] {dagbag.py:539} INFO - Filling up the DagBag from /home/airflow/.local/lib/python3.8/site-packages/airflow/example_dags/example_xcom.py
[2023-09-23T04:06:55.858+0000] {processor.py:839} INFO - DAG(s) dict_keys(['example_xcom']) retrieved from /home/airflow/.local/lib/python3.8/site-packages/airflow/example_dags/example_xcom.py
[2023-09-23T04:06:55.880+0000] {logging_mixin.py:151} INFO - [2023-09-23T04:06:55.880+0000] {dag.py:2915} INFO - Sync 1 DAGs
[2023-09-23T04:06:55.904+0000] {logging_mixin.py:151} INFO - [2023-09-23T04:06:55.904+0000] {dag.py:3696} INFO - Setting next_dagrun for example_xcom to 2021-01-01T00:00:00+00:00, run_after=2021-01-01T00:00:00+00:00
[2023-09-23T04:06:55.962+0000] {processor.py:179} INFO - Processing /home/airflow/.local/lib/python3.8/site-packages/airflow/example_dags/example_xcom.py took 0.119 seconds
[2023-09-23T04:07:26.796+0000] {processor.py:157} INFO - Started process (PID=363) to work on /home/airflow/.local/lib/python3.8/site-packages/airflow/example_dags/example_xcom.py
[2023-09-23T04:07:26.797+0000] {processor.py:829} INFO - Processing file /home/airflow/.local/lib/python3.8/site-packages/airflow/example_dags/example_xcom.py for tasks to queue
[2023-09-23T04:07:26.799+0000] {logging_mixin.py:151} INFO - [2023-09-23T04:07:26.799+0000] {dagbag.py:539} INFO - Filling up the DagBag from /home/airflow/.local/lib/python3.8/site-packages/airflow/example_dags/example_xcom.py
[2023-09-23T04:07:26.805+0000] {processor.py:839} INFO - DAG(s) dict_keys(['example_xcom']) retrieved from /home/airflow/.local/lib/python3.8/site-packages/airflow/example_dags/example_xcom.py
[2023-09-23T04:07:26.825+0000] {logging_mixin.py:151} INFO - [2023-09-23T04:07:26.825+0000] {dag.py:2915} INFO - Sync 1 DAGs
[2023-09-23T04:07:26.845+0000] {logging_mixin.py:151} INFO - [2023-09-23T04:07:26.845+0000] {dag.py:3696} INFO - Setting next_dagrun for example_xcom to 2021-01-01T00:00:00+00:00, run_after=2021-01-01T00:00:00+00:00
[2023-09-23T04:07:26.898+0000] {processor.py:179} INFO - Processing /home/airflow/.local/lib/python3.8/site-packages/airflow/example_dags/example_xcom.py took 0.105 seconds
[2023-09-23T04:07:59.201+0000] {processor.py:157} INFO - Started process (PID=418) to work on /home/airflow/.local/lib/python3.8/site-packages/airflow/example_dags/example_xcom.py
[2023-09-23T04:07:59.216+0000] {processor.py:829} INFO - Processing file /home/airflow/.local/lib/python3.8/site-packages/airflow/example_dags/example_xcom.py for tasks to queue
[2023-09-23T04:07:59.218+0000] {logging_mixin.py:151} INFO - [2023-09-23T04:07:59.217+0000] {dagbag.py:539} INFO - Filling up the DagBag from /home/airflow/.local/lib/python3.8/site-packages/airflow/example_dags/example_xcom.py
[2023-09-23T04:07:59.224+0000] {processor.py:839} INFO - DAG(s) dict_keys(['example_xcom']) retrieved from /home/airflow/.local/lib/python3.8/site-packages/airflow/example_dags/example_xcom.py
[2023-09-23T04:07:59.243+0000] {logging_mixin.py:151} INFO - [2023-09-23T04:07:59.242+0000] {dag.py:2915} INFO - Sync 1 DAGs
[2023-09-23T04:07:59.261+0000] {logging_mixin.py:151} INFO - [2023-09-23T04:07:59.260+0000] {dag.py:3696} INFO - Setting next_dagrun for example_xcom to 2021-01-01T00:00:00+00:00, run_after=2021-01-01T00:00:00+00:00
[2023-09-23T04:07:59.306+0000] {processor.py:179} INFO - Processing /home/airflow/.local/lib/python3.8/site-packages/airflow/example_dags/example_xcom.py took 0.108 seconds
[2023-09-23T04:08:30.365+0000] {processor.py:157} INFO - Started process (PID=473) to work on /home/airflow/.local/lib/python3.8/site-packages/airflow/example_dags/example_xcom.py
[2023-09-23T04:08:30.388+0000] {processor.py:829} INFO - Processing file /home/airflow/.local/lib/python3.8/site-packages/airflow/example_dags/example_xcom.py for tasks to queue
[2023-09-23T04:08:30.389+0000] {logging_mixin.py:151} INFO - [2023-09-23T04:08:30.389+0000] {dagbag.py:539} INFO - Filling up the DagBag from /home/airflow/.local/lib/python3.8/site-packages/airflow/example_dags/example_xcom.py
[2023-09-23T04:08:30.396+0000] {processor.py:839} INFO - DAG(s) dict_keys(['example_xcom']) retrieved from /home/airflow/.local/lib/python3.8/site-packages/airflow/example_dags/example_xcom.py
[2023-09-23T04:08:30.415+0000] {logging_mixin.py:151} INFO - [2023-09-23T04:08:30.414+0000] {dag.py:2915} INFO - Sync 1 DAGs
[2023-09-23T04:08:30.432+0000] {logging_mixin.py:151} INFO - [2023-09-23T04:08:30.432+0000] {dag.py:3696} INFO - Setting next_dagrun for example_xcom to 2021-01-01T00:00:00+00:00, run_after=2021-01-01T00:00:00+00:00
[2023-09-23T04:08:30.481+0000] {processor.py:179} INFO - Processing /home/airflow/.local/lib/python3.8/site-packages/airflow/example_dags/example_xcom.py took 0.119 seconds
[2023-09-23T04:09:02.886+0000] {processor.py:157} INFO - Started process (PID=528) to work on /home/airflow/.local/lib/python3.8/site-packages/airflow/example_dags/example_xcom.py
[2023-09-23T04:09:02.901+0000] {processor.py:829} INFO - Processing file /home/airflow/.local/lib/python3.8/site-packages/airflow/example_dags/example_xcom.py for tasks to queue
[2023-09-23T04:09:02.903+0000] {logging_mixin.py:151} INFO - [2023-09-23T04:09:02.903+0000] {dagbag.py:539} INFO - Filling up the DagBag from /home/airflow/.local/lib/python3.8/site-packages/airflow/example_dags/example_xcom.py
[2023-09-23T04:09:02.909+0000] {processor.py:839} INFO - DAG(s) dict_keys(['example_xcom']) retrieved from /home/airflow/.local/lib/python3.8/site-packages/airflow/example_dags/example_xcom.py
[2023-09-23T04:09:02.927+0000] {logging_mixin.py:151} INFO - [2023-09-23T04:09:02.927+0000] {dag.py:2915} INFO - Sync 1 DAGs
[2023-09-23T04:09:02.945+0000] {logging_mixin.py:151} INFO - [2023-09-23T04:09:02.945+0000] {dag.py:3696} INFO - Setting next_dagrun for example_xcom to 2021-01-01T00:00:00+00:00, run_after=2021-01-01T00:00:00+00:00
[2023-09-23T04:09:02.997+0000] {processor.py:179} INFO - Processing /home/airflow/.local/lib/python3.8/site-packages/airflow/example_dags/example_xcom.py took 0.114 seconds
[2023-09-23T04:09:33.163+0000] {processor.py:157} INFO - Started process (PID=583) to work on /home/airflow/.local/lib/python3.8/site-packages/airflow/example_dags/example_xcom.py
[2023-09-23T04:09:33.164+0000] {processor.py:829} INFO - Processing file /home/airflow/.local/lib/python3.8/site-packages/airflow/example_dags/example_xcom.py for tasks to queue
[2023-09-23T04:09:33.165+0000] {logging_mixin.py:151} INFO - [2023-09-23T04:09:33.165+0000] {dagbag.py:539} INFO - Filling up the DagBag from /home/airflow/.local/lib/python3.8/site-packages/airflow/example_dags/example_xcom.py
[2023-09-23T04:09:33.171+0000] {processor.py:839} INFO - DAG(s) dict_keys(['example_xcom']) retrieved from /home/airflow/.local/lib/python3.8/site-packages/airflow/example_dags/example_xcom.py
[2023-09-23T04:09:33.190+0000] {logging_mixin.py:151} INFO - [2023-09-23T04:09:33.190+0000] {dag.py:2915} INFO - Sync 1 DAGs
[2023-09-23T04:09:33.208+0000] {logging_mixin.py:151} INFO - [2023-09-23T04:09:33.207+0000] {dag.py:3696} INFO - Setting next_dagrun for example_xcom to 2021-01-01T00:00:00+00:00, run_after=2021-01-01T00:00:00+00:00
[2023-09-23T04:09:33.266+0000] {processor.py:179} INFO - Processing /home/airflow/.local/lib/python3.8/site-packages/airflow/example_dags/example_xcom.py took 0.106 seconds
[2023-09-23T04:10:04.145+0000] {processor.py:157} INFO - Started process (PID=638) to work on /home/airflow/.local/lib/python3.8/site-packages/airflow/example_dags/example_xcom.py
[2023-09-23T04:10:04.172+0000] {processor.py:829} INFO - Processing file /home/airflow/.local/lib/python3.8/site-packages/airflow/example_dags/example_xcom.py for tasks to queue
[2023-09-23T04:10:04.173+0000] {logging_mixin.py:151} INFO - [2023-09-23T04:10:04.173+0000] {dagbag.py:539} INFO - Filling up the DagBag from /home/airflow/.local/lib/python3.8/site-packages/airflow/example_dags/example_xcom.py
[2023-09-23T04:10:04.180+0000] {processor.py:839} INFO - DAG(s) dict_keys(['example_xcom']) retrieved from /home/airflow/.local/lib/python3.8/site-packages/airflow/example_dags/example_xcom.py
[2023-09-23T04:10:04.200+0000] {logging_mixin.py:151} INFO - [2023-09-23T04:10:04.200+0000] {dag.py:2915} INFO - Sync 1 DAGs
[2023-09-23T04:10:04.221+0000] {logging_mixin.py:151} INFO - [2023-09-23T04:10:04.221+0000] {dag.py:3696} INFO - Setting next_dagrun for example_xcom to 2021-01-01T00:00:00+00:00, run_after=2021-01-01T00:00:00+00:00
[2023-09-23T04:10:04.272+0000] {processor.py:179} INFO - Processing /home/airflow/.local/lib/python3.8/site-packages/airflow/example_dags/example_xcom.py took 0.130 seconds
[2023-09-23T04:10:35.694+0000] {processor.py:157} INFO - Started process (PID=693) to work on /home/airflow/.local/lib/python3.8/site-packages/airflow/example_dags/example_xcom.py
[2023-09-23T04:10:35.698+0000] {processor.py:829} INFO - Processing file /home/airflow/.local/lib/python3.8/site-packages/airflow/example_dags/example_xcom.py for tasks to queue
[2023-09-23T04:10:35.700+0000] {logging_mixin.py:151} INFO - [2023-09-23T04:10:35.700+0000] {dagbag.py:539} INFO - Filling up the DagBag from /home/airflow/.local/lib/python3.8/site-packages/airflow/example_dags/example_xcom.py
[2023-09-23T04:10:35.706+0000] {processor.py:839} INFO - DAG(s) dict_keys(['example_xcom']) retrieved from /home/airflow/.local/lib/python3.8/site-packages/airflow/example_dags/example_xcom.py
[2023-09-23T04:10:35.725+0000] {logging_mixin.py:151} INFO - [2023-09-23T04:10:35.725+0000] {dag.py:2915} INFO - Sync 1 DAGs
[2023-09-23T04:10:35.743+0000] {logging_mixin.py:151} INFO - [2023-09-23T04:10:35.743+0000] {dag.py:3696} INFO - Setting next_dagrun for example_xcom to 2021-01-01T00:00:00+00:00, run_after=2021-01-01T00:00:00+00:00
[2023-09-23T04:10:35.798+0000] {processor.py:179} INFO - Processing /home/airflow/.local/lib/python3.8/site-packages/airflow/example_dags/example_xcom.py took 0.108 seconds
[2023-09-23T04:11:08.585+0000] {processor.py:157} INFO - Started process (PID=748) to work on /home/airflow/.local/lib/python3.8/site-packages/airflow/example_dags/example_xcom.py
[2023-09-23T04:11:08.602+0000] {processor.py:829} INFO - Processing file /home/airflow/.local/lib/python3.8/site-packages/airflow/example_dags/example_xcom.py for tasks to queue
[2023-09-23T04:11:08.607+0000] {logging_mixin.py:151} INFO - [2023-09-23T04:11:08.606+0000] {dagbag.py:539} INFO - Filling up the DagBag from /home/airflow/.local/lib/python3.8/site-packages/airflow/example_dags/example_xcom.py
[2023-09-23T04:11:08.622+0000] {processor.py:839} INFO - DAG(s) dict_keys(['example_xcom']) retrieved from /home/airflow/.local/lib/python3.8/site-packages/airflow/example_dags/example_xcom.py
[2023-09-23T04:11:08.646+0000] {logging_mixin.py:151} INFO - [2023-09-23T04:11:08.646+0000] {dag.py:2915} INFO - Sync 1 DAGs
[2023-09-23T04:11:08.663+0000] {logging_mixin.py:151} INFO - [2023-09-23T04:11:08.663+0000] {dag.py:3696} INFO - Setting next_dagrun for example_xcom to 2021-01-01T00:00:00+00:00, run_after=2021-01-01T00:00:00+00:00
[2023-09-23T04:11:08.718+0000] {processor.py:179} INFO - Processing /home/airflow/.local/lib/python3.8/site-packages/airflow/example_dags/example_xcom.py took 0.135 seconds
[2023-09-23T04:11:39.832+0000] {processor.py:157} INFO - Started process (PID=803) to work on /home/airflow/.local/lib/python3.8/site-packages/airflow/example_dags/example_xcom.py
[2023-09-23T04:11:39.868+0000] {processor.py:829} INFO - Processing file /home/airflow/.local/lib/python3.8/site-packages/airflow/example_dags/example_xcom.py for tasks to queue
[2023-09-23T04:11:39.873+0000] {logging_mixin.py:151} INFO - [2023-09-23T04:11:39.872+0000] {dagbag.py:539} INFO - Filling up the DagBag from /home/airflow/.local/lib/python3.8/site-packages/airflow/example_dags/example_xcom.py
[2023-09-23T04:11:39.886+0000] {processor.py:839} INFO - DAG(s) dict_keys(['example_xcom']) retrieved from /home/airflow/.local/lib/python3.8/site-packages/airflow/example_dags/example_xcom.py
[2023-09-23T04:11:39.908+0000] {logging_mixin.py:151} INFO - [2023-09-23T04:11:39.907+0000] {dag.py:2915} INFO - Sync 1 DAGs
[2023-09-23T04:11:39.925+0000] {logging_mixin.py:151} INFO - [2023-09-23T04:11:39.925+0000] {dag.py:3696} INFO - Setting next_dagrun for example_xcom to 2021-01-01T00:00:00+00:00, run_after=2021-01-01T00:00:00+00:00
[2023-09-23T04:11:39.970+0000] {processor.py:179} INFO - Processing /home/airflow/.local/lib/python3.8/site-packages/airflow/example_dags/example_xcom.py took 0.140 seconds
[2023-09-23T04:12:10.608+0000] {processor.py:157} INFO - Started process (PID=858) to work on /home/airflow/.local/lib/python3.8/site-packages/airflow/example_dags/example_xcom.py
[2023-09-23T04:12:10.925+0000] {processor.py:829} INFO - Processing file /home/airflow/.local/lib/python3.8/site-packages/airflow/example_dags/example_xcom.py for tasks to queue
[2023-09-23T04:12:10.930+0000] {logging_mixin.py:151} INFO - [2023-09-23T04:12:10.930+0000] {dagbag.py:539} INFO - Filling up the DagBag from /home/airflow/.local/lib/python3.8/site-packages/airflow/example_dags/example_xcom.py
[2023-09-23T04:12:10.937+0000] {processor.py:839} INFO - DAG(s) dict_keys(['example_xcom']) retrieved from /home/airflow/.local/lib/python3.8/site-packages/airflow/example_dags/example_xcom.py
[2023-09-23T04:12:10.956+0000] {logging_mixin.py:151} INFO - [2023-09-23T04:12:10.956+0000] {dag.py:2915} INFO - Sync 1 DAGs
[2023-09-23T04:12:10.972+0000] {logging_mixin.py:151} INFO - [2023-09-23T04:12:10.972+0000] {dag.py:3696} INFO - Setting next_dagrun for example_xcom to 2021-01-01T00:00:00+00:00, run_after=2021-01-01T00:00:00+00:00
[2023-09-23T04:12:11.035+0000] {processor.py:179} INFO - Processing /home/airflow/.local/lib/python3.8/site-packages/airflow/example_dags/example_xcom.py took 0.430 seconds
[2023-09-23T04:12:42.634+0000] {processor.py:157} INFO - Started process (PID=913) to work on /home/airflow/.local/lib/python3.8/site-packages/airflow/example_dags/example_xcom.py
[2023-09-23T04:12:42.635+0000] {processor.py:829} INFO - Processing file /home/airflow/.local/lib/python3.8/site-packages/airflow/example_dags/example_xcom.py for tasks to queue
[2023-09-23T04:12:42.637+0000] {logging_mixin.py:151} INFO - [2023-09-23T04:12:42.637+0000] {dagbag.py:539} INFO - Filling up the DagBag from /home/airflow/.local/lib/python3.8/site-packages/airflow/example_dags/example_xcom.py
[2023-09-23T04:12:42.643+0000] {processor.py:839} INFO - DAG(s) dict_keys(['example_xcom']) retrieved from /home/airflow/.local/lib/python3.8/site-packages/airflow/example_dags/example_xcom.py
[2023-09-23T04:12:42.662+0000] {logging_mixin.py:151} INFO - [2023-09-23T04:12:42.662+0000] {dag.py:2915} INFO - Sync 1 DAGs
[2023-09-23T04:12:42.679+0000] {logging_mixin.py:151} INFO - [2023-09-23T04:12:42.679+0000] {dag.py:3696} INFO - Setting next_dagrun for example_xcom to 2021-01-01T00:00:00+00:00, run_after=2021-01-01T00:00:00+00:00
[2023-09-23T04:12:42.748+0000] {processor.py:179} INFO - Processing /home/airflow/.local/lib/python3.8/site-packages/airflow/example_dags/example_xcom.py took 0.117 seconds
[2023-09-23T04:13:15.210+0000] {processor.py:157} INFO - Started process (PID=968) to work on /home/airflow/.local/lib/python3.8/site-packages/airflow/example_dags/example_xcom.py
[2023-09-23T04:13:15.211+0000] {processor.py:829} INFO - Processing file /home/airflow/.local/lib/python3.8/site-packages/airflow/example_dags/example_xcom.py for tasks to queue
[2023-09-23T04:13:15.213+0000] {logging_mixin.py:151} INFO - [2023-09-23T04:13:15.212+0000] {dagbag.py:539} INFO - Filling up the DagBag from /home/airflow/.local/lib/python3.8/site-packages/airflow/example_dags/example_xcom.py
[2023-09-23T04:13:15.219+0000] {processor.py:839} INFO - DAG(s) dict_keys(['example_xcom']) retrieved from /home/airflow/.local/lib/python3.8/site-packages/airflow/example_dags/example_xcom.py
[2023-09-23T04:13:15.236+0000] {logging_mixin.py:151} INFO - [2023-09-23T04:13:15.236+0000] {dag.py:2915} INFO - Sync 1 DAGs
[2023-09-23T04:13:15.255+0000] {logging_mixin.py:151} INFO - [2023-09-23T04:13:15.254+0000] {dag.py:3696} INFO - Setting next_dagrun for example_xcom to 2021-01-01T00:00:00+00:00, run_after=2021-01-01T00:00:00+00:00
[2023-09-23T04:13:15.303+0000] {processor.py:179} INFO - Processing /home/airflow/.local/lib/python3.8/site-packages/airflow/example_dags/example_xcom.py took 0.096 seconds
[2023-09-23T04:13:45.413+0000] {processor.py:157} INFO - Started process (PID=1023) to work on /home/airflow/.local/lib/python3.8/site-packages/airflow/example_dags/example_xcom.py
[2023-09-23T04:13:45.437+0000] {processor.py:829} INFO - Processing file /home/airflow/.local/lib/python3.8/site-packages/airflow/example_dags/example_xcom.py for tasks to queue
[2023-09-23T04:13:45.439+0000] {logging_mixin.py:151} INFO - [2023-09-23T04:13:45.438+0000] {dagbag.py:539} INFO - Filling up the DagBag from /home/airflow/.local/lib/python3.8/site-packages/airflow/example_dags/example_xcom.py
[2023-09-23T04:13:45.445+0000] {processor.py:839} INFO - DAG(s) dict_keys(['example_xcom']) retrieved from /home/airflow/.local/lib/python3.8/site-packages/airflow/example_dags/example_xcom.py
[2023-09-23T04:13:45.463+0000] {logging_mixin.py:151} INFO - [2023-09-23T04:13:45.462+0000] {dag.py:2915} INFO - Sync 1 DAGs
[2023-09-23T04:13:45.480+0000] {logging_mixin.py:151} INFO - [2023-09-23T04:13:45.480+0000] {dag.py:3696} INFO - Setting next_dagrun for example_xcom to 2021-01-01T00:00:00+00:00, run_after=2021-01-01T00:00:00+00:00
[2023-09-23T04:13:45.528+0000] {processor.py:179} INFO - Processing /home/airflow/.local/lib/python3.8/site-packages/airflow/example_dags/example_xcom.py took 0.117 seconds
[2023-09-23T04:14:15.676+0000] {processor.py:157} INFO - Started process (PID=1078) to work on /home/airflow/.local/lib/python3.8/site-packages/airflow/example_dags/example_xcom.py
[2023-09-23T04:14:15.687+0000] {processor.py:829} INFO - Processing file /home/airflow/.local/lib/python3.8/site-packages/airflow/example_dags/example_xcom.py for tasks to queue
[2023-09-23T04:14:15.689+0000] {logging_mixin.py:151} INFO - [2023-09-23T04:14:15.688+0000] {dagbag.py:539} INFO - Filling up the DagBag from /home/airflow/.local/lib/python3.8/site-packages/airflow/example_dags/example_xcom.py
[2023-09-23T04:14:15.694+0000] {processor.py:839} INFO - DAG(s) dict_keys(['example_xcom']) retrieved from /home/airflow/.local/lib/python3.8/site-packages/airflow/example_dags/example_xcom.py
[2023-09-23T04:14:15.713+0000] {logging_mixin.py:151} INFO - [2023-09-23T04:14:15.713+0000] {dag.py:2915} INFO - Sync 1 DAGs
[2023-09-23T04:14:15.731+0000] {logging_mixin.py:151} INFO - [2023-09-23T04:14:15.731+0000] {dag.py:3696} INFO - Setting next_dagrun for example_xcom to 2021-01-01T00:00:00+00:00, run_after=2021-01-01T00:00:00+00:00
[2023-09-23T04:14:15.790+0000] {processor.py:179} INFO - Processing /home/airflow/.local/lib/python3.8/site-packages/airflow/example_dags/example_xcom.py took 0.116 seconds
[2023-09-23T04:14:47.073+0000] {processor.py:157} INFO - Started process (PID=1133) to work on /home/airflow/.local/lib/python3.8/site-packages/airflow/example_dags/example_xcom.py
[2023-09-23T04:14:47.098+0000] {processor.py:829} INFO - Processing file /home/airflow/.local/lib/python3.8/site-packages/airflow/example_dags/example_xcom.py for tasks to queue
[2023-09-23T04:14:47.100+0000] {logging_mixin.py:151} INFO - [2023-09-23T04:14:47.099+0000] {dagbag.py:539} INFO - Filling up the DagBag from /home/airflow/.local/lib/python3.8/site-packages/airflow/example_dags/example_xcom.py
[2023-09-23T04:14:47.105+0000] {processor.py:839} INFO - DAG(s) dict_keys(['example_xcom']) retrieved from /home/airflow/.local/lib/python3.8/site-packages/airflow/example_dags/example_xcom.py
[2023-09-23T04:14:47.124+0000] {logging_mixin.py:151} INFO - [2023-09-23T04:14:47.123+0000] {dag.py:2915} INFO - Sync 1 DAGs
[2023-09-23T04:14:47.142+0000] {logging_mixin.py:151} INFO - [2023-09-23T04:14:47.142+0000] {dag.py:3696} INFO - Setting next_dagrun for example_xcom to 2021-01-01T00:00:00+00:00, run_after=2021-01-01T00:00:00+00:00
[2023-09-23T04:14:47.190+0000] {processor.py:179} INFO - Processing /home/airflow/.local/lib/python3.8/site-packages/airflow/example_dags/example_xcom.py took 0.119 seconds
[2023-09-23T04:15:17.424+0000] {processor.py:157} INFO - Started process (PID=1188) to work on /home/airflow/.local/lib/python3.8/site-packages/airflow/example_dags/example_xcom.py
[2023-09-23T04:15:17.444+0000] {processor.py:829} INFO - Processing file /home/airflow/.local/lib/python3.8/site-packages/airflow/example_dags/example_xcom.py for tasks to queue
[2023-09-23T04:15:17.445+0000] {logging_mixin.py:151} INFO - [2023-09-23T04:15:17.445+0000] {dagbag.py:539} INFO - Filling up the DagBag from /home/airflow/.local/lib/python3.8/site-packages/airflow/example_dags/example_xcom.py
[2023-09-23T04:15:17.451+0000] {processor.py:839} INFO - DAG(s) dict_keys(['example_xcom']) retrieved from /home/airflow/.local/lib/python3.8/site-packages/airflow/example_dags/example_xcom.py
[2023-09-23T04:15:17.468+0000] {logging_mixin.py:151} INFO - [2023-09-23T04:15:17.468+0000] {dag.py:2915} INFO - Sync 1 DAGs
[2023-09-23T04:15:17.486+0000] {logging_mixin.py:151} INFO - [2023-09-23T04:15:17.485+0000] {dag.py:3696} INFO - Setting next_dagrun for example_xcom to 2021-01-01T00:00:00+00:00, run_after=2021-01-01T00:00:00+00:00
[2023-09-23T04:15:17.524+0000] {processor.py:179} INFO - Processing /home/airflow/.local/lib/python3.8/site-packages/airflow/example_dags/example_xcom.py took 0.102 seconds
[2023-09-23T04:15:48.517+0000] {processor.py:157} INFO - Started process (PID=1243) to work on /home/airflow/.local/lib/python3.8/site-packages/airflow/example_dags/example_xcom.py
[2023-09-23T04:15:48.532+0000] {processor.py:829} INFO - Processing file /home/airflow/.local/lib/python3.8/site-packages/airflow/example_dags/example_xcom.py for tasks to queue
[2023-09-23T04:15:48.534+0000] {logging_mixin.py:151} INFO - [2023-09-23T04:15:48.534+0000] {dagbag.py:539} INFO - Filling up the DagBag from /home/airflow/.local/lib/python3.8/site-packages/airflow/example_dags/example_xcom.py
[2023-09-23T04:15:48.540+0000] {processor.py:839} INFO - DAG(s) dict_keys(['example_xcom']) retrieved from /home/airflow/.local/lib/python3.8/site-packages/airflow/example_dags/example_xcom.py
[2023-09-23T04:15:48.558+0000] {logging_mixin.py:151} INFO - [2023-09-23T04:15:48.558+0000] {dag.py:2915} INFO - Sync 1 DAGs
[2023-09-23T04:15:48.576+0000] {logging_mixin.py:151} INFO - [2023-09-23T04:15:48.575+0000] {dag.py:3696} INFO - Setting next_dagrun for example_xcom to 2021-01-01T00:00:00+00:00, run_after=2021-01-01T00:00:00+00:00
[2023-09-23T04:15:48.623+0000] {processor.py:179} INFO - Processing /home/airflow/.local/lib/python3.8/site-packages/airflow/example_dags/example_xcom.py took 0.109 seconds
[2023-09-23T04:16:19.924+0000] {processor.py:157} INFO - Started process (PID=1298) to work on /home/airflow/.local/lib/python3.8/site-packages/airflow/example_dags/example_xcom.py
[2023-09-23T04:16:19.926+0000] {processor.py:829} INFO - Processing file /home/airflow/.local/lib/python3.8/site-packages/airflow/example_dags/example_xcom.py for tasks to queue
[2023-09-23T04:16:19.927+0000] {logging_mixin.py:151} INFO - [2023-09-23T04:16:19.927+0000] {dagbag.py:539} INFO - Filling up the DagBag from /home/airflow/.local/lib/python3.8/site-packages/airflow/example_dags/example_xcom.py
[2023-09-23T04:16:19.933+0000] {processor.py:839} INFO - DAG(s) dict_keys(['example_xcom']) retrieved from /home/airflow/.local/lib/python3.8/site-packages/airflow/example_dags/example_xcom.py
[2023-09-23T04:16:19.952+0000] {logging_mixin.py:151} INFO - [2023-09-23T04:16:19.952+0000] {dag.py:2915} INFO - Sync 1 DAGs
[2023-09-23T04:16:19.971+0000] {logging_mixin.py:151} INFO - [2023-09-23T04:16:19.971+0000] {dag.py:3696} INFO - Setting next_dagrun for example_xcom to 2021-01-01T00:00:00+00:00, run_after=2021-01-01T00:00:00+00:00
[2023-09-23T04:16:20.028+0000] {processor.py:179} INFO - Processing /home/airflow/.local/lib/python3.8/site-packages/airflow/example_dags/example_xcom.py took 0.106 seconds
[2023-09-23T04:16:51.814+0000] {processor.py:157} INFO - Started process (PID=1353) to work on /home/airflow/.local/lib/python3.8/site-packages/airflow/example_dags/example_xcom.py
[2023-09-23T04:16:51.816+0000] {processor.py:829} INFO - Processing file /home/airflow/.local/lib/python3.8/site-packages/airflow/example_dags/example_xcom.py for tasks to queue
[2023-09-23T04:16:51.817+0000] {logging_mixin.py:151} INFO - [2023-09-23T04:16:51.817+0000] {dagbag.py:539} INFO - Filling up the DagBag from /home/airflow/.local/lib/python3.8/site-packages/airflow/example_dags/example_xcom.py
[2023-09-23T04:16:51.824+0000] {processor.py:839} INFO - DAG(s) dict_keys(['example_xcom']) retrieved from /home/airflow/.local/lib/python3.8/site-packages/airflow/example_dags/example_xcom.py
[2023-09-23T04:16:51.844+0000] {logging_mixin.py:151} INFO - [2023-09-23T04:16:51.844+0000] {dag.py:2915} INFO - Sync 1 DAGs
[2023-09-23T04:16:51.864+0000] {logging_mixin.py:151} INFO - [2023-09-23T04:16:51.863+0000] {dag.py:3696} INFO - Setting next_dagrun for example_xcom to 2021-01-01T00:00:00+00:00, run_after=2021-01-01T00:00:00+00:00
[2023-09-23T04:16:51.959+0000] {processor.py:179} INFO - Processing /home/airflow/.local/lib/python3.8/site-packages/airflow/example_dags/example_xcom.py took 0.147 seconds
[2023-09-23T04:17:22.471+0000] {processor.py:157} INFO - Started process (PID=1408) to work on /home/airflow/.local/lib/python3.8/site-packages/airflow/example_dags/example_xcom.py
[2023-09-23T04:17:22.487+0000] {processor.py:829} INFO - Processing file /home/airflow/.local/lib/python3.8/site-packages/airflow/example_dags/example_xcom.py for tasks to queue
[2023-09-23T04:17:22.492+0000] {logging_mixin.py:151} INFO - [2023-09-23T04:17:22.491+0000] {dagbag.py:539} INFO - Filling up the DagBag from /home/airflow/.local/lib/python3.8/site-packages/airflow/example_dags/example_xcom.py
[2023-09-23T04:17:22.497+0000] {processor.py:839} INFO - DAG(s) dict_keys(['example_xcom']) retrieved from /home/airflow/.local/lib/python3.8/site-packages/airflow/example_dags/example_xcom.py
[2023-09-23T04:17:22.515+0000] {logging_mixin.py:151} INFO - [2023-09-23T04:17:22.515+0000] {dag.py:2915} INFO - Sync 1 DAGs
[2023-09-23T04:17:22.533+0000] {logging_mixin.py:151} INFO - [2023-09-23T04:17:22.533+0000] {dag.py:3696} INFO - Setting next_dagrun for example_xcom to 2021-01-01T00:00:00+00:00, run_after=2021-01-01T00:00:00+00:00
[2023-09-23T04:17:22.615+0000] {processor.py:179} INFO - Processing /home/airflow/.local/lib/python3.8/site-packages/airflow/example_dags/example_xcom.py took 0.147 seconds
[2023-09-23T04:17:58.767+0000] {processor.py:157} INFO - Started process (PID=1465) to work on /home/airflow/.local/lib/python3.8/site-packages/airflow/example_dags/example_xcom.py
[2023-09-23T04:17:58.771+0000] {processor.py:829} INFO - Processing file /home/airflow/.local/lib/python3.8/site-packages/airflow/example_dags/example_xcom.py for tasks to queue
[2023-09-23T04:17:58.773+0000] {logging_mixin.py:151} INFO - [2023-09-23T04:17:58.773+0000] {dagbag.py:539} INFO - Filling up the DagBag from /home/airflow/.local/lib/python3.8/site-packages/airflow/example_dags/example_xcom.py
[2023-09-23T04:17:58.782+0000] {processor.py:839} INFO - DAG(s) dict_keys(['example_xcom']) retrieved from /home/airflow/.local/lib/python3.8/site-packages/airflow/example_dags/example_xcom.py
[2023-09-23T04:17:58.792+0000] {logging_mixin.py:151} INFO - [2023-09-23T04:17:58.792+0000] {dag.py:2915} INFO - Sync 1 DAGs
[2023-09-23T04:17:58.811+0000] {logging_mixin.py:151} INFO - [2023-09-23T04:17:58.810+0000] {dag.py:3696} INFO - Setting next_dagrun for example_xcom to 2021-01-01T00:00:00+00:00, run_after=2021-01-01T00:00:00+00:00
[2023-09-23T04:17:58.890+0000] {processor.py:179} INFO - Processing /home/airflow/.local/lib/python3.8/site-packages/airflow/example_dags/example_xcom.py took 0.126 seconds
[2023-09-23T04:18:34.313+0000] {processor.py:157} INFO - Started process (PID=1520) to work on /home/airflow/.local/lib/python3.8/site-packages/airflow/example_dags/example_xcom.py
[2023-09-23T04:18:34.916+0000] {processor.py:829} INFO - Processing file /home/airflow/.local/lib/python3.8/site-packages/airflow/example_dags/example_xcom.py for tasks to queue
[2023-09-23T04:18:34.918+0000] {logging_mixin.py:151} INFO - [2023-09-23T04:18:34.917+0000] {dagbag.py:539} INFO - Filling up the DagBag from /home/airflow/.local/lib/python3.8/site-packages/airflow/example_dags/example_xcom.py
[2023-09-23T04:18:34.923+0000] {processor.py:839} INFO - DAG(s) dict_keys(['example_xcom']) retrieved from /home/airflow/.local/lib/python3.8/site-packages/airflow/example_dags/example_xcom.py
[2023-09-23T04:18:34.941+0000] {logging_mixin.py:151} INFO - [2023-09-23T04:18:34.941+0000] {dag.py:2915} INFO - Sync 1 DAGs
[2023-09-23T04:18:34.958+0000] {logging_mixin.py:151} INFO - [2023-09-23T04:18:34.958+0000] {dag.py:3696} INFO - Setting next_dagrun for example_xcom to 2021-01-01T00:00:00+00:00, run_after=2021-01-01T00:00:00+00:00
[2023-09-23T04:18:38.689+0000] {processor.py:179} INFO - Processing /home/airflow/.local/lib/python3.8/site-packages/airflow/example_dags/example_xcom.py took 4.379 seconds
[2023-09-23T04:19:11.090+0000] {processor.py:157} INFO - Started process (PID=1575) to work on /home/airflow/.local/lib/python3.8/site-packages/airflow/example_dags/example_xcom.py
[2023-09-23T04:19:11.441+0000] {processor.py:829} INFO - Processing file /home/airflow/.local/lib/python3.8/site-packages/airflow/example_dags/example_xcom.py for tasks to queue
[2023-09-23T04:19:11.445+0000] {logging_mixin.py:151} INFO - [2023-09-23T04:19:11.445+0000] {dagbag.py:539} INFO - Filling up the DagBag from /home/airflow/.local/lib/python3.8/site-packages/airflow/example_dags/example_xcom.py
[2023-09-23T04:19:11.451+0000] {processor.py:839} INFO - DAG(s) dict_keys(['example_xcom']) retrieved from /home/airflow/.local/lib/python3.8/site-packages/airflow/example_dags/example_xcom.py
[2023-09-23T04:19:11.469+0000] {logging_mixin.py:151} INFO - [2023-09-23T04:19:11.469+0000] {dag.py:2915} INFO - Sync 1 DAGs
[2023-09-23T04:19:11.486+0000] {logging_mixin.py:151} INFO - [2023-09-23T04:19:11.486+0000] {dag.py:3696} INFO - Setting next_dagrun for example_xcom to 2021-01-01T00:00:00+00:00, run_after=2021-01-01T00:00:00+00:00
[2023-09-23T04:19:12.041+0000] {processor.py:179} INFO - Processing /home/airflow/.local/lib/python3.8/site-packages/airflow/example_dags/example_xcom.py took 0.954 seconds
[2023-09-23T04:19:42.149+0000] {processor.py:157} INFO - Started process (PID=1630) to work on /home/airflow/.local/lib/python3.8/site-packages/airflow/example_dags/example_xcom.py
[2023-09-23T04:19:43.232+0000] {processor.py:829} INFO - Processing file /home/airflow/.local/lib/python3.8/site-packages/airflow/example_dags/example_xcom.py for tasks to queue
[2023-09-23T04:19:43.234+0000] {logging_mixin.py:151} INFO - [2023-09-23T04:19:43.233+0000] {dagbag.py:539} INFO - Filling up the DagBag from /home/airflow/.local/lib/python3.8/site-packages/airflow/example_dags/example_xcom.py
[2023-09-23T04:19:43.240+0000] {processor.py:839} INFO - DAG(s) dict_keys(['example_xcom']) retrieved from /home/airflow/.local/lib/python3.8/site-packages/airflow/example_dags/example_xcom.py
[2023-09-23T04:19:43.257+0000] {logging_mixin.py:151} INFO - [2023-09-23T04:19:43.257+0000] {dag.py:2915} INFO - Sync 1 DAGs
[2023-09-23T04:19:43.274+0000] {logging_mixin.py:151} INFO - [2023-09-23T04:19:43.273+0000] {dag.py:3696} INFO - Setting next_dagrun for example_xcom to 2021-01-01T00:00:00+00:00, run_after=2021-01-01T00:00:00+00:00
[2023-09-23T04:19:43.464+0000] {processor.py:179} INFO - Processing /home/airflow/.local/lib/python3.8/site-packages/airflow/example_dags/example_xcom.py took 1.317 seconds
[2023-09-23T04:24:10.449+0000] {processor.py:157} INFO - Started process (PID=79) to work on /home/airflow/.local/lib/python3.8/site-packages/airflow/example_dags/example_xcom.py
[2023-09-23T04:24:10.451+0000] {processor.py:829} INFO - Processing file /home/airflow/.local/lib/python3.8/site-packages/airflow/example_dags/example_xcom.py for tasks to queue
[2023-09-23T04:24:10.452+0000] {logging_mixin.py:151} INFO - [2023-09-23T04:24:10.452+0000] {dagbag.py:539} INFO - Filling up the DagBag from /home/airflow/.local/lib/python3.8/site-packages/airflow/example_dags/example_xcom.py
[2023-09-23T04:24:10.461+0000] {processor.py:839} INFO - DAG(s) dict_keys(['example_xcom']) retrieved from /home/airflow/.local/lib/python3.8/site-packages/airflow/example_dags/example_xcom.py
[2023-09-23T04:24:10.480+0000] {logging_mixin.py:151} INFO - [2023-09-23T04:24:10.480+0000] {dag.py:2915} INFO - Sync 1 DAGs
[2023-09-23T04:24:10.500+0000] {logging_mixin.py:151} INFO - [2023-09-23T04:24:10.500+0000] {dag.py:3696} INFO - Setting next_dagrun for example_xcom to 2021-01-01T00:00:00+00:00, run_after=2021-01-01T00:00:00+00:00
[2023-09-23T04:24:10.586+0000] {processor.py:179} INFO - Processing /home/airflow/.local/lib/python3.8/site-packages/airflow/example_dags/example_xcom.py took 0.140 seconds
[2023-09-23T04:24:59.071+0000] {processor.py:157} INFO - Started process (PID=142) to work on /home/airflow/.local/lib/python3.8/site-packages/airflow/example_dags/example_xcom.py
[2023-09-23T04:24:59.080+0000] {processor.py:829} INFO - Processing file /home/airflow/.local/lib/python3.8/site-packages/airflow/example_dags/example_xcom.py for tasks to queue
[2023-09-23T04:24:59.082+0000] {logging_mixin.py:151} INFO - [2023-09-23T04:24:59.082+0000] {dagbag.py:539} INFO - Filling up the DagBag from /home/airflow/.local/lib/python3.8/site-packages/airflow/example_dags/example_xcom.py
[2023-09-23T04:24:59.088+0000] {processor.py:839} INFO - DAG(s) dict_keys(['example_xcom']) retrieved from /home/airflow/.local/lib/python3.8/site-packages/airflow/example_dags/example_xcom.py
[2023-09-23T04:24:59.106+0000] {logging_mixin.py:151} INFO - [2023-09-23T04:24:59.106+0000] {dag.py:2915} INFO - Sync 1 DAGs
[2023-09-23T04:24:59.124+0000] {logging_mixin.py:151} INFO - [2023-09-23T04:24:59.124+0000] {dag.py:3696} INFO - Setting next_dagrun for example_xcom to 2021-01-01T00:00:00+00:00, run_after=2021-01-01T00:00:00+00:00
[2023-09-23T04:24:59.190+0000] {processor.py:179} INFO - Processing /home/airflow/.local/lib/python3.8/site-packages/airflow/example_dags/example_xcom.py took 0.122 seconds
[2023-09-23T04:25:30.612+0000] {processor.py:157} INFO - Started process (PID=197) to work on /home/airflow/.local/lib/python3.8/site-packages/airflow/example_dags/example_xcom.py
[2023-09-23T04:25:30.631+0000] {processor.py:829} INFO - Processing file /home/airflow/.local/lib/python3.8/site-packages/airflow/example_dags/example_xcom.py for tasks to queue
[2023-09-23T04:25:30.636+0000] {logging_mixin.py:151} INFO - [2023-09-23T04:25:30.636+0000] {dagbag.py:539} INFO - Filling up the DagBag from /home/airflow/.local/lib/python3.8/site-packages/airflow/example_dags/example_xcom.py
[2023-09-23T04:25:30.652+0000] {processor.py:839} INFO - DAG(s) dict_keys(['example_xcom']) retrieved from /home/airflow/.local/lib/python3.8/site-packages/airflow/example_dags/example_xcom.py
[2023-09-23T04:25:30.677+0000] {logging_mixin.py:151} INFO - [2023-09-23T04:25:30.676+0000] {dag.py:2915} INFO - Sync 1 DAGs
[2023-09-23T04:25:30.696+0000] {logging_mixin.py:151} INFO - [2023-09-23T04:25:30.695+0000] {dag.py:3696} INFO - Setting next_dagrun for example_xcom to 2021-01-01T00:00:00+00:00, run_after=2021-01-01T00:00:00+00:00
[2023-09-23T04:25:30.827+0000] {processor.py:179} INFO - Processing /home/airflow/.local/lib/python3.8/site-packages/airflow/example_dags/example_xcom.py took 0.219 seconds
[2023-09-23T04:26:07.506+0000] {processor.py:157} INFO - Started process (PID=252) to work on /home/airflow/.local/lib/python3.8/site-packages/airflow/example_dags/example_xcom.py
[2023-09-23T04:26:07.797+0000] {processor.py:829} INFO - Processing file /home/airflow/.local/lib/python3.8/site-packages/airflow/example_dags/example_xcom.py for tasks to queue
[2023-09-23T04:26:07.798+0000] {logging_mixin.py:151} INFO - [2023-09-23T04:26:07.798+0000] {dagbag.py:539} INFO - Filling up the DagBag from /home/airflow/.local/lib/python3.8/site-packages/airflow/example_dags/example_xcom.py
[2023-09-23T04:26:07.805+0000] {processor.py:839} INFO - DAG(s) dict_keys(['example_xcom']) retrieved from /home/airflow/.local/lib/python3.8/site-packages/airflow/example_dags/example_xcom.py
[2023-09-23T04:26:07.823+0000] {logging_mixin.py:151} INFO - [2023-09-23T04:26:07.823+0000] {dag.py:2915} INFO - Sync 1 DAGs
[2023-09-23T04:26:07.841+0000] {logging_mixin.py:151} INFO - [2023-09-23T04:26:07.841+0000] {dag.py:3696} INFO - Setting next_dagrun for example_xcom to 2021-01-01T00:00:00+00:00, run_after=2021-01-01T00:00:00+00:00
[2023-09-23T04:26:08.113+0000] {processor.py:179} INFO - Processing /home/airflow/.local/lib/python3.8/site-packages/airflow/example_dags/example_xcom.py took 0.610 seconds
[2023-09-23T04:26:38.316+0000] {processor.py:157} INFO - Started process (PID=307) to work on /home/airflow/.local/lib/python3.8/site-packages/airflow/example_dags/example_xcom.py
[2023-09-23T04:26:38.328+0000] {processor.py:829} INFO - Processing file /home/airflow/.local/lib/python3.8/site-packages/airflow/example_dags/example_xcom.py for tasks to queue
[2023-09-23T04:26:38.329+0000] {logging_mixin.py:151} INFO - [2023-09-23T04:26:38.329+0000] {dagbag.py:539} INFO - Filling up the DagBag from /home/airflow/.local/lib/python3.8/site-packages/airflow/example_dags/example_xcom.py
[2023-09-23T04:26:38.335+0000] {processor.py:839} INFO - DAG(s) dict_keys(['example_xcom']) retrieved from /home/airflow/.local/lib/python3.8/site-packages/airflow/example_dags/example_xcom.py
[2023-09-23T04:26:38.354+0000] {logging_mixin.py:151} INFO - [2023-09-23T04:26:38.354+0000] {dag.py:2915} INFO - Sync 1 DAGs
[2023-09-23T04:26:38.372+0000] {logging_mixin.py:151} INFO - [2023-09-23T04:26:38.371+0000] {dag.py:3696} INFO - Setting next_dagrun for example_xcom to 2021-01-01T00:00:00+00:00, run_after=2021-01-01T00:00:00+00:00
[2023-09-23T04:26:38.421+0000] {processor.py:179} INFO - Processing /home/airflow/.local/lib/python3.8/site-packages/airflow/example_dags/example_xcom.py took 0.108 seconds
[2023-09-23T04:27:08.960+0000] {processor.py:157} INFO - Started process (PID=362) to work on /home/airflow/.local/lib/python3.8/site-packages/airflow/example_dags/example_xcom.py
[2023-09-23T04:27:08.963+0000] {processor.py:829} INFO - Processing file /home/airflow/.local/lib/python3.8/site-packages/airflow/example_dags/example_xcom.py for tasks to queue
[2023-09-23T04:27:08.965+0000] {logging_mixin.py:151} INFO - [2023-09-23T04:27:08.965+0000] {dagbag.py:539} INFO - Filling up the DagBag from /home/airflow/.local/lib/python3.8/site-packages/airflow/example_dags/example_xcom.py
[2023-09-23T04:27:08.971+0000] {processor.py:839} INFO - DAG(s) dict_keys(['example_xcom']) retrieved from /home/airflow/.local/lib/python3.8/site-packages/airflow/example_dags/example_xcom.py
[2023-09-23T04:27:08.990+0000] {logging_mixin.py:151} INFO - [2023-09-23T04:27:08.989+0000] {dag.py:2915} INFO - Sync 1 DAGs
[2023-09-23T04:27:09.008+0000] {logging_mixin.py:151} INFO - [2023-09-23T04:27:09.008+0000] {dag.py:3696} INFO - Setting next_dagrun for example_xcom to 2021-01-01T00:00:00+00:00, run_after=2021-01-01T00:00:00+00:00
[2023-09-23T04:27:09.053+0000] {processor.py:179} INFO - Processing /home/airflow/.local/lib/python3.8/site-packages/airflow/example_dags/example_xcom.py took 0.096 seconds
[2023-09-23T04:27:41.625+0000] {processor.py:157} INFO - Started process (PID=417) to work on /home/airflow/.local/lib/python3.8/site-packages/airflow/example_dags/example_xcom.py
[2023-09-23T04:27:41.626+0000] {processor.py:829} INFO - Processing file /home/airflow/.local/lib/python3.8/site-packages/airflow/example_dags/example_xcom.py for tasks to queue
[2023-09-23T04:27:41.628+0000] {logging_mixin.py:151} INFO - [2023-09-23T04:27:41.628+0000] {dagbag.py:539} INFO - Filling up the DagBag from /home/airflow/.local/lib/python3.8/site-packages/airflow/example_dags/example_xcom.py
[2023-09-23T04:27:41.635+0000] {processor.py:839} INFO - DAG(s) dict_keys(['example_xcom']) retrieved from /home/airflow/.local/lib/python3.8/site-packages/airflow/example_dags/example_xcom.py
[2023-09-23T04:27:41.655+0000] {logging_mixin.py:151} INFO - [2023-09-23T04:27:41.655+0000] {dag.py:2915} INFO - Sync 1 DAGs
[2023-09-23T04:27:41.673+0000] {logging_mixin.py:151} INFO - [2023-09-23T04:27:41.673+0000] {dag.py:3696} INFO - Setting next_dagrun for example_xcom to 2021-01-01T00:00:00+00:00, run_after=2021-01-01T00:00:00+00:00
[2023-09-23T04:27:41.725+0000] {processor.py:179} INFO - Processing /home/airflow/.local/lib/python3.8/site-packages/airflow/example_dags/example_xcom.py took 0.103 seconds
[2023-09-23T04:28:13.145+0000] {processor.py:157} INFO - Started process (PID=472) to work on /home/airflow/.local/lib/python3.8/site-packages/airflow/example_dags/example_xcom.py
[2023-09-23T04:28:13.158+0000] {processor.py:829} INFO - Processing file /home/airflow/.local/lib/python3.8/site-packages/airflow/example_dags/example_xcom.py for tasks to queue
[2023-09-23T04:28:13.160+0000] {logging_mixin.py:151} INFO - [2023-09-23T04:28:13.160+0000] {dagbag.py:539} INFO - Filling up the DagBag from /home/airflow/.local/lib/python3.8/site-packages/airflow/example_dags/example_xcom.py
[2023-09-23T04:28:13.166+0000] {processor.py:839} INFO - DAG(s) dict_keys(['example_xcom']) retrieved from /home/airflow/.local/lib/python3.8/site-packages/airflow/example_dags/example_xcom.py
[2023-09-23T04:28:13.185+0000] {logging_mixin.py:151} INFO - [2023-09-23T04:28:13.184+0000] {dag.py:2915} INFO - Sync 1 DAGs
[2023-09-23T04:28:13.204+0000] {logging_mixin.py:151} INFO - [2023-09-23T04:28:13.204+0000] {dag.py:3696} INFO - Setting next_dagrun for example_xcom to 2021-01-01T00:00:00+00:00, run_after=2021-01-01T00:00:00+00:00
[2023-09-23T04:28:13.250+0000] {processor.py:179} INFO - Processing /home/airflow/.local/lib/python3.8/site-packages/airflow/example_dags/example_xcom.py took 0.108 seconds
[2023-09-23T04:28:43.603+0000] {processor.py:157} INFO - Started process (PID=527) to work on /home/airflow/.local/lib/python3.8/site-packages/airflow/example_dags/example_xcom.py
[2023-09-23T04:28:43.633+0000] {processor.py:829} INFO - Processing file /home/airflow/.local/lib/python3.8/site-packages/airflow/example_dags/example_xcom.py for tasks to queue
[2023-09-23T04:28:43.635+0000] {logging_mixin.py:151} INFO - [2023-09-23T04:28:43.634+0000] {dagbag.py:539} INFO - Filling up the DagBag from /home/airflow/.local/lib/python3.8/site-packages/airflow/example_dags/example_xcom.py
[2023-09-23T04:28:43.641+0000] {processor.py:839} INFO - DAG(s) dict_keys(['example_xcom']) retrieved from /home/airflow/.local/lib/python3.8/site-packages/airflow/example_dags/example_xcom.py
[2023-09-23T04:28:43.662+0000] {logging_mixin.py:151} INFO - [2023-09-23T04:28:43.662+0000] {dag.py:2915} INFO - Sync 1 DAGs
[2023-09-23T04:28:43.681+0000] {logging_mixin.py:151} INFO - [2023-09-23T04:28:43.680+0000] {dag.py:3696} INFO - Setting next_dagrun for example_xcom to 2021-01-01T00:00:00+00:00, run_after=2021-01-01T00:00:00+00:00
[2023-09-23T04:28:43.729+0000] {processor.py:179} INFO - Processing /home/airflow/.local/lib/python3.8/site-packages/airflow/example_dags/example_xcom.py took 0.128 seconds
[2023-09-23T04:29:17.526+0000] {processor.py:157} INFO - Started process (PID=582) to work on /home/airflow/.local/lib/python3.8/site-packages/airflow/example_dags/example_xcom.py
[2023-09-23T04:29:17.555+0000] {processor.py:829} INFO - Processing file /home/airflow/.local/lib/python3.8/site-packages/airflow/example_dags/example_xcom.py for tasks to queue
[2023-09-23T04:29:17.557+0000] {logging_mixin.py:151} INFO - [2023-09-23T04:29:17.557+0000] {dagbag.py:539} INFO - Filling up the DagBag from /home/airflow/.local/lib/python3.8/site-packages/airflow/example_dags/example_xcom.py
[2023-09-23T04:29:17.564+0000] {processor.py:839} INFO - DAG(s) dict_keys(['example_xcom']) retrieved from /home/airflow/.local/lib/python3.8/site-packages/airflow/example_dags/example_xcom.py
[2023-09-23T04:29:17.575+0000] {logging_mixin.py:151} INFO - [2023-09-23T04:29:17.575+0000] {dag.py:2915} INFO - Sync 1 DAGs
[2023-09-23T04:29:17.595+0000] {logging_mixin.py:151} INFO - [2023-09-23T04:29:17.595+0000] {dag.py:3696} INFO - Setting next_dagrun for example_xcom to 2021-01-01T00:00:00+00:00, run_after=2021-01-01T00:00:00+00:00
[2023-09-23T04:29:17.742+0000] {processor.py:179} INFO - Processing /home/airflow/.local/lib/python3.8/site-packages/airflow/example_dags/example_xcom.py took 0.219 seconds
[2023-09-23T04:29:56.446+0000] {processor.py:157} INFO - Started process (PID=637) to work on /home/airflow/.local/lib/python3.8/site-packages/airflow/example_dags/example_xcom.py
[2023-09-23T04:29:56.501+0000] {processor.py:829} INFO - Processing file /home/airflow/.local/lib/python3.8/site-packages/airflow/example_dags/example_xcom.py for tasks to queue
[2023-09-23T04:29:56.503+0000] {logging_mixin.py:151} INFO - [2023-09-23T04:29:56.503+0000] {dagbag.py:539} INFO - Filling up the DagBag from /home/airflow/.local/lib/python3.8/site-packages/airflow/example_dags/example_xcom.py
[2023-09-23T04:29:56.509+0000] {processor.py:839} INFO - DAG(s) dict_keys(['example_xcom']) retrieved from /home/airflow/.local/lib/python3.8/site-packages/airflow/example_dags/example_xcom.py
[2023-09-23T04:29:56.527+0000] {logging_mixin.py:151} INFO - [2023-09-23T04:29:56.527+0000] {dag.py:2915} INFO - Sync 1 DAGs
[2023-09-23T04:29:56.546+0000] {logging_mixin.py:151} INFO - [2023-09-23T04:29:56.546+0000] {dag.py:3696} INFO - Setting next_dagrun for example_xcom to 2021-01-01T00:00:00+00:00, run_after=2021-01-01T00:00:00+00:00
[2023-09-23T04:29:57.321+0000] {processor.py:179} INFO - Processing /home/airflow/.local/lib/python3.8/site-packages/airflow/example_dags/example_xcom.py took 0.878 seconds
[2023-09-23T04:30:27.445+0000] {processor.py:157} INFO - Started process (PID=692) to work on /home/airflow/.local/lib/python3.8/site-packages/airflow/example_dags/example_xcom.py
[2023-09-23T04:30:27.615+0000] {processor.py:829} INFO - Processing file /home/airflow/.local/lib/python3.8/site-packages/airflow/example_dags/example_xcom.py for tasks to queue
[2023-09-23T04:30:27.619+0000] {logging_mixin.py:151} INFO - [2023-09-23T04:30:27.619+0000] {dagbag.py:539} INFO - Filling up the DagBag from /home/airflow/.local/lib/python3.8/site-packages/airflow/example_dags/example_xcom.py
[2023-09-23T04:30:27.625+0000] {processor.py:839} INFO - DAG(s) dict_keys(['example_xcom']) retrieved from /home/airflow/.local/lib/python3.8/site-packages/airflow/example_dags/example_xcom.py
[2023-09-23T04:30:27.644+0000] {logging_mixin.py:151} INFO - [2023-09-23T04:30:27.643+0000] {dag.py:2915} INFO - Sync 1 DAGs
[2023-09-23T04:30:27.662+0000] {logging_mixin.py:151} INFO - [2023-09-23T04:30:27.662+0000] {dag.py:3696} INFO - Setting next_dagrun for example_xcom to 2021-01-01T00:00:00+00:00, run_after=2021-01-01T00:00:00+00:00
[2023-09-23T04:30:27.965+0000] {processor.py:179} INFO - Processing /home/airflow/.local/lib/python3.8/site-packages/airflow/example_dags/example_xcom.py took 0.523 seconds
[2023-09-23T04:30:58.587+0000] {processor.py:157} INFO - Started process (PID=747) to work on /home/airflow/.local/lib/python3.8/site-packages/airflow/example_dags/example_xcom.py
[2023-09-23T04:30:58.700+0000] {processor.py:829} INFO - Processing file /home/airflow/.local/lib/python3.8/site-packages/airflow/example_dags/example_xcom.py for tasks to queue
[2023-09-23T04:30:58.707+0000] {logging_mixin.py:151} INFO - [2023-09-23T04:30:58.706+0000] {dagbag.py:539} INFO - Filling up the DagBag from /home/airflow/.local/lib/python3.8/site-packages/airflow/example_dags/example_xcom.py
[2023-09-23T04:30:58.724+0000] {processor.py:839} INFO - DAG(s) dict_keys(['example_xcom']) retrieved from /home/airflow/.local/lib/python3.8/site-packages/airflow/example_dags/example_xcom.py
[2023-09-23T04:30:58.748+0000] {logging_mixin.py:151} INFO - [2023-09-23T04:30:58.748+0000] {dag.py:2915} INFO - Sync 1 DAGs
[2023-09-23T04:30:58.766+0000] {logging_mixin.py:151} INFO - [2023-09-23T04:30:58.766+0000] {dag.py:3696} INFO - Setting next_dagrun for example_xcom to 2021-01-01T00:00:00+00:00, run_after=2021-01-01T00:00:00+00:00
[2023-09-23T04:30:59.389+0000] {processor.py:179} INFO - Processing /home/airflow/.local/lib/python3.8/site-packages/airflow/example_dags/example_xcom.py took 0.804 seconds
[2023-09-23T22:35:27.298+0000] {processor.py:157} INFO - Started process (PID=86) to work on /home/airflow/.local/lib/python3.8/site-packages/airflow/example_dags/example_xcom.py
[2023-09-23T22:35:27.339+0000] {processor.py:829} INFO - Processing file /home/airflow/.local/lib/python3.8/site-packages/airflow/example_dags/example_xcom.py for tasks to queue
[2023-09-23T22:35:27.340+0000] {logging_mixin.py:151} INFO - [2023-09-23T22:35:27.340+0000] {dagbag.py:539} INFO - Filling up the DagBag from /home/airflow/.local/lib/python3.8/site-packages/airflow/example_dags/example_xcom.py
[2023-09-23T22:35:27.348+0000] {processor.py:839} INFO - DAG(s) dict_keys(['example_xcom']) retrieved from /home/airflow/.local/lib/python3.8/site-packages/airflow/example_dags/example_xcom.py
[2023-09-23T22:35:27.368+0000] {logging_mixin.py:151} INFO - [2023-09-23T22:35:27.367+0000] {dag.py:2915} INFO - Sync 1 DAGs
[2023-09-23T22:35:27.385+0000] {logging_mixin.py:151} INFO - [2023-09-23T22:35:27.385+0000] {dag.py:3696} INFO - Setting next_dagrun for example_xcom to 2021-01-01T00:00:00+00:00, run_after=2021-01-01T00:00:00+00:00
[2023-09-23T22:35:27.483+0000] {processor.py:179} INFO - Processing /home/airflow/.local/lib/python3.8/site-packages/airflow/example_dags/example_xcom.py took 0.189 seconds
[2023-09-23T22:36:06.415+0000] {processor.py:157} INFO - Started process (PID=148) to work on /home/airflow/.local/lib/python3.8/site-packages/airflow/example_dags/example_xcom.py
[2023-09-23T22:36:06.615+0000] {processor.py:829} INFO - Processing file /home/airflow/.local/lib/python3.8/site-packages/airflow/example_dags/example_xcom.py for tasks to queue
[2023-09-23T22:36:06.618+0000] {logging_mixin.py:151} INFO - [2023-09-23T22:36:06.618+0000] {dagbag.py:539} INFO - Filling up the DagBag from /home/airflow/.local/lib/python3.8/site-packages/airflow/example_dags/example_xcom.py
[2023-09-23T22:36:06.625+0000] {processor.py:839} INFO - DAG(s) dict_keys(['example_xcom']) retrieved from /home/airflow/.local/lib/python3.8/site-packages/airflow/example_dags/example_xcom.py
[2023-09-23T22:36:06.637+0000] {logging_mixin.py:151} INFO - [2023-09-23T22:36:06.637+0000] {dag.py:2915} INFO - Sync 1 DAGs
[2023-09-23T22:36:06.656+0000] {logging_mixin.py:151} INFO - [2023-09-23T22:36:06.656+0000] {dag.py:3696} INFO - Setting next_dagrun for example_xcom to 2021-01-01T00:00:00+00:00, run_after=2021-01-01T00:00:00+00:00
[2023-09-23T22:36:07.096+0000] {processor.py:179} INFO - Processing /home/airflow/.local/lib/python3.8/site-packages/airflow/example_dags/example_xcom.py took 0.685 seconds
[2023-09-23T22:36:37.738+0000] {processor.py:157} INFO - Started process (PID=203) to work on /home/airflow/.local/lib/python3.8/site-packages/airflow/example_dags/example_xcom.py
[2023-09-23T22:36:37.804+0000] {processor.py:829} INFO - Processing file /home/airflow/.local/lib/python3.8/site-packages/airflow/example_dags/example_xcom.py for tasks to queue
[2023-09-23T22:36:37.806+0000] {logging_mixin.py:151} INFO - [2023-09-23T22:36:37.806+0000] {dagbag.py:539} INFO - Filling up the DagBag from /home/airflow/.local/lib/python3.8/site-packages/airflow/example_dags/example_xcom.py
[2023-09-23T22:36:37.812+0000] {processor.py:839} INFO - DAG(s) dict_keys(['example_xcom']) retrieved from /home/airflow/.local/lib/python3.8/site-packages/airflow/example_dags/example_xcom.py
[2023-09-23T22:36:37.830+0000] {logging_mixin.py:151} INFO - [2023-09-23T22:36:37.830+0000] {dag.py:2915} INFO - Sync 1 DAGs
[2023-09-23T22:36:37.848+0000] {logging_mixin.py:151} INFO - [2023-09-23T22:36:37.848+0000] {dag.py:3696} INFO - Setting next_dagrun for example_xcom to 2021-01-01T00:00:00+00:00, run_after=2021-01-01T00:00:00+00:00
[2023-09-23T22:36:37.932+0000] {processor.py:179} INFO - Processing /home/airflow/.local/lib/python3.8/site-packages/airflow/example_dags/example_xcom.py took 0.196 seconds
[2023-09-23T22:37:08.400+0000] {processor.py:157} INFO - Started process (PID=258) to work on /home/airflow/.local/lib/python3.8/site-packages/airflow/example_dags/example_xcom.py
[2023-09-23T22:37:08.490+0000] {processor.py:829} INFO - Processing file /home/airflow/.local/lib/python3.8/site-packages/airflow/example_dags/example_xcom.py for tasks to queue
[2023-09-23T22:37:08.495+0000] {logging_mixin.py:151} INFO - [2023-09-23T22:37:08.495+0000] {dagbag.py:539} INFO - Filling up the DagBag from /home/airflow/.local/lib/python3.8/site-packages/airflow/example_dags/example_xcom.py
[2023-09-23T22:37:08.500+0000] {processor.py:839} INFO - DAG(s) dict_keys(['example_xcom']) retrieved from /home/airflow/.local/lib/python3.8/site-packages/airflow/example_dags/example_xcom.py
[2023-09-23T22:37:08.511+0000] {logging_mixin.py:151} INFO - [2023-09-23T22:37:08.511+0000] {dag.py:2915} INFO - Sync 1 DAGs
[2023-09-23T22:37:08.529+0000] {logging_mixin.py:151} INFO - [2023-09-23T22:37:08.529+0000] {dag.py:3696} INFO - Setting next_dagrun for example_xcom to 2021-01-01T00:00:00+00:00, run_after=2021-01-01T00:00:00+00:00
[2023-09-23T22:37:08.672+0000] {processor.py:179} INFO - Processing /home/airflow/.local/lib/python3.8/site-packages/airflow/example_dags/example_xcom.py took 0.276 seconds
[2023-09-23T22:37:39.015+0000] {processor.py:157} INFO - Started process (PID=313) to work on /home/airflow/.local/lib/python3.8/site-packages/airflow/example_dags/example_xcom.py
[2023-09-23T22:37:39.032+0000] {processor.py:829} INFO - Processing file /home/airflow/.local/lib/python3.8/site-packages/airflow/example_dags/example_xcom.py for tasks to queue
[2023-09-23T22:37:39.034+0000] {logging_mixin.py:151} INFO - [2023-09-23T22:37:39.034+0000] {dagbag.py:539} INFO - Filling up the DagBag from /home/airflow/.local/lib/python3.8/site-packages/airflow/example_dags/example_xcom.py
[2023-09-23T22:37:39.040+0000] {processor.py:839} INFO - DAG(s) dict_keys(['example_xcom']) retrieved from /home/airflow/.local/lib/python3.8/site-packages/airflow/example_dags/example_xcom.py
[2023-09-23T22:37:39.057+0000] {logging_mixin.py:151} INFO - [2023-09-23T22:37:39.057+0000] {dag.py:2915} INFO - Sync 1 DAGs
[2023-09-23T22:37:39.075+0000] {logging_mixin.py:151} INFO - [2023-09-23T22:37:39.075+0000] {dag.py:3696} INFO - Setting next_dagrun for example_xcom to 2021-01-01T00:00:00+00:00, run_after=2021-01-01T00:00:00+00:00
[2023-09-23T22:37:39.119+0000] {processor.py:179} INFO - Processing /home/airflow/.local/lib/python3.8/site-packages/airflow/example_dags/example_xcom.py took 0.107 seconds
[2023-09-23T22:38:09.313+0000] {processor.py:157} INFO - Started process (PID=368) to work on /home/airflow/.local/lib/python3.8/site-packages/airflow/example_dags/example_xcom.py
[2023-09-23T22:38:09.330+0000] {processor.py:829} INFO - Processing file /home/airflow/.local/lib/python3.8/site-packages/airflow/example_dags/example_xcom.py for tasks to queue
[2023-09-23T22:38:09.331+0000] {logging_mixin.py:151} INFO - [2023-09-23T22:38:09.331+0000] {dagbag.py:539} INFO - Filling up the DagBag from /home/airflow/.local/lib/python3.8/site-packages/airflow/example_dags/example_xcom.py
[2023-09-23T22:38:09.337+0000] {processor.py:839} INFO - DAG(s) dict_keys(['example_xcom']) retrieved from /home/airflow/.local/lib/python3.8/site-packages/airflow/example_dags/example_xcom.py
[2023-09-23T22:38:09.356+0000] {logging_mixin.py:151} INFO - [2023-09-23T22:38:09.355+0000] {dag.py:2915} INFO - Sync 1 DAGs
[2023-09-23T22:38:09.374+0000] {logging_mixin.py:151} INFO - [2023-09-23T22:38:09.373+0000] {dag.py:3696} INFO - Setting next_dagrun for example_xcom to 2021-01-01T00:00:00+00:00, run_after=2021-01-01T00:00:00+00:00
[2023-09-23T22:38:09.428+0000] {processor.py:179} INFO - Processing /home/airflow/.local/lib/python3.8/site-packages/airflow/example_dags/example_xcom.py took 0.118 seconds
[2023-09-23T22:38:42.543+0000] {processor.py:157} INFO - Started process (PID=423) to work on /home/airflow/.local/lib/python3.8/site-packages/airflow/example_dags/example_xcom.py
[2023-09-23T22:38:42.553+0000] {processor.py:829} INFO - Processing file /home/airflow/.local/lib/python3.8/site-packages/airflow/example_dags/example_xcom.py for tasks to queue
[2023-09-23T22:38:42.555+0000] {logging_mixin.py:151} INFO - [2023-09-23T22:38:42.555+0000] {dagbag.py:539} INFO - Filling up the DagBag from /home/airflow/.local/lib/python3.8/site-packages/airflow/example_dags/example_xcom.py
[2023-09-23T22:38:42.561+0000] {processor.py:839} INFO - DAG(s) dict_keys(['example_xcom']) retrieved from /home/airflow/.local/lib/python3.8/site-packages/airflow/example_dags/example_xcom.py
[2023-09-23T22:38:42.580+0000] {logging_mixin.py:151} INFO - [2023-09-23T22:38:42.580+0000] {dag.py:2915} INFO - Sync 1 DAGs
[2023-09-23T22:38:42.599+0000] {logging_mixin.py:151} INFO - [2023-09-23T22:38:42.599+0000] {dag.py:3696} INFO - Setting next_dagrun for example_xcom to 2021-01-01T00:00:00+00:00, run_after=2021-01-01T00:00:00+00:00
[2023-09-23T22:38:42.928+0000] {processor.py:179} INFO - Processing /home/airflow/.local/lib/python3.8/site-packages/airflow/example_dags/example_xcom.py took 0.388 seconds
[2023-09-23T22:39:13.776+0000] {processor.py:157} INFO - Started process (PID=478) to work on /home/airflow/.local/lib/python3.8/site-packages/airflow/example_dags/example_xcom.py
[2023-09-23T22:39:13.799+0000] {processor.py:829} INFO - Processing file /home/airflow/.local/lib/python3.8/site-packages/airflow/example_dags/example_xcom.py for tasks to queue
[2023-09-23T22:39:13.801+0000] {logging_mixin.py:151} INFO - [2023-09-23T22:39:13.801+0000] {dagbag.py:539} INFO - Filling up the DagBag from /home/airflow/.local/lib/python3.8/site-packages/airflow/example_dags/example_xcom.py
[2023-09-23T22:39:13.807+0000] {processor.py:839} INFO - DAG(s) dict_keys(['example_xcom']) retrieved from /home/airflow/.local/lib/python3.8/site-packages/airflow/example_dags/example_xcom.py
[2023-09-23T22:39:13.827+0000] {logging_mixin.py:151} INFO - [2023-09-23T22:39:13.827+0000] {dag.py:2915} INFO - Sync 1 DAGs
[2023-09-23T22:39:13.846+0000] {logging_mixin.py:151} INFO - [2023-09-23T22:39:13.846+0000] {dag.py:3696} INFO - Setting next_dagrun for example_xcom to 2021-01-01T00:00:00+00:00, run_after=2021-01-01T00:00:00+00:00
[2023-09-23T22:39:13.888+0000] {processor.py:179} INFO - Processing /home/airflow/.local/lib/python3.8/site-packages/airflow/example_dags/example_xcom.py took 0.116 seconds
[2023-09-23T22:39:44.049+0000] {processor.py:157} INFO - Started process (PID=533) to work on /home/airflow/.local/lib/python3.8/site-packages/airflow/example_dags/example_xcom.py
[2023-09-23T22:39:44.086+0000] {processor.py:829} INFO - Processing file /home/airflow/.local/lib/python3.8/site-packages/airflow/example_dags/example_xcom.py for tasks to queue
[2023-09-23T22:39:44.088+0000] {logging_mixin.py:151} INFO - [2023-09-23T22:39:44.087+0000] {dagbag.py:539} INFO - Filling up the DagBag from /home/airflow/.local/lib/python3.8/site-packages/airflow/example_dags/example_xcom.py
[2023-09-23T22:39:44.093+0000] {processor.py:839} INFO - DAG(s) dict_keys(['example_xcom']) retrieved from /home/airflow/.local/lib/python3.8/site-packages/airflow/example_dags/example_xcom.py
[2023-09-23T22:39:44.114+0000] {logging_mixin.py:151} INFO - [2023-09-23T22:39:44.114+0000] {dag.py:2915} INFO - Sync 1 DAGs
[2023-09-23T22:39:44.132+0000] {logging_mixin.py:151} INFO - [2023-09-23T22:39:44.132+0000] {dag.py:3696} INFO - Setting next_dagrun for example_xcom to 2021-01-01T00:00:00+00:00, run_after=2021-01-01T00:00:00+00:00
[2023-09-23T22:39:44.388+0000] {processor.py:179} INFO - Processing /home/airflow/.local/lib/python3.8/site-packages/airflow/example_dags/example_xcom.py took 0.342 seconds
[2023-09-23T22:40:15.610+0000] {processor.py:157} INFO - Started process (PID=588) to work on /home/airflow/.local/lib/python3.8/site-packages/airflow/example_dags/example_xcom.py
[2023-09-23T22:40:16.030+0000] {processor.py:829} INFO - Processing file /home/airflow/.local/lib/python3.8/site-packages/airflow/example_dags/example_xcom.py for tasks to queue
[2023-09-23T22:40:16.032+0000] {logging_mixin.py:151} INFO - [2023-09-23T22:40:16.032+0000] {dagbag.py:539} INFO - Filling up the DagBag from /home/airflow/.local/lib/python3.8/site-packages/airflow/example_dags/example_xcom.py
[2023-09-23T22:40:16.038+0000] {processor.py:839} INFO - DAG(s) dict_keys(['example_xcom']) retrieved from /home/airflow/.local/lib/python3.8/site-packages/airflow/example_dags/example_xcom.py
[2023-09-23T22:40:16.056+0000] {logging_mixin.py:151} INFO - [2023-09-23T22:40:16.056+0000] {dag.py:2915} INFO - Sync 1 DAGs
[2023-09-23T22:40:16.073+0000] {logging_mixin.py:151} INFO - [2023-09-23T22:40:16.073+0000] {dag.py:3696} INFO - Setting next_dagrun for example_xcom to 2021-01-01T00:00:00+00:00, run_after=2021-01-01T00:00:00+00:00
[2023-09-23T22:40:16.896+0000] {processor.py:179} INFO - Processing /home/airflow/.local/lib/python3.8/site-packages/airflow/example_dags/example_xcom.py took 1.289 seconds
[2023-09-23T22:40:48.787+0000] {processor.py:157} INFO - Started process (PID=643) to work on /home/airflow/.local/lib/python3.8/site-packages/airflow/example_dags/example_xcom.py
[2023-09-23T22:40:48.843+0000] {processor.py:829} INFO - Processing file /home/airflow/.local/lib/python3.8/site-packages/airflow/example_dags/example_xcom.py for tasks to queue
[2023-09-23T22:40:48.846+0000] {logging_mixin.py:151} INFO - [2023-09-23T22:40:48.845+0000] {dagbag.py:539} INFO - Filling up the DagBag from /home/airflow/.local/lib/python3.8/site-packages/airflow/example_dags/example_xcom.py
[2023-09-23T22:40:48.852+0000] {processor.py:839} INFO - DAG(s) dict_keys(['example_xcom']) retrieved from /home/airflow/.local/lib/python3.8/site-packages/airflow/example_dags/example_xcom.py
[2023-09-23T22:40:48.872+0000] {logging_mixin.py:151} INFO - [2023-09-23T22:40:48.872+0000] {dag.py:2915} INFO - Sync 1 DAGs
[2023-09-23T22:40:48.892+0000] {logging_mixin.py:151} INFO - [2023-09-23T22:40:48.892+0000] {dag.py:3696} INFO - Setting next_dagrun for example_xcom to 2021-01-01T00:00:00+00:00, run_after=2021-01-01T00:00:00+00:00
[2023-09-23T22:40:48.982+0000] {processor.py:179} INFO - Processing /home/airflow/.local/lib/python3.8/site-packages/airflow/example_dags/example_xcom.py took 0.197 seconds
[2023-09-23T22:41:25.221+0000] {processor.py:157} INFO - Started process (PID=698) to work on /home/airflow/.local/lib/python3.8/site-packages/airflow/example_dags/example_xcom.py
[2023-09-23T22:41:25.885+0000] {processor.py:829} INFO - Processing file /home/airflow/.local/lib/python3.8/site-packages/airflow/example_dags/example_xcom.py for tasks to queue
[2023-09-23T22:41:25.889+0000] {logging_mixin.py:151} INFO - [2023-09-23T22:41:25.889+0000] {dagbag.py:539} INFO - Filling up the DagBag from /home/airflow/.local/lib/python3.8/site-packages/airflow/example_dags/example_xcom.py
[2023-09-23T22:41:25.902+0000] {processor.py:839} INFO - DAG(s) dict_keys(['example_xcom']) retrieved from /home/airflow/.local/lib/python3.8/site-packages/airflow/example_dags/example_xcom.py
[2023-09-23T22:41:25.925+0000] {logging_mixin.py:151} INFO - [2023-09-23T22:41:25.925+0000] {dag.py:2915} INFO - Sync 1 DAGs
[2023-09-23T22:41:25.944+0000] {logging_mixin.py:151} INFO - [2023-09-23T22:41:25.944+0000] {dag.py:3696} INFO - Setting next_dagrun for example_xcom to 2021-01-01T00:00:00+00:00, run_after=2021-01-01T00:00:00+00:00
[2023-09-23T22:41:26.551+0000] {processor.py:179} INFO - Processing /home/airflow/.local/lib/python3.8/site-packages/airflow/example_dags/example_xcom.py took 1.333 seconds
[2023-09-23T22:41:56.652+0000] {processor.py:157} INFO - Started process (PID=753) to work on /home/airflow/.local/lib/python3.8/site-packages/airflow/example_dags/example_xcom.py
[2023-09-23T22:41:56.746+0000] {processor.py:829} INFO - Processing file /home/airflow/.local/lib/python3.8/site-packages/airflow/example_dags/example_xcom.py for tasks to queue
[2023-09-23T22:41:56.747+0000] {logging_mixin.py:151} INFO - [2023-09-23T22:41:56.747+0000] {dagbag.py:539} INFO - Filling up the DagBag from /home/airflow/.local/lib/python3.8/site-packages/airflow/example_dags/example_xcom.py
[2023-09-23T22:41:56.753+0000] {processor.py:839} INFO - DAG(s) dict_keys(['example_xcom']) retrieved from /home/airflow/.local/lib/python3.8/site-packages/airflow/example_dags/example_xcom.py
[2023-09-23T22:41:56.775+0000] {logging_mixin.py:151} INFO - [2023-09-23T22:41:56.775+0000] {dag.py:2915} INFO - Sync 1 DAGs
[2023-09-23T22:41:56.798+0000] {logging_mixin.py:151} INFO - [2023-09-23T22:41:56.798+0000] {dag.py:3696} INFO - Setting next_dagrun for example_xcom to 2021-01-01T00:00:00+00:00, run_after=2021-01-01T00:00:00+00:00
[2023-09-23T22:41:56.909+0000] {processor.py:179} INFO - Processing /home/airflow/.local/lib/python3.8/site-packages/airflow/example_dags/example_xcom.py took 0.261 seconds
