[2023-09-23T03:47:58.340+0000] {processor.py:157} INFO - Started process (PID=78) to work on /home/airflow/.local/lib/python3.8/site-packages/airflow/example_dags/example_bash_operator.py
[2023-09-23T03:47:58.340+0000] {processor.py:829} INFO - Processing file /home/airflow/.local/lib/python3.8/site-packages/airflow/example_dags/example_bash_operator.py for tasks to queue
[2023-09-23T03:47:58.342+0000] {logging_mixin.py:151} INFO - [2023-09-23T03:47:58.342+0000] {dagbag.py:539} INFO - Filling up the DagBag from /home/airflow/.local/lib/python3.8/site-packages/airflow/example_dags/example_bash_operator.py
[2023-09-23T03:47:58.352+0000] {processor.py:839} INFO - DAG(s) dict_keys(['example_bash_operator']) retrieved from /home/airflow/.local/lib/python3.8/site-packages/airflow/example_dags/example_bash_operator.py
[2023-09-23T03:47:58.377+0000] {logging_mixin.py:151} INFO - [2023-09-23T03:47:58.377+0000] {dag.py:2915} INFO - Sync 1 DAGs
[2023-09-23T03:47:58.397+0000] {logging_mixin.py:151} INFO - [2023-09-23T03:47:58.397+0000] {dag.py:3696} INFO - Setting next_dagrun for example_bash_operator to 2023-09-22T00:00:00+00:00, run_after=2023-09-23T00:00:00+00:00
[2023-09-23T03:47:58.532+0000] {processor.py:179} INFO - Processing /home/airflow/.local/lib/python3.8/site-packages/airflow/example_dags/example_bash_operator.py took 0.195 seconds
[2023-09-23T03:48:29.072+0000] {processor.py:157} INFO - Started process (PID=132) to work on /home/airflow/.local/lib/python3.8/site-packages/airflow/example_dags/example_bash_operator.py
[2023-09-23T03:48:29.073+0000] {processor.py:829} INFO - Processing file /home/airflow/.local/lib/python3.8/site-packages/airflow/example_dags/example_bash_operator.py for tasks to queue
[2023-09-23T03:48:29.074+0000] {logging_mixin.py:151} INFO - [2023-09-23T03:48:29.074+0000] {dagbag.py:539} INFO - Filling up the DagBag from /home/airflow/.local/lib/python3.8/site-packages/airflow/example_dags/example_bash_operator.py
[2023-09-23T03:48:29.083+0000] {processor.py:839} INFO - DAG(s) dict_keys(['example_bash_operator']) retrieved from /home/airflow/.local/lib/python3.8/site-packages/airflow/example_dags/example_bash_operator.py
[2023-09-23T03:48:29.110+0000] {logging_mixin.py:151} INFO - [2023-09-23T03:48:29.109+0000] {dag.py:2915} INFO - Sync 1 DAGs
[2023-09-23T03:48:29.128+0000] {logging_mixin.py:151} INFO - [2023-09-23T03:48:29.128+0000] {dag.py:3696} INFO - Setting next_dagrun for example_bash_operator to 2023-09-22T00:00:00+00:00, run_after=2023-09-23T00:00:00+00:00
[2023-09-23T03:48:29.246+0000] {processor.py:179} INFO - Processing /home/airflow/.local/lib/python3.8/site-packages/airflow/example_dags/example_bash_operator.py took 0.177 seconds
[2023-09-23T03:49:02.075+0000] {processor.py:157} INFO - Started process (PID=187) to work on /home/airflow/.local/lib/python3.8/site-packages/airflow/example_dags/example_bash_operator.py
[2023-09-23T03:49:02.075+0000] {processor.py:829} INFO - Processing file /home/airflow/.local/lib/python3.8/site-packages/airflow/example_dags/example_bash_operator.py for tasks to queue
[2023-09-23T03:49:02.077+0000] {logging_mixin.py:151} INFO - [2023-09-23T03:49:02.077+0000] {dagbag.py:539} INFO - Filling up the DagBag from /home/airflow/.local/lib/python3.8/site-packages/airflow/example_dags/example_bash_operator.py
[2023-09-23T03:49:02.085+0000] {processor.py:839} INFO - DAG(s) dict_keys(['example_bash_operator']) retrieved from /home/airflow/.local/lib/python3.8/site-packages/airflow/example_dags/example_bash_operator.py
[2023-09-23T03:49:02.111+0000] {logging_mixin.py:151} INFO - [2023-09-23T03:49:02.111+0000] {dag.py:2915} INFO - Sync 1 DAGs
[2023-09-23T03:49:02.130+0000] {logging_mixin.py:151} INFO - [2023-09-23T03:49:02.130+0000] {dag.py:3696} INFO - Setting next_dagrun for example_bash_operator to 2023-09-22T00:00:00+00:00, run_after=2023-09-23T00:00:00+00:00
[2023-09-23T03:49:02.169+0000] {processor.py:179} INFO - Processing /home/airflow/.local/lib/python3.8/site-packages/airflow/example_dags/example_bash_operator.py took 0.096 seconds
[2023-09-23T03:49:34.301+0000] {processor.py:157} INFO - Started process (PID=242) to work on /home/airflow/.local/lib/python3.8/site-packages/airflow/example_dags/example_bash_operator.py
[2023-09-23T03:49:34.316+0000] {processor.py:829} INFO - Processing file /home/airflow/.local/lib/python3.8/site-packages/airflow/example_dags/example_bash_operator.py for tasks to queue
[2023-09-23T03:49:34.317+0000] {logging_mixin.py:151} INFO - [2023-09-23T03:49:34.317+0000] {dagbag.py:539} INFO - Filling up the DagBag from /home/airflow/.local/lib/python3.8/site-packages/airflow/example_dags/example_bash_operator.py
[2023-09-23T03:49:34.326+0000] {processor.py:839} INFO - DAG(s) dict_keys(['example_bash_operator']) retrieved from /home/airflow/.local/lib/python3.8/site-packages/airflow/example_dags/example_bash_operator.py
[2023-09-23T03:49:34.353+0000] {logging_mixin.py:151} INFO - [2023-09-23T03:49:34.353+0000] {dag.py:2915} INFO - Sync 1 DAGs
[2023-09-23T03:49:34.371+0000] {logging_mixin.py:151} INFO - [2023-09-23T03:49:34.371+0000] {dag.py:3696} INFO - Setting next_dagrun for example_bash_operator to 2023-09-22T00:00:00+00:00, run_after=2023-09-23T00:00:00+00:00
[2023-09-23T03:49:34.428+0000] {processor.py:179} INFO - Processing /home/airflow/.local/lib/python3.8/site-packages/airflow/example_dags/example_bash_operator.py took 0.129 seconds
[2023-09-23T03:50:05.290+0000] {processor.py:157} INFO - Started process (PID=297) to work on /home/airflow/.local/lib/python3.8/site-packages/airflow/example_dags/example_bash_operator.py
[2023-09-23T03:50:05.292+0000] {processor.py:829} INFO - Processing file /home/airflow/.local/lib/python3.8/site-packages/airflow/example_dags/example_bash_operator.py for tasks to queue
[2023-09-23T03:50:05.293+0000] {logging_mixin.py:151} INFO - [2023-09-23T03:50:05.293+0000] {dagbag.py:539} INFO - Filling up the DagBag from /home/airflow/.local/lib/python3.8/site-packages/airflow/example_dags/example_bash_operator.py
[2023-09-23T03:50:05.302+0000] {processor.py:839} INFO - DAG(s) dict_keys(['example_bash_operator']) retrieved from /home/airflow/.local/lib/python3.8/site-packages/airflow/example_dags/example_bash_operator.py
[2023-09-23T03:50:05.328+0000] {logging_mixin.py:151} INFO - [2023-09-23T03:50:05.328+0000] {dag.py:2915} INFO - Sync 1 DAGs
[2023-09-23T03:50:05.347+0000] {logging_mixin.py:151} INFO - [2023-09-23T03:50:05.347+0000] {dag.py:3696} INFO - Setting next_dagrun for example_bash_operator to 2023-09-22T00:00:00+00:00, run_after=2023-09-23T00:00:00+00:00
[2023-09-23T03:50:05.406+0000] {processor.py:179} INFO - Processing /home/airflow/.local/lib/python3.8/site-packages/airflow/example_dags/example_bash_operator.py took 0.118 seconds
[2023-09-23T03:50:36.153+0000] {processor.py:157} INFO - Started process (PID=352) to work on /home/airflow/.local/lib/python3.8/site-packages/airflow/example_dags/example_bash_operator.py
[2023-09-23T03:50:36.164+0000] {processor.py:829} INFO - Processing file /home/airflow/.local/lib/python3.8/site-packages/airflow/example_dags/example_bash_operator.py for tasks to queue
[2023-09-23T03:50:36.166+0000] {logging_mixin.py:151} INFO - [2023-09-23T03:50:36.165+0000] {dagbag.py:539} INFO - Filling up the DagBag from /home/airflow/.local/lib/python3.8/site-packages/airflow/example_dags/example_bash_operator.py
[2023-09-23T03:50:36.175+0000] {processor.py:839} INFO - DAG(s) dict_keys(['example_bash_operator']) retrieved from /home/airflow/.local/lib/python3.8/site-packages/airflow/example_dags/example_bash_operator.py
[2023-09-23T03:50:36.257+0000] {logging_mixin.py:151} INFO - [2023-09-23T03:50:36.257+0000] {dag.py:2915} INFO - Sync 1 DAGs
[2023-09-23T03:50:36.277+0000] {logging_mixin.py:151} INFO - [2023-09-23T03:50:36.277+0000] {dag.py:3696} INFO - Setting next_dagrun for example_bash_operator to 2023-09-22T00:00:00+00:00, run_after=2023-09-23T00:00:00+00:00
[2023-09-23T03:50:36.595+0000] {processor.py:179} INFO - Processing /home/airflow/.local/lib/python3.8/site-packages/airflow/example_dags/example_bash_operator.py took 0.444 seconds
[2023-09-23T03:51:07.010+0000] {processor.py:157} INFO - Started process (PID=407) to work on /home/airflow/.local/lib/python3.8/site-packages/airflow/example_dags/example_bash_operator.py
[2023-09-23T03:51:07.012+0000] {processor.py:829} INFO - Processing file /home/airflow/.local/lib/python3.8/site-packages/airflow/example_dags/example_bash_operator.py for tasks to queue
[2023-09-23T03:51:07.013+0000] {logging_mixin.py:151} INFO - [2023-09-23T03:51:07.013+0000] {dagbag.py:539} INFO - Filling up the DagBag from /home/airflow/.local/lib/python3.8/site-packages/airflow/example_dags/example_bash_operator.py
[2023-09-23T03:51:07.023+0000] {processor.py:839} INFO - DAG(s) dict_keys(['example_bash_operator']) retrieved from /home/airflow/.local/lib/python3.8/site-packages/airflow/example_dags/example_bash_operator.py
[2023-09-23T03:51:07.051+0000] {logging_mixin.py:151} INFO - [2023-09-23T03:51:07.051+0000] {dag.py:2915} INFO - Sync 1 DAGs
[2023-09-23T03:51:07.073+0000] {logging_mixin.py:151} INFO - [2023-09-23T03:51:07.072+0000] {dag.py:3696} INFO - Setting next_dagrun for example_bash_operator to 2023-09-22T00:00:00+00:00, run_after=2023-09-23T00:00:00+00:00
[2023-09-23T03:51:07.140+0000] {processor.py:179} INFO - Processing /home/airflow/.local/lib/python3.8/site-packages/airflow/example_dags/example_bash_operator.py took 0.132 seconds
[2023-09-23T03:51:39.927+0000] {processor.py:157} INFO - Started process (PID=462) to work on /home/airflow/.local/lib/python3.8/site-packages/airflow/example_dags/example_bash_operator.py
[2023-09-23T03:51:40.054+0000] {processor.py:829} INFO - Processing file /home/airflow/.local/lib/python3.8/site-packages/airflow/example_dags/example_bash_operator.py for tasks to queue
[2023-09-23T03:51:40.057+0000] {logging_mixin.py:151} INFO - [2023-09-23T03:51:40.056+0000] {dagbag.py:539} INFO - Filling up the DagBag from /home/airflow/.local/lib/python3.8/site-packages/airflow/example_dags/example_bash_operator.py
[2023-09-23T03:51:40.071+0000] {processor.py:839} INFO - DAG(s) dict_keys(['example_bash_operator']) retrieved from /home/airflow/.local/lib/python3.8/site-packages/airflow/example_dags/example_bash_operator.py
[2023-09-23T03:51:40.104+0000] {logging_mixin.py:151} INFO - [2023-09-23T03:51:40.104+0000] {dag.py:2915} INFO - Sync 1 DAGs
[2023-09-23T03:51:40.129+0000] {logging_mixin.py:151} INFO - [2023-09-23T03:51:40.129+0000] {dag.py:3696} INFO - Setting next_dagrun for example_bash_operator to 2023-09-22T00:00:00+00:00, run_after=2023-09-23T00:00:00+00:00
[2023-09-23T03:51:40.678+0000] {processor.py:179} INFO - Processing /home/airflow/.local/lib/python3.8/site-packages/airflow/example_dags/example_bash_operator.py took 0.753 seconds
[2023-09-23T03:52:20.703+0000] {processor.py:157} INFO - Started process (PID=517) to work on /home/airflow/.local/lib/python3.8/site-packages/airflow/example_dags/example_bash_operator.py
[2023-09-23T03:52:20.855+0000] {processor.py:829} INFO - Processing file /home/airflow/.local/lib/python3.8/site-packages/airflow/example_dags/example_bash_operator.py for tasks to queue
[2023-09-23T03:52:20.856+0000] {logging_mixin.py:151} INFO - [2023-09-23T03:52:20.856+0000] {dagbag.py:539} INFO - Filling up the DagBag from /home/airflow/.local/lib/python3.8/site-packages/airflow/example_dags/example_bash_operator.py
[2023-09-23T03:52:20.865+0000] {processor.py:839} INFO - DAG(s) dict_keys(['example_bash_operator']) retrieved from /home/airflow/.local/lib/python3.8/site-packages/airflow/example_dags/example_bash_operator.py
[2023-09-23T03:52:20.892+0000] {logging_mixin.py:151} INFO - [2023-09-23T03:52:20.891+0000] {dag.py:2915} INFO - Sync 1 DAGs
[2023-09-23T03:52:20.911+0000] {logging_mixin.py:151} INFO - [2023-09-23T03:52:20.911+0000] {dag.py:3696} INFO - Setting next_dagrun for example_bash_operator to 2023-09-22T00:00:00+00:00, run_after=2023-09-23T00:00:00+00:00
[2023-09-23T03:52:21.087+0000] {processor.py:179} INFO - Processing /home/airflow/.local/lib/python3.8/site-packages/airflow/example_dags/example_bash_operator.py took 0.386 seconds
[2023-09-23T03:52:52.789+0000] {processor.py:157} INFO - Started process (PID=572) to work on /home/airflow/.local/lib/python3.8/site-packages/airflow/example_dags/example_bash_operator.py
[2023-09-23T03:52:52.805+0000] {processor.py:829} INFO - Processing file /home/airflow/.local/lib/python3.8/site-packages/airflow/example_dags/example_bash_operator.py for tasks to queue
[2023-09-23T03:52:52.807+0000] {logging_mixin.py:151} INFO - [2023-09-23T03:52:52.807+0000] {dagbag.py:539} INFO - Filling up the DagBag from /home/airflow/.local/lib/python3.8/site-packages/airflow/example_dags/example_bash_operator.py
[2023-09-23T03:52:52.815+0000] {processor.py:839} INFO - DAG(s) dict_keys(['example_bash_operator']) retrieved from /home/airflow/.local/lib/python3.8/site-packages/airflow/example_dags/example_bash_operator.py
[2023-09-23T03:52:52.841+0000] {logging_mixin.py:151} INFO - [2023-09-23T03:52:52.841+0000] {dag.py:2915} INFO - Sync 1 DAGs
[2023-09-23T03:52:52.859+0000] {logging_mixin.py:151} INFO - [2023-09-23T03:52:52.859+0000] {dag.py:3696} INFO - Setting next_dagrun for example_bash_operator to 2023-09-22T00:00:00+00:00, run_after=2023-09-23T00:00:00+00:00
[2023-09-23T03:52:52.906+0000] {processor.py:179} INFO - Processing /home/airflow/.local/lib/python3.8/site-packages/airflow/example_dags/example_bash_operator.py took 0.119 seconds
[2023-09-23T03:53:26.152+0000] {processor.py:157} INFO - Started process (PID=627) to work on /home/airflow/.local/lib/python3.8/site-packages/airflow/example_dags/example_bash_operator.py
[2023-09-23T03:53:26.196+0000] {processor.py:829} INFO - Processing file /home/airflow/.local/lib/python3.8/site-packages/airflow/example_dags/example_bash_operator.py for tasks to queue
[2023-09-23T03:53:26.199+0000] {logging_mixin.py:151} INFO - [2023-09-23T03:53:26.199+0000] {dagbag.py:539} INFO - Filling up the DagBag from /home/airflow/.local/lib/python3.8/site-packages/airflow/example_dags/example_bash_operator.py
[2023-09-23T03:53:26.212+0000] {processor.py:839} INFO - DAG(s) dict_keys(['example_bash_operator']) retrieved from /home/airflow/.local/lib/python3.8/site-packages/airflow/example_dags/example_bash_operator.py
[2023-09-23T03:53:26.241+0000] {logging_mixin.py:151} INFO - [2023-09-23T03:53:26.241+0000] {dag.py:2915} INFO - Sync 1 DAGs
[2023-09-23T03:53:26.260+0000] {logging_mixin.py:151} INFO - [2023-09-23T03:53:26.260+0000] {dag.py:3696} INFO - Setting next_dagrun for example_bash_operator to 2023-09-22T00:00:00+00:00, run_after=2023-09-23T00:00:00+00:00
[2023-09-23T03:53:26.318+0000] {processor.py:179} INFO - Processing /home/airflow/.local/lib/python3.8/site-packages/airflow/example_dags/example_bash_operator.py took 0.169 seconds
[2023-09-23T03:53:58.786+0000] {processor.py:157} INFO - Started process (PID=682) to work on /home/airflow/.local/lib/python3.8/site-packages/airflow/example_dags/example_bash_operator.py
[2023-09-23T03:53:58.806+0000] {processor.py:829} INFO - Processing file /home/airflow/.local/lib/python3.8/site-packages/airflow/example_dags/example_bash_operator.py for tasks to queue
[2023-09-23T03:53:58.807+0000] {logging_mixin.py:151} INFO - [2023-09-23T03:53:58.807+0000] {dagbag.py:539} INFO - Filling up the DagBag from /home/airflow/.local/lib/python3.8/site-packages/airflow/example_dags/example_bash_operator.py
[2023-09-23T03:53:58.817+0000] {processor.py:839} INFO - DAG(s) dict_keys(['example_bash_operator']) retrieved from /home/airflow/.local/lib/python3.8/site-packages/airflow/example_dags/example_bash_operator.py
[2023-09-23T03:53:58.844+0000] {logging_mixin.py:151} INFO - [2023-09-23T03:53:58.844+0000] {dag.py:2915} INFO - Sync 1 DAGs
[2023-09-23T03:53:58.865+0000] {logging_mixin.py:151} INFO - [2023-09-23T03:53:58.865+0000] {dag.py:3696} INFO - Setting next_dagrun for example_bash_operator to 2023-09-22T00:00:00+00:00, run_after=2023-09-23T00:00:00+00:00
[2023-09-23T03:53:58.912+0000] {processor.py:179} INFO - Processing /home/airflow/.local/lib/python3.8/site-packages/airflow/example_dags/example_bash_operator.py took 0.128 seconds
[2023-09-23T03:54:29.644+0000] {processor.py:157} INFO - Started process (PID=737) to work on /home/airflow/.local/lib/python3.8/site-packages/airflow/example_dags/example_bash_operator.py
[2023-09-23T03:54:29.657+0000] {processor.py:829} INFO - Processing file /home/airflow/.local/lib/python3.8/site-packages/airflow/example_dags/example_bash_operator.py for tasks to queue
[2023-09-23T03:54:29.659+0000] {logging_mixin.py:151} INFO - [2023-09-23T03:54:29.658+0000] {dagbag.py:539} INFO - Filling up the DagBag from /home/airflow/.local/lib/python3.8/site-packages/airflow/example_dags/example_bash_operator.py
[2023-09-23T03:54:29.668+0000] {processor.py:839} INFO - DAG(s) dict_keys(['example_bash_operator']) retrieved from /home/airflow/.local/lib/python3.8/site-packages/airflow/example_dags/example_bash_operator.py
[2023-09-23T03:54:29.695+0000] {logging_mixin.py:151} INFO - [2023-09-23T03:54:29.695+0000] {dag.py:2915} INFO - Sync 1 DAGs
[2023-09-23T03:54:29.716+0000] {logging_mixin.py:151} INFO - [2023-09-23T03:54:29.716+0000] {dag.py:3696} INFO - Setting next_dagrun for example_bash_operator to 2023-09-22T00:00:00+00:00, run_after=2023-09-23T00:00:00+00:00
[2023-09-23T03:54:29.767+0000] {processor.py:179} INFO - Processing /home/airflow/.local/lib/python3.8/site-packages/airflow/example_dags/example_bash_operator.py took 0.127 seconds
[2023-09-23T03:55:00.005+0000] {processor.py:157} INFO - Started process (PID=792) to work on /home/airflow/.local/lib/python3.8/site-packages/airflow/example_dags/example_bash_operator.py
[2023-09-23T03:55:00.017+0000] {processor.py:829} INFO - Processing file /home/airflow/.local/lib/python3.8/site-packages/airflow/example_dags/example_bash_operator.py for tasks to queue
[2023-09-23T03:55:00.018+0000] {logging_mixin.py:151} INFO - [2023-09-23T03:55:00.018+0000] {dagbag.py:539} INFO - Filling up the DagBag from /home/airflow/.local/lib/python3.8/site-packages/airflow/example_dags/example_bash_operator.py
[2023-09-23T03:55:00.027+0000] {processor.py:839} INFO - DAG(s) dict_keys(['example_bash_operator']) retrieved from /home/airflow/.local/lib/python3.8/site-packages/airflow/example_dags/example_bash_operator.py
[2023-09-23T03:55:00.052+0000] {logging_mixin.py:151} INFO - [2023-09-23T03:55:00.052+0000] {dag.py:2915} INFO - Sync 1 DAGs
[2023-09-23T03:55:00.070+0000] {logging_mixin.py:151} INFO - [2023-09-23T03:55:00.070+0000] {dag.py:3696} INFO - Setting next_dagrun for example_bash_operator to 2023-09-22T00:00:00+00:00, run_after=2023-09-23T00:00:00+00:00
[2023-09-23T03:55:00.108+0000] {processor.py:179} INFO - Processing /home/airflow/.local/lib/python3.8/site-packages/airflow/example_dags/example_bash_operator.py took 0.106 seconds
[2023-09-23T03:55:30.557+0000] {processor.py:157} INFO - Started process (PID=847) to work on /home/airflow/.local/lib/python3.8/site-packages/airflow/example_dags/example_bash_operator.py
[2023-09-23T03:55:30.567+0000] {processor.py:829} INFO - Processing file /home/airflow/.local/lib/python3.8/site-packages/airflow/example_dags/example_bash_operator.py for tasks to queue
[2023-09-23T03:55:30.568+0000] {logging_mixin.py:151} INFO - [2023-09-23T03:55:30.568+0000] {dagbag.py:539} INFO - Filling up the DagBag from /home/airflow/.local/lib/python3.8/site-packages/airflow/example_dags/example_bash_operator.py
[2023-09-23T03:55:30.577+0000] {processor.py:839} INFO - DAG(s) dict_keys(['example_bash_operator']) retrieved from /home/airflow/.local/lib/python3.8/site-packages/airflow/example_dags/example_bash_operator.py
[2023-09-23T03:55:30.602+0000] {logging_mixin.py:151} INFO - [2023-09-23T03:55:30.602+0000] {dag.py:2915} INFO - Sync 1 DAGs
[2023-09-23T03:55:30.622+0000] {logging_mixin.py:151} INFO - [2023-09-23T03:55:30.621+0000] {dag.py:3696} INFO - Setting next_dagrun for example_bash_operator to 2023-09-22T00:00:00+00:00, run_after=2023-09-23T00:00:00+00:00
[2023-09-23T03:55:30.663+0000] {processor.py:179} INFO - Processing /home/airflow/.local/lib/python3.8/site-packages/airflow/example_dags/example_bash_operator.py took 0.109 seconds
[2023-09-23T03:56:05.670+0000] {processor.py:157} INFO - Started process (PID=902) to work on /home/airflow/.local/lib/python3.8/site-packages/airflow/example_dags/example_bash_operator.py
[2023-09-23T03:56:06.074+0000] {processor.py:829} INFO - Processing file /home/airflow/.local/lib/python3.8/site-packages/airflow/example_dags/example_bash_operator.py for tasks to queue
[2023-09-23T03:56:06.077+0000] {logging_mixin.py:151} INFO - [2023-09-23T03:56:06.077+0000] {dagbag.py:539} INFO - Filling up the DagBag from /home/airflow/.local/lib/python3.8/site-packages/airflow/example_dags/example_bash_operator.py
[2023-09-23T03:56:06.087+0000] {processor.py:839} INFO - DAG(s) dict_keys(['example_bash_operator']) retrieved from /home/airflow/.local/lib/python3.8/site-packages/airflow/example_dags/example_bash_operator.py
[2023-09-23T03:56:06.099+0000] {logging_mixin.py:151} INFO - [2023-09-23T03:56:06.099+0000] {dag.py:2915} INFO - Sync 1 DAGs
[2023-09-23T03:56:06.119+0000] {logging_mixin.py:151} INFO - [2023-09-23T03:56:06.119+0000] {dag.py:3696} INFO - Setting next_dagrun for example_bash_operator to 2023-09-22T00:00:00+00:00, run_after=2023-09-23T00:00:00+00:00
[2023-09-23T03:56:06.693+0000] {processor.py:179} INFO - Processing /home/airflow/.local/lib/python3.8/site-packages/airflow/example_dags/example_bash_operator.py took 1.026 seconds
[2023-09-23T03:56:37.005+0000] {processor.py:157} INFO - Started process (PID=957) to work on /home/airflow/.local/lib/python3.8/site-packages/airflow/example_dags/example_bash_operator.py
[2023-09-23T03:56:37.178+0000] {processor.py:829} INFO - Processing file /home/airflow/.local/lib/python3.8/site-packages/airflow/example_dags/example_bash_operator.py for tasks to queue
[2023-09-23T03:56:37.180+0000] {logging_mixin.py:151} INFO - [2023-09-23T03:56:37.179+0000] {dagbag.py:539} INFO - Filling up the DagBag from /home/airflow/.local/lib/python3.8/site-packages/airflow/example_dags/example_bash_operator.py
[2023-09-23T03:56:37.190+0000] {processor.py:839} INFO - DAG(s) dict_keys(['example_bash_operator']) retrieved from /home/airflow/.local/lib/python3.8/site-packages/airflow/example_dags/example_bash_operator.py
[2023-09-23T03:56:37.217+0000] {logging_mixin.py:151} INFO - [2023-09-23T03:56:37.217+0000] {dag.py:2915} INFO - Sync 1 DAGs
[2023-09-23T03:56:37.238+0000] {logging_mixin.py:151} INFO - [2023-09-23T03:56:37.237+0000] {dag.py:3696} INFO - Setting next_dagrun for example_bash_operator to 2023-09-22T00:00:00+00:00, run_after=2023-09-23T00:00:00+00:00
[2023-09-23T03:56:37.487+0000] {processor.py:179} INFO - Processing /home/airflow/.local/lib/python3.8/site-packages/airflow/example_dags/example_bash_operator.py took 0.485 seconds
[2023-09-23T03:57:08.134+0000] {processor.py:157} INFO - Started process (PID=1012) to work on /home/airflow/.local/lib/python3.8/site-packages/airflow/example_dags/example_bash_operator.py
[2023-09-23T03:57:08.292+0000] {processor.py:829} INFO - Processing file /home/airflow/.local/lib/python3.8/site-packages/airflow/example_dags/example_bash_operator.py for tasks to queue
[2023-09-23T03:57:08.293+0000] {logging_mixin.py:151} INFO - [2023-09-23T03:57:08.293+0000] {dagbag.py:539} INFO - Filling up the DagBag from /home/airflow/.local/lib/python3.8/site-packages/airflow/example_dags/example_bash_operator.py
[2023-09-23T03:57:08.303+0000] {processor.py:839} INFO - DAG(s) dict_keys(['example_bash_operator']) retrieved from /home/airflow/.local/lib/python3.8/site-packages/airflow/example_dags/example_bash_operator.py
[2023-09-23T03:57:08.331+0000] {logging_mixin.py:151} INFO - [2023-09-23T03:57:08.331+0000] {dag.py:2915} INFO - Sync 1 DAGs
[2023-09-23T03:57:08.349+0000] {logging_mixin.py:151} INFO - [2023-09-23T03:57:08.349+0000] {dag.py:3696} INFO - Setting next_dagrun for example_bash_operator to 2023-09-22T00:00:00+00:00, run_after=2023-09-23T00:00:00+00:00
[2023-09-23T03:57:09.083+0000] {processor.py:179} INFO - Processing /home/airflow/.local/lib/python3.8/site-packages/airflow/example_dags/example_bash_operator.py took 0.951 seconds
[2023-09-23T04:04:48.166+0000] {processor.py:157} INFO - Started process (PID=86) to work on /home/airflow/.local/lib/python3.8/site-packages/airflow/example_dags/example_bash_operator.py
[2023-09-23T04:04:48.168+0000] {processor.py:829} INFO - Processing file /home/airflow/.local/lib/python3.8/site-packages/airflow/example_dags/example_bash_operator.py for tasks to queue
[2023-09-23T04:04:48.170+0000] {logging_mixin.py:151} INFO - [2023-09-23T04:04:48.169+0000] {dagbag.py:539} INFO - Filling up the DagBag from /home/airflow/.local/lib/python3.8/site-packages/airflow/example_dags/example_bash_operator.py
[2023-09-23T04:04:48.181+0000] {processor.py:839} INFO - DAG(s) dict_keys(['example_bash_operator']) retrieved from /home/airflow/.local/lib/python3.8/site-packages/airflow/example_dags/example_bash_operator.py
[2023-09-23T04:04:48.206+0000] {logging_mixin.py:151} INFO - [2023-09-23T04:04:48.206+0000] {dag.py:2915} INFO - Sync 1 DAGs
[2023-09-23T04:04:48.225+0000] {logging_mixin.py:151} INFO - [2023-09-23T04:04:48.225+0000] {dag.py:3696} INFO - Setting next_dagrun for example_bash_operator to 2023-09-22T00:00:00+00:00, run_after=2023-09-23T00:00:00+00:00
[2023-09-23T04:04:48.279+0000] {processor.py:179} INFO - Processing /home/airflow/.local/lib/python3.8/site-packages/airflow/example_dags/example_bash_operator.py took 0.116 seconds
[2023-09-23T04:05:23.874+0000] {processor.py:157} INFO - Started process (PID=142) to work on /home/airflow/.local/lib/python3.8/site-packages/airflow/example_dags/example_bash_operator.py
[2023-09-23T04:05:23.876+0000] {processor.py:829} INFO - Processing file /home/airflow/.local/lib/python3.8/site-packages/airflow/example_dags/example_bash_operator.py for tasks to queue
[2023-09-23T04:05:23.877+0000] {logging_mixin.py:151} INFO - [2023-09-23T04:05:23.877+0000] {dagbag.py:539} INFO - Filling up the DagBag from /home/airflow/.local/lib/python3.8/site-packages/airflow/example_dags/example_bash_operator.py
[2023-09-23T04:05:23.887+0000] {processor.py:839} INFO - DAG(s) dict_keys(['example_bash_operator']) retrieved from /home/airflow/.local/lib/python3.8/site-packages/airflow/example_dags/example_bash_operator.py
[2023-09-23T04:05:23.913+0000] {logging_mixin.py:151} INFO - [2023-09-23T04:05:23.913+0000] {dag.py:2915} INFO - Sync 1 DAGs
[2023-09-23T04:05:23.932+0000] {logging_mixin.py:151} INFO - [2023-09-23T04:05:23.931+0000] {dag.py:3696} INFO - Setting next_dagrun for example_bash_operator to 2023-09-22T00:00:00+00:00, run_after=2023-09-23T00:00:00+00:00
[2023-09-23T04:05:23.981+0000] {processor.py:179} INFO - Processing /home/airflow/.local/lib/python3.8/site-packages/airflow/example_dags/example_bash_operator.py took 0.109 seconds
[2023-09-23T04:05:54.673+0000] {processor.py:157} INFO - Started process (PID=197) to work on /home/airflow/.local/lib/python3.8/site-packages/airflow/example_dags/example_bash_operator.py
[2023-09-23T04:05:54.684+0000] {processor.py:829} INFO - Processing file /home/airflow/.local/lib/python3.8/site-packages/airflow/example_dags/example_bash_operator.py for tasks to queue
[2023-09-23T04:05:54.685+0000] {logging_mixin.py:151} INFO - [2023-09-23T04:05:54.685+0000] {dagbag.py:539} INFO - Filling up the DagBag from /home/airflow/.local/lib/python3.8/site-packages/airflow/example_dags/example_bash_operator.py
[2023-09-23T04:05:54.694+0000] {processor.py:839} INFO - DAG(s) dict_keys(['example_bash_operator']) retrieved from /home/airflow/.local/lib/python3.8/site-packages/airflow/example_dags/example_bash_operator.py
[2023-09-23T04:05:54.722+0000] {logging_mixin.py:151} INFO - [2023-09-23T04:05:54.722+0000] {dag.py:2915} INFO - Sync 1 DAGs
[2023-09-23T04:05:54.741+0000] {logging_mixin.py:151} INFO - [2023-09-23T04:05:54.741+0000] {dag.py:3696} INFO - Setting next_dagrun for example_bash_operator to 2023-09-22T00:00:00+00:00, run_after=2023-09-23T00:00:00+00:00
[2023-09-23T04:05:54.787+0000] {processor.py:179} INFO - Processing /home/airflow/.local/lib/python3.8/site-packages/airflow/example_dags/example_bash_operator.py took 0.117 seconds
[2023-09-23T04:06:25.355+0000] {processor.py:157} INFO - Started process (PID=252) to work on /home/airflow/.local/lib/python3.8/site-packages/airflow/example_dags/example_bash_operator.py
[2023-09-23T04:06:25.373+0000] {processor.py:829} INFO - Processing file /home/airflow/.local/lib/python3.8/site-packages/airflow/example_dags/example_bash_operator.py for tasks to queue
[2023-09-23T04:06:25.377+0000] {logging_mixin.py:151} INFO - [2023-09-23T04:06:25.377+0000] {dagbag.py:539} INFO - Filling up the DagBag from /home/airflow/.local/lib/python3.8/site-packages/airflow/example_dags/example_bash_operator.py
[2023-09-23T04:06:25.397+0000] {processor.py:839} INFO - DAG(s) dict_keys(['example_bash_operator']) retrieved from /home/airflow/.local/lib/python3.8/site-packages/airflow/example_dags/example_bash_operator.py
[2023-09-23T04:06:25.427+0000] {logging_mixin.py:151} INFO - [2023-09-23T04:06:25.427+0000] {dag.py:2915} INFO - Sync 1 DAGs
[2023-09-23T04:06:25.447+0000] {logging_mixin.py:151} INFO - [2023-09-23T04:06:25.447+0000] {dag.py:3696} INFO - Setting next_dagrun for example_bash_operator to 2023-09-22T00:00:00+00:00, run_after=2023-09-23T00:00:00+00:00
[2023-09-23T04:06:25.489+0000] {processor.py:179} INFO - Processing /home/airflow/.local/lib/python3.8/site-packages/airflow/example_dags/example_bash_operator.py took 0.137 seconds
[2023-09-23T04:06:55.742+0000] {processor.py:157} INFO - Started process (PID=307) to work on /home/airflow/.local/lib/python3.8/site-packages/airflow/example_dags/example_bash_operator.py
[2023-09-23T04:06:55.743+0000] {processor.py:829} INFO - Processing file /home/airflow/.local/lib/python3.8/site-packages/airflow/example_dags/example_bash_operator.py for tasks to queue
[2023-09-23T04:06:55.745+0000] {logging_mixin.py:151} INFO - [2023-09-23T04:06:55.745+0000] {dagbag.py:539} INFO - Filling up the DagBag from /home/airflow/.local/lib/python3.8/site-packages/airflow/example_dags/example_bash_operator.py
[2023-09-23T04:06:55.755+0000] {processor.py:839} INFO - DAG(s) dict_keys(['example_bash_operator']) retrieved from /home/airflow/.local/lib/python3.8/site-packages/airflow/example_dags/example_bash_operator.py
[2023-09-23T04:06:55.784+0000] {logging_mixin.py:151} INFO - [2023-09-23T04:06:55.784+0000] {dag.py:2915} INFO - Sync 1 DAGs
[2023-09-23T04:06:55.805+0000] {logging_mixin.py:151} INFO - [2023-09-23T04:06:55.805+0000] {dag.py:3696} INFO - Setting next_dagrun for example_bash_operator to 2023-09-22T00:00:00+00:00, run_after=2023-09-23T00:00:00+00:00
[2023-09-23T04:06:55.859+0000] {processor.py:179} INFO - Processing /home/airflow/.local/lib/python3.8/site-packages/airflow/example_dags/example_bash_operator.py took 0.119 seconds
[2023-09-23T04:07:26.690+0000] {processor.py:157} INFO - Started process (PID=362) to work on /home/airflow/.local/lib/python3.8/site-packages/airflow/example_dags/example_bash_operator.py
[2023-09-23T04:07:26.691+0000] {processor.py:829} INFO - Processing file /home/airflow/.local/lib/python3.8/site-packages/airflow/example_dags/example_bash_operator.py for tasks to queue
[2023-09-23T04:07:26.693+0000] {logging_mixin.py:151} INFO - [2023-09-23T04:07:26.693+0000] {dagbag.py:539} INFO - Filling up the DagBag from /home/airflow/.local/lib/python3.8/site-packages/airflow/example_dags/example_bash_operator.py
[2023-09-23T04:07:26.702+0000] {processor.py:839} INFO - DAG(s) dict_keys(['example_bash_operator']) retrieved from /home/airflow/.local/lib/python3.8/site-packages/airflow/example_dags/example_bash_operator.py
[2023-09-23T04:07:26.730+0000] {logging_mixin.py:151} INFO - [2023-09-23T04:07:26.730+0000] {dag.py:2915} INFO - Sync 1 DAGs
[2023-09-23T04:07:26.751+0000] {logging_mixin.py:151} INFO - [2023-09-23T04:07:26.751+0000] {dag.py:3696} INFO - Setting next_dagrun for example_bash_operator to 2023-09-22T00:00:00+00:00, run_after=2023-09-23T00:00:00+00:00
[2023-09-23T04:07:26.805+0000] {processor.py:179} INFO - Processing /home/airflow/.local/lib/python3.8/site-packages/airflow/example_dags/example_bash_operator.py took 0.118 seconds
[2023-09-23T04:07:59.115+0000] {processor.py:157} INFO - Started process (PID=417) to work on /home/airflow/.local/lib/python3.8/site-packages/airflow/example_dags/example_bash_operator.py
[2023-09-23T04:07:59.116+0000] {processor.py:829} INFO - Processing file /home/airflow/.local/lib/python3.8/site-packages/airflow/example_dags/example_bash_operator.py for tasks to queue
[2023-09-23T04:07:59.118+0000] {logging_mixin.py:151} INFO - [2023-09-23T04:07:59.118+0000] {dagbag.py:539} INFO - Filling up the DagBag from /home/airflow/.local/lib/python3.8/site-packages/airflow/example_dags/example_bash_operator.py
[2023-09-23T04:07:59.127+0000] {processor.py:839} INFO - DAG(s) dict_keys(['example_bash_operator']) retrieved from /home/airflow/.local/lib/python3.8/site-packages/airflow/example_dags/example_bash_operator.py
[2023-09-23T04:07:59.153+0000] {logging_mixin.py:151} INFO - [2023-09-23T04:07:59.153+0000] {dag.py:2915} INFO - Sync 1 DAGs
[2023-09-23T04:07:59.172+0000] {logging_mixin.py:151} INFO - [2023-09-23T04:07:59.172+0000] {dag.py:3696} INFO - Setting next_dagrun for example_bash_operator to 2023-09-22T00:00:00+00:00, run_after=2023-09-23T00:00:00+00:00
[2023-09-23T04:07:59.224+0000] {processor.py:179} INFO - Processing /home/airflow/.local/lib/python3.8/site-packages/airflow/example_dags/example_bash_operator.py took 0.112 seconds
[2023-09-23T04:08:29.971+0000] {processor.py:157} INFO - Started process (PID=472) to work on /home/airflow/.local/lib/python3.8/site-packages/airflow/example_dags/example_bash_operator.py
[2023-09-23T04:08:29.972+0000] {processor.py:829} INFO - Processing file /home/airflow/.local/lib/python3.8/site-packages/airflow/example_dags/example_bash_operator.py for tasks to queue
[2023-09-23T04:08:29.974+0000] {logging_mixin.py:151} INFO - [2023-09-23T04:08:29.974+0000] {dagbag.py:539} INFO - Filling up the DagBag from /home/airflow/.local/lib/python3.8/site-packages/airflow/example_dags/example_bash_operator.py
[2023-09-23T04:08:29.983+0000] {processor.py:839} INFO - DAG(s) dict_keys(['example_bash_operator']) retrieved from /home/airflow/.local/lib/python3.8/site-packages/airflow/example_dags/example_bash_operator.py
[2023-09-23T04:08:30.008+0000] {logging_mixin.py:151} INFO - [2023-09-23T04:08:30.008+0000] {dag.py:2915} INFO - Sync 1 DAGs
[2023-09-23T04:08:30.027+0000] {logging_mixin.py:151} INFO - [2023-09-23T04:08:30.026+0000] {dag.py:3696} INFO - Setting next_dagrun for example_bash_operator to 2023-09-22T00:00:00+00:00, run_after=2023-09-23T00:00:00+00:00
[2023-09-23T04:08:30.387+0000] {processor.py:179} INFO - Processing /home/airflow/.local/lib/python3.8/site-packages/airflow/example_dags/example_bash_operator.py took 0.419 seconds
[2023-09-23T04:09:02.804+0000] {processor.py:157} INFO - Started process (PID=527) to work on /home/airflow/.local/lib/python3.8/site-packages/airflow/example_dags/example_bash_operator.py
[2023-09-23T04:09:02.806+0000] {processor.py:829} INFO - Processing file /home/airflow/.local/lib/python3.8/site-packages/airflow/example_dags/example_bash_operator.py for tasks to queue
[2023-09-23T04:09:02.807+0000] {logging_mixin.py:151} INFO - [2023-09-23T04:09:02.807+0000] {dagbag.py:539} INFO - Filling up the DagBag from /home/airflow/.local/lib/python3.8/site-packages/airflow/example_dags/example_bash_operator.py
[2023-09-23T04:09:02.817+0000] {processor.py:839} INFO - DAG(s) dict_keys(['example_bash_operator']) retrieved from /home/airflow/.local/lib/python3.8/site-packages/airflow/example_dags/example_bash_operator.py
[2023-09-23T04:09:02.843+0000] {logging_mixin.py:151} INFO - [2023-09-23T04:09:02.843+0000] {dag.py:2915} INFO - Sync 1 DAGs
[2023-09-23T04:09:02.862+0000] {logging_mixin.py:151} INFO - [2023-09-23T04:09:02.862+0000] {dag.py:3696} INFO - Setting next_dagrun for example_bash_operator to 2023-09-22T00:00:00+00:00, run_after=2023-09-23T00:00:00+00:00
[2023-09-23T04:09:02.937+0000] {processor.py:179} INFO - Processing /home/airflow/.local/lib/python3.8/site-packages/airflow/example_dags/example_bash_operator.py took 0.135 seconds
[2023-09-23T04:09:33.134+0000] {processor.py:157} INFO - Started process (PID=582) to work on /home/airflow/.local/lib/python3.8/site-packages/airflow/example_dags/example_bash_operator.py
[2023-09-23T04:09:33.138+0000] {processor.py:829} INFO - Processing file /home/airflow/.local/lib/python3.8/site-packages/airflow/example_dags/example_bash_operator.py for tasks to queue
[2023-09-23T04:09:33.139+0000] {logging_mixin.py:151} INFO - [2023-09-23T04:09:33.139+0000] {dagbag.py:539} INFO - Filling up the DagBag from /home/airflow/.local/lib/python3.8/site-packages/airflow/example_dags/example_bash_operator.py
[2023-09-23T04:09:33.149+0000] {processor.py:839} INFO - DAG(s) dict_keys(['example_bash_operator']) retrieved from /home/airflow/.local/lib/python3.8/site-packages/airflow/example_dags/example_bash_operator.py
[2023-09-23T04:09:33.175+0000] {logging_mixin.py:151} INFO - [2023-09-23T04:09:33.175+0000] {dag.py:2915} INFO - Sync 1 DAGs
[2023-09-23T04:09:33.195+0000] {logging_mixin.py:151} INFO - [2023-09-23T04:09:33.195+0000] {dag.py:3696} INFO - Setting next_dagrun for example_bash_operator to 2023-09-22T00:00:00+00:00, run_after=2023-09-23T00:00:00+00:00
[2023-09-23T04:09:33.238+0000] {processor.py:179} INFO - Processing /home/airflow/.local/lib/python3.8/site-packages/airflow/example_dags/example_bash_operator.py took 0.107 seconds
[2023-09-23T04:10:04.052+0000] {processor.py:157} INFO - Started process (PID=637) to work on /home/airflow/.local/lib/python3.8/site-packages/airflow/example_dags/example_bash_operator.py
[2023-09-23T04:10:04.054+0000] {processor.py:829} INFO - Processing file /home/airflow/.local/lib/python3.8/site-packages/airflow/example_dags/example_bash_operator.py for tasks to queue
[2023-09-23T04:10:04.055+0000] {logging_mixin.py:151} INFO - [2023-09-23T04:10:04.055+0000] {dagbag.py:539} INFO - Filling up the DagBag from /home/airflow/.local/lib/python3.8/site-packages/airflow/example_dags/example_bash_operator.py
[2023-09-23T04:10:04.065+0000] {processor.py:839} INFO - DAG(s) dict_keys(['example_bash_operator']) retrieved from /home/airflow/.local/lib/python3.8/site-packages/airflow/example_dags/example_bash_operator.py
[2023-09-23T04:10:04.093+0000] {logging_mixin.py:151} INFO - [2023-09-23T04:10:04.093+0000] {dag.py:2915} INFO - Sync 1 DAGs
[2023-09-23T04:10:04.112+0000] {logging_mixin.py:151} INFO - [2023-09-23T04:10:04.112+0000] {dag.py:3696} INFO - Setting next_dagrun for example_bash_operator to 2023-09-22T00:00:00+00:00, run_after=2023-09-23T00:00:00+00:00
[2023-09-23T04:10:04.167+0000] {processor.py:179} INFO - Processing /home/airflow/.local/lib/python3.8/site-packages/airflow/example_dags/example_bash_operator.py took 0.117 seconds
[2023-09-23T04:10:35.575+0000] {processor.py:157} INFO - Started process (PID=692) to work on /home/airflow/.local/lib/python3.8/site-packages/airflow/example_dags/example_bash_operator.py
[2023-09-23T04:10:35.576+0000] {processor.py:829} INFO - Processing file /home/airflow/.local/lib/python3.8/site-packages/airflow/example_dags/example_bash_operator.py for tasks to queue
[2023-09-23T04:10:35.578+0000] {logging_mixin.py:151} INFO - [2023-09-23T04:10:35.578+0000] {dagbag.py:539} INFO - Filling up the DagBag from /home/airflow/.local/lib/python3.8/site-packages/airflow/example_dags/example_bash_operator.py
[2023-09-23T04:10:35.587+0000] {processor.py:839} INFO - DAG(s) dict_keys(['example_bash_operator']) retrieved from /home/airflow/.local/lib/python3.8/site-packages/airflow/example_dags/example_bash_operator.py
[2023-09-23T04:10:35.614+0000] {logging_mixin.py:151} INFO - [2023-09-23T04:10:35.614+0000] {dag.py:2915} INFO - Sync 1 DAGs
[2023-09-23T04:10:35.633+0000] {logging_mixin.py:151} INFO - [2023-09-23T04:10:35.633+0000] {dag.py:3696} INFO - Setting next_dagrun for example_bash_operator to 2023-09-22T00:00:00+00:00, run_after=2023-09-23T00:00:00+00:00
[2023-09-23T04:10:35.706+0000] {processor.py:179} INFO - Processing /home/airflow/.local/lib/python3.8/site-packages/airflow/example_dags/example_bash_operator.py took 0.134 seconds
[2023-09-23T04:11:08.504+0000] {processor.py:157} INFO - Started process (PID=747) to work on /home/airflow/.local/lib/python3.8/site-packages/airflow/example_dags/example_bash_operator.py
[2023-09-23T04:11:08.505+0000] {processor.py:829} INFO - Processing file /home/airflow/.local/lib/python3.8/site-packages/airflow/example_dags/example_bash_operator.py for tasks to queue
[2023-09-23T04:11:08.507+0000] {logging_mixin.py:151} INFO - [2023-09-23T04:11:08.507+0000] {dagbag.py:539} INFO - Filling up the DagBag from /home/airflow/.local/lib/python3.8/site-packages/airflow/example_dags/example_bash_operator.py
[2023-09-23T04:11:08.516+0000] {processor.py:839} INFO - DAG(s) dict_keys(['example_bash_operator']) retrieved from /home/airflow/.local/lib/python3.8/site-packages/airflow/example_dags/example_bash_operator.py
[2023-09-23T04:11:08.543+0000] {logging_mixin.py:151} INFO - [2023-09-23T04:11:08.543+0000] {dag.py:2915} INFO - Sync 1 DAGs
[2023-09-23T04:11:08.561+0000] {logging_mixin.py:151} INFO - [2023-09-23T04:11:08.561+0000] {dag.py:3696} INFO - Setting next_dagrun for example_bash_operator to 2023-09-22T00:00:00+00:00, run_after=2023-09-23T00:00:00+00:00
[2023-09-23T04:11:08.621+0000] {processor.py:179} INFO - Processing /home/airflow/.local/lib/python3.8/site-packages/airflow/example_dags/example_bash_operator.py took 0.120 seconds
[2023-09-23T04:11:39.741+0000] {processor.py:157} INFO - Started process (PID=802) to work on /home/airflow/.local/lib/python3.8/site-packages/airflow/example_dags/example_bash_operator.py
[2023-09-23T04:11:39.757+0000] {processor.py:829} INFO - Processing file /home/airflow/.local/lib/python3.8/site-packages/airflow/example_dags/example_bash_operator.py for tasks to queue
[2023-09-23T04:11:39.758+0000] {logging_mixin.py:151} INFO - [2023-09-23T04:11:39.758+0000] {dagbag.py:539} INFO - Filling up the DagBag from /home/airflow/.local/lib/python3.8/site-packages/airflow/example_dags/example_bash_operator.py
[2023-09-23T04:11:39.768+0000] {processor.py:839} INFO - DAG(s) dict_keys(['example_bash_operator']) retrieved from /home/airflow/.local/lib/python3.8/site-packages/airflow/example_dags/example_bash_operator.py
[2023-09-23T04:11:39.794+0000] {logging_mixin.py:151} INFO - [2023-09-23T04:11:39.794+0000] {dag.py:2915} INFO - Sync 1 DAGs
[2023-09-23T04:11:39.813+0000] {logging_mixin.py:151} INFO - [2023-09-23T04:11:39.812+0000] {dag.py:3696} INFO - Setting next_dagrun for example_bash_operator to 2023-09-22T00:00:00+00:00, run_after=2023-09-23T00:00:00+00:00
[2023-09-23T04:11:39.881+0000] {processor.py:179} INFO - Processing /home/airflow/.local/lib/python3.8/site-packages/airflow/example_dags/example_bash_operator.py took 0.142 seconds
[2023-09-23T04:12:10.520+0000] {processor.py:157} INFO - Started process (PID=857) to work on /home/airflow/.local/lib/python3.8/site-packages/airflow/example_dags/example_bash_operator.py
[2023-09-23T04:12:10.533+0000] {processor.py:829} INFO - Processing file /home/airflow/.local/lib/python3.8/site-packages/airflow/example_dags/example_bash_operator.py for tasks to queue
[2023-09-23T04:12:10.534+0000] {logging_mixin.py:151} INFO - [2023-09-23T04:12:10.534+0000] {dagbag.py:539} INFO - Filling up the DagBag from /home/airflow/.local/lib/python3.8/site-packages/airflow/example_dags/example_bash_operator.py
[2023-09-23T04:12:10.543+0000] {processor.py:839} INFO - DAG(s) dict_keys(['example_bash_operator']) retrieved from /home/airflow/.local/lib/python3.8/site-packages/airflow/example_dags/example_bash_operator.py
[2023-09-23T04:12:10.570+0000] {logging_mixin.py:151} INFO - [2023-09-23T04:12:10.570+0000] {dag.py:2915} INFO - Sync 1 DAGs
[2023-09-23T04:12:10.590+0000] {logging_mixin.py:151} INFO - [2023-09-23T04:12:10.589+0000] {dag.py:3696} INFO - Setting next_dagrun for example_bash_operator to 2023-09-22T00:00:00+00:00, run_after=2023-09-23T00:00:00+00:00
[2023-09-23T04:12:10.937+0000] {processor.py:179} INFO - Processing /home/airflow/.local/lib/python3.8/site-packages/airflow/example_dags/example_bash_operator.py took 0.419 seconds
[2023-09-23T04:12:42.607+0000] {processor.py:157} INFO - Started process (PID=912) to work on /home/airflow/.local/lib/python3.8/site-packages/airflow/example_dags/example_bash_operator.py
[2023-09-23T04:12:42.609+0000] {processor.py:829} INFO - Processing file /home/airflow/.local/lib/python3.8/site-packages/airflow/example_dags/example_bash_operator.py for tasks to queue
[2023-09-23T04:12:42.611+0000] {logging_mixin.py:151} INFO - [2023-09-23T04:12:42.611+0000] {dagbag.py:539} INFO - Filling up the DagBag from /home/airflow/.local/lib/python3.8/site-packages/airflow/example_dags/example_bash_operator.py
[2023-09-23T04:12:42.620+0000] {processor.py:839} INFO - DAG(s) dict_keys(['example_bash_operator']) retrieved from /home/airflow/.local/lib/python3.8/site-packages/airflow/example_dags/example_bash_operator.py
[2023-09-23T04:12:42.646+0000] {logging_mixin.py:151} INFO - [2023-09-23T04:12:42.646+0000] {dag.py:2915} INFO - Sync 1 DAGs
[2023-09-23T04:12:42.667+0000] {logging_mixin.py:151} INFO - [2023-09-23T04:12:42.667+0000] {dag.py:3696} INFO - Setting next_dagrun for example_bash_operator to 2023-09-22T00:00:00+00:00, run_after=2023-09-23T00:00:00+00:00
[2023-09-23T04:12:42.732+0000] {processor.py:179} INFO - Processing /home/airflow/.local/lib/python3.8/site-packages/airflow/example_dags/example_bash_operator.py took 0.128 seconds
[2023-09-23T04:13:14.885+0000] {processor.py:157} INFO - Started process (PID=967) to work on /home/airflow/.local/lib/python3.8/site-packages/airflow/example_dags/example_bash_operator.py
[2023-09-23T04:13:14.887+0000] {processor.py:829} INFO - Processing file /home/airflow/.local/lib/python3.8/site-packages/airflow/example_dags/example_bash_operator.py for tasks to queue
[2023-09-23T04:13:14.888+0000] {logging_mixin.py:151} INFO - [2023-09-23T04:13:14.888+0000] {dagbag.py:539} INFO - Filling up the DagBag from /home/airflow/.local/lib/python3.8/site-packages/airflow/example_dags/example_bash_operator.py
[2023-09-23T04:13:14.897+0000] {processor.py:839} INFO - DAG(s) dict_keys(['example_bash_operator']) retrieved from /home/airflow/.local/lib/python3.8/site-packages/airflow/example_dags/example_bash_operator.py
[2023-09-23T04:13:14.925+0000] {logging_mixin.py:151} INFO - [2023-09-23T04:13:14.925+0000] {dag.py:2915} INFO - Sync 1 DAGs
[2023-09-23T04:13:14.945+0000] {logging_mixin.py:151} INFO - [2023-09-23T04:13:14.944+0000] {dag.py:3696} INFO - Setting next_dagrun for example_bash_operator to 2023-09-22T00:00:00+00:00, run_after=2023-09-23T00:00:00+00:00
[2023-09-23T04:13:15.201+0000] {processor.py:179} INFO - Processing /home/airflow/.local/lib/python3.8/site-packages/airflow/example_dags/example_bash_operator.py took 0.318 seconds
[2023-09-23T04:13:45.321+0000] {processor.py:157} INFO - Started process (PID=1022) to work on /home/airflow/.local/lib/python3.8/site-packages/airflow/example_dags/example_bash_operator.py
[2023-09-23T04:13:45.322+0000] {processor.py:829} INFO - Processing file /home/airflow/.local/lib/python3.8/site-packages/airflow/example_dags/example_bash_operator.py for tasks to queue
[2023-09-23T04:13:45.324+0000] {logging_mixin.py:151} INFO - [2023-09-23T04:13:45.323+0000] {dagbag.py:539} INFO - Filling up the DagBag from /home/airflow/.local/lib/python3.8/site-packages/airflow/example_dags/example_bash_operator.py
[2023-09-23T04:13:45.333+0000] {processor.py:839} INFO - DAG(s) dict_keys(['example_bash_operator']) retrieved from /home/airflow/.local/lib/python3.8/site-packages/airflow/example_dags/example_bash_operator.py
[2023-09-23T04:13:45.360+0000] {logging_mixin.py:151} INFO - [2023-09-23T04:13:45.359+0000] {dag.py:2915} INFO - Sync 1 DAGs
[2023-09-23T04:13:45.378+0000] {logging_mixin.py:151} INFO - [2023-09-23T04:13:45.378+0000] {dag.py:3696} INFO - Setting next_dagrun for example_bash_operator to 2023-09-22T00:00:00+00:00, run_after=2023-09-23T00:00:00+00:00
[2023-09-23T04:13:45.434+0000] {processor.py:179} INFO - Processing /home/airflow/.local/lib/python3.8/site-packages/airflow/example_dags/example_bash_operator.py took 0.116 seconds
[2023-09-23T04:14:15.662+0000] {processor.py:157} INFO - Started process (PID=1077) to work on /home/airflow/.local/lib/python3.8/site-packages/airflow/example_dags/example_bash_operator.py
[2023-09-23T04:14:15.664+0000] {processor.py:829} INFO - Processing file /home/airflow/.local/lib/python3.8/site-packages/airflow/example_dags/example_bash_operator.py for tasks to queue
[2023-09-23T04:14:15.665+0000] {logging_mixin.py:151} INFO - [2023-09-23T04:14:15.665+0000] {dagbag.py:539} INFO - Filling up the DagBag from /home/airflow/.local/lib/python3.8/site-packages/airflow/example_dags/example_bash_operator.py
[2023-09-23T04:14:15.674+0000] {processor.py:839} INFO - DAG(s) dict_keys(['example_bash_operator']) retrieved from /home/airflow/.local/lib/python3.8/site-packages/airflow/example_dags/example_bash_operator.py
[2023-09-23T04:14:15.700+0000] {logging_mixin.py:151} INFO - [2023-09-23T04:14:15.700+0000] {dag.py:2915} INFO - Sync 1 DAGs
[2023-09-23T04:14:15.719+0000] {logging_mixin.py:151} INFO - [2023-09-23T04:14:15.719+0000] {dag.py:3696} INFO - Setting next_dagrun for example_bash_operator to 2023-09-22T00:00:00+00:00, run_after=2023-09-23T00:00:00+00:00
[2023-09-23T04:14:15.763+0000] {processor.py:179} INFO - Processing /home/airflow/.local/lib/python3.8/site-packages/airflow/example_dags/example_bash_operator.py took 0.104 seconds
[2023-09-23T04:14:46.994+0000] {processor.py:157} INFO - Started process (PID=1132) to work on /home/airflow/.local/lib/python3.8/site-packages/airflow/example_dags/example_bash_operator.py
[2023-09-23T04:14:46.996+0000] {processor.py:829} INFO - Processing file /home/airflow/.local/lib/python3.8/site-packages/airflow/example_dags/example_bash_operator.py for tasks to queue
[2023-09-23T04:14:46.997+0000] {logging_mixin.py:151} INFO - [2023-09-23T04:14:46.997+0000] {dagbag.py:539} INFO - Filling up the DagBag from /home/airflow/.local/lib/python3.8/site-packages/airflow/example_dags/example_bash_operator.py
[2023-09-23T04:14:47.007+0000] {processor.py:839} INFO - DAG(s) dict_keys(['example_bash_operator']) retrieved from /home/airflow/.local/lib/python3.8/site-packages/airflow/example_dags/example_bash_operator.py
[2023-09-23T04:14:47.034+0000] {logging_mixin.py:151} INFO - [2023-09-23T04:14:47.034+0000] {dag.py:2915} INFO - Sync 1 DAGs
[2023-09-23T04:14:47.052+0000] {logging_mixin.py:151} INFO - [2023-09-23T04:14:47.052+0000] {dag.py:3696} INFO - Setting next_dagrun for example_bash_operator to 2023-09-22T00:00:00+00:00, run_after=2023-09-23T00:00:00+00:00
[2023-09-23T04:14:47.097+0000] {processor.py:179} INFO - Processing /home/airflow/.local/lib/python3.8/site-packages/airflow/example_dags/example_bash_operator.py took 0.105 seconds
[2023-09-23T04:15:17.343+0000] {processor.py:157} INFO - Started process (PID=1187) to work on /home/airflow/.local/lib/python3.8/site-packages/airflow/example_dags/example_bash_operator.py
[2023-09-23T04:15:17.344+0000] {processor.py:829} INFO - Processing file /home/airflow/.local/lib/python3.8/site-packages/airflow/example_dags/example_bash_operator.py for tasks to queue
[2023-09-23T04:15:17.346+0000] {logging_mixin.py:151} INFO - [2023-09-23T04:15:17.346+0000] {dagbag.py:539} INFO - Filling up the DagBag from /home/airflow/.local/lib/python3.8/site-packages/airflow/example_dags/example_bash_operator.py
[2023-09-23T04:15:17.354+0000] {processor.py:839} INFO - DAG(s) dict_keys(['example_bash_operator']) retrieved from /home/airflow/.local/lib/python3.8/site-packages/airflow/example_dags/example_bash_operator.py
[2023-09-23T04:15:17.380+0000] {logging_mixin.py:151} INFO - [2023-09-23T04:15:17.380+0000] {dag.py:2915} INFO - Sync 1 DAGs
[2023-09-23T04:15:17.399+0000] {logging_mixin.py:151} INFO - [2023-09-23T04:15:17.399+0000] {dag.py:3696} INFO - Setting next_dagrun for example_bash_operator to 2023-09-22T00:00:00+00:00, run_after=2023-09-23T00:00:00+00:00
[2023-09-23T04:15:17.485+0000] {processor.py:179} INFO - Processing /home/airflow/.local/lib/python3.8/site-packages/airflow/example_dags/example_bash_operator.py took 0.145 seconds
[2023-09-23T04:15:48.425+0000] {processor.py:157} INFO - Started process (PID=1242) to work on /home/airflow/.local/lib/python3.8/site-packages/airflow/example_dags/example_bash_operator.py
[2023-09-23T04:15:48.426+0000] {processor.py:829} INFO - Processing file /home/airflow/.local/lib/python3.8/site-packages/airflow/example_dags/example_bash_operator.py for tasks to queue
[2023-09-23T04:15:48.428+0000] {logging_mixin.py:151} INFO - [2023-09-23T04:15:48.428+0000] {dagbag.py:539} INFO - Filling up the DagBag from /home/airflow/.local/lib/python3.8/site-packages/airflow/example_dags/example_bash_operator.py
[2023-09-23T04:15:48.436+0000] {processor.py:839} INFO - DAG(s) dict_keys(['example_bash_operator']) retrieved from /home/airflow/.local/lib/python3.8/site-packages/airflow/example_dags/example_bash_operator.py
[2023-09-23T04:15:48.462+0000] {logging_mixin.py:151} INFO - [2023-09-23T04:15:48.462+0000] {dag.py:2915} INFO - Sync 1 DAGs
[2023-09-23T04:15:48.480+0000] {logging_mixin.py:151} INFO - [2023-09-23T04:15:48.480+0000] {dag.py:3696} INFO - Setting next_dagrun for example_bash_operator to 2023-09-22T00:00:00+00:00, run_after=2023-09-23T00:00:00+00:00
[2023-09-23T04:15:48.540+0000] {processor.py:179} INFO - Processing /home/airflow/.local/lib/python3.8/site-packages/airflow/example_dags/example_bash_operator.py took 0.118 seconds
[2023-09-23T04:16:19.896+0000] {processor.py:157} INFO - Started process (PID=1297) to work on /home/airflow/.local/lib/python3.8/site-packages/airflow/example_dags/example_bash_operator.py
[2023-09-23T04:16:19.899+0000] {processor.py:829} INFO - Processing file /home/airflow/.local/lib/python3.8/site-packages/airflow/example_dags/example_bash_operator.py for tasks to queue
[2023-09-23T04:16:19.901+0000] {logging_mixin.py:151} INFO - [2023-09-23T04:16:19.901+0000] {dagbag.py:539} INFO - Filling up the DagBag from /home/airflow/.local/lib/python3.8/site-packages/airflow/example_dags/example_bash_operator.py
[2023-09-23T04:16:19.910+0000] {processor.py:839} INFO - DAG(s) dict_keys(['example_bash_operator']) retrieved from /home/airflow/.local/lib/python3.8/site-packages/airflow/example_dags/example_bash_operator.py
[2023-09-23T04:16:19.938+0000] {logging_mixin.py:151} INFO - [2023-09-23T04:16:19.938+0000] {dag.py:2915} INFO - Sync 1 DAGs
[2023-09-23T04:16:19.959+0000] {logging_mixin.py:151} INFO - [2023-09-23T04:16:19.959+0000] {dag.py:3696} INFO - Setting next_dagrun for example_bash_operator to 2023-09-22T00:00:00+00:00, run_after=2023-09-23T00:00:00+00:00
[2023-09-23T04:16:20.001+0000] {processor.py:179} INFO - Processing /home/airflow/.local/lib/python3.8/site-packages/airflow/example_dags/example_bash_operator.py took 0.108 seconds
[2023-09-23T04:16:51.774+0000] {processor.py:157} INFO - Started process (PID=1352) to work on /home/airflow/.local/lib/python3.8/site-packages/airflow/example_dags/example_bash_operator.py
[2023-09-23T04:16:51.779+0000] {processor.py:829} INFO - Processing file /home/airflow/.local/lib/python3.8/site-packages/airflow/example_dags/example_bash_operator.py for tasks to queue
[2023-09-23T04:16:51.782+0000] {logging_mixin.py:151} INFO - [2023-09-23T04:16:51.781+0000] {dagbag.py:539} INFO - Filling up the DagBag from /home/airflow/.local/lib/python3.8/site-packages/airflow/example_dags/example_bash_operator.py
[2023-09-23T04:16:51.798+0000] {processor.py:839} INFO - DAG(s) dict_keys(['example_bash_operator']) retrieved from /home/airflow/.local/lib/python3.8/site-packages/airflow/example_dags/example_bash_operator.py
[2023-09-23T04:16:51.829+0000] {logging_mixin.py:151} INFO - [2023-09-23T04:16:51.828+0000] {dag.py:2915} INFO - Sync 1 DAGs
[2023-09-23T04:16:51.849+0000] {logging_mixin.py:151} INFO - [2023-09-23T04:16:51.849+0000] {dag.py:3696} INFO - Setting next_dagrun for example_bash_operator to 2023-09-22T00:00:00+00:00, run_after=2023-09-23T00:00:00+00:00
[2023-09-23T04:16:51.903+0000] {processor.py:179} INFO - Processing /home/airflow/.local/lib/python3.8/site-packages/airflow/example_dags/example_bash_operator.py took 0.132 seconds
[2023-09-23T04:17:22.384+0000] {processor.py:157} INFO - Started process (PID=1407) to work on /home/airflow/.local/lib/python3.8/site-packages/airflow/example_dags/example_bash_operator.py
[2023-09-23T04:17:22.386+0000] {processor.py:829} INFO - Processing file /home/airflow/.local/lib/python3.8/site-packages/airflow/example_dags/example_bash_operator.py for tasks to queue
[2023-09-23T04:17:22.387+0000] {logging_mixin.py:151} INFO - [2023-09-23T04:17:22.387+0000] {dagbag.py:539} INFO - Filling up the DagBag from /home/airflow/.local/lib/python3.8/site-packages/airflow/example_dags/example_bash_operator.py
[2023-09-23T04:17:22.396+0000] {processor.py:839} INFO - DAG(s) dict_keys(['example_bash_operator']) retrieved from /home/airflow/.local/lib/python3.8/site-packages/airflow/example_dags/example_bash_operator.py
[2023-09-23T04:17:22.422+0000] {logging_mixin.py:151} INFO - [2023-09-23T04:17:22.422+0000] {dag.py:2915} INFO - Sync 1 DAGs
[2023-09-23T04:17:22.440+0000] {logging_mixin.py:151} INFO - [2023-09-23T04:17:22.440+0000] {dag.py:3696} INFO - Setting next_dagrun for example_bash_operator to 2023-09-22T00:00:00+00:00, run_after=2023-09-23T00:00:00+00:00
[2023-09-23T04:17:22.497+0000] {processor.py:179} INFO - Processing /home/airflow/.local/lib/python3.8/site-packages/airflow/example_dags/example_bash_operator.py took 0.116 seconds
[2023-09-23T04:17:58.701+0000] {processor.py:157} INFO - Started process (PID=1464) to work on /home/airflow/.local/lib/python3.8/site-packages/airflow/example_dags/example_bash_operator.py
[2023-09-23T04:17:58.739+0000] {processor.py:829} INFO - Processing file /home/airflow/.local/lib/python3.8/site-packages/airflow/example_dags/example_bash_operator.py for tasks to queue
[2023-09-23T04:17:58.741+0000] {logging_mixin.py:151} INFO - [2023-09-23T04:17:58.740+0000] {dagbag.py:539} INFO - Filling up the DagBag from /home/airflow/.local/lib/python3.8/site-packages/airflow/example_dags/example_bash_operator.py
[2023-09-23T04:17:58.753+0000] {processor.py:839} INFO - DAG(s) dict_keys(['example_bash_operator']) retrieved from /home/airflow/.local/lib/python3.8/site-packages/airflow/example_dags/example_bash_operator.py
[2023-09-23T04:17:58.765+0000] {logging_mixin.py:151} INFO - [2023-09-23T04:17:58.765+0000] {dag.py:2915} INFO - Sync 1 DAGs
[2023-09-23T04:17:58.786+0000] {logging_mixin.py:151} INFO - [2023-09-23T04:17:58.786+0000] {dag.py:3696} INFO - Setting next_dagrun for example_bash_operator to 2023-09-22T00:00:00+00:00, run_after=2023-09-23T00:00:00+00:00
[2023-09-23T04:17:58.840+0000] {processor.py:179} INFO - Processing /home/airflow/.local/lib/python3.8/site-packages/airflow/example_dags/example_bash_operator.py took 0.141 seconds
[2023-09-23T04:18:33.803+0000] {processor.py:157} INFO - Started process (PID=1519) to work on /home/airflow/.local/lib/python3.8/site-packages/airflow/example_dags/example_bash_operator.py
[2023-09-23T04:18:33.938+0000] {processor.py:829} INFO - Processing file /home/airflow/.local/lib/python3.8/site-packages/airflow/example_dags/example_bash_operator.py for tasks to queue
[2023-09-23T04:18:33.945+0000] {logging_mixin.py:151} INFO - [2023-09-23T04:18:33.944+0000] {dagbag.py:539} INFO - Filling up the DagBag from /home/airflow/.local/lib/python3.8/site-packages/airflow/example_dags/example_bash_operator.py
[2023-09-23T04:18:33.955+0000] {processor.py:839} INFO - DAG(s) dict_keys(['example_bash_operator']) retrieved from /home/airflow/.local/lib/python3.8/site-packages/airflow/example_dags/example_bash_operator.py
[2023-09-23T04:18:33.982+0000] {logging_mixin.py:151} INFO - [2023-09-23T04:18:33.982+0000] {dag.py:2915} INFO - Sync 1 DAGs
[2023-09-23T04:18:34.001+0000] {logging_mixin.py:151} INFO - [2023-09-23T04:18:34.001+0000] {dag.py:3696} INFO - Setting next_dagrun for example_bash_operator to 2023-09-22T00:00:00+00:00, run_after=2023-09-23T00:00:00+00:00
[2023-09-23T04:18:34.876+0000] {processor.py:179} INFO - Processing /home/airflow/.local/lib/python3.8/site-packages/airflow/example_dags/example_bash_operator.py took 1.075 seconds
[2023-09-23T04:19:10.865+0000] {processor.py:157} INFO - Started process (PID=1574) to work on /home/airflow/.local/lib/python3.8/site-packages/airflow/example_dags/example_bash_operator.py
[2023-09-23T04:19:10.925+0000] {processor.py:829} INFO - Processing file /home/airflow/.local/lib/python3.8/site-packages/airflow/example_dags/example_bash_operator.py for tasks to queue
[2023-09-23T04:19:10.926+0000] {logging_mixin.py:151} INFO - [2023-09-23T04:19:10.926+0000] {dagbag.py:539} INFO - Filling up the DagBag from /home/airflow/.local/lib/python3.8/site-packages/airflow/example_dags/example_bash_operator.py
[2023-09-23T04:19:10.935+0000] {processor.py:839} INFO - DAG(s) dict_keys(['example_bash_operator']) retrieved from /home/airflow/.local/lib/python3.8/site-packages/airflow/example_dags/example_bash_operator.py
[2023-09-23T04:19:10.963+0000] {logging_mixin.py:151} INFO - [2023-09-23T04:19:10.963+0000] {dag.py:2915} INFO - Sync 1 DAGs
[2023-09-23T04:19:10.983+0000] {logging_mixin.py:151} INFO - [2023-09-23T04:19:10.982+0000] {dag.py:3696} INFO - Setting next_dagrun for example_bash_operator to 2023-09-22T00:00:00+00:00, run_after=2023-09-23T00:00:00+00:00
[2023-09-23T04:19:11.445+0000] {processor.py:179} INFO - Processing /home/airflow/.local/lib/python3.8/site-packages/airflow/example_dags/example_bash_operator.py took 0.582 seconds
[2023-09-23T04:19:42.145+0000] {processor.py:157} INFO - Started process (PID=1629) to work on /home/airflow/.local/lib/python3.8/site-packages/airflow/example_dags/example_bash_operator.py
[2023-09-23T04:19:43.177+0000] {processor.py:829} INFO - Processing file /home/airflow/.local/lib/python3.8/site-packages/airflow/example_dags/example_bash_operator.py for tasks to queue
[2023-09-23T04:19:43.180+0000] {logging_mixin.py:151} INFO - [2023-09-23T04:19:43.180+0000] {dagbag.py:539} INFO - Filling up the DagBag from /home/airflow/.local/lib/python3.8/site-packages/airflow/example_dags/example_bash_operator.py
[2023-09-23T04:19:43.190+0000] {processor.py:839} INFO - DAG(s) dict_keys(['example_bash_operator']) retrieved from /home/airflow/.local/lib/python3.8/site-packages/airflow/example_dags/example_bash_operator.py
[2023-09-23T04:19:43.217+0000] {logging_mixin.py:151} INFO - [2023-09-23T04:19:43.216+0000] {dag.py:2915} INFO - Sync 1 DAGs
[2023-09-23T04:19:43.236+0000] {logging_mixin.py:151} INFO - [2023-09-23T04:19:43.236+0000] {dag.py:3696} INFO - Setting next_dagrun for example_bash_operator to 2023-09-22T00:00:00+00:00, run_after=2023-09-23T00:00:00+00:00
[2023-09-23T04:19:43.465+0000] {processor.py:179} INFO - Processing /home/airflow/.local/lib/python3.8/site-packages/airflow/example_dags/example_bash_operator.py took 1.322 seconds
[2023-09-23T04:24:10.412+0000] {processor.py:157} INFO - Started process (PID=78) to work on /home/airflow/.local/lib/python3.8/site-packages/airflow/example_dags/example_bash_operator.py
[2023-09-23T04:24:10.433+0000] {processor.py:829} INFO - Processing file /home/airflow/.local/lib/python3.8/site-packages/airflow/example_dags/example_bash_operator.py for tasks to queue
[2023-09-23T04:24:10.435+0000] {logging_mixin.py:151} INFO - [2023-09-23T04:24:10.435+0000] {dagbag.py:539} INFO - Filling up the DagBag from /home/airflow/.local/lib/python3.8/site-packages/airflow/example_dags/example_bash_operator.py
[2023-09-23T04:24:10.446+0000] {processor.py:839} INFO - DAG(s) dict_keys(['example_bash_operator']) retrieved from /home/airflow/.local/lib/python3.8/site-packages/airflow/example_dags/example_bash_operator.py
[2023-09-23T04:24:10.474+0000] {logging_mixin.py:151} INFO - [2023-09-23T04:24:10.473+0000] {dag.py:2915} INFO - Sync 1 DAGs
[2023-09-23T04:24:10.495+0000] {logging_mixin.py:151} INFO - [2023-09-23T04:24:10.495+0000] {dag.py:3696} INFO - Setting next_dagrun for example_bash_operator to 2023-09-22T00:00:00+00:00, run_after=2023-09-23T00:00:00+00:00
[2023-09-23T04:24:10.547+0000] {processor.py:179} INFO - Processing /home/airflow/.local/lib/python3.8/site-packages/airflow/example_dags/example_bash_operator.py took 0.138 seconds
[2023-09-23T04:24:58.942+0000] {processor.py:157} INFO - Started process (PID=141) to work on /home/airflow/.local/lib/python3.8/site-packages/airflow/example_dags/example_bash_operator.py
[2023-09-23T04:24:58.944+0000] {processor.py:829} INFO - Processing file /home/airflow/.local/lib/python3.8/site-packages/airflow/example_dags/example_bash_operator.py for tasks to queue
[2023-09-23T04:24:58.945+0000] {logging_mixin.py:151} INFO - [2023-09-23T04:24:58.945+0000] {dagbag.py:539} INFO - Filling up the DagBag from /home/airflow/.local/lib/python3.8/site-packages/airflow/example_dags/example_bash_operator.py
[2023-09-23T04:24:58.955+0000] {processor.py:839} INFO - DAG(s) dict_keys(['example_bash_operator']) retrieved from /home/airflow/.local/lib/python3.8/site-packages/airflow/example_dags/example_bash_operator.py
[2023-09-23T04:24:58.982+0000] {logging_mixin.py:151} INFO - [2023-09-23T04:24:58.982+0000] {dag.py:2915} INFO - Sync 1 DAGs
[2023-09-23T04:24:59.001+0000] {logging_mixin.py:151} INFO - [2023-09-23T04:24:59.001+0000] {dag.py:3696} INFO - Setting next_dagrun for example_bash_operator to 2023-09-22T00:00:00+00:00, run_after=2023-09-23T00:00:00+00:00
[2023-09-23T04:24:59.066+0000] {processor.py:179} INFO - Processing /home/airflow/.local/lib/python3.8/site-packages/airflow/example_dags/example_bash_operator.py took 0.127 seconds
[2023-09-23T04:25:30.479+0000] {processor.py:157} INFO - Started process (PID=196) to work on /home/airflow/.local/lib/python3.8/site-packages/airflow/example_dags/example_bash_operator.py
[2023-09-23T04:25:30.480+0000] {processor.py:829} INFO - Processing file /home/airflow/.local/lib/python3.8/site-packages/airflow/example_dags/example_bash_operator.py for tasks to queue
[2023-09-23T04:25:30.482+0000] {logging_mixin.py:151} INFO - [2023-09-23T04:25:30.482+0000] {dagbag.py:539} INFO - Filling up the DagBag from /home/airflow/.local/lib/python3.8/site-packages/airflow/example_dags/example_bash_operator.py
[2023-09-23T04:25:30.492+0000] {processor.py:839} INFO - DAG(s) dict_keys(['example_bash_operator']) retrieved from /home/airflow/.local/lib/python3.8/site-packages/airflow/example_dags/example_bash_operator.py
[2023-09-23T04:25:30.519+0000] {logging_mixin.py:151} INFO - [2023-09-23T04:25:30.518+0000] {dag.py:2915} INFO - Sync 1 DAGs
[2023-09-23T04:25:30.537+0000] {logging_mixin.py:151} INFO - [2023-09-23T04:25:30.537+0000] {dag.py:3696} INFO - Setting next_dagrun for example_bash_operator to 2023-09-22T00:00:00+00:00, run_after=2023-09-23T00:00:00+00:00
[2023-09-23T04:25:30.606+0000] {processor.py:179} INFO - Processing /home/airflow/.local/lib/python3.8/site-packages/airflow/example_dags/example_bash_operator.py took 0.129 seconds
[2023-09-23T04:26:06.323+0000] {processor.py:157} INFO - Started process (PID=251) to work on /home/airflow/.local/lib/python3.8/site-packages/airflow/example_dags/example_bash_operator.py
[2023-09-23T04:26:06.400+0000] {processor.py:829} INFO - Processing file /home/airflow/.local/lib/python3.8/site-packages/airflow/example_dags/example_bash_operator.py for tasks to queue
[2023-09-23T04:26:06.402+0000] {logging_mixin.py:151} INFO - [2023-09-23T04:26:06.401+0000] {dagbag.py:539} INFO - Filling up the DagBag from /home/airflow/.local/lib/python3.8/site-packages/airflow/example_dags/example_bash_operator.py
[2023-09-23T04:26:06.411+0000] {processor.py:839} INFO - DAG(s) dict_keys(['example_bash_operator']) retrieved from /home/airflow/.local/lib/python3.8/site-packages/airflow/example_dags/example_bash_operator.py
[2023-09-23T04:26:06.437+0000] {logging_mixin.py:151} INFO - [2023-09-23T04:26:06.437+0000] {dag.py:2915} INFO - Sync 1 DAGs
[2023-09-23T04:26:06.455+0000] {logging_mixin.py:151} INFO - [2023-09-23T04:26:06.455+0000] {dag.py:3696} INFO - Setting next_dagrun for example_bash_operator to 2023-09-22T00:00:00+00:00, run_after=2023-09-23T00:00:00+00:00
[2023-09-23T04:26:07.483+0000] {processor.py:179} INFO - Processing /home/airflow/.local/lib/python3.8/site-packages/airflow/example_dags/example_bash_operator.py took 1.163 seconds
[2023-09-23T04:26:38.013+0000] {processor.py:157} INFO - Started process (PID=306) to work on /home/airflow/.local/lib/python3.8/site-packages/airflow/example_dags/example_bash_operator.py
[2023-09-23T04:26:38.207+0000] {processor.py:829} INFO - Processing file /home/airflow/.local/lib/python3.8/site-packages/airflow/example_dags/example_bash_operator.py for tasks to queue
[2023-09-23T04:26:38.209+0000] {logging_mixin.py:151} INFO - [2023-09-23T04:26:38.209+0000] {dagbag.py:539} INFO - Filling up the DagBag from /home/airflow/.local/lib/python3.8/site-packages/airflow/example_dags/example_bash_operator.py
[2023-09-23T04:26:38.218+0000] {processor.py:839} INFO - DAG(s) dict_keys(['example_bash_operator']) retrieved from /home/airflow/.local/lib/python3.8/site-packages/airflow/example_dags/example_bash_operator.py
[2023-09-23T04:26:38.245+0000] {logging_mixin.py:151} INFO - [2023-09-23T04:26:38.245+0000] {dag.py:2915} INFO - Sync 1 DAGs
[2023-09-23T04:26:38.265+0000] {logging_mixin.py:151} INFO - [2023-09-23T04:26:38.264+0000] {dag.py:3696} INFO - Setting next_dagrun for example_bash_operator to 2023-09-22T00:00:00+00:00, run_after=2023-09-23T00:00:00+00:00
[2023-09-23T04:26:38.328+0000] {processor.py:179} INFO - Processing /home/airflow/.local/lib/python3.8/site-packages/airflow/example_dags/example_bash_operator.py took 0.317 seconds
[2023-09-23T04:27:08.830+0000] {processor.py:157} INFO - Started process (PID=361) to work on /home/airflow/.local/lib/python3.8/site-packages/airflow/example_dags/example_bash_operator.py
[2023-09-23T04:27:08.845+0000] {processor.py:829} INFO - Processing file /home/airflow/.local/lib/python3.8/site-packages/airflow/example_dags/example_bash_operator.py for tasks to queue
[2023-09-23T04:27:08.847+0000] {logging_mixin.py:151} INFO - [2023-09-23T04:27:08.846+0000] {dagbag.py:539} INFO - Filling up the DagBag from /home/airflow/.local/lib/python3.8/site-packages/airflow/example_dags/example_bash_operator.py
[2023-09-23T04:27:08.856+0000] {processor.py:839} INFO - DAG(s) dict_keys(['example_bash_operator']) retrieved from /home/airflow/.local/lib/python3.8/site-packages/airflow/example_dags/example_bash_operator.py
[2023-09-23T04:27:08.882+0000] {logging_mixin.py:151} INFO - [2023-09-23T04:27:08.882+0000] {dag.py:2915} INFO - Sync 1 DAGs
[2023-09-23T04:27:08.902+0000] {logging_mixin.py:151} INFO - [2023-09-23T04:27:08.902+0000] {dag.py:3696} INFO - Setting next_dagrun for example_bash_operator to 2023-09-22T00:00:00+00:00, run_after=2023-09-23T00:00:00+00:00
[2023-09-23T04:27:08.971+0000] {processor.py:179} INFO - Processing /home/airflow/.local/lib/python3.8/site-packages/airflow/example_dags/example_bash_operator.py took 0.144 seconds
[2023-09-23T04:27:41.483+0000] {processor.py:157} INFO - Started process (PID=416) to work on /home/airflow/.local/lib/python3.8/site-packages/airflow/example_dags/example_bash_operator.py
[2023-09-23T04:27:41.484+0000] {processor.py:829} INFO - Processing file /home/airflow/.local/lib/python3.8/site-packages/airflow/example_dags/example_bash_operator.py for tasks to queue
[2023-09-23T04:27:41.486+0000] {logging_mixin.py:151} INFO - [2023-09-23T04:27:41.486+0000] {dagbag.py:539} INFO - Filling up the DagBag from /home/airflow/.local/lib/python3.8/site-packages/airflow/example_dags/example_bash_operator.py
[2023-09-23T04:27:41.495+0000] {processor.py:839} INFO - DAG(s) dict_keys(['example_bash_operator']) retrieved from /home/airflow/.local/lib/python3.8/site-packages/airflow/example_dags/example_bash_operator.py
[2023-09-23T04:27:41.522+0000] {logging_mixin.py:151} INFO - [2023-09-23T04:27:41.522+0000] {dag.py:2915} INFO - Sync 1 DAGs
[2023-09-23T04:27:41.541+0000] {logging_mixin.py:151} INFO - [2023-09-23T04:27:41.540+0000] {dag.py:3696} INFO - Setting next_dagrun for example_bash_operator to 2023-09-22T00:00:00+00:00, run_after=2023-09-23T00:00:00+00:00
[2023-09-23T04:27:41.632+0000] {processor.py:179} INFO - Processing /home/airflow/.local/lib/python3.8/site-packages/airflow/example_dags/example_bash_operator.py took 0.153 seconds
[2023-09-23T04:28:13.065+0000] {processor.py:157} INFO - Started process (PID=471) to work on /home/airflow/.local/lib/python3.8/site-packages/airflow/example_dags/example_bash_operator.py
[2023-09-23T04:28:13.079+0000] {processor.py:829} INFO - Processing file /home/airflow/.local/lib/python3.8/site-packages/airflow/example_dags/example_bash_operator.py for tasks to queue
[2023-09-23T04:28:13.081+0000] {logging_mixin.py:151} INFO - [2023-09-23T04:28:13.081+0000] {dagbag.py:539} INFO - Filling up the DagBag from /home/airflow/.local/lib/python3.8/site-packages/airflow/example_dags/example_bash_operator.py
[2023-09-23T04:28:13.090+0000] {processor.py:839} INFO - DAG(s) dict_keys(['example_bash_operator']) retrieved from /home/airflow/.local/lib/python3.8/site-packages/airflow/example_dags/example_bash_operator.py
[2023-09-23T04:28:13.117+0000] {logging_mixin.py:151} INFO - [2023-09-23T04:28:13.117+0000] {dag.py:2915} INFO - Sync 1 DAGs
[2023-09-23T04:28:13.137+0000] {logging_mixin.py:151} INFO - [2023-09-23T04:28:13.137+0000] {dag.py:3696} INFO - Setting next_dagrun for example_bash_operator to 2023-09-22T00:00:00+00:00, run_after=2023-09-23T00:00:00+00:00
[2023-09-23T04:28:13.203+0000] {processor.py:179} INFO - Processing /home/airflow/.local/lib/python3.8/site-packages/airflow/example_dags/example_bash_operator.py took 0.141 seconds
[2023-09-23T04:28:43.522+0000] {processor.py:157} INFO - Started process (PID=526) to work on /home/airflow/.local/lib/python3.8/site-packages/airflow/example_dags/example_bash_operator.py
[2023-09-23T04:28:43.523+0000] {processor.py:829} INFO - Processing file /home/airflow/.local/lib/python3.8/site-packages/airflow/example_dags/example_bash_operator.py for tasks to queue
[2023-09-23T04:28:43.525+0000] {logging_mixin.py:151} INFO - [2023-09-23T04:28:43.525+0000] {dagbag.py:539} INFO - Filling up the DagBag from /home/airflow/.local/lib/python3.8/site-packages/airflow/example_dags/example_bash_operator.py
[2023-09-23T04:28:43.534+0000] {processor.py:839} INFO - DAG(s) dict_keys(['example_bash_operator']) retrieved from /home/airflow/.local/lib/python3.8/site-packages/airflow/example_dags/example_bash_operator.py
[2023-09-23T04:28:43.564+0000] {logging_mixin.py:151} INFO - [2023-09-23T04:28:43.564+0000] {dag.py:2915} INFO - Sync 1 DAGs
[2023-09-23T04:28:43.585+0000] {logging_mixin.py:151} INFO - [2023-09-23T04:28:43.584+0000] {dag.py:3696} INFO - Setting next_dagrun for example_bash_operator to 2023-09-22T00:00:00+00:00, run_after=2023-09-23T00:00:00+00:00
[2023-09-23T04:28:43.635+0000] {processor.py:179} INFO - Processing /home/airflow/.local/lib/python3.8/site-packages/airflow/example_dags/example_bash_operator.py took 0.116 seconds
[2023-09-23T04:29:17.109+0000] {processor.py:157} INFO - Started process (PID=581) to work on /home/airflow/.local/lib/python3.8/site-packages/airflow/example_dags/example_bash_operator.py
[2023-09-23T04:29:17.322+0000] {processor.py:829} INFO - Processing file /home/airflow/.local/lib/python3.8/site-packages/airflow/example_dags/example_bash_operator.py for tasks to queue
[2023-09-23T04:29:17.327+0000] {logging_mixin.py:151} INFO - [2023-09-23T04:29:17.327+0000] {dagbag.py:539} INFO - Filling up the DagBag from /home/airflow/.local/lib/python3.8/site-packages/airflow/example_dags/example_bash_operator.py
[2023-09-23T04:29:17.336+0000] {processor.py:839} INFO - DAG(s) dict_keys(['example_bash_operator']) retrieved from /home/airflow/.local/lib/python3.8/site-packages/airflow/example_dags/example_bash_operator.py
[2023-09-23T04:29:17.347+0000] {logging_mixin.py:151} INFO - [2023-09-23T04:29:17.347+0000] {dag.py:2915} INFO - Sync 1 DAGs
[2023-09-23T04:29:17.367+0000] {logging_mixin.py:151} INFO - [2023-09-23T04:29:17.367+0000] {dag.py:3696} INFO - Setting next_dagrun for example_bash_operator to 2023-09-22T00:00:00+00:00, run_after=2023-09-23T00:00:00+00:00
[2023-09-23T04:29:17.598+0000] {processor.py:179} INFO - Processing /home/airflow/.local/lib/python3.8/site-packages/airflow/example_dags/example_bash_operator.py took 0.492 seconds
[2023-09-23T04:29:56.363+0000] {processor.py:157} INFO - Started process (PID=636) to work on /home/airflow/.local/lib/python3.8/site-packages/airflow/example_dags/example_bash_operator.py
[2023-09-23T04:29:56.413+0000] {processor.py:829} INFO - Processing file /home/airflow/.local/lib/python3.8/site-packages/airflow/example_dags/example_bash_operator.py for tasks to queue
[2023-09-23T04:29:56.416+0000] {logging_mixin.py:151} INFO - [2023-09-23T04:29:56.415+0000] {dagbag.py:539} INFO - Filling up the DagBag from /home/airflow/.local/lib/python3.8/site-packages/airflow/example_dags/example_bash_operator.py
[2023-09-23T04:29:56.433+0000] {processor.py:839} INFO - DAG(s) dict_keys(['example_bash_operator']) retrieved from /home/airflow/.local/lib/python3.8/site-packages/airflow/example_dags/example_bash_operator.py
[2023-09-23T04:29:56.462+0000] {logging_mixin.py:151} INFO - [2023-09-23T04:29:56.461+0000] {dag.py:2915} INFO - Sync 1 DAGs
[2023-09-23T04:29:56.481+0000] {logging_mixin.py:151} INFO - [2023-09-23T04:29:56.481+0000] {dag.py:3696} INFO - Setting next_dagrun for example_bash_operator to 2023-09-22T00:00:00+00:00, run_after=2023-09-23T00:00:00+00:00
[2023-09-23T04:29:56.948+0000] {processor.py:179} INFO - Processing /home/airflow/.local/lib/python3.8/site-packages/airflow/example_dags/example_bash_operator.py took 0.588 seconds
[2023-09-23T04:30:27.287+0000] {processor.py:157} INFO - Started process (PID=691) to work on /home/airflow/.local/lib/python3.8/site-packages/airflow/example_dags/example_bash_operator.py
[2023-09-23T04:30:27.441+0000] {processor.py:829} INFO - Processing file /home/airflow/.local/lib/python3.8/site-packages/airflow/example_dags/example_bash_operator.py for tasks to queue
[2023-09-23T04:30:27.443+0000] {logging_mixin.py:151} INFO - [2023-09-23T04:30:27.443+0000] {dagbag.py:539} INFO - Filling up the DagBag from /home/airflow/.local/lib/python3.8/site-packages/airflow/example_dags/example_bash_operator.py
[2023-09-23T04:30:27.452+0000] {processor.py:839} INFO - DAG(s) dict_keys(['example_bash_operator']) retrieved from /home/airflow/.local/lib/python3.8/site-packages/airflow/example_dags/example_bash_operator.py
[2023-09-23T04:30:27.477+0000] {logging_mixin.py:151} INFO - [2023-09-23T04:30:27.477+0000] {dag.py:2915} INFO - Sync 1 DAGs
[2023-09-23T04:30:27.495+0000] {logging_mixin.py:151} INFO - [2023-09-23T04:30:27.495+0000] {dag.py:3696} INFO - Setting next_dagrun for example_bash_operator to 2023-09-22T00:00:00+00:00, run_after=2023-09-23T00:00:00+00:00
[2023-09-23T04:30:27.786+0000] {processor.py:179} INFO - Processing /home/airflow/.local/lib/python3.8/site-packages/airflow/example_dags/example_bash_operator.py took 0.501 seconds
[2023-09-23T04:30:58.583+0000] {processor.py:157} INFO - Started process (PID=746) to work on /home/airflow/.local/lib/python3.8/site-packages/airflow/example_dags/example_bash_operator.py
[2023-09-23T04:30:58.698+0000] {processor.py:829} INFO - Processing file /home/airflow/.local/lib/python3.8/site-packages/airflow/example_dags/example_bash_operator.py for tasks to queue
[2023-09-23T04:30:58.705+0000] {logging_mixin.py:151} INFO - [2023-09-23T04:30:58.704+0000] {dagbag.py:539} INFO - Filling up the DagBag from /home/airflow/.local/lib/python3.8/site-packages/airflow/example_dags/example_bash_operator.py
[2023-09-23T04:30:58.729+0000] {processor.py:839} INFO - DAG(s) dict_keys(['example_bash_operator']) retrieved from /home/airflow/.local/lib/python3.8/site-packages/airflow/example_dags/example_bash_operator.py
[2023-09-23T04:30:58.759+0000] {logging_mixin.py:151} INFO - [2023-09-23T04:30:58.759+0000] {dag.py:2915} INFO - Sync 1 DAGs
[2023-09-23T04:30:58.779+0000] {logging_mixin.py:151} INFO - [2023-09-23T04:30:58.778+0000] {dag.py:3696} INFO - Setting next_dagrun for example_bash_operator to 2023-09-22T00:00:00+00:00, run_after=2023-09-23T00:00:00+00:00
[2023-09-23T04:30:59.389+0000] {processor.py:179} INFO - Processing /home/airflow/.local/lib/python3.8/site-packages/airflow/example_dags/example_bash_operator.py took 0.809 seconds
[2023-09-23T22:35:27.227+0000] {processor.py:157} INFO - Started process (PID=85) to work on /home/airflow/.local/lib/python3.8/site-packages/airflow/example_dags/example_bash_operator.py
[2023-09-23T22:35:27.306+0000] {processor.py:829} INFO - Processing file /home/airflow/.local/lib/python3.8/site-packages/airflow/example_dags/example_bash_operator.py for tasks to queue
[2023-09-23T22:35:27.308+0000] {logging_mixin.py:151} INFO - [2023-09-23T22:35:27.308+0000] {dagbag.py:539} INFO - Filling up the DagBag from /home/airflow/.local/lib/python3.8/site-packages/airflow/example_dags/example_bash_operator.py
[2023-09-23T22:35:27.322+0000] {processor.py:839} INFO - DAG(s) dict_keys(['example_bash_operator']) retrieved from /home/airflow/.local/lib/python3.8/site-packages/airflow/example_dags/example_bash_operator.py
[2023-09-23T22:35:27.352+0000] {logging_mixin.py:151} INFO - [2023-09-23T22:35:27.352+0000] {dag.py:2915} INFO - Sync 1 DAGs
[2023-09-23T22:35:27.373+0000] {logging_mixin.py:151} INFO - [2023-09-23T22:35:27.372+0000] {dag.py:3696} INFO - Setting next_dagrun for example_bash_operator to 2023-09-22T00:00:00+00:00, run_after=2023-09-23T00:00:00+00:00
[2023-09-23T22:35:27.483+0000] {processor.py:179} INFO - Processing /home/airflow/.local/lib/python3.8/site-packages/airflow/example_dags/example_bash_operator.py took 0.259 seconds
[2023-09-23T22:36:05.436+0000] {processor.py:157} INFO - Started process (PID=147) to work on /home/airflow/.local/lib/python3.8/site-packages/airflow/example_dags/example_bash_operator.py
[2023-09-23T22:36:05.711+0000] {processor.py:829} INFO - Processing file /home/airflow/.local/lib/python3.8/site-packages/airflow/example_dags/example_bash_operator.py for tasks to queue
[2023-09-23T22:36:05.716+0000] {logging_mixin.py:151} INFO - [2023-09-23T22:36:05.715+0000] {dagbag.py:539} INFO - Filling up the DagBag from /home/airflow/.local/lib/python3.8/site-packages/airflow/example_dags/example_bash_operator.py
[2023-09-23T22:36:05.725+0000] {processor.py:839} INFO - DAG(s) dict_keys(['example_bash_operator']) retrieved from /home/airflow/.local/lib/python3.8/site-packages/airflow/example_dags/example_bash_operator.py
[2023-09-23T22:36:05.736+0000] {logging_mixin.py:151} INFO - [2023-09-23T22:36:05.736+0000] {dag.py:2915} INFO - Sync 1 DAGs
[2023-09-23T22:36:05.755+0000] {logging_mixin.py:151} INFO - [2023-09-23T22:36:05.755+0000] {dag.py:3696} INFO - Setting next_dagrun for example_bash_operator to 2023-09-22T00:00:00+00:00, run_after=2023-09-23T00:00:00+00:00
[2023-09-23T22:36:06.392+0000] {processor.py:179} INFO - Processing /home/airflow/.local/lib/python3.8/site-packages/airflow/example_dags/example_bash_operator.py took 0.959 seconds
[2023-09-23T22:36:37.507+0000] {processor.py:157} INFO - Started process (PID=202) to work on /home/airflow/.local/lib/python3.8/site-packages/airflow/example_dags/example_bash_operator.py
[2023-09-23T22:36:37.534+0000] {processor.py:829} INFO - Processing file /home/airflow/.local/lib/python3.8/site-packages/airflow/example_dags/example_bash_operator.py for tasks to queue
[2023-09-23T22:36:37.536+0000] {logging_mixin.py:151} INFO - [2023-09-23T22:36:37.535+0000] {dagbag.py:539} INFO - Filling up the DagBag from /home/airflow/.local/lib/python3.8/site-packages/airflow/example_dags/example_bash_operator.py
[2023-09-23T22:36:37.545+0000] {processor.py:839} INFO - DAG(s) dict_keys(['example_bash_operator']) retrieved from /home/airflow/.local/lib/python3.8/site-packages/airflow/example_dags/example_bash_operator.py
[2023-09-23T22:36:37.574+0000] {logging_mixin.py:151} INFO - [2023-09-23T22:36:37.574+0000] {dag.py:2915} INFO - Sync 1 DAGs
[2023-09-23T22:36:37.593+0000] {logging_mixin.py:151} INFO - [2023-09-23T22:36:37.593+0000] {dag.py:3696} INFO - Setting next_dagrun for example_bash_operator to 2023-09-22T00:00:00+00:00, run_after=2023-09-23T00:00:00+00:00
[2023-09-23T22:36:37.848+0000] {processor.py:179} INFO - Processing /home/airflow/.local/lib/python3.8/site-packages/airflow/example_dags/example_bash_operator.py took 0.343 seconds
[2023-09-23T22:37:08.196+0000] {processor.py:157} INFO - Started process (PID=257) to work on /home/airflow/.local/lib/python3.8/site-packages/airflow/example_dags/example_bash_operator.py
[2023-09-23T22:37:08.240+0000] {processor.py:829} INFO - Processing file /home/airflow/.local/lib/python3.8/site-packages/airflow/example_dags/example_bash_operator.py for tasks to queue
[2023-09-23T22:37:08.242+0000] {logging_mixin.py:151} INFO - [2023-09-23T22:37:08.242+0000] {dagbag.py:539} INFO - Filling up the DagBag from /home/airflow/.local/lib/python3.8/site-packages/airflow/example_dags/example_bash_operator.py
[2023-09-23T22:37:08.251+0000] {processor.py:839} INFO - DAG(s) dict_keys(['example_bash_operator']) retrieved from /home/airflow/.local/lib/python3.8/site-packages/airflow/example_dags/example_bash_operator.py
[2023-09-23T22:37:08.261+0000] {logging_mixin.py:151} INFO - [2023-09-23T22:37:08.261+0000] {dag.py:2915} INFO - Sync 1 DAGs
[2023-09-23T22:37:08.282+0000] {logging_mixin.py:151} INFO - [2023-09-23T22:37:08.282+0000] {dag.py:3696} INFO - Setting next_dagrun for example_bash_operator to 2023-09-22T00:00:00+00:00, run_after=2023-09-23T00:00:00+00:00
[2023-09-23T22:37:08.501+0000] {processor.py:179} INFO - Processing /home/airflow/.local/lib/python3.8/site-packages/airflow/example_dags/example_bash_operator.py took 0.307 seconds
[2023-09-23T22:37:38.912+0000] {processor.py:157} INFO - Started process (PID=312) to work on /home/airflow/.local/lib/python3.8/site-packages/airflow/example_dags/example_bash_operator.py
[2023-09-23T22:37:38.913+0000] {processor.py:829} INFO - Processing file /home/airflow/.local/lib/python3.8/site-packages/airflow/example_dags/example_bash_operator.py for tasks to queue
[2023-09-23T22:37:38.915+0000] {logging_mixin.py:151} INFO - [2023-09-23T22:37:38.914+0000] {dagbag.py:539} INFO - Filling up the DagBag from /home/airflow/.local/lib/python3.8/site-packages/airflow/example_dags/example_bash_operator.py
[2023-09-23T22:37:38.923+0000] {processor.py:839} INFO - DAG(s) dict_keys(['example_bash_operator']) retrieved from /home/airflow/.local/lib/python3.8/site-packages/airflow/example_dags/example_bash_operator.py
[2023-09-23T22:37:38.951+0000] {logging_mixin.py:151} INFO - [2023-09-23T22:37:38.951+0000] {dag.py:2915} INFO - Sync 1 DAGs
[2023-09-23T22:37:38.972+0000] {logging_mixin.py:151} INFO - [2023-09-23T22:37:38.972+0000] {dag.py:3696} INFO - Setting next_dagrun for example_bash_operator to 2023-09-22T00:00:00+00:00, run_after=2023-09-23T00:00:00+00:00
[2023-09-23T22:37:39.026+0000] {processor.py:179} INFO - Processing /home/airflow/.local/lib/python3.8/site-packages/airflow/example_dags/example_bash_operator.py took 0.117 seconds
[2023-09-23T22:38:09.210+0000] {processor.py:157} INFO - Started process (PID=367) to work on /home/airflow/.local/lib/python3.8/site-packages/airflow/example_dags/example_bash_operator.py
[2023-09-23T22:38:09.219+0000] {processor.py:829} INFO - Processing file /home/airflow/.local/lib/python3.8/site-packages/airflow/example_dags/example_bash_operator.py for tasks to queue
[2023-09-23T22:38:09.220+0000] {logging_mixin.py:151} INFO - [2023-09-23T22:38:09.220+0000] {dagbag.py:539} INFO - Filling up the DagBag from /home/airflow/.local/lib/python3.8/site-packages/airflow/example_dags/example_bash_operator.py
[2023-09-23T22:38:09.229+0000] {processor.py:839} INFO - DAG(s) dict_keys(['example_bash_operator']) retrieved from /home/airflow/.local/lib/python3.8/site-packages/airflow/example_dags/example_bash_operator.py
[2023-09-23T22:38:09.256+0000] {logging_mixin.py:151} INFO - [2023-09-23T22:38:09.256+0000] {dag.py:2915} INFO - Sync 1 DAGs
[2023-09-23T22:38:09.274+0000] {logging_mixin.py:151} INFO - [2023-09-23T22:38:09.274+0000] {dag.py:3696} INFO - Setting next_dagrun for example_bash_operator to 2023-09-22T00:00:00+00:00, run_after=2023-09-23T00:00:00+00:00
[2023-09-23T22:38:09.324+0000] {processor.py:179} INFO - Processing /home/airflow/.local/lib/python3.8/site-packages/airflow/example_dags/example_bash_operator.py took 0.118 seconds
[2023-09-23T22:38:42.005+0000] {processor.py:157} INFO - Started process (PID=422) to work on /home/airflow/.local/lib/python3.8/site-packages/airflow/example_dags/example_bash_operator.py
[2023-09-23T22:38:42.026+0000] {processor.py:829} INFO - Processing file /home/airflow/.local/lib/python3.8/site-packages/airflow/example_dags/example_bash_operator.py for tasks to queue
[2023-09-23T22:38:42.032+0000] {logging_mixin.py:151} INFO - [2023-09-23T22:38:42.031+0000] {dagbag.py:539} INFO - Filling up the DagBag from /home/airflow/.local/lib/python3.8/site-packages/airflow/example_dags/example_bash_operator.py
[2023-09-23T22:38:42.050+0000] {processor.py:839} INFO - DAG(s) dict_keys(['example_bash_operator']) retrieved from /home/airflow/.local/lib/python3.8/site-packages/airflow/example_dags/example_bash_operator.py
[2023-09-23T22:38:42.081+0000] {logging_mixin.py:151} INFO - [2023-09-23T22:38:42.080+0000] {dag.py:2915} INFO - Sync 1 DAGs
[2023-09-23T22:38:42.102+0000] {logging_mixin.py:151} INFO - [2023-09-23T22:38:42.102+0000] {dag.py:3696} INFO - Setting next_dagrun for example_bash_operator to 2023-09-22T00:00:00+00:00, run_after=2023-09-23T00:00:00+00:00
[2023-09-23T22:38:42.525+0000] {processor.py:179} INFO - Processing /home/airflow/.local/lib/python3.8/site-packages/airflow/example_dags/example_bash_operator.py took 0.524 seconds
[2023-09-23T22:39:12.569+0000] {processor.py:157} INFO - Started process (PID=477) to work on /home/airflow/.local/lib/python3.8/site-packages/airflow/example_dags/example_bash_operator.py
[2023-09-23T22:39:12.587+0000] {processor.py:829} INFO - Processing file /home/airflow/.local/lib/python3.8/site-packages/airflow/example_dags/example_bash_operator.py for tasks to queue
[2023-09-23T22:39:12.588+0000] {logging_mixin.py:151} INFO - [2023-09-23T22:39:12.588+0000] {dagbag.py:539} INFO - Filling up the DagBag from /home/airflow/.local/lib/python3.8/site-packages/airflow/example_dags/example_bash_operator.py
[2023-09-23T22:39:12.598+0000] {processor.py:839} INFO - DAG(s) dict_keys(['example_bash_operator']) retrieved from /home/airflow/.local/lib/python3.8/site-packages/airflow/example_dags/example_bash_operator.py
[2023-09-23T22:39:12.626+0000] {logging_mixin.py:151} INFO - [2023-09-23T22:39:12.626+0000] {dag.py:2915} INFO - Sync 1 DAGs
[2023-09-23T22:39:12.646+0000] {logging_mixin.py:151} INFO - [2023-09-23T22:39:12.646+0000] {dag.py:3696} INFO - Setting next_dagrun for example_bash_operator to 2023-09-22T00:00:00+00:00, run_after=2023-09-23T00:00:00+00:00
[2023-09-23T22:39:12.745+0000] {processor.py:179} INFO - Processing /home/airflow/.local/lib/python3.8/site-packages/airflow/example_dags/example_bash_operator.py took 0.179 seconds
[2023-09-23T22:39:43.369+0000] {processor.py:157} INFO - Started process (PID=531) to work on /home/airflow/.local/lib/python3.8/site-packages/airflow/example_dags/example_bash_operator.py
[2023-09-23T22:39:43.415+0000] {processor.py:829} INFO - Processing file /home/airflow/.local/lib/python3.8/site-packages/airflow/example_dags/example_bash_operator.py for tasks to queue
[2023-09-23T22:39:43.416+0000] {logging_mixin.py:151} INFO - [2023-09-23T22:39:43.416+0000] {dagbag.py:539} INFO - Filling up the DagBag from /home/airflow/.local/lib/python3.8/site-packages/airflow/example_dags/example_bash_operator.py
[2023-09-23T22:39:43.427+0000] {processor.py:839} INFO - DAG(s) dict_keys(['example_bash_operator']) retrieved from /home/airflow/.local/lib/python3.8/site-packages/airflow/example_dags/example_bash_operator.py
[2023-09-23T22:39:43.458+0000] {logging_mixin.py:151} INFO - [2023-09-23T22:39:43.458+0000] {dag.py:2915} INFO - Sync 1 DAGs
[2023-09-23T22:39:43.482+0000] {logging_mixin.py:151} INFO - [2023-09-23T22:39:43.482+0000] {dag.py:3696} INFO - Setting next_dagrun for example_bash_operator to 2023-09-22T00:00:00+00:00, run_after=2023-09-23T00:00:00+00:00
[2023-09-23T22:39:43.717+0000] {processor.py:179} INFO - Processing /home/airflow/.local/lib/python3.8/site-packages/airflow/example_dags/example_bash_operator.py took 0.351 seconds
[2023-09-23T22:40:15.393+0000] {processor.py:157} INFO - Started process (PID=587) to work on /home/airflow/.local/lib/python3.8/site-packages/airflow/example_dags/example_bash_operator.py
[2023-09-23T22:40:15.436+0000] {processor.py:829} INFO - Processing file /home/airflow/.local/lib/python3.8/site-packages/airflow/example_dags/example_bash_operator.py for tasks to queue
[2023-09-23T22:40:15.438+0000] {logging_mixin.py:151} INFO - [2023-09-23T22:40:15.437+0000] {dagbag.py:539} INFO - Filling up the DagBag from /home/airflow/.local/lib/python3.8/site-packages/airflow/example_dags/example_bash_operator.py
[2023-09-23T22:40:15.446+0000] {processor.py:839} INFO - DAG(s) dict_keys(['example_bash_operator']) retrieved from /home/airflow/.local/lib/python3.8/site-packages/airflow/example_dags/example_bash_operator.py
[2023-09-23T22:40:15.472+0000] {logging_mixin.py:151} INFO - [2023-09-23T22:40:15.472+0000] {dag.py:2915} INFO - Sync 1 DAGs
[2023-09-23T22:40:15.495+0000] {logging_mixin.py:151} INFO - [2023-09-23T22:40:15.495+0000] {dag.py:3696} INFO - Setting next_dagrun for example_bash_operator to 2023-09-22T00:00:00+00:00, run_after=2023-09-23T00:00:00+00:00
[2023-09-23T22:40:16.031+0000] {processor.py:179} INFO - Processing /home/airflow/.local/lib/python3.8/site-packages/airflow/example_dags/example_bash_operator.py took 0.641 seconds
[2023-09-23T22:40:48.239+0000] {processor.py:157} INFO - Started process (PID=642) to work on /home/airflow/.local/lib/python3.8/site-packages/airflow/example_dags/example_bash_operator.py
[2023-09-23T22:40:48.241+0000] {processor.py:829} INFO - Processing file /home/airflow/.local/lib/python3.8/site-packages/airflow/example_dags/example_bash_operator.py for tasks to queue
[2023-09-23T22:40:48.243+0000] {logging_mixin.py:151} INFO - [2023-09-23T22:40:48.243+0000] {dagbag.py:539} INFO - Filling up the DagBag from /home/airflow/.local/lib/python3.8/site-packages/airflow/example_dags/example_bash_operator.py
[2023-09-23T22:40:48.254+0000] {processor.py:839} INFO - DAG(s) dict_keys(['example_bash_operator']) retrieved from /home/airflow/.local/lib/python3.8/site-packages/airflow/example_dags/example_bash_operator.py
[2023-09-23T22:40:48.293+0000] {logging_mixin.py:151} INFO - [2023-09-23T22:40:48.293+0000] {dag.py:2915} INFO - Sync 1 DAGs
[2023-09-23T22:40:48.321+0000] {logging_mixin.py:151} INFO - [2023-09-23T22:40:48.321+0000] {dag.py:3696} INFO - Setting next_dagrun for example_bash_operator to 2023-09-22T00:00:00+00:00, run_after=2023-09-23T00:00:00+00:00
[2023-09-23T22:40:48.839+0000] {processor.py:179} INFO - Processing /home/airflow/.local/lib/python3.8/site-packages/airflow/example_dags/example_bash_operator.py took 0.603 seconds
[2023-09-23T22:41:24.299+0000] {processor.py:157} INFO - Started process (PID=697) to work on /home/airflow/.local/lib/python3.8/site-packages/airflow/example_dags/example_bash_operator.py
[2023-09-23T22:41:24.742+0000] {processor.py:829} INFO - Processing file /home/airflow/.local/lib/python3.8/site-packages/airflow/example_dags/example_bash_operator.py for tasks to queue
[2023-09-23T22:41:24.745+0000] {logging_mixin.py:151} INFO - [2023-09-23T22:41:24.744+0000] {dagbag.py:539} INFO - Filling up the DagBag from /home/airflow/.local/lib/python3.8/site-packages/airflow/example_dags/example_bash_operator.py
[2023-09-23T22:41:24.759+0000] {processor.py:839} INFO - DAG(s) dict_keys(['example_bash_operator']) retrieved from /home/airflow/.local/lib/python3.8/site-packages/airflow/example_dags/example_bash_operator.py
[2023-09-23T22:41:24.788+0000] {logging_mixin.py:151} INFO - [2023-09-23T22:41:24.788+0000] {dag.py:2915} INFO - Sync 1 DAGs
[2023-09-23T22:41:24.809+0000] {logging_mixin.py:151} INFO - [2023-09-23T22:41:24.809+0000] {dag.py:3696} INFO - Setting next_dagrun for example_bash_operator to 2023-09-22T00:00:00+00:00, run_after=2023-09-23T00:00:00+00:00
[2023-09-23T22:41:26.012+0000] {processor.py:179} INFO - Processing /home/airflow/.local/lib/python3.8/site-packages/airflow/example_dags/example_bash_operator.py took 1.716 seconds
[2023-09-23T22:41:56.424+0000] {processor.py:157} INFO - Started process (PID=752) to work on /home/airflow/.local/lib/python3.8/site-packages/airflow/example_dags/example_bash_operator.py
[2023-09-23T22:41:56.441+0000] {processor.py:829} INFO - Processing file /home/airflow/.local/lib/python3.8/site-packages/airflow/example_dags/example_bash_operator.py for tasks to queue
[2023-09-23T22:41:56.444+0000] {logging_mixin.py:151} INFO - [2023-09-23T22:41:56.444+0000] {dagbag.py:539} INFO - Filling up the DagBag from /home/airflow/.local/lib/python3.8/site-packages/airflow/example_dags/example_bash_operator.py
[2023-09-23T22:41:56.454+0000] {processor.py:839} INFO - DAG(s) dict_keys(['example_bash_operator']) retrieved from /home/airflow/.local/lib/python3.8/site-packages/airflow/example_dags/example_bash_operator.py
[2023-09-23T22:41:56.484+0000] {logging_mixin.py:151} INFO - [2023-09-23T22:41:56.484+0000] {dag.py:2915} INFO - Sync 1 DAGs
[2023-09-23T22:41:56.507+0000] {logging_mixin.py:151} INFO - [2023-09-23T22:41:56.507+0000] {dag.py:3696} INFO - Setting next_dagrun for example_bash_operator to 2023-09-22T00:00:00+00:00, run_after=2023-09-23T00:00:00+00:00
[2023-09-23T22:41:56.633+0000] {processor.py:179} INFO - Processing /home/airflow/.local/lib/python3.8/site-packages/airflow/example_dags/example_bash_operator.py took 0.213 seconds
