[2023-09-23T03:47:57.104+0000] {processor.py:157} INFO - Started process (PID=65) to work on /home/airflow/.local/lib/python3.8/site-packages/airflow/example_dags/example_sensors.py
[2023-09-23T03:47:57.105+0000] {processor.py:829} INFO - Processing file /home/airflow/.local/lib/python3.8/site-packages/airflow/example_dags/example_sensors.py for tasks to queue
[2023-09-23T03:47:57.107+0000] {logging_mixin.py:151} INFO - [2023-09-23T03:47:57.106+0000] {dagbag.py:539} INFO - Filling up the DagBag from /home/airflow/.local/lib/python3.8/site-packages/airflow/example_dags/example_sensors.py
[2023-09-23T03:47:57.118+0000] {processor.py:839} INFO - DAG(s) dict_keys(['example_sensors']) retrieved from /home/airflow/.local/lib/python3.8/site-packages/airflow/example_dags/example_sensors.py
[2023-09-23T03:47:57.145+0000] {logging_mixin.py:151} INFO - [2023-09-23T03:47:57.145+0000] {dag.py:2915} INFO - Sync 1 DAGs
[2023-09-23T03:47:57.158+0000] {logging_mixin.py:151} INFO - [2023-09-23T03:47:57.158+0000] {dag.py:3696} INFO - Setting next_dagrun for example_sensors to None, run_after=None
[2023-09-23T03:47:57.234+0000] {processor.py:179} INFO - Processing /home/airflow/.local/lib/python3.8/site-packages/airflow/example_dags/example_sensors.py took 0.132 seconds
[2023-09-23T03:48:27.994+0000] {processor.py:157} INFO - Started process (PID=119) to work on /home/airflow/.local/lib/python3.8/site-packages/airflow/example_dags/example_sensors.py
[2023-09-23T03:48:28.027+0000] {processor.py:829} INFO - Processing file /home/airflow/.local/lib/python3.8/site-packages/airflow/example_dags/example_sensors.py for tasks to queue
[2023-09-23T03:48:28.032+0000] {logging_mixin.py:151} INFO - [2023-09-23T03:48:28.032+0000] {dagbag.py:539} INFO - Filling up the DagBag from /home/airflow/.local/lib/python3.8/site-packages/airflow/example_dags/example_sensors.py
[2023-09-23T03:48:28.048+0000] {processor.py:839} INFO - DAG(s) dict_keys(['example_sensors']) retrieved from /home/airflow/.local/lib/python3.8/site-packages/airflow/example_dags/example_sensors.py
[2023-09-23T03:48:28.073+0000] {logging_mixin.py:151} INFO - [2023-09-23T03:48:28.073+0000] {dag.py:2915} INFO - Sync 1 DAGs
[2023-09-23T03:48:28.083+0000] {logging_mixin.py:151} INFO - [2023-09-23T03:48:28.083+0000] {dag.py:3696} INFO - Setting next_dagrun for example_sensors to None, run_after=None
[2023-09-23T03:48:28.133+0000] {processor.py:179} INFO - Processing /home/airflow/.local/lib/python3.8/site-packages/airflow/example_dags/example_sensors.py took 0.142 seconds
[2023-09-23T03:49:01.118+0000] {processor.py:157} INFO - Started process (PID=174) to work on /home/airflow/.local/lib/python3.8/site-packages/airflow/example_dags/example_sensors.py
[2023-09-23T03:49:01.119+0000] {processor.py:829} INFO - Processing file /home/airflow/.local/lib/python3.8/site-packages/airflow/example_dags/example_sensors.py for tasks to queue
[2023-09-23T03:49:01.120+0000] {logging_mixin.py:151} INFO - [2023-09-23T03:49:01.120+0000] {dagbag.py:539} INFO - Filling up the DagBag from /home/airflow/.local/lib/python3.8/site-packages/airflow/example_dags/example_sensors.py
[2023-09-23T03:49:01.127+0000] {processor.py:839} INFO - DAG(s) dict_keys(['example_sensors']) retrieved from /home/airflow/.local/lib/python3.8/site-packages/airflow/example_dags/example_sensors.py
[2023-09-23T03:49:01.150+0000] {logging_mixin.py:151} INFO - [2023-09-23T03:49:01.150+0000] {dag.py:2915} INFO - Sync 1 DAGs
[2023-09-23T03:49:01.160+0000] {logging_mixin.py:151} INFO - [2023-09-23T03:49:01.160+0000] {dag.py:3696} INFO - Setting next_dagrun for example_sensors to None, run_after=None
[2023-09-23T03:49:01.216+0000] {processor.py:179} INFO - Processing /home/airflow/.local/lib/python3.8/site-packages/airflow/example_dags/example_sensors.py took 0.100 seconds
[2023-09-23T03:49:32.453+0000] {processor.py:157} INFO - Started process (PID=229) to work on /home/airflow/.local/lib/python3.8/site-packages/airflow/example_dags/example_sensors.py
[2023-09-23T03:49:32.456+0000] {processor.py:829} INFO - Processing file /home/airflow/.local/lib/python3.8/site-packages/airflow/example_dags/example_sensors.py for tasks to queue
[2023-09-23T03:49:32.458+0000] {logging_mixin.py:151} INFO - [2023-09-23T03:49:32.458+0000] {dagbag.py:539} INFO - Filling up the DagBag from /home/airflow/.local/lib/python3.8/site-packages/airflow/example_dags/example_sensors.py
[2023-09-23T03:49:32.465+0000] {processor.py:839} INFO - DAG(s) dict_keys(['example_sensors']) retrieved from /home/airflow/.local/lib/python3.8/site-packages/airflow/example_dags/example_sensors.py
[2023-09-23T03:49:32.487+0000] {logging_mixin.py:151} INFO - [2023-09-23T03:49:32.486+0000] {dag.py:2915} INFO - Sync 1 DAGs
[2023-09-23T03:49:32.497+0000] {logging_mixin.py:151} INFO - [2023-09-23T03:49:32.497+0000] {dag.py:3696} INFO - Setting next_dagrun for example_sensors to None, run_after=None
[2023-09-23T03:49:32.557+0000] {processor.py:179} INFO - Processing /home/airflow/.local/lib/python3.8/site-packages/airflow/example_dags/example_sensors.py took 0.107 seconds
[2023-09-23T03:50:04.229+0000] {processor.py:157} INFO - Started process (PID=284) to work on /home/airflow/.local/lib/python3.8/site-packages/airflow/example_dags/example_sensors.py
[2023-09-23T03:50:04.247+0000] {processor.py:829} INFO - Processing file /home/airflow/.local/lib/python3.8/site-packages/airflow/example_dags/example_sensors.py for tasks to queue
[2023-09-23T03:50:04.249+0000] {logging_mixin.py:151} INFO - [2023-09-23T03:50:04.249+0000] {dagbag.py:539} INFO - Filling up the DagBag from /home/airflow/.local/lib/python3.8/site-packages/airflow/example_dags/example_sensors.py
[2023-09-23T03:50:04.256+0000] {processor.py:839} INFO - DAG(s) dict_keys(['example_sensors']) retrieved from /home/airflow/.local/lib/python3.8/site-packages/airflow/example_dags/example_sensors.py
[2023-09-23T03:50:04.278+0000] {logging_mixin.py:151} INFO - [2023-09-23T03:50:04.278+0000] {dag.py:2915} INFO - Sync 1 DAGs
[2023-09-23T03:50:04.288+0000] {logging_mixin.py:151} INFO - [2023-09-23T03:50:04.288+0000] {dag.py:3696} INFO - Setting next_dagrun for example_sensors to None, run_after=None
[2023-09-23T03:50:04.387+0000] {processor.py:179} INFO - Processing /home/airflow/.local/lib/python3.8/site-packages/airflow/example_dags/example_sensors.py took 0.160 seconds
[2023-09-23T03:50:35.060+0000] {processor.py:157} INFO - Started process (PID=339) to work on /home/airflow/.local/lib/python3.8/site-packages/airflow/example_dags/example_sensors.py
[2023-09-23T03:50:35.061+0000] {processor.py:829} INFO - Processing file /home/airflow/.local/lib/python3.8/site-packages/airflow/example_dags/example_sensors.py for tasks to queue
[2023-09-23T03:50:35.063+0000] {logging_mixin.py:151} INFO - [2023-09-23T03:50:35.062+0000] {dagbag.py:539} INFO - Filling up the DagBag from /home/airflow/.local/lib/python3.8/site-packages/airflow/example_dags/example_sensors.py
[2023-09-23T03:50:35.070+0000] {processor.py:839} INFO - DAG(s) dict_keys(['example_sensors']) retrieved from /home/airflow/.local/lib/python3.8/site-packages/airflow/example_dags/example_sensors.py
[2023-09-23T03:50:35.092+0000] {logging_mixin.py:151} INFO - [2023-09-23T03:50:35.092+0000] {dag.py:2915} INFO - Sync 1 DAGs
[2023-09-23T03:50:35.103+0000] {logging_mixin.py:151} INFO - [2023-09-23T03:50:35.102+0000] {dag.py:3696} INFO - Setting next_dagrun for example_sensors to None, run_after=None
[2023-09-23T03:50:35.166+0000] {processor.py:179} INFO - Processing /home/airflow/.local/lib/python3.8/site-packages/airflow/example_dags/example_sensors.py took 0.109 seconds
[2023-09-23T03:51:05.963+0000] {processor.py:157} INFO - Started process (PID=394) to work on /home/airflow/.local/lib/python3.8/site-packages/airflow/example_dags/example_sensors.py
[2023-09-23T03:51:05.976+0000] {processor.py:829} INFO - Processing file /home/airflow/.local/lib/python3.8/site-packages/airflow/example_dags/example_sensors.py for tasks to queue
[2023-09-23T03:51:05.978+0000] {logging_mixin.py:151} INFO - [2023-09-23T03:51:05.978+0000] {dagbag.py:539} INFO - Filling up the DagBag from /home/airflow/.local/lib/python3.8/site-packages/airflow/example_dags/example_sensors.py
[2023-09-23T03:51:05.986+0000] {processor.py:839} INFO - DAG(s) dict_keys(['example_sensors']) retrieved from /home/airflow/.local/lib/python3.8/site-packages/airflow/example_dags/example_sensors.py
[2023-09-23T03:51:06.010+0000] {logging_mixin.py:151} INFO - [2023-09-23T03:51:06.009+0000] {dag.py:2915} INFO - Sync 1 DAGs
[2023-09-23T03:51:06.020+0000] {logging_mixin.py:151} INFO - [2023-09-23T03:51:06.020+0000] {dag.py:3696} INFO - Setting next_dagrun for example_sensors to None, run_after=None
[2023-09-23T03:51:06.072+0000] {processor.py:179} INFO - Processing /home/airflow/.local/lib/python3.8/site-packages/airflow/example_dags/example_sensors.py took 0.112 seconds
[2023-09-23T03:51:38.113+0000] {processor.py:157} INFO - Started process (PID=449) to work on /home/airflow/.local/lib/python3.8/site-packages/airflow/example_dags/example_sensors.py
[2023-09-23T03:51:38.127+0000] {processor.py:829} INFO - Processing file /home/airflow/.local/lib/python3.8/site-packages/airflow/example_dags/example_sensors.py for tasks to queue
[2023-09-23T03:51:38.129+0000] {logging_mixin.py:151} INFO - [2023-09-23T03:51:38.129+0000] {dagbag.py:539} INFO - Filling up the DagBag from /home/airflow/.local/lib/python3.8/site-packages/airflow/example_dags/example_sensors.py
[2023-09-23T03:51:38.136+0000] {processor.py:839} INFO - DAG(s) dict_keys(['example_sensors']) retrieved from /home/airflow/.local/lib/python3.8/site-packages/airflow/example_dags/example_sensors.py
[2023-09-23T03:51:38.159+0000] {logging_mixin.py:151} INFO - [2023-09-23T03:51:38.158+0000] {dag.py:2915} INFO - Sync 1 DAGs
[2023-09-23T03:51:38.169+0000] {logging_mixin.py:151} INFO - [2023-09-23T03:51:38.169+0000] {dag.py:3696} INFO - Setting next_dagrun for example_sensors to None, run_after=None
[2023-09-23T03:51:38.256+0000] {processor.py:179} INFO - Processing /home/airflow/.local/lib/python3.8/site-packages/airflow/example_dags/example_sensors.py took 0.145 seconds
[2023-09-23T03:52:18.311+0000] {processor.py:157} INFO - Started process (PID=504) to work on /home/airflow/.local/lib/python3.8/site-packages/airflow/example_dags/example_sensors.py
[2023-09-23T03:52:18.540+0000] {processor.py:829} INFO - Processing file /home/airflow/.local/lib/python3.8/site-packages/airflow/example_dags/example_sensors.py for tasks to queue
[2023-09-23T03:52:18.542+0000] {logging_mixin.py:151} INFO - [2023-09-23T03:52:18.541+0000] {dagbag.py:539} INFO - Filling up the DagBag from /home/airflow/.local/lib/python3.8/site-packages/airflow/example_dags/example_sensors.py
[2023-09-23T03:52:18.550+0000] {processor.py:839} INFO - DAG(s) dict_keys(['example_sensors']) retrieved from /home/airflow/.local/lib/python3.8/site-packages/airflow/example_dags/example_sensors.py
[2023-09-23T03:52:18.572+0000] {logging_mixin.py:151} INFO - [2023-09-23T03:52:18.572+0000] {dag.py:2915} INFO - Sync 1 DAGs
[2023-09-23T03:52:18.582+0000] {logging_mixin.py:151} INFO - [2023-09-23T03:52:18.582+0000] {dag.py:3696} INFO - Setting next_dagrun for example_sensors to None, run_after=None
[2023-09-23T03:52:19.161+0000] {processor.py:179} INFO - Processing /home/airflow/.local/lib/python3.8/site-packages/airflow/example_dags/example_sensors.py took 0.853 seconds
[2023-09-23T03:52:49.863+0000] {processor.py:157} INFO - Started process (PID=559) to work on /home/airflow/.local/lib/python3.8/site-packages/airflow/example_dags/example_sensors.py
[2023-09-23T03:52:49.896+0000] {processor.py:829} INFO - Processing file /home/airflow/.local/lib/python3.8/site-packages/airflow/example_dags/example_sensors.py for tasks to queue
[2023-09-23T03:52:49.898+0000] {logging_mixin.py:151} INFO - [2023-09-23T03:52:49.898+0000] {dagbag.py:539} INFO - Filling up the DagBag from /home/airflow/.local/lib/python3.8/site-packages/airflow/example_dags/example_sensors.py
[2023-09-23T03:52:49.909+0000] {processor.py:839} INFO - DAG(s) dict_keys(['example_sensors']) retrieved from /home/airflow/.local/lib/python3.8/site-packages/airflow/example_dags/example_sensors.py
[2023-09-23T03:52:49.932+0000] {logging_mixin.py:151} INFO - [2023-09-23T03:52:49.932+0000] {dag.py:2915} INFO - Sync 1 DAGs
[2023-09-23T03:52:49.942+0000] {logging_mixin.py:151} INFO - [2023-09-23T03:52:49.942+0000] {dag.py:3696} INFO - Setting next_dagrun for example_sensors to None, run_after=None
[2023-09-23T03:52:49.997+0000] {processor.py:179} INFO - Processing /home/airflow/.local/lib/python3.8/site-packages/airflow/example_dags/example_sensors.py took 0.137 seconds
[2023-09-23T03:53:21.296+0000] {processor.py:157} INFO - Started process (PID=614) to work on /home/airflow/.local/lib/python3.8/site-packages/airflow/example_dags/example_sensors.py
[2023-09-23T03:53:21.301+0000] {processor.py:829} INFO - Processing file /home/airflow/.local/lib/python3.8/site-packages/airflow/example_dags/example_sensors.py for tasks to queue
[2023-09-23T03:53:21.303+0000] {logging_mixin.py:151} INFO - [2023-09-23T03:53:21.302+0000] {dagbag.py:539} INFO - Filling up the DagBag from /home/airflow/.local/lib/python3.8/site-packages/airflow/example_dags/example_sensors.py
[2023-09-23T03:53:21.311+0000] {processor.py:839} INFO - DAG(s) dict_keys(['example_sensors']) retrieved from /home/airflow/.local/lib/python3.8/site-packages/airflow/example_dags/example_sensors.py
[2023-09-23T03:53:21.337+0000] {logging_mixin.py:151} INFO - [2023-09-23T03:53:21.337+0000] {dag.py:2915} INFO - Sync 1 DAGs
[2023-09-23T03:53:21.349+0000] {logging_mixin.py:151} INFO - [2023-09-23T03:53:21.349+0000] {dag.py:3696} INFO - Setting next_dagrun for example_sensors to None, run_after=None
[2023-09-23T03:53:21.393+0000] {processor.py:179} INFO - Processing /home/airflow/.local/lib/python3.8/site-packages/airflow/example_dags/example_sensors.py took 0.101 seconds
[2023-09-23T03:53:51.660+0000] {processor.py:157} INFO - Started process (PID=669) to work on /home/airflow/.local/lib/python3.8/site-packages/airflow/example_dags/example_sensors.py
[2023-09-23T03:53:51.667+0000] {processor.py:829} INFO - Processing file /home/airflow/.local/lib/python3.8/site-packages/airflow/example_dags/example_sensors.py for tasks to queue
[2023-09-23T03:53:51.668+0000] {logging_mixin.py:151} INFO - [2023-09-23T03:53:51.668+0000] {dagbag.py:539} INFO - Filling up the DagBag from /home/airflow/.local/lib/python3.8/site-packages/airflow/example_dags/example_sensors.py
[2023-09-23T03:53:51.676+0000] {processor.py:839} INFO - DAG(s) dict_keys(['example_sensors']) retrieved from /home/airflow/.local/lib/python3.8/site-packages/airflow/example_dags/example_sensors.py
[2023-09-23T03:53:51.698+0000] {logging_mixin.py:151} INFO - [2023-09-23T03:53:51.698+0000] {dag.py:2915} INFO - Sync 1 DAGs
[2023-09-23T03:53:51.709+0000] {logging_mixin.py:151} INFO - [2023-09-23T03:53:51.708+0000] {dag.py:3696} INFO - Setting next_dagrun for example_sensors to None, run_after=None
[2023-09-23T03:53:51.781+0000] {processor.py:179} INFO - Processing /home/airflow/.local/lib/python3.8/site-packages/airflow/example_dags/example_sensors.py took 0.123 seconds
[2023-09-23T03:54:22.119+0000] {processor.py:157} INFO - Started process (PID=724) to work on /home/airflow/.local/lib/python3.8/site-packages/airflow/example_dags/example_sensors.py
[2023-09-23T03:54:22.146+0000] {processor.py:829} INFO - Processing file /home/airflow/.local/lib/python3.8/site-packages/airflow/example_dags/example_sensors.py for tasks to queue
[2023-09-23T03:54:22.148+0000] {logging_mixin.py:151} INFO - [2023-09-23T03:54:22.147+0000] {dagbag.py:539} INFO - Filling up the DagBag from /home/airflow/.local/lib/python3.8/site-packages/airflow/example_dags/example_sensors.py
[2023-09-23T03:54:22.156+0000] {processor.py:839} INFO - DAG(s) dict_keys(['example_sensors']) retrieved from /home/airflow/.local/lib/python3.8/site-packages/airflow/example_dags/example_sensors.py
[2023-09-23T03:54:22.179+0000] {logging_mixin.py:151} INFO - [2023-09-23T03:54:22.179+0000] {dag.py:2915} INFO - Sync 1 DAGs
[2023-09-23T03:54:22.191+0000] {logging_mixin.py:151} INFO - [2023-09-23T03:54:22.191+0000] {dag.py:3696} INFO - Setting next_dagrun for example_sensors to None, run_after=None
[2023-09-23T03:54:22.241+0000] {processor.py:179} INFO - Processing /home/airflow/.local/lib/python3.8/site-packages/airflow/example_dags/example_sensors.py took 0.124 seconds
[2023-09-23T03:54:53.815+0000] {processor.py:157} INFO - Started process (PID=779) to work on /home/airflow/.local/lib/python3.8/site-packages/airflow/example_dags/example_sensors.py
[2023-09-23T03:54:53.844+0000] {processor.py:829} INFO - Processing file /home/airflow/.local/lib/python3.8/site-packages/airflow/example_dags/example_sensors.py for tasks to queue
[2023-09-23T03:54:53.846+0000] {logging_mixin.py:151} INFO - [2023-09-23T03:54:53.846+0000] {dagbag.py:539} INFO - Filling up the DagBag from /home/airflow/.local/lib/python3.8/site-packages/airflow/example_dags/example_sensors.py
[2023-09-23T03:54:53.854+0000] {processor.py:839} INFO - DAG(s) dict_keys(['example_sensors']) retrieved from /home/airflow/.local/lib/python3.8/site-packages/airflow/example_dags/example_sensors.py
[2023-09-23T03:54:53.876+0000] {logging_mixin.py:151} INFO - [2023-09-23T03:54:53.876+0000] {dag.py:2915} INFO - Sync 1 DAGs
[2023-09-23T03:54:53.886+0000] {logging_mixin.py:151} INFO - [2023-09-23T03:54:53.886+0000] {dag.py:3696} INFO - Setting next_dagrun for example_sensors to None, run_after=None
[2023-09-23T03:54:54.278+0000] {processor.py:179} INFO - Processing /home/airflow/.local/lib/python3.8/site-packages/airflow/example_dags/example_sensors.py took 0.465 seconds
[2023-09-23T03:55:25.722+0000] {processor.py:157} INFO - Started process (PID=834) to work on /home/airflow/.local/lib/python3.8/site-packages/airflow/example_dags/example_sensors.py
[2023-09-23T03:55:25.767+0000] {processor.py:829} INFO - Processing file /home/airflow/.local/lib/python3.8/site-packages/airflow/example_dags/example_sensors.py for tasks to queue
[2023-09-23T03:55:25.769+0000] {logging_mixin.py:151} INFO - [2023-09-23T03:55:25.768+0000] {dagbag.py:539} INFO - Filling up the DagBag from /home/airflow/.local/lib/python3.8/site-packages/airflow/example_dags/example_sensors.py
[2023-09-23T03:55:25.775+0000] {processor.py:839} INFO - DAG(s) dict_keys(['example_sensors']) retrieved from /home/airflow/.local/lib/python3.8/site-packages/airflow/example_dags/example_sensors.py
[2023-09-23T03:55:25.796+0000] {logging_mixin.py:151} INFO - [2023-09-23T03:55:25.796+0000] {dag.py:2915} INFO - Sync 1 DAGs
[2023-09-23T03:55:25.805+0000] {logging_mixin.py:151} INFO - [2023-09-23T03:55:25.805+0000] {dag.py:3696} INFO - Setting next_dagrun for example_sensors to None, run_after=None
[2023-09-23T03:55:25.919+0000] {processor.py:179} INFO - Processing /home/airflow/.local/lib/python3.8/site-packages/airflow/example_dags/example_sensors.py took 0.200 seconds
[2023-09-23T03:55:55.973+0000] {processor.py:157} INFO - Started process (PID=889) to work on /home/airflow/.local/lib/python3.8/site-packages/airflow/example_dags/example_sensors.py
[2023-09-23T03:55:56.075+0000] {processor.py:829} INFO - Processing file /home/airflow/.local/lib/python3.8/site-packages/airflow/example_dags/example_sensors.py for tasks to queue
[2023-09-23T03:55:56.078+0000] {logging_mixin.py:151} INFO - [2023-09-23T03:55:56.077+0000] {dagbag.py:539} INFO - Filling up the DagBag from /home/airflow/.local/lib/python3.8/site-packages/airflow/example_dags/example_sensors.py
[2023-09-23T03:55:56.088+0000] {processor.py:839} INFO - DAG(s) dict_keys(['example_sensors']) retrieved from /home/airflow/.local/lib/python3.8/site-packages/airflow/example_dags/example_sensors.py
[2023-09-23T03:55:56.101+0000] {logging_mixin.py:151} INFO - [2023-09-23T03:55:56.101+0000] {dag.py:2915} INFO - Sync 1 DAGs
[2023-09-23T03:55:56.114+0000] {logging_mixin.py:151} INFO - [2023-09-23T03:55:56.114+0000] {dag.py:3696} INFO - Setting next_dagrun for example_sensors to None, run_after=None
[2023-09-23T03:55:56.467+0000] {processor.py:179} INFO - Processing /home/airflow/.local/lib/python3.8/site-packages/airflow/example_dags/example_sensors.py took 0.497 seconds
[2023-09-23T03:56:28.996+0000] {processor.py:157} INFO - Started process (PID=944) to work on /home/airflow/.local/lib/python3.8/site-packages/airflow/example_dags/example_sensors.py
[2023-09-23T03:56:29.100+0000] {processor.py:829} INFO - Processing file /home/airflow/.local/lib/python3.8/site-packages/airflow/example_dags/example_sensors.py for tasks to queue
[2023-09-23T03:56:29.105+0000] {logging_mixin.py:151} INFO - [2023-09-23T03:56:29.105+0000] {dagbag.py:539} INFO - Filling up the DagBag from /home/airflow/.local/lib/python3.8/site-packages/airflow/example_dags/example_sensors.py
[2023-09-23T03:56:29.112+0000] {processor.py:839} INFO - DAG(s) dict_keys(['example_sensors']) retrieved from /home/airflow/.local/lib/python3.8/site-packages/airflow/example_dags/example_sensors.py
[2023-09-23T03:56:29.134+0000] {logging_mixin.py:151} INFO - [2023-09-23T03:56:29.134+0000] {dag.py:2915} INFO - Sync 1 DAGs
[2023-09-23T03:56:29.145+0000] {logging_mixin.py:151} INFO - [2023-09-23T03:56:29.144+0000] {dag.py:3696} INFO - Setting next_dagrun for example_sensors to None, run_after=None
[2023-09-23T03:56:29.366+0000] {processor.py:179} INFO - Processing /home/airflow/.local/lib/python3.8/site-packages/airflow/example_dags/example_sensors.py took 0.373 seconds
[2023-09-23T03:57:02.814+0000] {processor.py:157} INFO - Started process (PID=999) to work on /home/airflow/.local/lib/python3.8/site-packages/airflow/example_dags/example_sensors.py
[2023-09-23T03:57:03.307+0000] {processor.py:829} INFO - Processing file /home/airflow/.local/lib/python3.8/site-packages/airflow/example_dags/example_sensors.py for tasks to queue
[2023-09-23T03:57:03.309+0000] {logging_mixin.py:151} INFO - [2023-09-23T03:57:03.309+0000] {dagbag.py:539} INFO - Filling up the DagBag from /home/airflow/.local/lib/python3.8/site-packages/airflow/example_dags/example_sensors.py
[2023-09-23T03:57:03.316+0000] {processor.py:839} INFO - DAG(s) dict_keys(['example_sensors']) retrieved from /home/airflow/.local/lib/python3.8/site-packages/airflow/example_dags/example_sensors.py
[2023-09-23T03:57:03.338+0000] {logging_mixin.py:151} INFO - [2023-09-23T03:57:03.338+0000] {dag.py:2915} INFO - Sync 1 DAGs
[2023-09-23T03:57:03.348+0000] {logging_mixin.py:151} INFO - [2023-09-23T03:57:03.348+0000] {dag.py:3696} INFO - Setting next_dagrun for example_sensors to None, run_after=None
[2023-09-23T03:57:04.441+0000] {processor.py:179} INFO - Processing /home/airflow/.local/lib/python3.8/site-packages/airflow/example_dags/example_sensors.py took 1.630 seconds
[2023-09-23T03:57:35.170+0000] {processor.py:157} INFO - Started process (PID=1054) to work on /home/airflow/.local/lib/python3.8/site-packages/airflow/example_dags/example_sensors.py
[2023-09-23T03:57:35.826+0000] {processor.py:829} INFO - Processing file /home/airflow/.local/lib/python3.8/site-packages/airflow/example_dags/example_sensors.py for tasks to queue
[2023-09-23T03:57:35.828+0000] {logging_mixin.py:151} INFO - [2023-09-23T03:57:35.828+0000] {dagbag.py:539} INFO - Filling up the DagBag from /home/airflow/.local/lib/python3.8/site-packages/airflow/example_dags/example_sensors.py
[2023-09-23T03:57:35.836+0000] {processor.py:839} INFO - DAG(s) dict_keys(['example_sensors']) retrieved from /home/airflow/.local/lib/python3.8/site-packages/airflow/example_dags/example_sensors.py
[2023-09-23T03:57:35.858+0000] {logging_mixin.py:151} INFO - [2023-09-23T03:57:35.858+0000] {dag.py:2915} INFO - Sync 1 DAGs
[2023-09-23T03:57:35.869+0000] {logging_mixin.py:151} INFO - [2023-09-23T03:57:35.868+0000] {dag.py:3696} INFO - Setting next_dagrun for example_sensors to None, run_after=None
[2023-09-23T03:57:36.098+0000] {processor.py:179} INFO - Processing /home/airflow/.local/lib/python3.8/site-packages/airflow/example_dags/example_sensors.py took 0.930 seconds
[2023-09-23T04:04:47.148+0000] {processor.py:157} INFO - Started process (PID=73) to work on /home/airflow/.local/lib/python3.8/site-packages/airflow/example_dags/example_sensors.py
[2023-09-23T04:04:47.158+0000] {processor.py:829} INFO - Processing file /home/airflow/.local/lib/python3.8/site-packages/airflow/example_dags/example_sensors.py for tasks to queue
[2023-09-23T04:04:47.160+0000] {logging_mixin.py:151} INFO - [2023-09-23T04:04:47.160+0000] {dagbag.py:539} INFO - Filling up the DagBag from /home/airflow/.local/lib/python3.8/site-packages/airflow/example_dags/example_sensors.py
[2023-09-23T04:04:47.170+0000] {processor.py:839} INFO - DAG(s) dict_keys(['example_sensors']) retrieved from /home/airflow/.local/lib/python3.8/site-packages/airflow/example_dags/example_sensors.py
[2023-09-23T04:04:47.193+0000] {logging_mixin.py:151} INFO - [2023-09-23T04:04:47.193+0000] {dag.py:2915} INFO - Sync 1 DAGs
[2023-09-23T04:04:47.203+0000] {logging_mixin.py:151} INFO - [2023-09-23T04:04:47.203+0000] {dag.py:3696} INFO - Setting next_dagrun for example_sensors to None, run_after=None
[2023-09-23T04:04:47.245+0000] {processor.py:179} INFO - Processing /home/airflow/.local/lib/python3.8/site-packages/airflow/example_dags/example_sensors.py took 0.099 seconds
[2023-09-23T04:05:21.828+0000] {processor.py:157} INFO - Started process (PID=129) to work on /home/airflow/.local/lib/python3.8/site-packages/airflow/example_dags/example_sensors.py
[2023-09-23T04:05:22.141+0000] {processor.py:829} INFO - Processing file /home/airflow/.local/lib/python3.8/site-packages/airflow/example_dags/example_sensors.py for tasks to queue
[2023-09-23T04:05:22.146+0000] {logging_mixin.py:151} INFO - [2023-09-23T04:05:22.146+0000] {dagbag.py:539} INFO - Filling up the DagBag from /home/airflow/.local/lib/python3.8/site-packages/airflow/example_dags/example_sensors.py
[2023-09-23T04:05:22.154+0000] {processor.py:839} INFO - DAG(s) dict_keys(['example_sensors']) retrieved from /home/airflow/.local/lib/python3.8/site-packages/airflow/example_dags/example_sensors.py
[2023-09-23T04:05:22.176+0000] {logging_mixin.py:151} INFO - [2023-09-23T04:05:22.176+0000] {dag.py:2915} INFO - Sync 1 DAGs
[2023-09-23T04:05:22.187+0000] {logging_mixin.py:151} INFO - [2023-09-23T04:05:22.186+0000] {dag.py:3696} INFO - Setting next_dagrun for example_sensors to None, run_after=None
[2023-09-23T04:05:22.619+0000] {processor.py:179} INFO - Processing /home/airflow/.local/lib/python3.8/site-packages/airflow/example_dags/example_sensors.py took 0.794 seconds
[2023-09-23T04:05:53.270+0000] {processor.py:157} INFO - Started process (PID=184) to work on /home/airflow/.local/lib/python3.8/site-packages/airflow/example_dags/example_sensors.py
[2023-09-23T04:05:53.280+0000] {processor.py:829} INFO - Processing file /home/airflow/.local/lib/python3.8/site-packages/airflow/example_dags/example_sensors.py for tasks to queue
[2023-09-23T04:05:53.282+0000] {logging_mixin.py:151} INFO - [2023-09-23T04:05:53.281+0000] {dagbag.py:539} INFO - Filling up the DagBag from /home/airflow/.local/lib/python3.8/site-packages/airflow/example_dags/example_sensors.py
[2023-09-23T04:05:53.289+0000] {processor.py:839} INFO - DAG(s) dict_keys(['example_sensors']) retrieved from /home/airflow/.local/lib/python3.8/site-packages/airflow/example_dags/example_sensors.py
[2023-09-23T04:05:53.312+0000] {logging_mixin.py:151} INFO - [2023-09-23T04:05:53.311+0000] {dag.py:2915} INFO - Sync 1 DAGs
[2023-09-23T04:05:53.322+0000] {logging_mixin.py:151} INFO - [2023-09-23T04:05:53.321+0000] {dag.py:3696} INFO - Setting next_dagrun for example_sensors to None, run_after=None
[2023-09-23T04:05:53.384+0000] {processor.py:179} INFO - Processing /home/airflow/.local/lib/python3.8/site-packages/airflow/example_dags/example_sensors.py took 0.117 seconds
[2023-09-23T04:06:24.405+0000] {processor.py:157} INFO - Started process (PID=239) to work on /home/airflow/.local/lib/python3.8/site-packages/airflow/example_dags/example_sensors.py
[2023-09-23T04:06:24.444+0000] {processor.py:829} INFO - Processing file /home/airflow/.local/lib/python3.8/site-packages/airflow/example_dags/example_sensors.py for tasks to queue
[2023-09-23T04:06:24.446+0000] {logging_mixin.py:151} INFO - [2023-09-23T04:06:24.445+0000] {dagbag.py:539} INFO - Filling up the DagBag from /home/airflow/.local/lib/python3.8/site-packages/airflow/example_dags/example_sensors.py
[2023-09-23T04:06:24.453+0000] {processor.py:839} INFO - DAG(s) dict_keys(['example_sensors']) retrieved from /home/airflow/.local/lib/python3.8/site-packages/airflow/example_dags/example_sensors.py
[2023-09-23T04:06:24.475+0000] {logging_mixin.py:151} INFO - [2023-09-23T04:06:24.475+0000] {dag.py:2915} INFO - Sync 1 DAGs
[2023-09-23T04:06:24.486+0000] {logging_mixin.py:151} INFO - [2023-09-23T04:06:24.486+0000] {dag.py:3696} INFO - Setting next_dagrun for example_sensors to None, run_after=None
[2023-09-23T04:06:24.531+0000] {processor.py:179} INFO - Processing /home/airflow/.local/lib/python3.8/site-packages/airflow/example_dags/example_sensors.py took 0.129 seconds
[2023-09-23T04:06:54.746+0000] {processor.py:157} INFO - Started process (PID=294) to work on /home/airflow/.local/lib/python3.8/site-packages/airflow/example_dags/example_sensors.py
[2023-09-23T04:06:54.748+0000] {processor.py:829} INFO - Processing file /home/airflow/.local/lib/python3.8/site-packages/airflow/example_dags/example_sensors.py for tasks to queue
[2023-09-23T04:06:54.749+0000] {logging_mixin.py:151} INFO - [2023-09-23T04:06:54.749+0000] {dagbag.py:539} INFO - Filling up the DagBag from /home/airflow/.local/lib/python3.8/site-packages/airflow/example_dags/example_sensors.py
[2023-09-23T04:06:54.757+0000] {processor.py:839} INFO - DAG(s) dict_keys(['example_sensors']) retrieved from /home/airflow/.local/lib/python3.8/site-packages/airflow/example_dags/example_sensors.py
[2023-09-23T04:06:54.780+0000] {logging_mixin.py:151} INFO - [2023-09-23T04:06:54.780+0000] {dag.py:2915} INFO - Sync 1 DAGs
[2023-09-23T04:06:54.791+0000] {logging_mixin.py:151} INFO - [2023-09-23T04:06:54.791+0000] {dag.py:3696} INFO - Setting next_dagrun for example_sensors to None, run_after=None
[2023-09-23T04:06:54.838+0000] {processor.py:179} INFO - Processing /home/airflow/.local/lib/python3.8/site-packages/airflow/example_dags/example_sensors.py took 0.095 seconds
[2023-09-23T04:07:25.683+0000] {processor.py:157} INFO - Started process (PID=349) to work on /home/airflow/.local/lib/python3.8/site-packages/airflow/example_dags/example_sensors.py
[2023-09-23T04:07:25.684+0000] {processor.py:829} INFO - Processing file /home/airflow/.local/lib/python3.8/site-packages/airflow/example_dags/example_sensors.py for tasks to queue
[2023-09-23T04:07:25.686+0000] {logging_mixin.py:151} INFO - [2023-09-23T04:07:25.686+0000] {dagbag.py:539} INFO - Filling up the DagBag from /home/airflow/.local/lib/python3.8/site-packages/airflow/example_dags/example_sensors.py
[2023-09-23T04:07:25.693+0000] {processor.py:839} INFO - DAG(s) dict_keys(['example_sensors']) retrieved from /home/airflow/.local/lib/python3.8/site-packages/airflow/example_dags/example_sensors.py
[2023-09-23T04:07:25.716+0000] {logging_mixin.py:151} INFO - [2023-09-23T04:07:25.716+0000] {dag.py:2915} INFO - Sync 1 DAGs
[2023-09-23T04:07:25.726+0000] {logging_mixin.py:151} INFO - [2023-09-23T04:07:25.726+0000] {dag.py:3696} INFO - Setting next_dagrun for example_sensors to None, run_after=None
[2023-09-23T04:07:25.794+0000] {processor.py:179} INFO - Processing /home/airflow/.local/lib/python3.8/site-packages/airflow/example_dags/example_sensors.py took 0.114 seconds
[2023-09-23T04:07:58.186+0000] {processor.py:157} INFO - Started process (PID=404) to work on /home/airflow/.local/lib/python3.8/site-packages/airflow/example_dags/example_sensors.py
[2023-09-23T04:07:58.187+0000] {processor.py:829} INFO - Processing file /home/airflow/.local/lib/python3.8/site-packages/airflow/example_dags/example_sensors.py for tasks to queue
[2023-09-23T04:07:58.189+0000] {logging_mixin.py:151} INFO - [2023-09-23T04:07:58.189+0000] {dagbag.py:539} INFO - Filling up the DagBag from /home/airflow/.local/lib/python3.8/site-packages/airflow/example_dags/example_sensors.py
[2023-09-23T04:07:58.197+0000] {processor.py:839} INFO - DAG(s) dict_keys(['example_sensors']) retrieved from /home/airflow/.local/lib/python3.8/site-packages/airflow/example_dags/example_sensors.py
[2023-09-23T04:07:58.219+0000] {logging_mixin.py:151} INFO - [2023-09-23T04:07:58.219+0000] {dag.py:2915} INFO - Sync 1 DAGs
[2023-09-23T04:07:58.229+0000] {logging_mixin.py:151} INFO - [2023-09-23T04:07:58.229+0000] {dag.py:3696} INFO - Setting next_dagrun for example_sensors to None, run_after=None
[2023-09-23T04:07:58.278+0000] {processor.py:179} INFO - Processing /home/airflow/.local/lib/python3.8/site-packages/airflow/example_dags/example_sensors.py took 0.095 seconds
[2023-09-23T04:08:28.791+0000] {processor.py:157} INFO - Started process (PID=459) to work on /home/airflow/.local/lib/python3.8/site-packages/airflow/example_dags/example_sensors.py
[2023-09-23T04:08:28.806+0000] {processor.py:829} INFO - Processing file /home/airflow/.local/lib/python3.8/site-packages/airflow/example_dags/example_sensors.py for tasks to queue
[2023-09-23T04:08:28.808+0000] {logging_mixin.py:151} INFO - [2023-09-23T04:08:28.808+0000] {dagbag.py:539} INFO - Filling up the DagBag from /home/airflow/.local/lib/python3.8/site-packages/airflow/example_dags/example_sensors.py
[2023-09-23T04:08:28.816+0000] {processor.py:839} INFO - DAG(s) dict_keys(['example_sensors']) retrieved from /home/airflow/.local/lib/python3.8/site-packages/airflow/example_dags/example_sensors.py
[2023-09-23T04:08:28.902+0000] {logging_mixin.py:151} INFO - [2023-09-23T04:08:28.902+0000] {dag.py:2915} INFO - Sync 1 DAGs
[2023-09-23T04:08:28.914+0000] {logging_mixin.py:151} INFO - [2023-09-23T04:08:28.913+0000] {dag.py:3696} INFO - Setting next_dagrun for example_sensors to None, run_after=None
[2023-09-23T04:08:28.979+0000] {processor.py:179} INFO - Processing /home/airflow/.local/lib/python3.8/site-packages/airflow/example_dags/example_sensors.py took 0.191 seconds
[2023-09-23T04:09:01.634+0000] {processor.py:157} INFO - Started process (PID=514) to work on /home/airflow/.local/lib/python3.8/site-packages/airflow/example_dags/example_sensors.py
[2023-09-23T04:09:01.659+0000] {processor.py:829} INFO - Processing file /home/airflow/.local/lib/python3.8/site-packages/airflow/example_dags/example_sensors.py for tasks to queue
[2023-09-23T04:09:01.661+0000] {logging_mixin.py:151} INFO - [2023-09-23T04:09:01.660+0000] {dagbag.py:539} INFO - Filling up the DagBag from /home/airflow/.local/lib/python3.8/site-packages/airflow/example_dags/example_sensors.py
[2023-09-23T04:09:01.668+0000] {processor.py:839} INFO - DAG(s) dict_keys(['example_sensors']) retrieved from /home/airflow/.local/lib/python3.8/site-packages/airflow/example_dags/example_sensors.py
[2023-09-23T04:09:01.690+0000] {logging_mixin.py:151} INFO - [2023-09-23T04:09:01.690+0000] {dag.py:2915} INFO - Sync 1 DAGs
[2023-09-23T04:09:01.701+0000] {logging_mixin.py:151} INFO - [2023-09-23T04:09:01.701+0000] {dag.py:3696} INFO - Setting next_dagrun for example_sensors to None, run_after=None
[2023-09-23T04:09:01.815+0000] {processor.py:179} INFO - Processing /home/airflow/.local/lib/python3.8/site-packages/airflow/example_dags/example_sensors.py took 0.184 seconds
[2023-09-23T04:09:31.960+0000] {processor.py:157} INFO - Started process (PID=569) to work on /home/airflow/.local/lib/python3.8/site-packages/airflow/example_dags/example_sensors.py
[2023-09-23T04:09:31.973+0000] {processor.py:829} INFO - Processing file /home/airflow/.local/lib/python3.8/site-packages/airflow/example_dags/example_sensors.py for tasks to queue
[2023-09-23T04:09:31.975+0000] {logging_mixin.py:151} INFO - [2023-09-23T04:09:31.974+0000] {dagbag.py:539} INFO - Filling up the DagBag from /home/airflow/.local/lib/python3.8/site-packages/airflow/example_dags/example_sensors.py
[2023-09-23T04:09:31.982+0000] {processor.py:839} INFO - DAG(s) dict_keys(['example_sensors']) retrieved from /home/airflow/.local/lib/python3.8/site-packages/airflow/example_dags/example_sensors.py
[2023-09-23T04:09:32.004+0000] {logging_mixin.py:151} INFO - [2023-09-23T04:09:32.004+0000] {dag.py:2915} INFO - Sync 1 DAGs
[2023-09-23T04:09:32.013+0000] {logging_mixin.py:151} INFO - [2023-09-23T04:09:32.013+0000] {dag.py:3696} INFO - Setting next_dagrun for example_sensors to None, run_after=None
[2023-09-23T04:09:32.063+0000] {processor.py:179} INFO - Processing /home/airflow/.local/lib/python3.8/site-packages/airflow/example_dags/example_sensors.py took 0.105 seconds
[2023-09-23T04:10:02.992+0000] {processor.py:157} INFO - Started process (PID=624) to work on /home/airflow/.local/lib/python3.8/site-packages/airflow/example_dags/example_sensors.py
[2023-09-23T04:10:02.993+0000] {processor.py:829} INFO - Processing file /home/airflow/.local/lib/python3.8/site-packages/airflow/example_dags/example_sensors.py for tasks to queue
[2023-09-23T04:10:02.995+0000] {logging_mixin.py:151} INFO - [2023-09-23T04:10:02.995+0000] {dagbag.py:539} INFO - Filling up the DagBag from /home/airflow/.local/lib/python3.8/site-packages/airflow/example_dags/example_sensors.py
[2023-09-23T04:10:03.003+0000] {processor.py:839} INFO - DAG(s) dict_keys(['example_sensors']) retrieved from /home/airflow/.local/lib/python3.8/site-packages/airflow/example_dags/example_sensors.py
[2023-09-23T04:10:03.026+0000] {logging_mixin.py:151} INFO - [2023-09-23T04:10:03.025+0000] {dag.py:2915} INFO - Sync 1 DAGs
[2023-09-23T04:10:03.036+0000] {logging_mixin.py:151} INFO - [2023-09-23T04:10:03.036+0000] {dag.py:3696} INFO - Setting next_dagrun for example_sensors to None, run_after=None
[2023-09-23T04:10:03.138+0000] {processor.py:179} INFO - Processing /home/airflow/.local/lib/python3.8/site-packages/airflow/example_dags/example_sensors.py took 0.149 seconds
[2023-09-23T04:10:34.597+0000] {processor.py:157} INFO - Started process (PID=679) to work on /home/airflow/.local/lib/python3.8/site-packages/airflow/example_dags/example_sensors.py
[2023-09-23T04:10:34.598+0000] {processor.py:829} INFO - Processing file /home/airflow/.local/lib/python3.8/site-packages/airflow/example_dags/example_sensors.py for tasks to queue
[2023-09-23T04:10:34.600+0000] {logging_mixin.py:151} INFO - [2023-09-23T04:10:34.599+0000] {dagbag.py:539} INFO - Filling up the DagBag from /home/airflow/.local/lib/python3.8/site-packages/airflow/example_dags/example_sensors.py
[2023-09-23T04:10:34.607+0000] {processor.py:839} INFO - DAG(s) dict_keys(['example_sensors']) retrieved from /home/airflow/.local/lib/python3.8/site-packages/airflow/example_dags/example_sensors.py
[2023-09-23T04:10:34.629+0000] {logging_mixin.py:151} INFO - [2023-09-23T04:10:34.629+0000] {dag.py:2915} INFO - Sync 1 DAGs
[2023-09-23T04:10:34.639+0000] {logging_mixin.py:151} INFO - [2023-09-23T04:10:34.639+0000] {dag.py:3696} INFO - Setting next_dagrun for example_sensors to None, run_after=None
[2023-09-23T04:10:34.699+0000] {processor.py:179} INFO - Processing /home/airflow/.local/lib/python3.8/site-packages/airflow/example_dags/example_sensors.py took 0.105 seconds
[2023-09-23T04:11:07.432+0000] {processor.py:157} INFO - Started process (PID=734) to work on /home/airflow/.local/lib/python3.8/site-packages/airflow/example_dags/example_sensors.py
[2023-09-23T04:11:07.463+0000] {processor.py:829} INFO - Processing file /home/airflow/.local/lib/python3.8/site-packages/airflow/example_dags/example_sensors.py for tasks to queue
[2023-09-23T04:11:07.464+0000] {logging_mixin.py:151} INFO - [2023-09-23T04:11:07.464+0000] {dagbag.py:539} INFO - Filling up the DagBag from /home/airflow/.local/lib/python3.8/site-packages/airflow/example_dags/example_sensors.py
[2023-09-23T04:11:07.472+0000] {processor.py:839} INFO - DAG(s) dict_keys(['example_sensors']) retrieved from /home/airflow/.local/lib/python3.8/site-packages/airflow/example_dags/example_sensors.py
[2023-09-23T04:11:07.493+0000] {logging_mixin.py:151} INFO - [2023-09-23T04:11:07.493+0000] {dag.py:2915} INFO - Sync 1 DAGs
[2023-09-23T04:11:07.503+0000] {logging_mixin.py:151} INFO - [2023-09-23T04:11:07.503+0000] {dag.py:3696} INFO - Setting next_dagrun for example_sensors to None, run_after=None
[2023-09-23T04:11:07.578+0000] {processor.py:179} INFO - Processing /home/airflow/.local/lib/python3.8/site-packages/airflow/example_dags/example_sensors.py took 0.148 seconds
[2023-09-23T04:11:38.403+0000] {processor.py:157} INFO - Started process (PID=789) to work on /home/airflow/.local/lib/python3.8/site-packages/airflow/example_dags/example_sensors.py
[2023-09-23T04:11:38.411+0000] {processor.py:829} INFO - Processing file /home/airflow/.local/lib/python3.8/site-packages/airflow/example_dags/example_sensors.py for tasks to queue
[2023-09-23T04:11:38.413+0000] {logging_mixin.py:151} INFO - [2023-09-23T04:11:38.412+0000] {dagbag.py:539} INFO - Filling up the DagBag from /home/airflow/.local/lib/python3.8/site-packages/airflow/example_dags/example_sensors.py
[2023-09-23T04:11:38.420+0000] {processor.py:839} INFO - DAG(s) dict_keys(['example_sensors']) retrieved from /home/airflow/.local/lib/python3.8/site-packages/airflow/example_dags/example_sensors.py
[2023-09-23T04:11:38.443+0000] {logging_mixin.py:151} INFO - [2023-09-23T04:11:38.443+0000] {dag.py:2915} INFO - Sync 1 DAGs
[2023-09-23T04:11:38.453+0000] {logging_mixin.py:151} INFO - [2023-09-23T04:11:38.453+0000] {dag.py:3696} INFO - Setting next_dagrun for example_sensors to None, run_after=None
[2023-09-23T04:11:38.683+0000] {processor.py:179} INFO - Processing /home/airflow/.local/lib/python3.8/site-packages/airflow/example_dags/example_sensors.py took 0.282 seconds
[2023-09-23T04:12:08.814+0000] {processor.py:157} INFO - Started process (PID=844) to work on /home/airflow/.local/lib/python3.8/site-packages/airflow/example_dags/example_sensors.py
[2023-09-23T04:12:08.838+0000] {processor.py:829} INFO - Processing file /home/airflow/.local/lib/python3.8/site-packages/airflow/example_dags/example_sensors.py for tasks to queue
[2023-09-23T04:12:08.840+0000] {logging_mixin.py:151} INFO - [2023-09-23T04:12:08.839+0000] {dagbag.py:539} INFO - Filling up the DagBag from /home/airflow/.local/lib/python3.8/site-packages/airflow/example_dags/example_sensors.py
[2023-09-23T04:12:08.847+0000] {processor.py:839} INFO - DAG(s) dict_keys(['example_sensors']) retrieved from /home/airflow/.local/lib/python3.8/site-packages/airflow/example_dags/example_sensors.py
[2023-09-23T04:12:08.869+0000] {logging_mixin.py:151} INFO - [2023-09-23T04:12:08.869+0000] {dag.py:2915} INFO - Sync 1 DAGs
[2023-09-23T04:12:08.880+0000] {logging_mixin.py:151} INFO - [2023-09-23T04:12:08.880+0000] {dag.py:3696} INFO - Setting next_dagrun for example_sensors to None, run_after=None
[2023-09-23T04:12:09.480+0000] {processor.py:179} INFO - Processing /home/airflow/.local/lib/python3.8/site-packages/airflow/example_dags/example_sensors.py took 0.669 seconds
[2023-09-23T04:12:39.944+0000] {processor.py:157} INFO - Started process (PID=899) to work on /home/airflow/.local/lib/python3.8/site-packages/airflow/example_dags/example_sensors.py
[2023-09-23T04:12:40.160+0000] {processor.py:829} INFO - Processing file /home/airflow/.local/lib/python3.8/site-packages/airflow/example_dags/example_sensors.py for tasks to queue
[2023-09-23T04:12:40.161+0000] {logging_mixin.py:151} INFO - [2023-09-23T04:12:40.161+0000] {dagbag.py:539} INFO - Filling up the DagBag from /home/airflow/.local/lib/python3.8/site-packages/airflow/example_dags/example_sensors.py
[2023-09-23T04:12:40.169+0000] {processor.py:839} INFO - DAG(s) dict_keys(['example_sensors']) retrieved from /home/airflow/.local/lib/python3.8/site-packages/airflow/example_dags/example_sensors.py
[2023-09-23T04:12:40.190+0000] {logging_mixin.py:151} INFO - [2023-09-23T04:12:40.190+0000] {dag.py:2915} INFO - Sync 1 DAGs
[2023-09-23T04:12:40.200+0000] {logging_mixin.py:151} INFO - [2023-09-23T04:12:40.200+0000] {dag.py:3696} INFO - Setting next_dagrun for example_sensors to None, run_after=None
[2023-09-23T04:12:40.247+0000] {processor.py:179} INFO - Processing /home/airflow/.local/lib/python3.8/site-packages/airflow/example_dags/example_sensors.py took 0.306 seconds
[2023-09-23T04:13:10.859+0000] {processor.py:157} INFO - Started process (PID=954) to work on /home/airflow/.local/lib/python3.8/site-packages/airflow/example_dags/example_sensors.py
[2023-09-23T04:13:10.871+0000] {processor.py:829} INFO - Processing file /home/airflow/.local/lib/python3.8/site-packages/airflow/example_dags/example_sensors.py for tasks to queue
[2023-09-23T04:13:10.872+0000] {logging_mixin.py:151} INFO - [2023-09-23T04:13:10.872+0000] {dagbag.py:539} INFO - Filling up the DagBag from /home/airflow/.local/lib/python3.8/site-packages/airflow/example_dags/example_sensors.py
[2023-09-23T04:13:10.880+0000] {processor.py:839} INFO - DAG(s) dict_keys(['example_sensors']) retrieved from /home/airflow/.local/lib/python3.8/site-packages/airflow/example_dags/example_sensors.py
[2023-09-23T04:13:10.903+0000] {logging_mixin.py:151} INFO - [2023-09-23T04:13:10.902+0000] {dag.py:2915} INFO - Sync 1 DAGs
[2023-09-23T04:13:10.914+0000] {logging_mixin.py:151} INFO - [2023-09-23T04:13:10.913+0000] {dag.py:3696} INFO - Setting next_dagrun for example_sensors to None, run_after=None
[2023-09-23T04:13:11.067+0000] {processor.py:179} INFO - Processing /home/airflow/.local/lib/python3.8/site-packages/airflow/example_dags/example_sensors.py took 0.210 seconds
[2023-09-23T04:13:42.334+0000] {processor.py:157} INFO - Started process (PID=1009) to work on /home/airflow/.local/lib/python3.8/site-packages/airflow/example_dags/example_sensors.py
[2023-09-23T04:13:42.337+0000] {processor.py:829} INFO - Processing file /home/airflow/.local/lib/python3.8/site-packages/airflow/example_dags/example_sensors.py for tasks to queue
[2023-09-23T04:13:42.339+0000] {logging_mixin.py:151} INFO - [2023-09-23T04:13:42.339+0000] {dagbag.py:539} INFO - Filling up the DagBag from /home/airflow/.local/lib/python3.8/site-packages/airflow/example_dags/example_sensors.py
[2023-09-23T04:13:42.346+0000] {processor.py:839} INFO - DAG(s) dict_keys(['example_sensors']) retrieved from /home/airflow/.local/lib/python3.8/site-packages/airflow/example_dags/example_sensors.py
[2023-09-23T04:13:42.369+0000] {logging_mixin.py:151} INFO - [2023-09-23T04:13:42.369+0000] {dag.py:2915} INFO - Sync 1 DAGs
[2023-09-23T04:13:42.379+0000] {logging_mixin.py:151} INFO - [2023-09-23T04:13:42.379+0000] {dag.py:3696} INFO - Setting next_dagrun for example_sensors to None, run_after=None
[2023-09-23T04:13:42.449+0000] {processor.py:179} INFO - Processing /home/airflow/.local/lib/python3.8/site-packages/airflow/example_dags/example_sensors.py took 0.117 seconds
[2023-09-23T04:14:14.521+0000] {processor.py:157} INFO - Started process (PID=1064) to work on /home/airflow/.local/lib/python3.8/site-packages/airflow/example_dags/example_sensors.py
[2023-09-23T04:14:14.522+0000] {processor.py:829} INFO - Processing file /home/airflow/.local/lib/python3.8/site-packages/airflow/example_dags/example_sensors.py for tasks to queue
[2023-09-23T04:14:14.524+0000] {logging_mixin.py:151} INFO - [2023-09-23T04:14:14.524+0000] {dagbag.py:539} INFO - Filling up the DagBag from /home/airflow/.local/lib/python3.8/site-packages/airflow/example_dags/example_sensors.py
[2023-09-23T04:14:14.531+0000] {processor.py:839} INFO - DAG(s) dict_keys(['example_sensors']) retrieved from /home/airflow/.local/lib/python3.8/site-packages/airflow/example_dags/example_sensors.py
[2023-09-23T04:14:14.553+0000] {logging_mixin.py:151} INFO - [2023-09-23T04:14:14.553+0000] {dag.py:2915} INFO - Sync 1 DAGs
[2023-09-23T04:14:14.564+0000] {logging_mixin.py:151} INFO - [2023-09-23T04:14:14.564+0000] {dag.py:3696} INFO - Setting next_dagrun for example_sensors to None, run_after=None
[2023-09-23T04:14:14.625+0000] {processor.py:179} INFO - Processing /home/airflow/.local/lib/python3.8/site-packages/airflow/example_dags/example_sensors.py took 0.107 seconds
[2023-09-23T04:14:46.045+0000] {processor.py:157} INFO - Started process (PID=1119) to work on /home/airflow/.local/lib/python3.8/site-packages/airflow/example_dags/example_sensors.py
[2023-09-23T04:14:46.069+0000] {processor.py:829} INFO - Processing file /home/airflow/.local/lib/python3.8/site-packages/airflow/example_dags/example_sensors.py for tasks to queue
[2023-09-23T04:14:46.071+0000] {logging_mixin.py:151} INFO - [2023-09-23T04:14:46.071+0000] {dagbag.py:539} INFO - Filling up the DagBag from /home/airflow/.local/lib/python3.8/site-packages/airflow/example_dags/example_sensors.py
[2023-09-23T04:14:46.078+0000] {processor.py:839} INFO - DAG(s) dict_keys(['example_sensors']) retrieved from /home/airflow/.local/lib/python3.8/site-packages/airflow/example_dags/example_sensors.py
[2023-09-23T04:14:46.099+0000] {logging_mixin.py:151} INFO - [2023-09-23T04:14:46.099+0000] {dag.py:2915} INFO - Sync 1 DAGs
[2023-09-23T04:14:46.110+0000] {logging_mixin.py:151} INFO - [2023-09-23T04:14:46.110+0000] {dag.py:3696} INFO - Setting next_dagrun for example_sensors to None, run_after=None
[2023-09-23T04:14:46.162+0000] {processor.py:179} INFO - Processing /home/airflow/.local/lib/python3.8/site-packages/airflow/example_dags/example_sensors.py took 0.119 seconds
[2023-09-23T04:15:16.423+0000] {processor.py:157} INFO - Started process (PID=1174) to work on /home/airflow/.local/lib/python3.8/site-packages/airflow/example_dags/example_sensors.py
[2023-09-23T04:15:16.443+0000] {processor.py:829} INFO - Processing file /home/airflow/.local/lib/python3.8/site-packages/airflow/example_dags/example_sensors.py for tasks to queue
[2023-09-23T04:15:16.445+0000] {logging_mixin.py:151} INFO - [2023-09-23T04:15:16.445+0000] {dagbag.py:539} INFO - Filling up the DagBag from /home/airflow/.local/lib/python3.8/site-packages/airflow/example_dags/example_sensors.py
[2023-09-23T04:15:16.452+0000] {processor.py:839} INFO - DAG(s) dict_keys(['example_sensors']) retrieved from /home/airflow/.local/lib/python3.8/site-packages/airflow/example_dags/example_sensors.py
[2023-09-23T04:15:16.473+0000] {logging_mixin.py:151} INFO - [2023-09-23T04:15:16.473+0000] {dag.py:2915} INFO - Sync 1 DAGs
[2023-09-23T04:15:16.483+0000] {logging_mixin.py:151} INFO - [2023-09-23T04:15:16.483+0000] {dag.py:3696} INFO - Setting next_dagrun for example_sensors to None, run_after=None
[2023-09-23T04:15:16.539+0000] {processor.py:179} INFO - Processing /home/airflow/.local/lib/python3.8/site-packages/airflow/example_dags/example_sensors.py took 0.118 seconds
[2023-09-23T04:15:47.329+0000] {processor.py:157} INFO - Started process (PID=1229) to work on /home/airflow/.local/lib/python3.8/site-packages/airflow/example_dags/example_sensors.py
[2023-09-23T04:15:47.338+0000] {processor.py:829} INFO - Processing file /home/airflow/.local/lib/python3.8/site-packages/airflow/example_dags/example_sensors.py for tasks to queue
[2023-09-23T04:15:47.340+0000] {logging_mixin.py:151} INFO - [2023-09-23T04:15:47.339+0000] {dagbag.py:539} INFO - Filling up the DagBag from /home/airflow/.local/lib/python3.8/site-packages/airflow/example_dags/example_sensors.py
[2023-09-23T04:15:47.347+0000] {processor.py:839} INFO - DAG(s) dict_keys(['example_sensors']) retrieved from /home/airflow/.local/lib/python3.8/site-packages/airflow/example_dags/example_sensors.py
[2023-09-23T04:15:47.367+0000] {logging_mixin.py:151} INFO - [2023-09-23T04:15:47.367+0000] {dag.py:2915} INFO - Sync 1 DAGs
[2023-09-23T04:15:47.377+0000] {logging_mixin.py:151} INFO - [2023-09-23T04:15:47.377+0000] {dag.py:3696} INFO - Setting next_dagrun for example_sensors to None, run_after=None
[2023-09-23T04:15:47.423+0000] {processor.py:179} INFO - Processing /home/airflow/.local/lib/python3.8/site-packages/airflow/example_dags/example_sensors.py took 0.096 seconds
[2023-09-23T04:16:18.687+0000] {processor.py:157} INFO - Started process (PID=1284) to work on /home/airflow/.local/lib/python3.8/site-packages/airflow/example_dags/example_sensors.py
[2023-09-23T04:16:18.721+0000] {processor.py:829} INFO - Processing file /home/airflow/.local/lib/python3.8/site-packages/airflow/example_dags/example_sensors.py for tasks to queue
[2023-09-23T04:16:18.722+0000] {logging_mixin.py:151} INFO - [2023-09-23T04:16:18.722+0000] {dagbag.py:539} INFO - Filling up the DagBag from /home/airflow/.local/lib/python3.8/site-packages/airflow/example_dags/example_sensors.py
[2023-09-23T04:16:18.730+0000] {processor.py:839} INFO - DAG(s) dict_keys(['example_sensors']) retrieved from /home/airflow/.local/lib/python3.8/site-packages/airflow/example_dags/example_sensors.py
[2023-09-23T04:16:18.752+0000] {logging_mixin.py:151} INFO - [2023-09-23T04:16:18.752+0000] {dag.py:2915} INFO - Sync 1 DAGs
[2023-09-23T04:16:18.763+0000] {logging_mixin.py:151} INFO - [2023-09-23T04:16:18.763+0000] {dag.py:3696} INFO - Setting next_dagrun for example_sensors to None, run_after=None
[2023-09-23T04:16:18.813+0000] {processor.py:179} INFO - Processing /home/airflow/.local/lib/python3.8/site-packages/airflow/example_dags/example_sensors.py took 0.129 seconds
[2023-09-23T04:16:48.955+0000] {processor.py:157} INFO - Started process (PID=1339) to work on /home/airflow/.local/lib/python3.8/site-packages/airflow/example_dags/example_sensors.py
[2023-09-23T04:16:48.971+0000] {processor.py:829} INFO - Processing file /home/airflow/.local/lib/python3.8/site-packages/airflow/example_dags/example_sensors.py for tasks to queue
[2023-09-23T04:16:48.973+0000] {logging_mixin.py:151} INFO - [2023-09-23T04:16:48.972+0000] {dagbag.py:539} INFO - Filling up the DagBag from /home/airflow/.local/lib/python3.8/site-packages/airflow/example_dags/example_sensors.py
[2023-09-23T04:16:48.980+0000] {processor.py:839} INFO - DAG(s) dict_keys(['example_sensors']) retrieved from /home/airflow/.local/lib/python3.8/site-packages/airflow/example_dags/example_sensors.py
[2023-09-23T04:16:49.001+0000] {logging_mixin.py:151} INFO - [2023-09-23T04:16:49.001+0000] {dag.py:2915} INFO - Sync 1 DAGs
[2023-09-23T04:16:49.011+0000] {logging_mixin.py:151} INFO - [2023-09-23T04:16:49.011+0000] {dag.py:3696} INFO - Setting next_dagrun for example_sensors to None, run_after=None
[2023-09-23T04:16:49.048+0000] {processor.py:179} INFO - Processing /home/airflow/.local/lib/python3.8/site-packages/airflow/example_dags/example_sensors.py took 0.095 seconds
[2023-09-23T04:17:20.944+0000] {processor.py:157} INFO - Started process (PID=1394) to work on /home/airflow/.local/lib/python3.8/site-packages/airflow/example_dags/example_sensors.py
[2023-09-23T04:17:20.959+0000] {processor.py:829} INFO - Processing file /home/airflow/.local/lib/python3.8/site-packages/airflow/example_dags/example_sensors.py for tasks to queue
[2023-09-23T04:17:20.960+0000] {logging_mixin.py:151} INFO - [2023-09-23T04:17:20.960+0000] {dagbag.py:539} INFO - Filling up the DagBag from /home/airflow/.local/lib/python3.8/site-packages/airflow/example_dags/example_sensors.py
[2023-09-23T04:17:20.968+0000] {processor.py:839} INFO - DAG(s) dict_keys(['example_sensors']) retrieved from /home/airflow/.local/lib/python3.8/site-packages/airflow/example_dags/example_sensors.py
[2023-09-23T04:17:20.989+0000] {logging_mixin.py:151} INFO - [2023-09-23T04:17:20.989+0000] {dag.py:2915} INFO - Sync 1 DAGs
[2023-09-23T04:17:20.999+0000] {logging_mixin.py:151} INFO - [2023-09-23T04:17:20.998+0000] {dag.py:3696} INFO - Setting next_dagrun for example_sensors to None, run_after=None
[2023-09-23T04:17:21.358+0000] {processor.py:179} INFO - Processing /home/airflow/.local/lib/python3.8/site-packages/airflow/example_dags/example_sensors.py took 0.416 seconds
[2023-09-23T04:17:51.937+0000] {processor.py:157} INFO - Started process (PID=1449) to work on /home/airflow/.local/lib/python3.8/site-packages/airflow/example_dags/example_sensors.py
[2023-09-23T04:17:51.973+0000] {processor.py:829} INFO - Processing file /home/airflow/.local/lib/python3.8/site-packages/airflow/example_dags/example_sensors.py for tasks to queue
[2023-09-23T04:17:51.974+0000] {logging_mixin.py:151} INFO - [2023-09-23T04:17:51.974+0000] {dagbag.py:539} INFO - Filling up the DagBag from /home/airflow/.local/lib/python3.8/site-packages/airflow/example_dags/example_sensors.py
[2023-09-23T04:17:51.982+0000] {processor.py:839} INFO - DAG(s) dict_keys(['example_sensors']) retrieved from /home/airflow/.local/lib/python3.8/site-packages/airflow/example_dags/example_sensors.py
[2023-09-23T04:17:51.996+0000] {logging_mixin.py:151} INFO - [2023-09-23T04:17:51.995+0000] {dag.py:2915} INFO - Sync 1 DAGs
[2023-09-23T04:17:52.010+0000] {logging_mixin.py:151} INFO - [2023-09-23T04:17:52.010+0000] {dag.py:3696} INFO - Setting next_dagrun for example_sensors to None, run_after=None
[2023-09-23T04:17:52.913+0000] {processor.py:179} INFO - Processing /home/airflow/.local/lib/python3.8/site-packages/airflow/example_dags/example_sensors.py took 0.978 seconds
[2023-09-23T04:18:23.462+0000] {processor.py:157} INFO - Started process (PID=1504) to work on /home/airflow/.local/lib/python3.8/site-packages/airflow/example_dags/example_sensors.py
[2023-09-23T04:18:23.492+0000] {processor.py:829} INFO - Processing file /home/airflow/.local/lib/python3.8/site-packages/airflow/example_dags/example_sensors.py for tasks to queue
[2023-09-23T04:18:23.494+0000] {logging_mixin.py:151} INFO - [2023-09-23T04:18:23.493+0000] {dagbag.py:539} INFO - Filling up the DagBag from /home/airflow/.local/lib/python3.8/site-packages/airflow/example_dags/example_sensors.py
[2023-09-23T04:18:23.502+0000] {processor.py:839} INFO - DAG(s) dict_keys(['example_sensors']) retrieved from /home/airflow/.local/lib/python3.8/site-packages/airflow/example_dags/example_sensors.py
[2023-09-23T04:18:23.525+0000] {logging_mixin.py:151} INFO - [2023-09-23T04:18:23.525+0000] {dag.py:2915} INFO - Sync 1 DAGs
[2023-09-23T04:18:23.535+0000] {logging_mixin.py:151} INFO - [2023-09-23T04:18:23.535+0000] {dag.py:3696} INFO - Setting next_dagrun for example_sensors to None, run_after=None
[2023-09-23T04:18:23.612+0000] {processor.py:179} INFO - Processing /home/airflow/.local/lib/python3.8/site-packages/airflow/example_dags/example_sensors.py took 0.154 seconds
[2023-09-23T04:19:01.545+0000] {processor.py:157} INFO - Started process (PID=1559) to work on /home/airflow/.local/lib/python3.8/site-packages/airflow/example_dags/example_sensors.py
[2023-09-23T04:19:01.941+0000] {processor.py:829} INFO - Processing file /home/airflow/.local/lib/python3.8/site-packages/airflow/example_dags/example_sensors.py for tasks to queue
[2023-09-23T04:19:01.946+0000] {logging_mixin.py:151} INFO - [2023-09-23T04:19:01.945+0000] {dagbag.py:539} INFO - Filling up the DagBag from /home/airflow/.local/lib/python3.8/site-packages/airflow/example_dags/example_sensors.py
[2023-09-23T04:19:01.952+0000] {processor.py:839} INFO - DAG(s) dict_keys(['example_sensors']) retrieved from /home/airflow/.local/lib/python3.8/site-packages/airflow/example_dags/example_sensors.py
[2023-09-23T04:19:01.974+0000] {logging_mixin.py:151} INFO - [2023-09-23T04:19:01.974+0000] {dag.py:2915} INFO - Sync 1 DAGs
[2023-09-23T04:19:01.984+0000] {logging_mixin.py:151} INFO - [2023-09-23T04:19:01.984+0000] {dag.py:3696} INFO - Setting next_dagrun for example_sensors to None, run_after=None
[2023-09-23T04:19:02.685+0000] {processor.py:179} INFO - Processing /home/airflow/.local/lib/python3.8/site-packages/airflow/example_dags/example_sensors.py took 1.143 seconds
[2023-09-23T04:19:33.513+0000] {processor.py:157} INFO - Started process (PID=1614) to work on /home/airflow/.local/lib/python3.8/site-packages/airflow/example_dags/example_sensors.py
[2023-09-23T04:19:33.585+0000] {processor.py:829} INFO - Processing file /home/airflow/.local/lib/python3.8/site-packages/airflow/example_dags/example_sensors.py for tasks to queue
[2023-09-23T04:19:33.588+0000] {logging_mixin.py:151} INFO - [2023-09-23T04:19:33.587+0000] {dagbag.py:539} INFO - Filling up the DagBag from /home/airflow/.local/lib/python3.8/site-packages/airflow/example_dags/example_sensors.py
[2023-09-23T04:19:33.600+0000] {processor.py:839} INFO - DAG(s) dict_keys(['example_sensors']) retrieved from /home/airflow/.local/lib/python3.8/site-packages/airflow/example_dags/example_sensors.py
[2023-09-23T04:19:33.622+0000] {logging_mixin.py:151} INFO - [2023-09-23T04:19:33.622+0000] {dag.py:2915} INFO - Sync 1 DAGs
[2023-09-23T04:19:33.633+0000] {logging_mixin.py:151} INFO - [2023-09-23T04:19:33.632+0000] {dag.py:3696} INFO - Setting next_dagrun for example_sensors to None, run_after=None
[2023-09-23T04:19:34.523+0000] {processor.py:179} INFO - Processing /home/airflow/.local/lib/python3.8/site-packages/airflow/example_dags/example_sensors.py took 1.012 seconds
[2023-09-23T04:24:09.292+0000] {processor.py:157} INFO - Started process (PID=65) to work on /home/airflow/.local/lib/python3.8/site-packages/airflow/example_dags/example_sensors.py
[2023-09-23T04:24:09.318+0000] {processor.py:829} INFO - Processing file /home/airflow/.local/lib/python3.8/site-packages/airflow/example_dags/example_sensors.py for tasks to queue
[2023-09-23T04:24:09.320+0000] {logging_mixin.py:151} INFO - [2023-09-23T04:24:09.320+0000] {dagbag.py:539} INFO - Filling up the DagBag from /home/airflow/.local/lib/python3.8/site-packages/airflow/example_dags/example_sensors.py
[2023-09-23T04:24:09.332+0000] {processor.py:839} INFO - DAG(s) dict_keys(['example_sensors']) retrieved from /home/airflow/.local/lib/python3.8/site-packages/airflow/example_dags/example_sensors.py
[2023-09-23T04:24:09.357+0000] {logging_mixin.py:151} INFO - [2023-09-23T04:24:09.356+0000] {dag.py:2915} INFO - Sync 1 DAGs
[2023-09-23T04:24:09.368+0000] {logging_mixin.py:151} INFO - [2023-09-23T04:24:09.368+0000] {dag.py:3696} INFO - Setting next_dagrun for example_sensors to None, run_after=None
[2023-09-23T04:24:09.410+0000] {processor.py:179} INFO - Processing /home/airflow/.local/lib/python3.8/site-packages/airflow/example_dags/example_sensors.py took 0.121 seconds
[2023-09-23T04:24:57.959+0000] {processor.py:157} INFO - Started process (PID=128) to work on /home/airflow/.local/lib/python3.8/site-packages/airflow/example_dags/example_sensors.py
[2023-09-23T04:24:57.969+0000] {processor.py:829} INFO - Processing file /home/airflow/.local/lib/python3.8/site-packages/airflow/example_dags/example_sensors.py for tasks to queue
[2023-09-23T04:24:57.971+0000] {logging_mixin.py:151} INFO - [2023-09-23T04:24:57.970+0000] {dagbag.py:539} INFO - Filling up the DagBag from /home/airflow/.local/lib/python3.8/site-packages/airflow/example_dags/example_sensors.py
[2023-09-23T04:24:57.978+0000] {processor.py:839} INFO - DAG(s) dict_keys(['example_sensors']) retrieved from /home/airflow/.local/lib/python3.8/site-packages/airflow/example_dags/example_sensors.py
[2023-09-23T04:24:58.000+0000] {logging_mixin.py:151} INFO - [2023-09-23T04:24:58.000+0000] {dag.py:2915} INFO - Sync 1 DAGs
[2023-09-23T04:24:58.010+0000] {logging_mixin.py:151} INFO - [2023-09-23T04:24:58.010+0000] {dag.py:3696} INFO - Setting next_dagrun for example_sensors to None, run_after=None
[2023-09-23T04:24:58.073+0000] {processor.py:179} INFO - Processing /home/airflow/.local/lib/python3.8/site-packages/airflow/example_dags/example_sensors.py took 0.117 seconds
[2023-09-23T04:25:29.524+0000] {processor.py:157} INFO - Started process (PID=183) to work on /home/airflow/.local/lib/python3.8/site-packages/airflow/example_dags/example_sensors.py
[2023-09-23T04:25:29.525+0000] {processor.py:829} INFO - Processing file /home/airflow/.local/lib/python3.8/site-packages/airflow/example_dags/example_sensors.py for tasks to queue
[2023-09-23T04:25:29.527+0000] {logging_mixin.py:151} INFO - [2023-09-23T04:25:29.527+0000] {dagbag.py:539} INFO - Filling up the DagBag from /home/airflow/.local/lib/python3.8/site-packages/airflow/example_dags/example_sensors.py
[2023-09-23T04:25:29.535+0000] {processor.py:839} INFO - DAG(s) dict_keys(['example_sensors']) retrieved from /home/airflow/.local/lib/python3.8/site-packages/airflow/example_dags/example_sensors.py
[2023-09-23T04:25:29.557+0000] {logging_mixin.py:151} INFO - [2023-09-23T04:25:29.556+0000] {dag.py:2915} INFO - Sync 1 DAGs
[2023-09-23T04:25:29.567+0000] {logging_mixin.py:151} INFO - [2023-09-23T04:25:29.567+0000] {dag.py:3696} INFO - Setting next_dagrun for example_sensors to None, run_after=None
[2023-09-23T04:25:29.606+0000] {processor.py:179} INFO - Processing /home/airflow/.local/lib/python3.8/site-packages/airflow/example_dags/example_sensors.py took 0.085 seconds
[2023-09-23T04:26:04.354+0000] {processor.py:157} INFO - Started process (PID=238) to work on /home/airflow/.local/lib/python3.8/site-packages/airflow/example_dags/example_sensors.py
[2023-09-23T04:26:04.366+0000] {processor.py:829} INFO - Processing file /home/airflow/.local/lib/python3.8/site-packages/airflow/example_dags/example_sensors.py for tasks to queue
[2023-09-23T04:26:04.367+0000] {logging_mixin.py:151} INFO - [2023-09-23T04:26:04.367+0000] {dagbag.py:539} INFO - Filling up the DagBag from /home/airflow/.local/lib/python3.8/site-packages/airflow/example_dags/example_sensors.py
[2023-09-23T04:26:04.375+0000] {processor.py:839} INFO - DAG(s) dict_keys(['example_sensors']) retrieved from /home/airflow/.local/lib/python3.8/site-packages/airflow/example_dags/example_sensors.py
[2023-09-23T04:26:04.399+0000] {logging_mixin.py:151} INFO - [2023-09-23T04:26:04.398+0000] {dag.py:2915} INFO - Sync 1 DAGs
[2023-09-23T04:26:04.409+0000] {logging_mixin.py:151} INFO - [2023-09-23T04:26:04.409+0000] {dag.py:3696} INFO - Setting next_dagrun for example_sensors to None, run_after=None
[2023-09-23T04:26:04.625+0000] {processor.py:179} INFO - Processing /home/airflow/.local/lib/python3.8/site-packages/airflow/example_dags/example_sensors.py took 0.274 seconds
[2023-09-23T04:26:35.986+0000] {processor.py:157} INFO - Started process (PID=293) to work on /home/airflow/.local/lib/python3.8/site-packages/airflow/example_dags/example_sensors.py
[2023-09-23T04:26:35.996+0000] {processor.py:829} INFO - Processing file /home/airflow/.local/lib/python3.8/site-packages/airflow/example_dags/example_sensors.py for tasks to queue
[2023-09-23T04:26:35.998+0000] {logging_mixin.py:151} INFO - [2023-09-23T04:26:35.998+0000] {dagbag.py:539} INFO - Filling up the DagBag from /home/airflow/.local/lib/python3.8/site-packages/airflow/example_dags/example_sensors.py
[2023-09-23T04:26:36.005+0000] {processor.py:839} INFO - DAG(s) dict_keys(['example_sensors']) retrieved from /home/airflow/.local/lib/python3.8/site-packages/airflow/example_dags/example_sensors.py
[2023-09-23T04:26:36.028+0000] {logging_mixin.py:151} INFO - [2023-09-23T04:26:36.028+0000] {dag.py:2915} INFO - Sync 1 DAGs
[2023-09-23T04:26:36.039+0000] {logging_mixin.py:151} INFO - [2023-09-23T04:26:36.038+0000] {dag.py:3696} INFO - Setting next_dagrun for example_sensors to None, run_after=None
[2023-09-23T04:26:36.089+0000] {processor.py:179} INFO - Processing /home/airflow/.local/lib/python3.8/site-packages/airflow/example_dags/example_sensors.py took 0.105 seconds
[2023-09-23T04:27:07.807+0000] {processor.py:157} INFO - Started process (PID=348) to work on /home/airflow/.local/lib/python3.8/site-packages/airflow/example_dags/example_sensors.py
[2023-09-23T04:27:07.822+0000] {processor.py:829} INFO - Processing file /home/airflow/.local/lib/python3.8/site-packages/airflow/example_dags/example_sensors.py for tasks to queue
[2023-09-23T04:27:07.824+0000] {logging_mixin.py:151} INFO - [2023-09-23T04:27:07.823+0000] {dagbag.py:539} INFO - Filling up the DagBag from /home/airflow/.local/lib/python3.8/site-packages/airflow/example_dags/example_sensors.py
[2023-09-23T04:27:07.831+0000] {processor.py:839} INFO - DAG(s) dict_keys(['example_sensors']) retrieved from /home/airflow/.local/lib/python3.8/site-packages/airflow/example_dags/example_sensors.py
[2023-09-23T04:27:07.853+0000] {logging_mixin.py:151} INFO - [2023-09-23T04:27:07.853+0000] {dag.py:2915} INFO - Sync 1 DAGs
[2023-09-23T04:27:07.864+0000] {logging_mixin.py:151} INFO - [2023-09-23T04:27:07.863+0000] {dag.py:3696} INFO - Setting next_dagrun for example_sensors to None, run_after=None
[2023-09-23T04:27:07.931+0000] {processor.py:179} INFO - Processing /home/airflow/.local/lib/python3.8/site-packages/airflow/example_dags/example_sensors.py took 0.127 seconds
[2023-09-23T04:27:40.214+0000] {processor.py:157} INFO - Started process (PID=403) to work on /home/airflow/.local/lib/python3.8/site-packages/airflow/example_dags/example_sensors.py
[2023-09-23T04:27:40.246+0000] {processor.py:829} INFO - Processing file /home/airflow/.local/lib/python3.8/site-packages/airflow/example_dags/example_sensors.py for tasks to queue
[2023-09-23T04:27:40.248+0000] {logging_mixin.py:151} INFO - [2023-09-23T04:27:40.248+0000] {dagbag.py:539} INFO - Filling up the DagBag from /home/airflow/.local/lib/python3.8/site-packages/airflow/example_dags/example_sensors.py
[2023-09-23T04:27:40.258+0000] {processor.py:839} INFO - DAG(s) dict_keys(['example_sensors']) retrieved from /home/airflow/.local/lib/python3.8/site-packages/airflow/example_dags/example_sensors.py
[2023-09-23T04:27:40.283+0000] {logging_mixin.py:151} INFO - [2023-09-23T04:27:40.283+0000] {dag.py:2915} INFO - Sync 1 DAGs
[2023-09-23T04:27:40.294+0000] {logging_mixin.py:151} INFO - [2023-09-23T04:27:40.294+0000] {dag.py:3696} INFO - Setting next_dagrun for example_sensors to None, run_after=None
[2023-09-23T04:27:40.459+0000] {processor.py:179} INFO - Processing /home/airflow/.local/lib/python3.8/site-packages/airflow/example_dags/example_sensors.py took 0.248 seconds
[2023-09-23T04:28:11.928+0000] {processor.py:157} INFO - Started process (PID=458) to work on /home/airflow/.local/lib/python3.8/site-packages/airflow/example_dags/example_sensors.py
[2023-09-23T04:28:11.938+0000] {processor.py:829} INFO - Processing file /home/airflow/.local/lib/python3.8/site-packages/airflow/example_dags/example_sensors.py for tasks to queue
[2023-09-23T04:28:11.939+0000] {logging_mixin.py:151} INFO - [2023-09-23T04:28:11.939+0000] {dagbag.py:539} INFO - Filling up the DagBag from /home/airflow/.local/lib/python3.8/site-packages/airflow/example_dags/example_sensors.py
[2023-09-23T04:28:11.947+0000] {processor.py:839} INFO - DAG(s) dict_keys(['example_sensors']) retrieved from /home/airflow/.local/lib/python3.8/site-packages/airflow/example_dags/example_sensors.py
[2023-09-23T04:28:11.972+0000] {logging_mixin.py:151} INFO - [2023-09-23T04:28:11.972+0000] {dag.py:2915} INFO - Sync 1 DAGs
[2023-09-23T04:28:11.983+0000] {logging_mixin.py:151} INFO - [2023-09-23T04:28:11.983+0000] {dag.py:3696} INFO - Setting next_dagrun for example_sensors to None, run_after=None
[2023-09-23T04:28:12.031+0000] {processor.py:179} INFO - Processing /home/airflow/.local/lib/python3.8/site-packages/airflow/example_dags/example_sensors.py took 0.106 seconds
[2023-09-23T04:28:42.488+0000] {processor.py:157} INFO - Started process (PID=513) to work on /home/airflow/.local/lib/python3.8/site-packages/airflow/example_dags/example_sensors.py
[2023-09-23T04:28:42.500+0000] {processor.py:829} INFO - Processing file /home/airflow/.local/lib/python3.8/site-packages/airflow/example_dags/example_sensors.py for tasks to queue
[2023-09-23T04:28:42.502+0000] {logging_mixin.py:151} INFO - [2023-09-23T04:28:42.502+0000] {dagbag.py:539} INFO - Filling up the DagBag from /home/airflow/.local/lib/python3.8/site-packages/airflow/example_dags/example_sensors.py
[2023-09-23T04:28:42.510+0000] {processor.py:839} INFO - DAG(s) dict_keys(['example_sensors']) retrieved from /home/airflow/.local/lib/python3.8/site-packages/airflow/example_dags/example_sensors.py
[2023-09-23T04:28:42.533+0000] {logging_mixin.py:151} INFO - [2023-09-23T04:28:42.533+0000] {dag.py:2915} INFO - Sync 1 DAGs
[2023-09-23T04:28:42.544+0000] {logging_mixin.py:151} INFO - [2023-09-23T04:28:42.544+0000] {dag.py:3696} INFO - Setting next_dagrun for example_sensors to None, run_after=None
[2023-09-23T04:28:42.601+0000] {processor.py:179} INFO - Processing /home/airflow/.local/lib/python3.8/site-packages/airflow/example_dags/example_sensors.py took 0.116 seconds
[2023-09-23T04:29:16.121+0000] {processor.py:157} INFO - Started process (PID=568) to work on /home/airflow/.local/lib/python3.8/site-packages/airflow/example_dags/example_sensors.py
[2023-09-23T04:29:16.131+0000] {processor.py:829} INFO - Processing file /home/airflow/.local/lib/python3.8/site-packages/airflow/example_dags/example_sensors.py for tasks to queue
[2023-09-23T04:29:16.132+0000] {logging_mixin.py:151} INFO - [2023-09-23T04:29:16.132+0000] {dagbag.py:539} INFO - Filling up the DagBag from /home/airflow/.local/lib/python3.8/site-packages/airflow/example_dags/example_sensors.py
[2023-09-23T04:29:16.140+0000] {processor.py:839} INFO - DAG(s) dict_keys(['example_sensors']) retrieved from /home/airflow/.local/lib/python3.8/site-packages/airflow/example_dags/example_sensors.py
[2023-09-23T04:29:16.152+0000] {logging_mixin.py:151} INFO - [2023-09-23T04:29:16.152+0000] {dag.py:2915} INFO - Sync 1 DAGs
[2023-09-23T04:29:16.164+0000] {logging_mixin.py:151} INFO - [2023-09-23T04:29:16.163+0000] {dag.py:3696} INFO - Setting next_dagrun for example_sensors to None, run_after=None
[2023-09-23T04:29:16.223+0000] {processor.py:179} INFO - Processing /home/airflow/.local/lib/python3.8/site-packages/airflow/example_dags/example_sensors.py took 0.106 seconds
[2023-09-23T04:29:49.223+0000] {processor.py:157} INFO - Started process (PID=623) to work on /home/airflow/.local/lib/python3.8/site-packages/airflow/example_dags/example_sensors.py
[2023-09-23T04:29:49.277+0000] {processor.py:829} INFO - Processing file /home/airflow/.local/lib/python3.8/site-packages/airflow/example_dags/example_sensors.py for tasks to queue
[2023-09-23T04:29:49.279+0000] {logging_mixin.py:151} INFO - [2023-09-23T04:29:49.279+0000] {dagbag.py:539} INFO - Filling up the DagBag from /home/airflow/.local/lib/python3.8/site-packages/airflow/example_dags/example_sensors.py
[2023-09-23T04:29:49.288+0000] {processor.py:839} INFO - DAG(s) dict_keys(['example_sensors']) retrieved from /home/airflow/.local/lib/python3.8/site-packages/airflow/example_dags/example_sensors.py
[2023-09-23T04:29:49.314+0000] {logging_mixin.py:151} INFO - [2023-09-23T04:29:49.313+0000] {dag.py:2915} INFO - Sync 1 DAGs
[2023-09-23T04:29:49.326+0000] {logging_mixin.py:151} INFO - [2023-09-23T04:29:49.326+0000] {dag.py:3696} INFO - Setting next_dagrun for example_sensors to None, run_after=None
[2023-09-23T04:29:49.610+0000] {processor.py:179} INFO - Processing /home/airflow/.local/lib/python3.8/site-packages/airflow/example_dags/example_sensors.py took 0.390 seconds
[2023-09-23T04:30:20.150+0000] {processor.py:157} INFO - Started process (PID=678) to work on /home/airflow/.local/lib/python3.8/site-packages/airflow/example_dags/example_sensors.py
[2023-09-23T04:30:20.165+0000] {processor.py:829} INFO - Processing file /home/airflow/.local/lib/python3.8/site-packages/airflow/example_dags/example_sensors.py for tasks to queue
[2023-09-23T04:30:20.167+0000] {logging_mixin.py:151} INFO - [2023-09-23T04:30:20.167+0000] {dagbag.py:539} INFO - Filling up the DagBag from /home/airflow/.local/lib/python3.8/site-packages/airflow/example_dags/example_sensors.py
[2023-09-23T04:30:20.174+0000] {processor.py:839} INFO - DAG(s) dict_keys(['example_sensors']) retrieved from /home/airflow/.local/lib/python3.8/site-packages/airflow/example_dags/example_sensors.py
[2023-09-23T04:30:20.198+0000] {logging_mixin.py:151} INFO - [2023-09-23T04:30:20.198+0000] {dag.py:2915} INFO - Sync 1 DAGs
[2023-09-23T04:30:20.208+0000] {logging_mixin.py:151} INFO - [2023-09-23T04:30:20.208+0000] {dag.py:3696} INFO - Setting next_dagrun for example_sensors to None, run_after=None
[2023-09-23T04:30:20.266+0000] {processor.py:179} INFO - Processing /home/airflow/.local/lib/python3.8/site-packages/airflow/example_dags/example_sensors.py took 0.119 seconds
[2023-09-23T04:30:50.552+0000] {processor.py:157} INFO - Started process (PID=733) to work on /home/airflow/.local/lib/python3.8/site-packages/airflow/example_dags/example_sensors.py
[2023-09-23T04:30:50.555+0000] {processor.py:829} INFO - Processing file /home/airflow/.local/lib/python3.8/site-packages/airflow/example_dags/example_sensors.py for tasks to queue
[2023-09-23T04:30:50.556+0000] {logging_mixin.py:151} INFO - [2023-09-23T04:30:50.556+0000] {dagbag.py:539} INFO - Filling up the DagBag from /home/airflow/.local/lib/python3.8/site-packages/airflow/example_dags/example_sensors.py
[2023-09-23T04:30:50.564+0000] {processor.py:839} INFO - DAG(s) dict_keys(['example_sensors']) retrieved from /home/airflow/.local/lib/python3.8/site-packages/airflow/example_dags/example_sensors.py
[2023-09-23T04:30:50.587+0000] {logging_mixin.py:151} INFO - [2023-09-23T04:30:50.587+0000] {dag.py:2915} INFO - Sync 1 DAGs
[2023-09-23T04:30:50.597+0000] {logging_mixin.py:151} INFO - [2023-09-23T04:30:50.597+0000] {dag.py:3696} INFO - Setting next_dagrun for example_sensors to None, run_after=None
[2023-09-23T04:30:50.669+0000] {processor.py:179} INFO - Processing /home/airflow/.local/lib/python3.8/site-packages/airflow/example_dags/example_sensors.py took 0.120 seconds
[2023-09-23T22:35:24.261+0000] {processor.py:157} INFO - Started process (PID=72) to work on /home/airflow/.local/lib/python3.8/site-packages/airflow/example_dags/example_sensors.py
[2023-09-23T22:35:24.293+0000] {processor.py:829} INFO - Processing file /home/airflow/.local/lib/python3.8/site-packages/airflow/example_dags/example_sensors.py for tasks to queue
[2023-09-23T22:35:24.295+0000] {logging_mixin.py:151} INFO - [2023-09-23T22:35:24.294+0000] {dagbag.py:539} INFO - Filling up the DagBag from /home/airflow/.local/lib/python3.8/site-packages/airflow/example_dags/example_sensors.py
[2023-09-23T22:35:24.304+0000] {processor.py:839} INFO - DAG(s) dict_keys(['example_sensors']) retrieved from /home/airflow/.local/lib/python3.8/site-packages/airflow/example_dags/example_sensors.py
[2023-09-23T22:35:24.328+0000] {logging_mixin.py:151} INFO - [2023-09-23T22:35:24.327+0000] {dag.py:2915} INFO - Sync 1 DAGs
[2023-09-23T22:35:24.338+0000] {logging_mixin.py:151} INFO - [2023-09-23T22:35:24.338+0000] {dag.py:3696} INFO - Setting next_dagrun for example_sensors to None, run_after=None
[2023-09-23T22:35:24.392+0000] {processor.py:179} INFO - Processing /home/airflow/.local/lib/python3.8/site-packages/airflow/example_dags/example_sensors.py took 0.134 seconds
[2023-09-23T22:36:01.520+0000] {processor.py:157} INFO - Started process (PID=134) to work on /home/airflow/.local/lib/python3.8/site-packages/airflow/example_dags/example_sensors.py
[2023-09-23T22:36:01.677+0000] {processor.py:829} INFO - Processing file /home/airflow/.local/lib/python3.8/site-packages/airflow/example_dags/example_sensors.py for tasks to queue
[2023-09-23T22:36:01.679+0000] {logging_mixin.py:151} INFO - [2023-09-23T22:36:01.679+0000] {dagbag.py:539} INFO - Filling up the DagBag from /home/airflow/.local/lib/python3.8/site-packages/airflow/example_dags/example_sensors.py
[2023-09-23T22:36:01.687+0000] {processor.py:839} INFO - DAG(s) dict_keys(['example_sensors']) retrieved from /home/airflow/.local/lib/python3.8/site-packages/airflow/example_dags/example_sensors.py
[2023-09-23T22:36:01.699+0000] {logging_mixin.py:151} INFO - [2023-09-23T22:36:01.699+0000] {dag.py:2915} INFO - Sync 1 DAGs
[2023-09-23T22:36:01.712+0000] {logging_mixin.py:151} INFO - [2023-09-23T22:36:01.711+0000] {dag.py:3696} INFO - Setting next_dagrun for example_sensors to None, run_after=None
[2023-09-23T22:36:02.090+0000] {processor.py:179} INFO - Processing /home/airflow/.local/lib/python3.8/site-packages/airflow/example_dags/example_sensors.py took 0.573 seconds
[2023-09-23T22:36:33.299+0000] {processor.py:157} INFO - Started process (PID=189) to work on /home/airflow/.local/lib/python3.8/site-packages/airflow/example_dags/example_sensors.py
[2023-09-23T22:36:33.361+0000] {processor.py:829} INFO - Processing file /home/airflow/.local/lib/python3.8/site-packages/airflow/example_dags/example_sensors.py for tasks to queue
[2023-09-23T22:36:33.362+0000] {logging_mixin.py:151} INFO - [2023-09-23T22:36:33.362+0000] {dagbag.py:539} INFO - Filling up the DagBag from /home/airflow/.local/lib/python3.8/site-packages/airflow/example_dags/example_sensors.py
[2023-09-23T22:36:33.369+0000] {processor.py:839} INFO - DAG(s) dict_keys(['example_sensors']) retrieved from /home/airflow/.local/lib/python3.8/site-packages/airflow/example_dags/example_sensors.py
[2023-09-23T22:36:33.391+0000] {logging_mixin.py:151} INFO - [2023-09-23T22:36:33.391+0000] {dag.py:2915} INFO - Sync 1 DAGs
[2023-09-23T22:36:33.401+0000] {logging_mixin.py:151} INFO - [2023-09-23T22:36:33.401+0000] {dag.py:3696} INFO - Setting next_dagrun for example_sensors to None, run_after=None
[2023-09-23T22:36:34.802+0000] {processor.py:179} INFO - Processing /home/airflow/.local/lib/python3.8/site-packages/airflow/example_dags/example_sensors.py took 1.506 seconds
[2023-09-23T22:37:04.931+0000] {processor.py:157} INFO - Started process (PID=237) to work on /home/airflow/.local/lib/python3.8/site-packages/airflow/example_dags/example_sensors.py
[2023-09-23T22:37:04.953+0000] {processor.py:829} INFO - Processing file /home/airflow/.local/lib/python3.8/site-packages/airflow/example_dags/example_sensors.py for tasks to queue
[2023-09-23T22:37:04.955+0000] {logging_mixin.py:151} INFO - [2023-09-23T22:37:04.954+0000] {dagbag.py:539} INFO - Filling up the DagBag from /home/airflow/.local/lib/python3.8/site-packages/airflow/example_dags/example_sensors.py
[2023-09-23T22:37:04.963+0000] {processor.py:839} INFO - DAG(s) dict_keys(['example_sensors']) retrieved from /home/airflow/.local/lib/python3.8/site-packages/airflow/example_dags/example_sensors.py
[2023-09-23T22:37:04.976+0000] {logging_mixin.py:151} INFO - [2023-09-23T22:37:04.976+0000] {dag.py:2915} INFO - Sync 1 DAGs
[2023-09-23T22:37:04.990+0000] {logging_mixin.py:151} INFO - [2023-09-23T22:37:04.990+0000] {dag.py:3696} INFO - Setting next_dagrun for example_sensors to None, run_after=None
[2023-09-23T22:37:05.055+0000] {processor.py:179} INFO - Processing /home/airflow/.local/lib/python3.8/site-packages/airflow/example_dags/example_sensors.py took 0.127 seconds
[2023-09-23T22:37:35.676+0000] {processor.py:157} INFO - Started process (PID=292) to work on /home/airflow/.local/lib/python3.8/site-packages/airflow/example_dags/example_sensors.py
[2023-09-23T22:37:35.690+0000] {processor.py:829} INFO - Processing file /home/airflow/.local/lib/python3.8/site-packages/airflow/example_dags/example_sensors.py for tasks to queue
[2023-09-23T22:37:35.691+0000] {logging_mixin.py:151} INFO - [2023-09-23T22:37:35.691+0000] {dagbag.py:539} INFO - Filling up the DagBag from /home/airflow/.local/lib/python3.8/site-packages/airflow/example_dags/example_sensors.py
[2023-09-23T22:37:35.698+0000] {processor.py:839} INFO - DAG(s) dict_keys(['example_sensors']) retrieved from /home/airflow/.local/lib/python3.8/site-packages/airflow/example_dags/example_sensors.py
[2023-09-23T22:37:35.719+0000] {logging_mixin.py:151} INFO - [2023-09-23T22:37:35.719+0000] {dag.py:2915} INFO - Sync 1 DAGs
[2023-09-23T22:37:35.729+0000] {logging_mixin.py:151} INFO - [2023-09-23T22:37:35.729+0000] {dag.py:3696} INFO - Setting next_dagrun for example_sensors to None, run_after=None
[2023-09-23T22:37:35.776+0000] {processor.py:179} INFO - Processing /home/airflow/.local/lib/python3.8/site-packages/airflow/example_dags/example_sensors.py took 0.102 seconds
[2023-09-23T22:38:06.691+0000] {processor.py:157} INFO - Started process (PID=347) to work on /home/airflow/.local/lib/python3.8/site-packages/airflow/example_dags/example_sensors.py
[2023-09-23T22:38:06.734+0000] {processor.py:829} INFO - Processing file /home/airflow/.local/lib/python3.8/site-packages/airflow/example_dags/example_sensors.py for tasks to queue
[2023-09-23T22:38:06.736+0000] {logging_mixin.py:151} INFO - [2023-09-23T22:38:06.735+0000] {dagbag.py:539} INFO - Filling up the DagBag from /home/airflow/.local/lib/python3.8/site-packages/airflow/example_dags/example_sensors.py
[2023-09-23T22:38:06.743+0000] {processor.py:839} INFO - DAG(s) dict_keys(['example_sensors']) retrieved from /home/airflow/.local/lib/python3.8/site-packages/airflow/example_dags/example_sensors.py
[2023-09-23T22:38:06.765+0000] {logging_mixin.py:151} INFO - [2023-09-23T22:38:06.765+0000] {dag.py:2915} INFO - Sync 1 DAGs
[2023-09-23T22:38:06.775+0000] {logging_mixin.py:151} INFO - [2023-09-23T22:38:06.775+0000] {dag.py:3696} INFO - Setting next_dagrun for example_sensors to None, run_after=None
[2023-09-23T22:38:06.862+0000] {processor.py:179} INFO - Processing /home/airflow/.local/lib/python3.8/site-packages/airflow/example_dags/example_sensors.py took 0.174 seconds
[2023-09-23T22:38:37.603+0000] {processor.py:157} INFO - Started process (PID=402) to work on /home/airflow/.local/lib/python3.8/site-packages/airflow/example_dags/example_sensors.py
[2023-09-23T22:38:37.762+0000] {processor.py:829} INFO - Processing file /home/airflow/.local/lib/python3.8/site-packages/airflow/example_dags/example_sensors.py for tasks to queue
[2023-09-23T22:38:37.764+0000] {logging_mixin.py:151} INFO - [2023-09-23T22:38:37.763+0000] {dagbag.py:539} INFO - Filling up the DagBag from /home/airflow/.local/lib/python3.8/site-packages/airflow/example_dags/example_sensors.py
[2023-09-23T22:38:37.772+0000] {processor.py:839} INFO - DAG(s) dict_keys(['example_sensors']) retrieved from /home/airflow/.local/lib/python3.8/site-packages/airflow/example_dags/example_sensors.py
[2023-09-23T22:38:37.795+0000] {logging_mixin.py:151} INFO - [2023-09-23T22:38:37.794+0000] {dag.py:2915} INFO - Sync 1 DAGs
[2023-09-23T22:38:37.805+0000] {logging_mixin.py:151} INFO - [2023-09-23T22:38:37.805+0000] {dag.py:3696} INFO - Setting next_dagrun for example_sensors to None, run_after=None
[2023-09-23T22:38:38.140+0000] {processor.py:179} INFO - Processing /home/airflow/.local/lib/python3.8/site-packages/airflow/example_dags/example_sensors.py took 0.541 seconds
[2023-09-23T22:39:08.199+0000] {processor.py:157} INFO - Started process (PID=457) to work on /home/airflow/.local/lib/python3.8/site-packages/airflow/example_dags/example_sensors.py
[2023-09-23T22:39:08.246+0000] {processor.py:829} INFO - Processing file /home/airflow/.local/lib/python3.8/site-packages/airflow/example_dags/example_sensors.py for tasks to queue
[2023-09-23T22:39:08.248+0000] {logging_mixin.py:151} INFO - [2023-09-23T22:39:08.247+0000] {dagbag.py:539} INFO - Filling up the DagBag from /home/airflow/.local/lib/python3.8/site-packages/airflow/example_dags/example_sensors.py
[2023-09-23T22:39:08.255+0000] {processor.py:839} INFO - DAG(s) dict_keys(['example_sensors']) retrieved from /home/airflow/.local/lib/python3.8/site-packages/airflow/example_dags/example_sensors.py
[2023-09-23T22:39:08.278+0000] {logging_mixin.py:151} INFO - [2023-09-23T22:39:08.278+0000] {dag.py:2915} INFO - Sync 1 DAGs
[2023-09-23T22:39:08.289+0000] {logging_mixin.py:151} INFO - [2023-09-23T22:39:08.289+0000] {dag.py:3696} INFO - Setting next_dagrun for example_sensors to None, run_after=None
[2023-09-23T22:39:08.420+0000] {processor.py:179} INFO - Processing /home/airflow/.local/lib/python3.8/site-packages/airflow/example_dags/example_sensors.py took 0.224 seconds
[2023-09-23T22:39:38.863+0000] {processor.py:157} INFO - Started process (PID=512) to work on /home/airflow/.local/lib/python3.8/site-packages/airflow/example_dags/example_sensors.py
[2023-09-23T22:39:38.907+0000] {processor.py:829} INFO - Processing file /home/airflow/.local/lib/python3.8/site-packages/airflow/example_dags/example_sensors.py for tasks to queue
[2023-09-23T22:39:38.908+0000] {logging_mixin.py:151} INFO - [2023-09-23T22:39:38.908+0000] {dagbag.py:539} INFO - Filling up the DagBag from /home/airflow/.local/lib/python3.8/site-packages/airflow/example_dags/example_sensors.py
[2023-09-23T22:39:38.916+0000] {processor.py:839} INFO - DAG(s) dict_keys(['example_sensors']) retrieved from /home/airflow/.local/lib/python3.8/site-packages/airflow/example_dags/example_sensors.py
[2023-09-23T22:39:38.938+0000] {logging_mixin.py:151} INFO - [2023-09-23T22:39:38.937+0000] {dag.py:2915} INFO - Sync 1 DAGs
[2023-09-23T22:39:38.948+0000] {logging_mixin.py:151} INFO - [2023-09-23T22:39:38.948+0000] {dag.py:3696} INFO - Setting next_dagrun for example_sensors to None, run_after=None
[2023-09-23T22:39:39.065+0000] {processor.py:179} INFO - Processing /home/airflow/.local/lib/python3.8/site-packages/airflow/example_dags/example_sensors.py took 0.205 seconds
[2023-09-23T22:40:10.599+0000] {processor.py:157} INFO - Started process (PID=567) to work on /home/airflow/.local/lib/python3.8/site-packages/airflow/example_dags/example_sensors.py
[2023-09-23T22:40:10.664+0000] {processor.py:829} INFO - Processing file /home/airflow/.local/lib/python3.8/site-packages/airflow/example_dags/example_sensors.py for tasks to queue
[2023-09-23T22:40:10.667+0000] {logging_mixin.py:151} INFO - [2023-09-23T22:40:10.667+0000] {dagbag.py:539} INFO - Filling up the DagBag from /home/airflow/.local/lib/python3.8/site-packages/airflow/example_dags/example_sensors.py
[2023-09-23T22:40:10.682+0000] {processor.py:839} INFO - DAG(s) dict_keys(['example_sensors']) retrieved from /home/airflow/.local/lib/python3.8/site-packages/airflow/example_dags/example_sensors.py
[2023-09-23T22:40:10.714+0000] {logging_mixin.py:151} INFO - [2023-09-23T22:40:10.713+0000] {dag.py:2915} INFO - Sync 1 DAGs
[2023-09-23T22:40:10.729+0000] {logging_mixin.py:151} INFO - [2023-09-23T22:40:10.729+0000] {dag.py:3696} INFO - Setting next_dagrun for example_sensors to None, run_after=None
[2023-09-23T22:40:10.825+0000] {processor.py:179} INFO - Processing /home/airflow/.local/lib/python3.8/site-packages/airflow/example_dags/example_sensors.py took 0.229 seconds
[2023-09-23T22:40:44.228+0000] {processor.py:157} INFO - Started process (PID=622) to work on /home/airflow/.local/lib/python3.8/site-packages/airflow/example_dags/example_sensors.py
[2023-09-23T22:40:44.625+0000] {processor.py:829} INFO - Processing file /home/airflow/.local/lib/python3.8/site-packages/airflow/example_dags/example_sensors.py for tasks to queue
[2023-09-23T22:40:44.627+0000] {logging_mixin.py:151} INFO - [2023-09-23T22:40:44.627+0000] {dagbag.py:539} INFO - Filling up the DagBag from /home/airflow/.local/lib/python3.8/site-packages/airflow/example_dags/example_sensors.py
[2023-09-23T22:40:44.636+0000] {processor.py:839} INFO - DAG(s) dict_keys(['example_sensors']) retrieved from /home/airflow/.local/lib/python3.8/site-packages/airflow/example_dags/example_sensors.py
[2023-09-23T22:40:44.663+0000] {logging_mixin.py:151} INFO - [2023-09-23T22:40:44.663+0000] {dag.py:2915} INFO - Sync 1 DAGs
[2023-09-23T22:40:44.677+0000] {logging_mixin.py:151} INFO - [2023-09-23T22:40:44.676+0000] {dag.py:3696} INFO - Setting next_dagrun for example_sensors to None, run_after=None
[2023-09-23T22:40:45.638+0000] {processor.py:179} INFO - Processing /home/airflow/.local/lib/python3.8/site-packages/airflow/example_dags/example_sensors.py took 1.412 seconds
[2023-09-23T22:41:15.856+0000] {processor.py:157} INFO - Started process (PID=677) to work on /home/airflow/.local/lib/python3.8/site-packages/airflow/example_dags/example_sensors.py
[2023-09-23T22:41:15.908+0000] {processor.py:829} INFO - Processing file /home/airflow/.local/lib/python3.8/site-packages/airflow/example_dags/example_sensors.py for tasks to queue
[2023-09-23T22:41:15.909+0000] {logging_mixin.py:151} INFO - [2023-09-23T22:41:15.909+0000] {dagbag.py:539} INFO - Filling up the DagBag from /home/airflow/.local/lib/python3.8/site-packages/airflow/example_dags/example_sensors.py
[2023-09-23T22:41:15.918+0000] {processor.py:839} INFO - DAG(s) dict_keys(['example_sensors']) retrieved from /home/airflow/.local/lib/python3.8/site-packages/airflow/example_dags/example_sensors.py
[2023-09-23T22:41:15.943+0000] {logging_mixin.py:151} INFO - [2023-09-23T22:41:15.942+0000] {dag.py:2915} INFO - Sync 1 DAGs
[2023-09-23T22:41:15.954+0000] {logging_mixin.py:151} INFO - [2023-09-23T22:41:15.953+0000] {dag.py:3696} INFO - Setting next_dagrun for example_sensors to None, run_after=None
[2023-09-23T22:41:16.284+0000] {processor.py:179} INFO - Processing /home/airflow/.local/lib/python3.8/site-packages/airflow/example_dags/example_sensors.py took 0.431 seconds
[2023-09-23T22:41:50.239+0000] {processor.py:157} INFO - Started process (PID=739) to work on /home/airflow/.local/lib/python3.8/site-packages/airflow/example_dags/example_sensors.py
[2023-09-23T22:41:50.300+0000] {processor.py:829} INFO - Processing file /home/airflow/.local/lib/python3.8/site-packages/airflow/example_dags/example_sensors.py for tasks to queue
[2023-09-23T22:41:50.301+0000] {logging_mixin.py:151} INFO - [2023-09-23T22:41:50.301+0000] {dagbag.py:539} INFO - Filling up the DagBag from /home/airflow/.local/lib/python3.8/site-packages/airflow/example_dags/example_sensors.py
[2023-09-23T22:41:50.308+0000] {processor.py:839} INFO - DAG(s) dict_keys(['example_sensors']) retrieved from /home/airflow/.local/lib/python3.8/site-packages/airflow/example_dags/example_sensors.py
[2023-09-23T22:41:50.330+0000] {logging_mixin.py:151} INFO - [2023-09-23T22:41:50.329+0000] {dag.py:2915} INFO - Sync 1 DAGs
[2023-09-23T22:41:50.339+0000] {logging_mixin.py:151} INFO - [2023-09-23T22:41:50.339+0000] {dag.py:3696} INFO - Setting next_dagrun for example_sensors to None, run_after=None
[2023-09-23T22:41:50.525+0000] {processor.py:179} INFO - Processing /home/airflow/.local/lib/python3.8/site-packages/airflow/example_dags/example_sensors.py took 0.289 seconds
