[2023-09-23T03:47:57.252+0000] {processor.py:157} INFO - Started process (PID=67) to work on /home/airflow/.local/lib/python3.8/site-packages/airflow/example_dags/example_task_group.py
[2023-09-23T03:47:57.252+0000] {processor.py:829} INFO - Processing file /home/airflow/.local/lib/python3.8/site-packages/airflow/example_dags/example_task_group.py for tasks to queue
[2023-09-23T03:47:57.254+0000] {logging_mixin.py:151} INFO - [2023-09-23T03:47:57.254+0000] {dagbag.py:539} INFO - Filling up the DagBag from /home/airflow/.local/lib/python3.8/site-packages/airflow/example_dags/example_task_group.py
[2023-09-23T03:47:57.262+0000] {processor.py:839} INFO - DAG(s) dict_keys(['example_task_group']) retrieved from /home/airflow/.local/lib/python3.8/site-packages/airflow/example_dags/example_task_group.py
[2023-09-23T03:47:57.281+0000] {logging_mixin.py:151} INFO - [2023-09-23T03:47:57.280+0000] {dag.py:2915} INFO - Sync 1 DAGs
[2023-09-23T03:47:57.298+0000] {logging_mixin.py:151} INFO - [2023-09-23T03:47:57.298+0000] {dag.py:3696} INFO - Setting next_dagrun for example_task_group to 2023-09-22T03:47:57.298307+00:00, run_after=2023-09-23T03:47:57.298307+00:00
[2023-09-23T03:47:57.371+0000] {processor.py:179} INFO - Processing /home/airflow/.local/lib/python3.8/site-packages/airflow/example_dags/example_task_group.py took 0.123 seconds
[2023-09-23T03:48:28.148+0000] {processor.py:157} INFO - Started process (PID=121) to work on /home/airflow/.local/lib/python3.8/site-packages/airflow/example_dags/example_task_group.py
[2023-09-23T03:48:28.163+0000] {processor.py:829} INFO - Processing file /home/airflow/.local/lib/python3.8/site-packages/airflow/example_dags/example_task_group.py for tasks to queue
[2023-09-23T03:48:28.165+0000] {logging_mixin.py:151} INFO - [2023-09-23T03:48:28.164+0000] {dagbag.py:539} INFO - Filling up the DagBag from /home/airflow/.local/lib/python3.8/site-packages/airflow/example_dags/example_task_group.py
[2023-09-23T03:48:28.170+0000] {processor.py:839} INFO - DAG(s) dict_keys(['example_task_group']) retrieved from /home/airflow/.local/lib/python3.8/site-packages/airflow/example_dags/example_task_group.py
[2023-09-23T03:48:28.190+0000] {logging_mixin.py:151} INFO - [2023-09-23T03:48:28.189+0000] {dag.py:2915} INFO - Sync 1 DAGs
[2023-09-23T03:48:28.208+0000] {logging_mixin.py:151} INFO - [2023-09-23T03:48:28.208+0000] {dag.py:3696} INFO - Setting next_dagrun for example_task_group to 2023-09-22T03:48:28.208336+00:00, run_after=2023-09-23T03:48:28.208336+00:00
[2023-09-23T03:48:28.264+0000] {processor.py:179} INFO - Processing /home/airflow/.local/lib/python3.8/site-packages/airflow/example_dags/example_task_group.py took 0.119 seconds
[2023-09-23T03:49:01.235+0000] {processor.py:157} INFO - Started process (PID=176) to work on /home/airflow/.local/lib/python3.8/site-packages/airflow/example_dags/example_task_group.py
[2023-09-23T03:49:01.236+0000] {processor.py:829} INFO - Processing file /home/airflow/.local/lib/python3.8/site-packages/airflow/example_dags/example_task_group.py for tasks to queue
[2023-09-23T03:49:01.237+0000] {logging_mixin.py:151} INFO - [2023-09-23T03:49:01.237+0000] {dagbag.py:539} INFO - Filling up the DagBag from /home/airflow/.local/lib/python3.8/site-packages/airflow/example_dags/example_task_group.py
[2023-09-23T03:49:01.243+0000] {processor.py:839} INFO - DAG(s) dict_keys(['example_task_group']) retrieved from /home/airflow/.local/lib/python3.8/site-packages/airflow/example_dags/example_task_group.py
[2023-09-23T03:49:01.262+0000] {logging_mixin.py:151} INFO - [2023-09-23T03:49:01.262+0000] {dag.py:2915} INFO - Sync 1 DAGs
[2023-09-23T03:49:01.282+0000] {logging_mixin.py:151} INFO - [2023-09-23T03:49:01.282+0000] {dag.py:3696} INFO - Setting next_dagrun for example_task_group to 2023-09-22T03:49:01.281888+00:00, run_after=2023-09-23T03:49:01.281888+00:00
[2023-09-23T03:49:01.349+0000] {processor.py:179} INFO - Processing /home/airflow/.local/lib/python3.8/site-packages/airflow/example_dags/example_task_group.py took 0.116 seconds
[2023-09-23T03:49:32.573+0000] {processor.py:157} INFO - Started process (PID=231) to work on /home/airflow/.local/lib/python3.8/site-packages/airflow/example_dags/example_task_group.py
[2023-09-23T03:49:32.577+0000] {processor.py:829} INFO - Processing file /home/airflow/.local/lib/python3.8/site-packages/airflow/example_dags/example_task_group.py for tasks to queue
[2023-09-23T03:49:32.579+0000] {logging_mixin.py:151} INFO - [2023-09-23T03:49:32.578+0000] {dagbag.py:539} INFO - Filling up the DagBag from /home/airflow/.local/lib/python3.8/site-packages/airflow/example_dags/example_task_group.py
[2023-09-23T03:49:32.584+0000] {processor.py:839} INFO - DAG(s) dict_keys(['example_task_group']) retrieved from /home/airflow/.local/lib/python3.8/site-packages/airflow/example_dags/example_task_group.py
[2023-09-23T03:49:32.602+0000] {logging_mixin.py:151} INFO - [2023-09-23T03:49:32.602+0000] {dag.py:2915} INFO - Sync 1 DAGs
[2023-09-23T03:49:32.620+0000] {logging_mixin.py:151} INFO - [2023-09-23T03:49:32.620+0000] {dag.py:3696} INFO - Setting next_dagrun for example_task_group to 2023-09-22T03:49:32.620225+00:00, run_after=2023-09-23T03:49:32.620225+00:00
[2023-09-23T03:49:32.803+0000] {processor.py:179} INFO - Processing /home/airflow/.local/lib/python3.8/site-packages/airflow/example_dags/example_task_group.py took 0.232 seconds
[2023-09-23T03:50:04.403+0000] {processor.py:157} INFO - Started process (PID=286) to work on /home/airflow/.local/lib/python3.8/site-packages/airflow/example_dags/example_task_group.py
[2023-09-23T03:50:04.429+0000] {processor.py:829} INFO - Processing file /home/airflow/.local/lib/python3.8/site-packages/airflow/example_dags/example_task_group.py for tasks to queue
[2023-09-23T03:50:04.431+0000] {logging_mixin.py:151} INFO - [2023-09-23T03:50:04.430+0000] {dagbag.py:539} INFO - Filling up the DagBag from /home/airflow/.local/lib/python3.8/site-packages/airflow/example_dags/example_task_group.py
[2023-09-23T03:50:04.436+0000] {processor.py:839} INFO - DAG(s) dict_keys(['example_task_group']) retrieved from /home/airflow/.local/lib/python3.8/site-packages/airflow/example_dags/example_task_group.py
[2023-09-23T03:50:04.455+0000] {logging_mixin.py:151} INFO - [2023-09-23T03:50:04.454+0000] {dag.py:2915} INFO - Sync 1 DAGs
[2023-09-23T03:50:04.472+0000] {logging_mixin.py:151} INFO - [2023-09-23T03:50:04.472+0000] {dag.py:3696} INFO - Setting next_dagrun for example_task_group to 2023-09-22T03:50:04.472313+00:00, run_after=2023-09-23T03:50:04.472313+00:00
[2023-09-23T03:50:04.525+0000] {processor.py:179} INFO - Processing /home/airflow/.local/lib/python3.8/site-packages/airflow/example_dags/example_task_group.py took 0.124 seconds
[2023-09-23T03:50:35.183+0000] {processor.py:157} INFO - Started process (PID=341) to work on /home/airflow/.local/lib/python3.8/site-packages/airflow/example_dags/example_task_group.py
[2023-09-23T03:50:35.184+0000] {processor.py:829} INFO - Processing file /home/airflow/.local/lib/python3.8/site-packages/airflow/example_dags/example_task_group.py for tasks to queue
[2023-09-23T03:50:35.186+0000] {logging_mixin.py:151} INFO - [2023-09-23T03:50:35.186+0000] {dagbag.py:539} INFO - Filling up the DagBag from /home/airflow/.local/lib/python3.8/site-packages/airflow/example_dags/example_task_group.py
[2023-09-23T03:50:35.192+0000] {processor.py:839} INFO - DAG(s) dict_keys(['example_task_group']) retrieved from /home/airflow/.local/lib/python3.8/site-packages/airflow/example_dags/example_task_group.py
[2023-09-23T03:50:35.212+0000] {logging_mixin.py:151} INFO - [2023-09-23T03:50:35.211+0000] {dag.py:2915} INFO - Sync 1 DAGs
[2023-09-23T03:50:35.231+0000] {logging_mixin.py:151} INFO - [2023-09-23T03:50:35.231+0000] {dag.py:3696} INFO - Setting next_dagrun for example_task_group to 2023-09-22T03:50:35.231375+00:00, run_after=2023-09-23T03:50:35.231375+00:00
[2023-09-23T03:50:35.287+0000] {processor.py:179} INFO - Processing /home/airflow/.local/lib/python3.8/site-packages/airflow/example_dags/example_task_group.py took 0.107 seconds
[2023-09-23T03:51:06.136+0000] {processor.py:157} INFO - Started process (PID=396) to work on /home/airflow/.local/lib/python3.8/site-packages/airflow/example_dags/example_task_group.py
[2023-09-23T03:51:06.137+0000] {processor.py:829} INFO - Processing file /home/airflow/.local/lib/python3.8/site-packages/airflow/example_dags/example_task_group.py for tasks to queue
[2023-09-23T03:51:06.139+0000] {logging_mixin.py:151} INFO - [2023-09-23T03:51:06.139+0000] {dagbag.py:539} INFO - Filling up the DagBag from /home/airflow/.local/lib/python3.8/site-packages/airflow/example_dags/example_task_group.py
[2023-09-23T03:51:06.145+0000] {processor.py:839} INFO - DAG(s) dict_keys(['example_task_group']) retrieved from /home/airflow/.local/lib/python3.8/site-packages/airflow/example_dags/example_task_group.py
[2023-09-23T03:51:06.163+0000] {logging_mixin.py:151} INFO - [2023-09-23T03:51:06.163+0000] {dag.py:2915} INFO - Sync 1 DAGs
[2023-09-23T03:51:06.181+0000] {logging_mixin.py:151} INFO - [2023-09-23T03:51:06.181+0000] {dag.py:3696} INFO - Setting next_dagrun for example_task_group to 2023-09-22T03:51:06.181577+00:00, run_after=2023-09-23T03:51:06.181577+00:00
[2023-09-23T03:51:06.227+0000] {processor.py:179} INFO - Processing /home/airflow/.local/lib/python3.8/site-packages/airflow/example_dags/example_task_group.py took 0.093 seconds
[2023-09-23T03:51:38.271+0000] {processor.py:157} INFO - Started process (PID=451) to work on /home/airflow/.local/lib/python3.8/site-packages/airflow/example_dags/example_task_group.py
[2023-09-23T03:51:38.276+0000] {processor.py:829} INFO - Processing file /home/airflow/.local/lib/python3.8/site-packages/airflow/example_dags/example_task_group.py for tasks to queue
[2023-09-23T03:51:38.278+0000] {logging_mixin.py:151} INFO - [2023-09-23T03:51:38.277+0000] {dagbag.py:539} INFO - Filling up the DagBag from /home/airflow/.local/lib/python3.8/site-packages/airflow/example_dags/example_task_group.py
[2023-09-23T03:51:38.283+0000] {processor.py:839} INFO - DAG(s) dict_keys(['example_task_group']) retrieved from /home/airflow/.local/lib/python3.8/site-packages/airflow/example_dags/example_task_group.py
[2023-09-23T03:51:38.302+0000] {logging_mixin.py:151} INFO - [2023-09-23T03:51:38.302+0000] {dag.py:2915} INFO - Sync 1 DAGs
[2023-09-23T03:51:38.320+0000] {logging_mixin.py:151} INFO - [2023-09-23T03:51:38.320+0000] {dag.py:3696} INFO - Setting next_dagrun for example_task_group to 2023-09-22T03:51:38.319815+00:00, run_after=2023-09-23T03:51:38.319815+00:00
[2023-09-23T03:51:38.366+0000] {processor.py:179} INFO - Processing /home/airflow/.local/lib/python3.8/site-packages/airflow/example_dags/example_task_group.py took 0.097 seconds
[2023-09-23T03:52:19.178+0000] {processor.py:157} INFO - Started process (PID=506) to work on /home/airflow/.local/lib/python3.8/site-packages/airflow/example_dags/example_task_group.py
[2023-09-23T03:52:19.247+0000] {processor.py:829} INFO - Processing file /home/airflow/.local/lib/python3.8/site-packages/airflow/example_dags/example_task_group.py for tasks to queue
[2023-09-23T03:52:19.252+0000] {logging_mixin.py:151} INFO - [2023-09-23T03:52:19.251+0000] {dagbag.py:539} INFO - Filling up the DagBag from /home/airflow/.local/lib/python3.8/site-packages/airflow/example_dags/example_task_group.py
[2023-09-23T03:52:19.257+0000] {processor.py:839} INFO - DAG(s) dict_keys(['example_task_group']) retrieved from /home/airflow/.local/lib/python3.8/site-packages/airflow/example_dags/example_task_group.py
[2023-09-23T03:52:19.275+0000] {logging_mixin.py:151} INFO - [2023-09-23T03:52:19.275+0000] {dag.py:2915} INFO - Sync 1 DAGs
[2023-09-23T03:52:19.292+0000] {logging_mixin.py:151} INFO - [2023-09-23T03:52:19.292+0000] {dag.py:3696} INFO - Setting next_dagrun for example_task_group to 2023-09-22T03:52:19.292537+00:00, run_after=2023-09-23T03:52:19.292537+00:00
[2023-09-23T03:52:19.468+0000] {processor.py:179} INFO - Processing /home/airflow/.local/lib/python3.8/site-packages/airflow/example_dags/example_task_group.py took 0.293 seconds
[2023-09-23T03:52:50.012+0000] {processor.py:157} INFO - Started process (PID=561) to work on /home/airflow/.local/lib/python3.8/site-packages/airflow/example_dags/example_task_group.py
[2023-09-23T03:52:50.162+0000] {processor.py:829} INFO - Processing file /home/airflow/.local/lib/python3.8/site-packages/airflow/example_dags/example_task_group.py for tasks to queue
[2023-09-23T03:52:50.167+0000] {logging_mixin.py:151} INFO - [2023-09-23T03:52:50.167+0000] {dagbag.py:539} INFO - Filling up the DagBag from /home/airflow/.local/lib/python3.8/site-packages/airflow/example_dags/example_task_group.py
[2023-09-23T03:52:50.173+0000] {processor.py:839} INFO - DAG(s) dict_keys(['example_task_group']) retrieved from /home/airflow/.local/lib/python3.8/site-packages/airflow/example_dags/example_task_group.py
[2023-09-23T03:52:50.191+0000] {logging_mixin.py:151} INFO - [2023-09-23T03:52:50.191+0000] {dag.py:2915} INFO - Sync 1 DAGs
[2023-09-23T03:52:50.207+0000] {logging_mixin.py:151} INFO - [2023-09-23T03:52:50.207+0000] {dag.py:3696} INFO - Setting next_dagrun for example_task_group to 2023-09-22T03:52:50.207059+00:00, run_after=2023-09-23T03:52:50.207059+00:00
[2023-09-23T03:52:50.491+0000] {processor.py:179} INFO - Processing /home/airflow/.local/lib/python3.8/site-packages/airflow/example_dags/example_task_group.py took 0.481 seconds
[2023-09-23T03:53:21.410+0000] {processor.py:157} INFO - Started process (PID=616) to work on /home/airflow/.local/lib/python3.8/site-packages/airflow/example_dags/example_task_group.py
[2023-09-23T03:53:21.412+0000] {processor.py:829} INFO - Processing file /home/airflow/.local/lib/python3.8/site-packages/airflow/example_dags/example_task_group.py for tasks to queue
[2023-09-23T03:53:21.413+0000] {logging_mixin.py:151} INFO - [2023-09-23T03:53:21.413+0000] {dagbag.py:539} INFO - Filling up the DagBag from /home/airflow/.local/lib/python3.8/site-packages/airflow/example_dags/example_task_group.py
[2023-09-23T03:53:21.419+0000] {processor.py:839} INFO - DAG(s) dict_keys(['example_task_group']) retrieved from /home/airflow/.local/lib/python3.8/site-packages/airflow/example_dags/example_task_group.py
[2023-09-23T03:53:21.438+0000] {logging_mixin.py:151} INFO - [2023-09-23T03:53:21.438+0000] {dag.py:2915} INFO - Sync 1 DAGs
[2023-09-23T03:53:21.457+0000] {logging_mixin.py:151} INFO - [2023-09-23T03:53:21.457+0000] {dag.py:3696} INFO - Setting next_dagrun for example_task_group to 2023-09-22T03:53:21.457523+00:00, run_after=2023-09-23T03:53:21.457523+00:00
[2023-09-23T03:53:21.514+0000] {processor.py:179} INFO - Processing /home/airflow/.local/lib/python3.8/site-packages/airflow/example_dags/example_task_group.py took 0.106 seconds
[2023-09-23T03:53:51.797+0000] {processor.py:157} INFO - Started process (PID=671) to work on /home/airflow/.local/lib/python3.8/site-packages/airflow/example_dags/example_task_group.py
[2023-09-23T03:53:51.802+0000] {processor.py:829} INFO - Processing file /home/airflow/.local/lib/python3.8/site-packages/airflow/example_dags/example_task_group.py for tasks to queue
[2023-09-23T03:53:51.803+0000] {logging_mixin.py:151} INFO - [2023-09-23T03:53:51.803+0000] {dagbag.py:539} INFO - Filling up the DagBag from /home/airflow/.local/lib/python3.8/site-packages/airflow/example_dags/example_task_group.py
[2023-09-23T03:53:51.809+0000] {processor.py:839} INFO - DAG(s) dict_keys(['example_task_group']) retrieved from /home/airflow/.local/lib/python3.8/site-packages/airflow/example_dags/example_task_group.py
[2023-09-23T03:53:51.829+0000] {logging_mixin.py:151} INFO - [2023-09-23T03:53:51.829+0000] {dag.py:2915} INFO - Sync 1 DAGs
[2023-09-23T03:53:51.848+0000] {logging_mixin.py:151} INFO - [2023-09-23T03:53:51.848+0000] {dag.py:3696} INFO - Setting next_dagrun for example_task_group to 2023-09-22T03:53:51.848054+00:00, run_after=2023-09-23T03:53:51.848054+00:00
[2023-09-23T03:53:51.937+0000] {processor.py:179} INFO - Processing /home/airflow/.local/lib/python3.8/site-packages/airflow/example_dags/example_task_group.py took 0.143 seconds
[2023-09-23T03:54:22.256+0000] {processor.py:157} INFO - Started process (PID=726) to work on /home/airflow/.local/lib/python3.8/site-packages/airflow/example_dags/example_task_group.py
[2023-09-23T03:54:22.284+0000] {processor.py:829} INFO - Processing file /home/airflow/.local/lib/python3.8/site-packages/airflow/example_dags/example_task_group.py for tasks to queue
[2023-09-23T03:54:22.285+0000] {logging_mixin.py:151} INFO - [2023-09-23T03:54:22.285+0000] {dagbag.py:539} INFO - Filling up the DagBag from /home/airflow/.local/lib/python3.8/site-packages/airflow/example_dags/example_task_group.py
[2023-09-23T03:54:22.291+0000] {processor.py:839} INFO - DAG(s) dict_keys(['example_task_group']) retrieved from /home/airflow/.local/lib/python3.8/site-packages/airflow/example_dags/example_task_group.py
[2023-09-23T03:54:22.309+0000] {logging_mixin.py:151} INFO - [2023-09-23T03:54:22.309+0000] {dag.py:2915} INFO - Sync 1 DAGs
[2023-09-23T03:54:22.327+0000] {logging_mixin.py:151} INFO - [2023-09-23T03:54:22.327+0000] {dag.py:3696} INFO - Setting next_dagrun for example_task_group to 2023-09-22T03:54:22.326983+00:00, run_after=2023-09-23T03:54:22.326983+00:00
[2023-09-23T03:54:22.373+0000] {processor.py:179} INFO - Processing /home/airflow/.local/lib/python3.8/site-packages/airflow/example_dags/example_task_group.py took 0.119 seconds
[2023-09-23T03:54:54.300+0000] {processor.py:157} INFO - Started process (PID=781) to work on /home/airflow/.local/lib/python3.8/site-packages/airflow/example_dags/example_task_group.py
[2023-09-23T03:54:54.439+0000] {processor.py:829} INFO - Processing file /home/airflow/.local/lib/python3.8/site-packages/airflow/example_dags/example_task_group.py for tasks to queue
[2023-09-23T03:54:54.444+0000] {logging_mixin.py:151} INFO - [2023-09-23T03:54:54.444+0000] {dagbag.py:539} INFO - Filling up the DagBag from /home/airflow/.local/lib/python3.8/site-packages/airflow/example_dags/example_task_group.py
[2023-09-23T03:54:54.449+0000] {processor.py:839} INFO - DAG(s) dict_keys(['example_task_group']) retrieved from /home/airflow/.local/lib/python3.8/site-packages/airflow/example_dags/example_task_group.py
[2023-09-23T03:54:54.468+0000] {logging_mixin.py:151} INFO - [2023-09-23T03:54:54.468+0000] {dag.py:2915} INFO - Sync 1 DAGs
[2023-09-23T03:54:54.487+0000] {logging_mixin.py:151} INFO - [2023-09-23T03:54:54.487+0000] {dag.py:3696} INFO - Setting next_dagrun for example_task_group to 2023-09-22T03:54:54.487270+00:00, run_after=2023-09-23T03:54:54.487270+00:00
[2023-09-23T03:54:55.059+0000] {processor.py:179} INFO - Processing /home/airflow/.local/lib/python3.8/site-packages/airflow/example_dags/example_task_group.py took 0.761 seconds
[2023-09-23T03:55:25.936+0000] {processor.py:157} INFO - Started process (PID=836) to work on /home/airflow/.local/lib/python3.8/site-packages/airflow/example_dags/example_task_group.py
[2023-09-23T03:55:25.938+0000] {processor.py:829} INFO - Processing file /home/airflow/.local/lib/python3.8/site-packages/airflow/example_dags/example_task_group.py for tasks to queue
[2023-09-23T03:55:25.940+0000] {logging_mixin.py:151} INFO - [2023-09-23T03:55:25.940+0000] {dagbag.py:539} INFO - Filling up the DagBag from /home/airflow/.local/lib/python3.8/site-packages/airflow/example_dags/example_task_group.py
[2023-09-23T03:55:25.945+0000] {processor.py:839} INFO - DAG(s) dict_keys(['example_task_group']) retrieved from /home/airflow/.local/lib/python3.8/site-packages/airflow/example_dags/example_task_group.py
[2023-09-23T03:55:25.963+0000] {logging_mixin.py:151} INFO - [2023-09-23T03:55:25.963+0000] {dag.py:2915} INFO - Sync 1 DAGs
[2023-09-23T03:55:25.981+0000] {logging_mixin.py:151} INFO - [2023-09-23T03:55:25.980+0000] {dag.py:3696} INFO - Setting next_dagrun for example_task_group to 2023-09-22T03:55:25.980585+00:00, run_after=2023-09-23T03:55:25.980585+00:00
[2023-09-23T03:55:26.062+0000] {processor.py:179} INFO - Processing /home/airflow/.local/lib/python3.8/site-packages/airflow/example_dags/example_task_group.py took 0.128 seconds
[2023-09-23T03:55:56.615+0000] {processor.py:157} INFO - Started process (PID=891) to work on /home/airflow/.local/lib/python3.8/site-packages/airflow/example_dags/example_task_group.py
[2023-09-23T03:55:56.616+0000] {processor.py:829} INFO - Processing file /home/airflow/.local/lib/python3.8/site-packages/airflow/example_dags/example_task_group.py for tasks to queue
[2023-09-23T03:55:56.618+0000] {logging_mixin.py:151} INFO - [2023-09-23T03:55:56.618+0000] {dagbag.py:539} INFO - Filling up the DagBag from /home/airflow/.local/lib/python3.8/site-packages/airflow/example_dags/example_task_group.py
[2023-09-23T03:55:56.624+0000] {processor.py:839} INFO - DAG(s) dict_keys(['example_task_group']) retrieved from /home/airflow/.local/lib/python3.8/site-packages/airflow/example_dags/example_task_group.py
[2023-09-23T03:55:56.637+0000] {logging_mixin.py:151} INFO - [2023-09-23T03:55:56.637+0000] {dag.py:2915} INFO - Sync 1 DAGs
[2023-09-23T03:55:56.663+0000] {logging_mixin.py:151} INFO - [2023-09-23T03:55:56.663+0000] {dag.py:3696} INFO - Setting next_dagrun for example_task_group to 2023-09-22T03:55:56.663340+00:00, run_after=2023-09-23T03:55:56.663340+00:00
[2023-09-23T03:55:56.797+0000] {processor.py:179} INFO - Processing /home/airflow/.local/lib/python3.8/site-packages/airflow/example_dags/example_task_group.py took 0.185 seconds
[2023-09-23T03:56:30.143+0000] {processor.py:157} INFO - Started process (PID=947) to work on /home/airflow/.local/lib/python3.8/site-packages/airflow/example_dags/example_task_group.py
[2023-09-23T03:56:30.344+0000] {processor.py:829} INFO - Processing file /home/airflow/.local/lib/python3.8/site-packages/airflow/example_dags/example_task_group.py for tasks to queue
[2023-09-23T03:56:30.345+0000] {logging_mixin.py:151} INFO - [2023-09-23T03:56:30.345+0000] {dagbag.py:539} INFO - Filling up the DagBag from /home/airflow/.local/lib/python3.8/site-packages/airflow/example_dags/example_task_group.py
[2023-09-23T03:56:30.351+0000] {processor.py:839} INFO - DAG(s) dict_keys(['example_task_group']) retrieved from /home/airflow/.local/lib/python3.8/site-packages/airflow/example_dags/example_task_group.py
[2023-09-23T03:56:30.370+0000] {logging_mixin.py:151} INFO - [2023-09-23T03:56:30.369+0000] {dag.py:2915} INFO - Sync 1 DAGs
[2023-09-23T03:56:30.388+0000] {logging_mixin.py:151} INFO - [2023-09-23T03:56:30.388+0000] {dag.py:3696} INFO - Setting next_dagrun for example_task_group to 2023-09-22T03:56:30.388440+00:00, run_after=2023-09-23T03:56:30.388440+00:00
[2023-09-23T03:56:30.621+0000] {processor.py:179} INFO - Processing /home/airflow/.local/lib/python3.8/site-packages/airflow/example_dags/example_task_group.py took 0.481 seconds
[2023-09-23T03:57:04.457+0000] {processor.py:157} INFO - Started process (PID=1001) to work on /home/airflow/.local/lib/python3.8/site-packages/airflow/example_dags/example_task_group.py
[2023-09-23T03:57:04.760+0000] {processor.py:829} INFO - Processing file /home/airflow/.local/lib/python3.8/site-packages/airflow/example_dags/example_task_group.py for tasks to queue
[2023-09-23T03:57:05.143+0000] {logging_mixin.py:151} INFO - [2023-09-23T03:57:05.142+0000] {dagbag.py:539} INFO - Filling up the DagBag from /home/airflow/.local/lib/python3.8/site-packages/airflow/example_dags/example_task_group.py
[2023-09-23T03:57:05.151+0000] {processor.py:839} INFO - DAG(s) dict_keys(['example_task_group']) retrieved from /home/airflow/.local/lib/python3.8/site-packages/airflow/example_dags/example_task_group.py
[2023-09-23T03:57:05.169+0000] {logging_mixin.py:151} INFO - [2023-09-23T03:57:05.169+0000] {dag.py:2915} INFO - Sync 1 DAGs
[2023-09-23T03:57:05.186+0000] {logging_mixin.py:151} INFO - [2023-09-23T03:57:05.186+0000] {dag.py:3696} INFO - Setting next_dagrun for example_task_group to 2023-09-22T03:57:05.186370+00:00, run_after=2023-09-23T03:57:05.186370+00:00
[2023-09-23T03:57:05.512+0000] {processor.py:179} INFO - Processing /home/airflow/.local/lib/python3.8/site-packages/airflow/example_dags/example_task_group.py took 1.057 seconds
[2023-09-23T03:57:36.084+0000] {processor.py:157} INFO - Started process (PID=1056) to work on /home/airflow/.local/lib/python3.8/site-packages/airflow/example_dags/example_task_group.py
[2023-09-23T03:57:36.094+0000] {processor.py:829} INFO - Processing file /home/airflow/.local/lib/python3.8/site-packages/airflow/example_dags/example_task_group.py for tasks to queue
[2023-09-23T03:57:36.096+0000] {logging_mixin.py:151} INFO - [2023-09-23T03:57:36.095+0000] {dagbag.py:539} INFO - Filling up the DagBag from /home/airflow/.local/lib/python3.8/site-packages/airflow/example_dags/example_task_group.py
[2023-09-23T03:57:36.101+0000] {processor.py:839} INFO - DAG(s) dict_keys(['example_task_group']) retrieved from /home/airflow/.local/lib/python3.8/site-packages/airflow/example_dags/example_task_group.py
[2023-09-23T03:57:36.121+0000] {logging_mixin.py:151} INFO - [2023-09-23T03:57:36.121+0000] {dag.py:2915} INFO - Sync 1 DAGs
[2023-09-23T03:57:36.139+0000] {logging_mixin.py:151} INFO - [2023-09-23T03:57:36.139+0000] {dag.py:3696} INFO - Setting next_dagrun for example_task_group to 2023-09-22T03:57:36.139564+00:00, run_after=2023-09-23T03:57:36.139564+00:00
[2023-09-23T03:57:36.217+0000] {processor.py:179} INFO - Processing /home/airflow/.local/lib/python3.8/site-packages/airflow/example_dags/example_task_group.py took 0.135 seconds
[2023-09-23T04:04:47.262+0000] {processor.py:157} INFO - Started process (PID=75) to work on /home/airflow/.local/lib/python3.8/site-packages/airflow/example_dags/example_task_group.py
[2023-09-23T04:04:47.264+0000] {processor.py:829} INFO - Processing file /home/airflow/.local/lib/python3.8/site-packages/airflow/example_dags/example_task_group.py for tasks to queue
[2023-09-23T04:04:47.265+0000] {logging_mixin.py:151} INFO - [2023-09-23T04:04:47.265+0000] {dagbag.py:539} INFO - Filling up the DagBag from /home/airflow/.local/lib/python3.8/site-packages/airflow/example_dags/example_task_group.py
[2023-09-23T04:04:47.274+0000] {processor.py:839} INFO - DAG(s) dict_keys(['example_task_group']) retrieved from /home/airflow/.local/lib/python3.8/site-packages/airflow/example_dags/example_task_group.py
[2023-09-23T04:04:47.294+0000] {logging_mixin.py:151} INFO - [2023-09-23T04:04:47.294+0000] {dag.py:2915} INFO - Sync 1 DAGs
[2023-09-23T04:04:47.313+0000] {logging_mixin.py:151} INFO - [2023-09-23T04:04:47.313+0000] {dag.py:3696} INFO - Setting next_dagrun for example_task_group to 2023-09-22T04:04:47.313019+00:00, run_after=2023-09-23T04:04:47.313019+00:00
[2023-09-23T04:04:47.366+0000] {processor.py:179} INFO - Processing /home/airflow/.local/lib/python3.8/site-packages/airflow/example_dags/example_task_group.py took 0.107 seconds
[2023-09-23T04:05:22.643+0000] {processor.py:157} INFO - Started process (PID=131) to work on /home/airflow/.local/lib/python3.8/site-packages/airflow/example_dags/example_task_group.py
[2023-09-23T04:05:22.788+0000] {processor.py:829} INFO - Processing file /home/airflow/.local/lib/python3.8/site-packages/airflow/example_dags/example_task_group.py for tasks to queue
[2023-09-23T04:05:22.793+0000] {logging_mixin.py:151} INFO - [2023-09-23T04:05:22.793+0000] {dagbag.py:539} INFO - Filling up the DagBag from /home/airflow/.local/lib/python3.8/site-packages/airflow/example_dags/example_task_group.py
[2023-09-23T04:05:22.799+0000] {processor.py:839} INFO - DAG(s) dict_keys(['example_task_group']) retrieved from /home/airflow/.local/lib/python3.8/site-packages/airflow/example_dags/example_task_group.py
[2023-09-23T04:05:22.818+0000] {logging_mixin.py:151} INFO - [2023-09-23T04:05:22.818+0000] {dag.py:2915} INFO - Sync 1 DAGs
[2023-09-23T04:05:22.836+0000] {logging_mixin.py:151} INFO - [2023-09-23T04:05:22.836+0000] {dag.py:3696} INFO - Setting next_dagrun for example_task_group to 2023-09-22T04:05:22.836468+00:00, run_after=2023-09-23T04:05:22.836468+00:00
[2023-09-23T04:05:22.993+0000] {processor.py:179} INFO - Processing /home/airflow/.local/lib/python3.8/site-packages/airflow/example_dags/example_task_group.py took 0.354 seconds
[2023-09-23T04:05:53.401+0000] {processor.py:157} INFO - Started process (PID=186) to work on /home/airflow/.local/lib/python3.8/site-packages/airflow/example_dags/example_task_group.py
[2023-09-23T04:05:53.403+0000] {processor.py:829} INFO - Processing file /home/airflow/.local/lib/python3.8/site-packages/airflow/example_dags/example_task_group.py for tasks to queue
[2023-09-23T04:05:53.405+0000] {logging_mixin.py:151} INFO - [2023-09-23T04:05:53.405+0000] {dagbag.py:539} INFO - Filling up the DagBag from /home/airflow/.local/lib/python3.8/site-packages/airflow/example_dags/example_task_group.py
[2023-09-23T04:05:53.411+0000] {processor.py:839} INFO - DAG(s) dict_keys(['example_task_group']) retrieved from /home/airflow/.local/lib/python3.8/site-packages/airflow/example_dags/example_task_group.py
[2023-09-23T04:05:53.430+0000] {logging_mixin.py:151} INFO - [2023-09-23T04:05:53.430+0000] {dag.py:2915} INFO - Sync 1 DAGs
[2023-09-23T04:05:53.448+0000] {logging_mixin.py:151} INFO - [2023-09-23T04:05:53.448+0000] {dag.py:3696} INFO - Setting next_dagrun for example_task_group to 2023-09-22T04:05:53.448321+00:00, run_after=2023-09-23T04:05:53.448321+00:00
[2023-09-23T04:05:53.511+0000] {processor.py:179} INFO - Processing /home/airflow/.local/lib/python3.8/site-packages/airflow/example_dags/example_task_group.py took 0.113 seconds
[2023-09-23T04:06:24.547+0000] {processor.py:157} INFO - Started process (PID=241) to work on /home/airflow/.local/lib/python3.8/site-packages/airflow/example_dags/example_task_group.py
[2023-09-23T04:06:24.552+0000] {processor.py:829} INFO - Processing file /home/airflow/.local/lib/python3.8/site-packages/airflow/example_dags/example_task_group.py for tasks to queue
[2023-09-23T04:06:24.554+0000] {logging_mixin.py:151} INFO - [2023-09-23T04:06:24.553+0000] {dagbag.py:539} INFO - Filling up the DagBag from /home/airflow/.local/lib/python3.8/site-packages/airflow/example_dags/example_task_group.py
[2023-09-23T04:06:24.559+0000] {processor.py:839} INFO - DAG(s) dict_keys(['example_task_group']) retrieved from /home/airflow/.local/lib/python3.8/site-packages/airflow/example_dags/example_task_group.py
[2023-09-23T04:06:24.579+0000] {logging_mixin.py:151} INFO - [2023-09-23T04:06:24.579+0000] {dag.py:2915} INFO - Sync 1 DAGs
[2023-09-23T04:06:24.598+0000] {logging_mixin.py:151} INFO - [2023-09-23T04:06:24.597+0000] {dag.py:3696} INFO - Setting next_dagrun for example_task_group to 2023-09-22T04:06:24.597740+00:00, run_after=2023-09-23T04:06:24.597740+00:00
[2023-09-23T04:06:24.642+0000] {processor.py:179} INFO - Processing /home/airflow/.local/lib/python3.8/site-packages/airflow/example_dags/example_task_group.py took 0.097 seconds
[2023-09-23T04:06:54.855+0000] {processor.py:157} INFO - Started process (PID=296) to work on /home/airflow/.local/lib/python3.8/site-packages/airflow/example_dags/example_task_group.py
[2023-09-23T04:06:54.858+0000] {processor.py:829} INFO - Processing file /home/airflow/.local/lib/python3.8/site-packages/airflow/example_dags/example_task_group.py for tasks to queue
[2023-09-23T04:06:54.860+0000] {logging_mixin.py:151} INFO - [2023-09-23T04:06:54.860+0000] {dagbag.py:539} INFO - Filling up the DagBag from /home/airflow/.local/lib/python3.8/site-packages/airflow/example_dags/example_task_group.py
[2023-09-23T04:06:54.866+0000] {processor.py:839} INFO - DAG(s) dict_keys(['example_task_group']) retrieved from /home/airflow/.local/lib/python3.8/site-packages/airflow/example_dags/example_task_group.py
[2023-09-23T04:06:54.886+0000] {logging_mixin.py:151} INFO - [2023-09-23T04:06:54.885+0000] {dag.py:2915} INFO - Sync 1 DAGs
[2023-09-23T04:06:54.905+0000] {logging_mixin.py:151} INFO - [2023-09-23T04:06:54.905+0000] {dag.py:3696} INFO - Setting next_dagrun for example_task_group to 2023-09-22T04:06:54.905245+00:00, run_after=2023-09-23T04:06:54.905245+00:00
[2023-09-23T04:06:54.955+0000] {processor.py:179} INFO - Processing /home/airflow/.local/lib/python3.8/site-packages/airflow/example_dags/example_task_group.py took 0.103 seconds
[2023-09-23T04:07:25.813+0000] {processor.py:157} INFO - Started process (PID=351) to work on /home/airflow/.local/lib/python3.8/site-packages/airflow/example_dags/example_task_group.py
[2023-09-23T04:07:25.814+0000] {processor.py:829} INFO - Processing file /home/airflow/.local/lib/python3.8/site-packages/airflow/example_dags/example_task_group.py for tasks to queue
[2023-09-23T04:07:25.816+0000] {logging_mixin.py:151} INFO - [2023-09-23T04:07:25.816+0000] {dagbag.py:539} INFO - Filling up the DagBag from /home/airflow/.local/lib/python3.8/site-packages/airflow/example_dags/example_task_group.py
[2023-09-23T04:07:25.822+0000] {processor.py:839} INFO - DAG(s) dict_keys(['example_task_group']) retrieved from /home/airflow/.local/lib/python3.8/site-packages/airflow/example_dags/example_task_group.py
[2023-09-23T04:07:25.841+0000] {logging_mixin.py:151} INFO - [2023-09-23T04:07:25.841+0000] {dag.py:2915} INFO - Sync 1 DAGs
[2023-09-23T04:07:25.859+0000] {logging_mixin.py:151} INFO - [2023-09-23T04:07:25.859+0000] {dag.py:3696} INFO - Setting next_dagrun for example_task_group to 2023-09-22T04:07:25.858899+00:00, run_after=2023-09-23T04:07:25.858899+00:00
[2023-09-23T04:07:25.927+0000] {processor.py:179} INFO - Processing /home/airflow/.local/lib/python3.8/site-packages/airflow/example_dags/example_task_group.py took 0.117 seconds
[2023-09-23T04:07:58.295+0000] {processor.py:157} INFO - Started process (PID=406) to work on /home/airflow/.local/lib/python3.8/site-packages/airflow/example_dags/example_task_group.py
[2023-09-23T04:07:58.296+0000] {processor.py:829} INFO - Processing file /home/airflow/.local/lib/python3.8/site-packages/airflow/example_dags/example_task_group.py for tasks to queue
[2023-09-23T04:07:58.298+0000] {logging_mixin.py:151} INFO - [2023-09-23T04:07:58.298+0000] {dagbag.py:539} INFO - Filling up the DagBag from /home/airflow/.local/lib/python3.8/site-packages/airflow/example_dags/example_task_group.py
[2023-09-23T04:07:58.303+0000] {processor.py:839} INFO - DAG(s) dict_keys(['example_task_group']) retrieved from /home/airflow/.local/lib/python3.8/site-packages/airflow/example_dags/example_task_group.py
[2023-09-23T04:07:58.322+0000] {logging_mixin.py:151} INFO - [2023-09-23T04:07:58.322+0000] {dag.py:2915} INFO - Sync 1 DAGs
[2023-09-23T04:07:58.340+0000] {logging_mixin.py:151} INFO - [2023-09-23T04:07:58.340+0000] {dag.py:3696} INFO - Setting next_dagrun for example_task_group to 2023-09-22T04:07:58.340032+00:00, run_after=2023-09-23T04:07:58.340032+00:00
[2023-09-23T04:07:58.388+0000] {processor.py:179} INFO - Processing /home/airflow/.local/lib/python3.8/site-packages/airflow/example_dags/example_task_group.py took 0.096 seconds
[2023-09-23T04:08:28.996+0000] {processor.py:157} INFO - Started process (PID=461) to work on /home/airflow/.local/lib/python3.8/site-packages/airflow/example_dags/example_task_group.py
[2023-09-23T04:08:29.038+0000] {processor.py:829} INFO - Processing file /home/airflow/.local/lib/python3.8/site-packages/airflow/example_dags/example_task_group.py for tasks to queue
[2023-09-23T04:08:29.040+0000] {logging_mixin.py:151} INFO - [2023-09-23T04:08:29.040+0000] {dagbag.py:539} INFO - Filling up the DagBag from /home/airflow/.local/lib/python3.8/site-packages/airflow/example_dags/example_task_group.py
[2023-09-23T04:08:29.046+0000] {processor.py:839} INFO - DAG(s) dict_keys(['example_task_group']) retrieved from /home/airflow/.local/lib/python3.8/site-packages/airflow/example_dags/example_task_group.py
[2023-09-23T04:08:29.065+0000] {logging_mixin.py:151} INFO - [2023-09-23T04:08:29.065+0000] {dag.py:2915} INFO - Sync 1 DAGs
[2023-09-23T04:08:29.084+0000] {logging_mixin.py:151} INFO - [2023-09-23T04:08:29.084+0000] {dag.py:3696} INFO - Setting next_dagrun for example_task_group to 2023-09-22T04:08:29.083997+00:00, run_after=2023-09-23T04:08:29.083997+00:00
[2023-09-23T04:08:29.192+0000] {processor.py:179} INFO - Processing /home/airflow/.local/lib/python3.8/site-packages/airflow/example_dags/example_task_group.py took 0.199 seconds
[2023-09-23T04:09:01.930+0000] {processor.py:157} INFO - Started process (PID=516) to work on /home/airflow/.local/lib/python3.8/site-packages/airflow/example_dags/example_task_group.py
[2023-09-23T04:09:01.931+0000] {processor.py:829} INFO - Processing file /home/airflow/.local/lib/python3.8/site-packages/airflow/example_dags/example_task_group.py for tasks to queue
[2023-09-23T04:09:01.933+0000] {logging_mixin.py:151} INFO - [2023-09-23T04:09:01.933+0000] {dagbag.py:539} INFO - Filling up the DagBag from /home/airflow/.local/lib/python3.8/site-packages/airflow/example_dags/example_task_group.py
[2023-09-23T04:09:01.939+0000] {processor.py:839} INFO - DAG(s) dict_keys(['example_task_group']) retrieved from /home/airflow/.local/lib/python3.8/site-packages/airflow/example_dags/example_task_group.py
[2023-09-23T04:09:01.959+0000] {logging_mixin.py:151} INFO - [2023-09-23T04:09:01.959+0000] {dag.py:2915} INFO - Sync 1 DAGs
[2023-09-23T04:09:01.978+0000] {logging_mixin.py:151} INFO - [2023-09-23T04:09:01.978+0000] {dag.py:3696} INFO - Setting next_dagrun for example_task_group to 2023-09-22T04:09:01.978202+00:00, run_after=2023-09-23T04:09:01.978202+00:00
[2023-09-23T04:09:02.035+0000] {processor.py:179} INFO - Processing /home/airflow/.local/lib/python3.8/site-packages/airflow/example_dags/example_task_group.py took 0.107 seconds
[2023-09-23T04:09:32.079+0000] {processor.py:157} INFO - Started process (PID=571) to work on /home/airflow/.local/lib/python3.8/site-packages/airflow/example_dags/example_task_group.py
[2023-09-23T04:09:32.081+0000] {processor.py:829} INFO - Processing file /home/airflow/.local/lib/python3.8/site-packages/airflow/example_dags/example_task_group.py for tasks to queue
[2023-09-23T04:09:32.082+0000] {logging_mixin.py:151} INFO - [2023-09-23T04:09:32.082+0000] {dagbag.py:539} INFO - Filling up the DagBag from /home/airflow/.local/lib/python3.8/site-packages/airflow/example_dags/example_task_group.py
[2023-09-23T04:09:32.088+0000] {processor.py:839} INFO - DAG(s) dict_keys(['example_task_group']) retrieved from /home/airflow/.local/lib/python3.8/site-packages/airflow/example_dags/example_task_group.py
[2023-09-23T04:09:32.107+0000] {logging_mixin.py:151} INFO - [2023-09-23T04:09:32.107+0000] {dag.py:2915} INFO - Sync 1 DAGs
[2023-09-23T04:09:32.125+0000] {logging_mixin.py:151} INFO - [2023-09-23T04:09:32.124+0000] {dag.py:3696} INFO - Setting next_dagrun for example_task_group to 2023-09-22T04:09:32.124752+00:00, run_after=2023-09-23T04:09:32.124752+00:00
[2023-09-23T04:09:32.187+0000] {processor.py:179} INFO - Processing /home/airflow/.local/lib/python3.8/site-packages/airflow/example_dags/example_task_group.py took 0.110 seconds
[2023-09-23T04:10:03.156+0000] {processor.py:157} INFO - Started process (PID=626) to work on /home/airflow/.local/lib/python3.8/site-packages/airflow/example_dags/example_task_group.py
[2023-09-23T04:10:03.157+0000] {processor.py:829} INFO - Processing file /home/airflow/.local/lib/python3.8/site-packages/airflow/example_dags/example_task_group.py for tasks to queue
[2023-09-23T04:10:03.159+0000] {logging_mixin.py:151} INFO - [2023-09-23T04:10:03.159+0000] {dagbag.py:539} INFO - Filling up the DagBag from /home/airflow/.local/lib/python3.8/site-packages/airflow/example_dags/example_task_group.py
[2023-09-23T04:10:03.165+0000] {processor.py:839} INFO - DAG(s) dict_keys(['example_task_group']) retrieved from /home/airflow/.local/lib/python3.8/site-packages/airflow/example_dags/example_task_group.py
[2023-09-23T04:10:03.184+0000] {logging_mixin.py:151} INFO - [2023-09-23T04:10:03.184+0000] {dag.py:2915} INFO - Sync 1 DAGs
[2023-09-23T04:10:03.202+0000] {logging_mixin.py:151} INFO - [2023-09-23T04:10:03.202+0000] {dag.py:3696} INFO - Setting next_dagrun for example_task_group to 2023-09-22T04:10:03.202589+00:00, run_after=2023-09-23T04:10:03.202589+00:00
[2023-09-23T04:10:03.260+0000] {processor.py:179} INFO - Processing /home/airflow/.local/lib/python3.8/site-packages/airflow/example_dags/example_task_group.py took 0.107 seconds
[2023-09-23T04:10:34.716+0000] {processor.py:157} INFO - Started process (PID=681) to work on /home/airflow/.local/lib/python3.8/site-packages/airflow/example_dags/example_task_group.py
[2023-09-23T04:10:34.717+0000] {processor.py:829} INFO - Processing file /home/airflow/.local/lib/python3.8/site-packages/airflow/example_dags/example_task_group.py for tasks to queue
[2023-09-23T04:10:34.719+0000] {logging_mixin.py:151} INFO - [2023-09-23T04:10:34.719+0000] {dagbag.py:539} INFO - Filling up the DagBag from /home/airflow/.local/lib/python3.8/site-packages/airflow/example_dags/example_task_group.py
[2023-09-23T04:10:34.725+0000] {processor.py:839} INFO - DAG(s) dict_keys(['example_task_group']) retrieved from /home/airflow/.local/lib/python3.8/site-packages/airflow/example_dags/example_task_group.py
[2023-09-23T04:10:34.744+0000] {logging_mixin.py:151} INFO - [2023-09-23T04:10:34.743+0000] {dag.py:2915} INFO - Sync 1 DAGs
[2023-09-23T04:10:34.761+0000] {logging_mixin.py:151} INFO - [2023-09-23T04:10:34.761+0000] {dag.py:3696} INFO - Setting next_dagrun for example_task_group to 2023-09-22T04:10:34.761042+00:00, run_after=2023-09-23T04:10:34.761042+00:00
[2023-09-23T04:10:34.820+0000] {processor.py:179} INFO - Processing /home/airflow/.local/lib/python3.8/site-packages/airflow/example_dags/example_task_group.py took 0.107 seconds
[2023-09-23T04:11:07.604+0000] {processor.py:157} INFO - Started process (PID=736) to work on /home/airflow/.local/lib/python3.8/site-packages/airflow/example_dags/example_task_group.py
[2023-09-23T04:11:07.605+0000] {processor.py:829} INFO - Processing file /home/airflow/.local/lib/python3.8/site-packages/airflow/example_dags/example_task_group.py for tasks to queue
[2023-09-23T04:11:07.607+0000] {logging_mixin.py:151} INFO - [2023-09-23T04:11:07.607+0000] {dagbag.py:539} INFO - Filling up the DagBag from /home/airflow/.local/lib/python3.8/site-packages/airflow/example_dags/example_task_group.py
[2023-09-23T04:11:07.612+0000] {processor.py:839} INFO - DAG(s) dict_keys(['example_task_group']) retrieved from /home/airflow/.local/lib/python3.8/site-packages/airflow/example_dags/example_task_group.py
[2023-09-23T04:11:07.631+0000] {logging_mixin.py:151} INFO - [2023-09-23T04:11:07.631+0000] {dag.py:2915} INFO - Sync 1 DAGs
[2023-09-23T04:11:07.649+0000] {logging_mixin.py:151} INFO - [2023-09-23T04:11:07.649+0000] {dag.py:3696} INFO - Setting next_dagrun for example_task_group to 2023-09-22T04:11:07.649552+00:00, run_after=2023-09-23T04:11:07.649552+00:00
[2023-09-23T04:11:07.747+0000] {processor.py:179} INFO - Processing /home/airflow/.local/lib/python3.8/site-packages/airflow/example_dags/example_task_group.py took 0.145 seconds
[2023-09-23T04:11:38.724+0000] {processor.py:157} INFO - Started process (PID=791) to work on /home/airflow/.local/lib/python3.8/site-packages/airflow/example_dags/example_task_group.py
[2023-09-23T04:11:38.740+0000] {processor.py:829} INFO - Processing file /home/airflow/.local/lib/python3.8/site-packages/airflow/example_dags/example_task_group.py for tasks to queue
[2023-09-23T04:11:38.742+0000] {logging_mixin.py:151} INFO - [2023-09-23T04:11:38.742+0000] {dagbag.py:539} INFO - Filling up the DagBag from /home/airflow/.local/lib/python3.8/site-packages/airflow/example_dags/example_task_group.py
[2023-09-23T04:11:38.748+0000] {processor.py:839} INFO - DAG(s) dict_keys(['example_task_group']) retrieved from /home/airflow/.local/lib/python3.8/site-packages/airflow/example_dags/example_task_group.py
[2023-09-23T04:11:38.767+0000] {logging_mixin.py:151} INFO - [2023-09-23T04:11:38.767+0000] {dag.py:2915} INFO - Sync 1 DAGs
[2023-09-23T04:11:38.785+0000] {logging_mixin.py:151} INFO - [2023-09-23T04:11:38.785+0000] {dag.py:3696} INFO - Setting next_dagrun for example_task_group to 2023-09-22T04:11:38.784826+00:00, run_after=2023-09-23T04:11:38.784826+00:00
[2023-09-23T04:11:38.883+0000] {processor.py:179} INFO - Processing /home/airflow/.local/lib/python3.8/site-packages/airflow/example_dags/example_task_group.py took 0.162 seconds
[2023-09-23T04:12:09.498+0000] {processor.py:157} INFO - Started process (PID=846) to work on /home/airflow/.local/lib/python3.8/site-packages/airflow/example_dags/example_task_group.py
[2023-09-23T04:12:09.532+0000] {processor.py:829} INFO - Processing file /home/airflow/.local/lib/python3.8/site-packages/airflow/example_dags/example_task_group.py for tasks to queue
[2023-09-23T04:12:09.534+0000] {logging_mixin.py:151} INFO - [2023-09-23T04:12:09.534+0000] {dagbag.py:539} INFO - Filling up the DagBag from /home/airflow/.local/lib/python3.8/site-packages/airflow/example_dags/example_task_group.py
[2023-09-23T04:12:09.539+0000] {processor.py:839} INFO - DAG(s) dict_keys(['example_task_group']) retrieved from /home/airflow/.local/lib/python3.8/site-packages/airflow/example_dags/example_task_group.py
[2023-09-23T04:12:09.559+0000] {logging_mixin.py:151} INFO - [2023-09-23T04:12:09.559+0000] {dag.py:2915} INFO - Sync 1 DAGs
[2023-09-23T04:12:09.577+0000] {logging_mixin.py:151} INFO - [2023-09-23T04:12:09.576+0000] {dag.py:3696} INFO - Setting next_dagrun for example_task_group to 2023-09-22T04:12:09.576690+00:00, run_after=2023-09-23T04:12:09.576690+00:00
[2023-09-23T04:12:09.725+0000] {processor.py:179} INFO - Processing /home/airflow/.local/lib/python3.8/site-packages/airflow/example_dags/example_task_group.py took 0.230 seconds
[2023-09-23T04:12:40.391+0000] {processor.py:157} INFO - Started process (PID=901) to work on /home/airflow/.local/lib/python3.8/site-packages/airflow/example_dags/example_task_group.py
[2023-09-23T04:12:40.425+0000] {processor.py:829} INFO - Processing file /home/airflow/.local/lib/python3.8/site-packages/airflow/example_dags/example_task_group.py for tasks to queue
[2023-09-23T04:12:40.427+0000] {logging_mixin.py:151} INFO - [2023-09-23T04:12:40.426+0000] {dagbag.py:539} INFO - Filling up the DagBag from /home/airflow/.local/lib/python3.8/site-packages/airflow/example_dags/example_task_group.py
[2023-09-23T04:12:40.432+0000] {processor.py:839} INFO - DAG(s) dict_keys(['example_task_group']) retrieved from /home/airflow/.local/lib/python3.8/site-packages/airflow/example_dags/example_task_group.py
[2023-09-23T04:12:40.451+0000] {logging_mixin.py:151} INFO - [2023-09-23T04:12:40.451+0000] {dag.py:2915} INFO - Sync 1 DAGs
[2023-09-23T04:12:40.470+0000] {logging_mixin.py:151} INFO - [2023-09-23T04:12:40.469+0000] {dag.py:3696} INFO - Setting next_dagrun for example_task_group to 2023-09-22T04:12:40.469733+00:00, run_after=2023-09-23T04:12:40.469733+00:00
[2023-09-23T04:12:40.518+0000] {processor.py:179} INFO - Processing /home/airflow/.local/lib/python3.8/site-packages/airflow/example_dags/example_task_group.py took 0.130 seconds
[2023-09-23T04:13:11.087+0000] {processor.py:157} INFO - Started process (PID=956) to work on /home/airflow/.local/lib/python3.8/site-packages/airflow/example_dags/example_task_group.py
[2023-09-23T04:13:11.091+0000] {processor.py:829} INFO - Processing file /home/airflow/.local/lib/python3.8/site-packages/airflow/example_dags/example_task_group.py for tasks to queue
[2023-09-23T04:13:11.093+0000] {logging_mixin.py:151} INFO - [2023-09-23T04:13:11.092+0000] {dagbag.py:539} INFO - Filling up the DagBag from /home/airflow/.local/lib/python3.8/site-packages/airflow/example_dags/example_task_group.py
[2023-09-23T04:13:11.098+0000] {processor.py:839} INFO - DAG(s) dict_keys(['example_task_group']) retrieved from /home/airflow/.local/lib/python3.8/site-packages/airflow/example_dags/example_task_group.py
[2023-09-23T04:13:11.118+0000] {logging_mixin.py:151} INFO - [2023-09-23T04:13:11.118+0000] {dag.py:2915} INFO - Sync 1 DAGs
[2023-09-23T04:13:11.136+0000] {logging_mixin.py:151} INFO - [2023-09-23T04:13:11.136+0000] {dag.py:3696} INFO - Setting next_dagrun for example_task_group to 2023-09-22T04:13:11.135839+00:00, run_after=2023-09-23T04:13:11.135839+00:00
[2023-09-23T04:13:11.208+0000] {processor.py:179} INFO - Processing /home/airflow/.local/lib/python3.8/site-packages/airflow/example_dags/example_task_group.py took 0.124 seconds
[2023-09-23T04:13:42.466+0000] {processor.py:157} INFO - Started process (PID=1011) to work on /home/airflow/.local/lib/python3.8/site-packages/airflow/example_dags/example_task_group.py
[2023-09-23T04:13:42.479+0000] {processor.py:829} INFO - Processing file /home/airflow/.local/lib/python3.8/site-packages/airflow/example_dags/example_task_group.py for tasks to queue
[2023-09-23T04:13:42.480+0000] {logging_mixin.py:151} INFO - [2023-09-23T04:13:42.480+0000] {dagbag.py:539} INFO - Filling up the DagBag from /home/airflow/.local/lib/python3.8/site-packages/airflow/example_dags/example_task_group.py
[2023-09-23T04:13:42.486+0000] {processor.py:839} INFO - DAG(s) dict_keys(['example_task_group']) retrieved from /home/airflow/.local/lib/python3.8/site-packages/airflow/example_dags/example_task_group.py
[2023-09-23T04:13:42.506+0000] {logging_mixin.py:151} INFO - [2023-09-23T04:13:42.505+0000] {dag.py:2915} INFO - Sync 1 DAGs
[2023-09-23T04:13:42.523+0000] {logging_mixin.py:151} INFO - [2023-09-23T04:13:42.523+0000] {dag.py:3696} INFO - Setting next_dagrun for example_task_group to 2023-09-22T04:13:42.523221+00:00, run_after=2023-09-23T04:13:42.523221+00:00
[2023-09-23T04:13:42.570+0000] {processor.py:179} INFO - Processing /home/airflow/.local/lib/python3.8/site-packages/airflow/example_dags/example_task_group.py took 0.108 seconds
[2023-09-23T04:14:14.642+0000] {processor.py:157} INFO - Started process (PID=1066) to work on /home/airflow/.local/lib/python3.8/site-packages/airflow/example_dags/example_task_group.py
[2023-09-23T04:14:14.643+0000] {processor.py:829} INFO - Processing file /home/airflow/.local/lib/python3.8/site-packages/airflow/example_dags/example_task_group.py for tasks to queue
[2023-09-23T04:14:14.645+0000] {logging_mixin.py:151} INFO - [2023-09-23T04:14:14.644+0000] {dagbag.py:539} INFO - Filling up the DagBag from /home/airflow/.local/lib/python3.8/site-packages/airflow/example_dags/example_task_group.py
[2023-09-23T04:14:14.650+0000] {processor.py:839} INFO - DAG(s) dict_keys(['example_task_group']) retrieved from /home/airflow/.local/lib/python3.8/site-packages/airflow/example_dags/example_task_group.py
[2023-09-23T04:14:14.670+0000] {logging_mixin.py:151} INFO - [2023-09-23T04:14:14.670+0000] {dag.py:2915} INFO - Sync 1 DAGs
[2023-09-23T04:14:14.688+0000] {logging_mixin.py:151} INFO - [2023-09-23T04:14:14.688+0000] {dag.py:3696} INFO - Setting next_dagrun for example_task_group to 2023-09-22T04:14:14.688172+00:00, run_after=2023-09-23T04:14:14.688172+00:00
[2023-09-23T04:14:14.735+0000] {processor.py:179} INFO - Processing /home/airflow/.local/lib/python3.8/site-packages/airflow/example_dags/example_task_group.py took 0.096 seconds
[2023-09-23T04:14:46.177+0000] {processor.py:157} INFO - Started process (PID=1121) to work on /home/airflow/.local/lib/python3.8/site-packages/airflow/example_dags/example_task_group.py
[2023-09-23T04:14:46.182+0000] {processor.py:829} INFO - Processing file /home/airflow/.local/lib/python3.8/site-packages/airflow/example_dags/example_task_group.py for tasks to queue
[2023-09-23T04:14:46.184+0000] {logging_mixin.py:151} INFO - [2023-09-23T04:14:46.183+0000] {dagbag.py:539} INFO - Filling up the DagBag from /home/airflow/.local/lib/python3.8/site-packages/airflow/example_dags/example_task_group.py
[2023-09-23T04:14:46.189+0000] {processor.py:839} INFO - DAG(s) dict_keys(['example_task_group']) retrieved from /home/airflow/.local/lib/python3.8/site-packages/airflow/example_dags/example_task_group.py
[2023-09-23T04:14:46.208+0000] {logging_mixin.py:151} INFO - [2023-09-23T04:14:46.207+0000] {dag.py:2915} INFO - Sync 1 DAGs
[2023-09-23T04:14:46.226+0000] {logging_mixin.py:151} INFO - [2023-09-23T04:14:46.226+0000] {dag.py:3696} INFO - Setting next_dagrun for example_task_group to 2023-09-22T04:14:46.226144+00:00, run_after=2023-09-23T04:14:46.226144+00:00
[2023-09-23T04:14:46.272+0000] {processor.py:179} INFO - Processing /home/airflow/.local/lib/python3.8/site-packages/airflow/example_dags/example_task_group.py took 0.098 seconds
[2023-09-23T04:15:16.554+0000] {processor.py:157} INFO - Started process (PID=1176) to work on /home/airflow/.local/lib/python3.8/site-packages/airflow/example_dags/example_task_group.py
[2023-09-23T04:15:16.560+0000] {processor.py:829} INFO - Processing file /home/airflow/.local/lib/python3.8/site-packages/airflow/example_dags/example_task_group.py for tasks to queue
[2023-09-23T04:15:16.562+0000] {logging_mixin.py:151} INFO - [2023-09-23T04:15:16.561+0000] {dagbag.py:539} INFO - Filling up the DagBag from /home/airflow/.local/lib/python3.8/site-packages/airflow/example_dags/example_task_group.py
[2023-09-23T04:15:16.567+0000] {processor.py:839} INFO - DAG(s) dict_keys(['example_task_group']) retrieved from /home/airflow/.local/lib/python3.8/site-packages/airflow/example_dags/example_task_group.py
[2023-09-23T04:15:16.586+0000] {logging_mixin.py:151} INFO - [2023-09-23T04:15:16.586+0000] {dag.py:2915} INFO - Sync 1 DAGs
[2023-09-23T04:15:16.604+0000] {logging_mixin.py:151} INFO - [2023-09-23T04:15:16.604+0000] {dag.py:3696} INFO - Setting next_dagrun for example_task_group to 2023-09-22T04:15:16.604040+00:00, run_after=2023-09-23T04:15:16.604040+00:00
[2023-09-23T04:15:16.649+0000] {processor.py:179} INFO - Processing /home/airflow/.local/lib/python3.8/site-packages/airflow/example_dags/example_task_group.py took 0.098 seconds
[2023-09-23T04:15:47.439+0000] {processor.py:157} INFO - Started process (PID=1231) to work on /home/airflow/.local/lib/python3.8/site-packages/airflow/example_dags/example_task_group.py
[2023-09-23T04:15:47.464+0000] {processor.py:829} INFO - Processing file /home/airflow/.local/lib/python3.8/site-packages/airflow/example_dags/example_task_group.py for tasks to queue
[2023-09-23T04:15:47.466+0000] {logging_mixin.py:151} INFO - [2023-09-23T04:15:47.466+0000] {dagbag.py:539} INFO - Filling up the DagBag from /home/airflow/.local/lib/python3.8/site-packages/airflow/example_dags/example_task_group.py
[2023-09-23T04:15:47.471+0000] {processor.py:839} INFO - DAG(s) dict_keys(['example_task_group']) retrieved from /home/airflow/.local/lib/python3.8/site-packages/airflow/example_dags/example_task_group.py
[2023-09-23T04:15:47.490+0000] {logging_mixin.py:151} INFO - [2023-09-23T04:15:47.489+0000] {dag.py:2915} INFO - Sync 1 DAGs
[2023-09-23T04:15:47.506+0000] {logging_mixin.py:151} INFO - [2023-09-23T04:15:47.506+0000] {dag.py:3696} INFO - Setting next_dagrun for example_task_group to 2023-09-22T04:15:47.506436+00:00, run_after=2023-09-23T04:15:47.506436+00:00
[2023-09-23T04:15:47.561+0000] {processor.py:179} INFO - Processing /home/airflow/.local/lib/python3.8/site-packages/airflow/example_dags/example_task_group.py took 0.124 seconds
[2023-09-23T04:16:18.829+0000] {processor.py:157} INFO - Started process (PID=1286) to work on /home/airflow/.local/lib/python3.8/site-packages/airflow/example_dags/example_task_group.py
[2023-09-23T04:16:18.832+0000] {processor.py:829} INFO - Processing file /home/airflow/.local/lib/python3.8/site-packages/airflow/example_dags/example_task_group.py for tasks to queue
[2023-09-23T04:16:18.834+0000] {logging_mixin.py:151} INFO - [2023-09-23T04:16:18.833+0000] {dagbag.py:539} INFO - Filling up the DagBag from /home/airflow/.local/lib/python3.8/site-packages/airflow/example_dags/example_task_group.py
[2023-09-23T04:16:18.840+0000] {processor.py:839} INFO - DAG(s) dict_keys(['example_task_group']) retrieved from /home/airflow/.local/lib/python3.8/site-packages/airflow/example_dags/example_task_group.py
[2023-09-23T04:16:18.860+0000] {logging_mixin.py:151} INFO - [2023-09-23T04:16:18.859+0000] {dag.py:2915} INFO - Sync 1 DAGs
[2023-09-23T04:16:18.879+0000] {logging_mixin.py:151} INFO - [2023-09-23T04:16:18.878+0000] {dag.py:3696} INFO - Setting next_dagrun for example_task_group to 2023-09-22T04:16:18.878697+00:00, run_after=2023-09-23T04:16:18.878697+00:00
[2023-09-23T04:16:18.924+0000] {processor.py:179} INFO - Processing /home/airflow/.local/lib/python3.8/site-packages/airflow/example_dags/example_task_group.py took 0.097 seconds
[2023-09-23T04:16:49.064+0000] {processor.py:157} INFO - Started process (PID=1341) to work on /home/airflow/.local/lib/python3.8/site-packages/airflow/example_dags/example_task_group.py
[2023-09-23T04:16:49.065+0000] {processor.py:829} INFO - Processing file /home/airflow/.local/lib/python3.8/site-packages/airflow/example_dags/example_task_group.py for tasks to queue
[2023-09-23T04:16:49.067+0000] {logging_mixin.py:151} INFO - [2023-09-23T04:16:49.066+0000] {dagbag.py:539} INFO - Filling up the DagBag from /home/airflow/.local/lib/python3.8/site-packages/airflow/example_dags/example_task_group.py
[2023-09-23T04:16:49.072+0000] {processor.py:839} INFO - DAG(s) dict_keys(['example_task_group']) retrieved from /home/airflow/.local/lib/python3.8/site-packages/airflow/example_dags/example_task_group.py
[2023-09-23T04:16:49.091+0000] {logging_mixin.py:151} INFO - [2023-09-23T04:16:49.091+0000] {dag.py:2915} INFO - Sync 1 DAGs
[2023-09-23T04:16:49.108+0000] {logging_mixin.py:151} INFO - [2023-09-23T04:16:49.108+0000] {dag.py:3696} INFO - Setting next_dagrun for example_task_group to 2023-09-22T04:16:49.108265+00:00, run_after=2023-09-23T04:16:49.108265+00:00
[2023-09-23T04:16:49.169+0000] {processor.py:179} INFO - Processing /home/airflow/.local/lib/python3.8/site-packages/airflow/example_dags/example_task_group.py took 0.108 seconds
[2023-09-23T04:17:21.376+0000] {processor.py:157} INFO - Started process (PID=1396) to work on /home/airflow/.local/lib/python3.8/site-packages/airflow/example_dags/example_task_group.py
[2023-09-23T04:17:21.378+0000] {processor.py:829} INFO - Processing file /home/airflow/.local/lib/python3.8/site-packages/airflow/example_dags/example_task_group.py for tasks to queue
[2023-09-23T04:17:21.380+0000] {logging_mixin.py:151} INFO - [2023-09-23T04:17:21.380+0000] {dagbag.py:539} INFO - Filling up the DagBag from /home/airflow/.local/lib/python3.8/site-packages/airflow/example_dags/example_task_group.py
[2023-09-23T04:17:21.385+0000] {processor.py:839} INFO - DAG(s) dict_keys(['example_task_group']) retrieved from /home/airflow/.local/lib/python3.8/site-packages/airflow/example_dags/example_task_group.py
[2023-09-23T04:17:21.404+0000] {logging_mixin.py:151} INFO - [2023-09-23T04:17:21.404+0000] {dag.py:2915} INFO - Sync 1 DAGs
[2023-09-23T04:17:21.425+0000] {logging_mixin.py:151} INFO - [2023-09-23T04:17:21.425+0000] {dag.py:3696} INFO - Setting next_dagrun for example_task_group to 2023-09-22T04:17:21.425422+00:00, run_after=2023-09-23T04:17:21.425422+00:00
[2023-09-23T04:17:21.486+0000] {processor.py:179} INFO - Processing /home/airflow/.local/lib/python3.8/site-packages/airflow/example_dags/example_task_group.py took 0.113 seconds
[2023-09-23T04:17:52.933+0000] {processor.py:157} INFO - Started process (PID=1451) to work on /home/airflow/.local/lib/python3.8/site-packages/airflow/example_dags/example_task_group.py
[2023-09-23T04:17:53.071+0000] {processor.py:829} INFO - Processing file /home/airflow/.local/lib/python3.8/site-packages/airflow/example_dags/example_task_group.py for tasks to queue
[2023-09-23T04:17:53.073+0000] {logging_mixin.py:151} INFO - [2023-09-23T04:17:53.073+0000] {dagbag.py:539} INFO - Filling up the DagBag from /home/airflow/.local/lib/python3.8/site-packages/airflow/example_dags/example_task_group.py
[2023-09-23T04:17:53.078+0000] {processor.py:839} INFO - DAG(s) dict_keys(['example_task_group']) retrieved from /home/airflow/.local/lib/python3.8/site-packages/airflow/example_dags/example_task_group.py
[2023-09-23T04:17:53.089+0000] {logging_mixin.py:151} INFO - [2023-09-23T04:17:53.089+0000] {dag.py:2915} INFO - Sync 1 DAGs
[2023-09-23T04:17:53.107+0000] {logging_mixin.py:151} INFO - [2023-09-23T04:17:53.107+0000] {dag.py:3696} INFO - Setting next_dagrun for example_task_group to 2023-09-22T04:17:53.107201+00:00, run_after=2023-09-23T04:17:53.107201+00:00
[2023-09-23T04:17:53.699+0000] {processor.py:179} INFO - Processing /home/airflow/.local/lib/python3.8/site-packages/airflow/example_dags/example_task_group.py took 0.768 seconds
[2023-09-23T04:18:23.755+0000] {processor.py:157} INFO - Started process (PID=1506) to work on /home/airflow/.local/lib/python3.8/site-packages/airflow/example_dags/example_task_group.py
[2023-09-23T04:18:23.757+0000] {processor.py:829} INFO - Processing file /home/airflow/.local/lib/python3.8/site-packages/airflow/example_dags/example_task_group.py for tasks to queue
[2023-09-23T04:18:23.758+0000] {logging_mixin.py:151} INFO - [2023-09-23T04:18:23.758+0000] {dagbag.py:539} INFO - Filling up the DagBag from /home/airflow/.local/lib/python3.8/site-packages/airflow/example_dags/example_task_group.py
[2023-09-23T04:18:23.764+0000] {processor.py:839} INFO - DAG(s) dict_keys(['example_task_group']) retrieved from /home/airflow/.local/lib/python3.8/site-packages/airflow/example_dags/example_task_group.py
[2023-09-23T04:18:23.782+0000] {logging_mixin.py:151} INFO - [2023-09-23T04:18:23.782+0000] {dag.py:2915} INFO - Sync 1 DAGs
[2023-09-23T04:18:23.800+0000] {logging_mixin.py:151} INFO - [2023-09-23T04:18:23.800+0000] {dag.py:3696} INFO - Setting next_dagrun for example_task_group to 2023-09-22T04:18:23.800042+00:00, run_after=2023-09-23T04:18:23.800042+00:00
[2023-09-23T04:18:23.857+0000] {processor.py:179} INFO - Processing /home/airflow/.local/lib/python3.8/site-packages/airflow/example_dags/example_task_group.py took 0.105 seconds
[2023-09-23T04:19:02.705+0000] {processor.py:157} INFO - Started process (PID=1561) to work on /home/airflow/.local/lib/python3.8/site-packages/airflow/example_dags/example_task_group.py
[2023-09-23T04:19:02.798+0000] {processor.py:829} INFO - Processing file /home/airflow/.local/lib/python3.8/site-packages/airflow/example_dags/example_task_group.py for tasks to queue
[2023-09-23T04:19:02.800+0000] {logging_mixin.py:151} INFO - [2023-09-23T04:19:02.800+0000] {dagbag.py:539} INFO - Filling up the DagBag from /home/airflow/.local/lib/python3.8/site-packages/airflow/example_dags/example_task_group.py
[2023-09-23T04:19:02.808+0000] {processor.py:839} INFO - DAG(s) dict_keys(['example_task_group']) retrieved from /home/airflow/.local/lib/python3.8/site-packages/airflow/example_dags/example_task_group.py
[2023-09-23T04:19:02.832+0000] {logging_mixin.py:151} INFO - [2023-09-23T04:19:02.832+0000] {dag.py:2915} INFO - Sync 1 DAGs
[2023-09-23T04:19:02.849+0000] {logging_mixin.py:151} INFO - [2023-09-23T04:19:02.849+0000] {dag.py:3696} INFO - Setting next_dagrun for example_task_group to 2023-09-22T04:19:02.849375+00:00, run_after=2023-09-23T04:19:02.849375+00:00
[2023-09-23T04:19:04.630+0000] {processor.py:179} INFO - Processing /home/airflow/.local/lib/python3.8/site-packages/airflow/example_dags/example_task_group.py took 1.928 seconds
[2023-09-23T04:19:35.543+0000] {processor.py:157} INFO - Started process (PID=1616) to work on /home/airflow/.local/lib/python3.8/site-packages/airflow/example_dags/example_task_group.py
[2023-09-23T04:19:35.548+0000] {processor.py:829} INFO - Processing file /home/airflow/.local/lib/python3.8/site-packages/airflow/example_dags/example_task_group.py for tasks to queue
[2023-09-23T04:19:35.549+0000] {logging_mixin.py:151} INFO - [2023-09-23T04:19:35.549+0000] {dagbag.py:539} INFO - Filling up the DagBag from /home/airflow/.local/lib/python3.8/site-packages/airflow/example_dags/example_task_group.py
[2023-09-23T04:19:35.555+0000] {processor.py:839} INFO - DAG(s) dict_keys(['example_task_group']) retrieved from /home/airflow/.local/lib/python3.8/site-packages/airflow/example_dags/example_task_group.py
[2023-09-23T04:19:35.574+0000] {logging_mixin.py:151} INFO - [2023-09-23T04:19:35.574+0000] {dag.py:2915} INFO - Sync 1 DAGs
[2023-09-23T04:19:35.592+0000] {logging_mixin.py:151} INFO - [2023-09-23T04:19:35.592+0000] {dag.py:3696} INFO - Setting next_dagrun for example_task_group to 2023-09-22T04:19:35.592431+00:00, run_after=2023-09-23T04:19:35.592431+00:00
[2023-09-23T04:19:36.257+0000] {processor.py:179} INFO - Processing /home/airflow/.local/lib/python3.8/site-packages/airflow/example_dags/example_task_group.py took 0.717 seconds
[2023-09-23T04:24:09.428+0000] {processor.py:157} INFO - Started process (PID=67) to work on /home/airflow/.local/lib/python3.8/site-packages/airflow/example_dags/example_task_group.py
[2023-09-23T04:24:09.450+0000] {processor.py:829} INFO - Processing file /home/airflow/.local/lib/python3.8/site-packages/airflow/example_dags/example_task_group.py for tasks to queue
[2023-09-23T04:24:09.452+0000] {logging_mixin.py:151} INFO - [2023-09-23T04:24:09.452+0000] {dagbag.py:539} INFO - Filling up the DagBag from /home/airflow/.local/lib/python3.8/site-packages/airflow/example_dags/example_task_group.py
[2023-09-23T04:24:09.461+0000] {processor.py:839} INFO - DAG(s) dict_keys(['example_task_group']) retrieved from /home/airflow/.local/lib/python3.8/site-packages/airflow/example_dags/example_task_group.py
[2023-09-23T04:24:09.484+0000] {logging_mixin.py:151} INFO - [2023-09-23T04:24:09.483+0000] {dag.py:2915} INFO - Sync 1 DAGs
[2023-09-23T04:24:09.505+0000] {logging_mixin.py:151} INFO - [2023-09-23T04:24:09.504+0000] {dag.py:3696} INFO - Setting next_dagrun for example_task_group to 2023-09-22T04:24:09.504706+00:00, run_after=2023-09-23T04:24:09.504706+00:00
[2023-09-23T04:24:09.562+0000] {processor.py:179} INFO - Processing /home/airflow/.local/lib/python3.8/site-packages/airflow/example_dags/example_task_group.py took 0.137 seconds
[2023-09-23T04:24:58.089+0000] {processor.py:157} INFO - Started process (PID=130) to work on /home/airflow/.local/lib/python3.8/site-packages/airflow/example_dags/example_task_group.py
[2023-09-23T04:24:58.090+0000] {processor.py:829} INFO - Processing file /home/airflow/.local/lib/python3.8/site-packages/airflow/example_dags/example_task_group.py for tasks to queue
[2023-09-23T04:24:58.092+0000] {logging_mixin.py:151} INFO - [2023-09-23T04:24:58.092+0000] {dagbag.py:539} INFO - Filling up the DagBag from /home/airflow/.local/lib/python3.8/site-packages/airflow/example_dags/example_task_group.py
[2023-09-23T04:24:58.098+0000] {processor.py:839} INFO - DAG(s) dict_keys(['example_task_group']) retrieved from /home/airflow/.local/lib/python3.8/site-packages/airflow/example_dags/example_task_group.py
[2023-09-23T04:24:58.117+0000] {logging_mixin.py:151} INFO - [2023-09-23T04:24:58.117+0000] {dag.py:2915} INFO - Sync 1 DAGs
[2023-09-23T04:24:58.134+0000] {logging_mixin.py:151} INFO - [2023-09-23T04:24:58.134+0000] {dag.py:3696} INFO - Setting next_dagrun for example_task_group to 2023-09-22T04:24:58.134294+00:00, run_after=2023-09-23T04:24:58.134294+00:00
[2023-09-23T04:24:58.194+0000] {processor.py:179} INFO - Processing /home/airflow/.local/lib/python3.8/site-packages/airflow/example_dags/example_task_group.py took 0.107 seconds
[2023-09-23T04:25:29.626+0000] {processor.py:157} INFO - Started process (PID=185) to work on /home/airflow/.local/lib/python3.8/site-packages/airflow/example_dags/example_task_group.py
[2023-09-23T04:25:29.627+0000] {processor.py:829} INFO - Processing file /home/airflow/.local/lib/python3.8/site-packages/airflow/example_dags/example_task_group.py for tasks to queue
[2023-09-23T04:25:29.629+0000] {logging_mixin.py:151} INFO - [2023-09-23T04:25:29.629+0000] {dagbag.py:539} INFO - Filling up the DagBag from /home/airflow/.local/lib/python3.8/site-packages/airflow/example_dags/example_task_group.py
[2023-09-23T04:25:29.635+0000] {processor.py:839} INFO - DAG(s) dict_keys(['example_task_group']) retrieved from /home/airflow/.local/lib/python3.8/site-packages/airflow/example_dags/example_task_group.py
[2023-09-23T04:25:29.654+0000] {logging_mixin.py:151} INFO - [2023-09-23T04:25:29.654+0000] {dag.py:2915} INFO - Sync 1 DAGs
[2023-09-23T04:25:29.673+0000] {logging_mixin.py:151} INFO - [2023-09-23T04:25:29.673+0000] {dag.py:3696} INFO - Setting next_dagrun for example_task_group to 2023-09-22T04:25:29.673061+00:00, run_after=2023-09-23T04:25:29.673061+00:00
[2023-09-23T04:25:29.752+0000] {processor.py:179} INFO - Processing /home/airflow/.local/lib/python3.8/site-packages/airflow/example_dags/example_task_group.py took 0.129 seconds
[2023-09-23T04:26:04.645+0000] {processor.py:157} INFO - Started process (PID=240) to work on /home/airflow/.local/lib/python3.8/site-packages/airflow/example_dags/example_task_group.py
[2023-09-23T04:26:04.723+0000] {processor.py:829} INFO - Processing file /home/airflow/.local/lib/python3.8/site-packages/airflow/example_dags/example_task_group.py for tasks to queue
[2023-09-23T04:26:04.725+0000] {logging_mixin.py:151} INFO - [2023-09-23T04:26:04.724+0000] {dagbag.py:539} INFO - Filling up the DagBag from /home/airflow/.local/lib/python3.8/site-packages/airflow/example_dags/example_task_group.py
[2023-09-23T04:26:04.730+0000] {processor.py:839} INFO - DAG(s) dict_keys(['example_task_group']) retrieved from /home/airflow/.local/lib/python3.8/site-packages/airflow/example_dags/example_task_group.py
[2023-09-23T04:26:04.749+0000] {logging_mixin.py:151} INFO - [2023-09-23T04:26:04.749+0000] {dag.py:2915} INFO - Sync 1 DAGs
[2023-09-23T04:26:04.767+0000] {logging_mixin.py:151} INFO - [2023-09-23T04:26:04.767+0000] {dag.py:3696} INFO - Setting next_dagrun for example_task_group to 2023-09-22T04:26:04.766844+00:00, run_after=2023-09-23T04:26:04.766844+00:00
[2023-09-23T04:26:04.885+0000] {processor.py:179} INFO - Processing /home/airflow/.local/lib/python3.8/site-packages/airflow/example_dags/example_task_group.py took 0.243 seconds
[2023-09-23T04:26:36.106+0000] {processor.py:157} INFO - Started process (PID=295) to work on /home/airflow/.local/lib/python3.8/site-packages/airflow/example_dags/example_task_group.py
[2023-09-23T04:26:36.116+0000] {processor.py:829} INFO - Processing file /home/airflow/.local/lib/python3.8/site-packages/airflow/example_dags/example_task_group.py for tasks to queue
[2023-09-23T04:26:36.118+0000] {logging_mixin.py:151} INFO - [2023-09-23T04:26:36.117+0000] {dagbag.py:539} INFO - Filling up the DagBag from /home/airflow/.local/lib/python3.8/site-packages/airflow/example_dags/example_task_group.py
[2023-09-23T04:26:36.123+0000] {processor.py:839} INFO - DAG(s) dict_keys(['example_task_group']) retrieved from /home/airflow/.local/lib/python3.8/site-packages/airflow/example_dags/example_task_group.py
[2023-09-23T04:26:36.143+0000] {logging_mixin.py:151} INFO - [2023-09-23T04:26:36.143+0000] {dag.py:2915} INFO - Sync 1 DAGs
[2023-09-23T04:26:36.161+0000] {logging_mixin.py:151} INFO - [2023-09-23T04:26:36.161+0000] {dag.py:3696} INFO - Setting next_dagrun for example_task_group to 2023-09-22T04:26:36.161171+00:00, run_after=2023-09-23T04:26:36.161171+00:00
[2023-09-23T04:26:36.244+0000] {processor.py:179} INFO - Processing /home/airflow/.local/lib/python3.8/site-packages/airflow/example_dags/example_task_group.py took 0.141 seconds
[2023-09-23T04:27:07.948+0000] {processor.py:157} INFO - Started process (PID=350) to work on /home/airflow/.local/lib/python3.8/site-packages/airflow/example_dags/example_task_group.py
[2023-09-23T04:27:07.950+0000] {processor.py:829} INFO - Processing file /home/airflow/.local/lib/python3.8/site-packages/airflow/example_dags/example_task_group.py for tasks to queue
[2023-09-23T04:27:07.951+0000] {logging_mixin.py:151} INFO - [2023-09-23T04:27:07.951+0000] {dagbag.py:539} INFO - Filling up the DagBag from /home/airflow/.local/lib/python3.8/site-packages/airflow/example_dags/example_task_group.py
[2023-09-23T04:27:07.957+0000] {processor.py:839} INFO - DAG(s) dict_keys(['example_task_group']) retrieved from /home/airflow/.local/lib/python3.8/site-packages/airflow/example_dags/example_task_group.py
[2023-09-23T04:27:07.976+0000] {logging_mixin.py:151} INFO - [2023-09-23T04:27:07.976+0000] {dag.py:2915} INFO - Sync 1 DAGs
[2023-09-23T04:27:07.994+0000] {logging_mixin.py:151} INFO - [2023-09-23T04:27:07.994+0000] {dag.py:3696} INFO - Setting next_dagrun for example_task_group to 2023-09-22T04:27:07.994218+00:00, run_after=2023-09-23T04:27:07.994218+00:00
[2023-09-23T04:27:08.063+0000] {processor.py:179} INFO - Processing /home/airflow/.local/lib/python3.8/site-packages/airflow/example_dags/example_task_group.py took 0.117 seconds
[2023-09-23T04:27:40.475+0000] {processor.py:157} INFO - Started process (PID=405) to work on /home/airflow/.local/lib/python3.8/site-packages/airflow/example_dags/example_task_group.py
[2023-09-23T04:27:40.511+0000] {processor.py:829} INFO - Processing file /home/airflow/.local/lib/python3.8/site-packages/airflow/example_dags/example_task_group.py for tasks to queue
[2023-09-23T04:27:40.513+0000] {logging_mixin.py:151} INFO - [2023-09-23T04:27:40.513+0000] {dagbag.py:539} INFO - Filling up the DagBag from /home/airflow/.local/lib/python3.8/site-packages/airflow/example_dags/example_task_group.py
[2023-09-23T04:27:40.521+0000] {processor.py:839} INFO - DAG(s) dict_keys(['example_task_group']) retrieved from /home/airflow/.local/lib/python3.8/site-packages/airflow/example_dags/example_task_group.py
[2023-09-23T04:27:40.544+0000] {logging_mixin.py:151} INFO - [2023-09-23T04:27:40.544+0000] {dag.py:2915} INFO - Sync 1 DAGs
[2023-09-23T04:27:40.562+0000] {logging_mixin.py:151} INFO - [2023-09-23T04:27:40.562+0000] {dag.py:3696} INFO - Setting next_dagrun for example_task_group to 2023-09-22T04:27:40.562078+00:00, run_after=2023-09-23T04:27:40.562078+00:00
[2023-09-23T04:27:40.619+0000] {processor.py:179} INFO - Processing /home/airflow/.local/lib/python3.8/site-packages/airflow/example_dags/example_task_group.py took 0.147 seconds
[2023-09-23T04:28:12.051+0000] {processor.py:157} INFO - Started process (PID=460) to work on /home/airflow/.local/lib/python3.8/site-packages/airflow/example_dags/example_task_group.py
[2023-09-23T04:28:12.072+0000] {processor.py:829} INFO - Processing file /home/airflow/.local/lib/python3.8/site-packages/airflow/example_dags/example_task_group.py for tasks to queue
[2023-09-23T04:28:12.074+0000] {logging_mixin.py:151} INFO - [2023-09-23T04:28:12.074+0000] {dagbag.py:539} INFO - Filling up the DagBag from /home/airflow/.local/lib/python3.8/site-packages/airflow/example_dags/example_task_group.py
[2023-09-23T04:28:12.082+0000] {processor.py:839} INFO - DAG(s) dict_keys(['example_task_group']) retrieved from /home/airflow/.local/lib/python3.8/site-packages/airflow/example_dags/example_task_group.py
[2023-09-23T04:28:12.105+0000] {logging_mixin.py:151} INFO - [2023-09-23T04:28:12.104+0000] {dag.py:2915} INFO - Sync 1 DAGs
[2023-09-23T04:28:12.125+0000] {logging_mixin.py:151} INFO - [2023-09-23T04:28:12.125+0000] {dag.py:3696} INFO - Setting next_dagrun for example_task_group to 2023-09-22T04:28:12.124948+00:00, run_after=2023-09-23T04:28:12.124948+00:00
[2023-09-23T04:28:12.234+0000] {processor.py:179} INFO - Processing /home/airflow/.local/lib/python3.8/site-packages/airflow/example_dags/example_task_group.py took 0.187 seconds
[2023-09-23T04:28:42.620+0000] {processor.py:157} INFO - Started process (PID=515) to work on /home/airflow/.local/lib/python3.8/site-packages/airflow/example_dags/example_task_group.py
[2023-09-23T04:28:42.625+0000] {processor.py:829} INFO - Processing file /home/airflow/.local/lib/python3.8/site-packages/airflow/example_dags/example_task_group.py for tasks to queue
[2023-09-23T04:28:42.627+0000] {logging_mixin.py:151} INFO - [2023-09-23T04:28:42.627+0000] {dagbag.py:539} INFO - Filling up the DagBag from /home/airflow/.local/lib/python3.8/site-packages/airflow/example_dags/example_task_group.py
[2023-09-23T04:28:42.633+0000] {processor.py:839} INFO - DAG(s) dict_keys(['example_task_group']) retrieved from /home/airflow/.local/lib/python3.8/site-packages/airflow/example_dags/example_task_group.py
[2023-09-23T04:28:42.653+0000] {logging_mixin.py:151} INFO - [2023-09-23T04:28:42.653+0000] {dag.py:2915} INFO - Sync 1 DAGs
[2023-09-23T04:28:42.672+0000] {logging_mixin.py:151} INFO - [2023-09-23T04:28:42.672+0000] {dag.py:3696} INFO - Setting next_dagrun for example_task_group to 2023-09-22T04:28:42.671946+00:00, run_after=2023-09-23T04:28:42.671946+00:00
[2023-09-23T04:28:42.722+0000] {processor.py:179} INFO - Processing /home/airflow/.local/lib/python3.8/site-packages/airflow/example_dags/example_task_group.py took 0.106 seconds
[2023-09-23T04:29:16.242+0000] {processor.py:157} INFO - Started process (PID=570) to work on /home/airflow/.local/lib/python3.8/site-packages/airflow/example_dags/example_task_group.py
[2023-09-23T04:29:16.254+0000] {processor.py:829} INFO - Processing file /home/airflow/.local/lib/python3.8/site-packages/airflow/example_dags/example_task_group.py for tasks to queue
[2023-09-23T04:29:16.255+0000] {logging_mixin.py:151} INFO - [2023-09-23T04:29:16.255+0000] {dagbag.py:539} INFO - Filling up the DagBag from /home/airflow/.local/lib/python3.8/site-packages/airflow/example_dags/example_task_group.py
[2023-09-23T04:29:16.262+0000] {processor.py:839} INFO - DAG(s) dict_keys(['example_task_group']) retrieved from /home/airflow/.local/lib/python3.8/site-packages/airflow/example_dags/example_task_group.py
[2023-09-23T04:29:16.273+0000] {logging_mixin.py:151} INFO - [2023-09-23T04:29:16.273+0000] {dag.py:2915} INFO - Sync 1 DAGs
[2023-09-23T04:29:16.293+0000] {logging_mixin.py:151} INFO - [2023-09-23T04:29:16.292+0000] {dag.py:3696} INFO - Setting next_dagrun for example_task_group to 2023-09-22T04:29:16.292717+00:00, run_after=2023-09-23T04:29:16.292717+00:00
[2023-09-23T04:29:16.345+0000] {processor.py:179} INFO - Processing /home/airflow/.local/lib/python3.8/site-packages/airflow/example_dags/example_task_group.py took 0.106 seconds
[2023-09-23T04:29:49.629+0000] {processor.py:157} INFO - Started process (PID=625) to work on /home/airflow/.local/lib/python3.8/site-packages/airflow/example_dags/example_task_group.py
[2023-09-23T04:29:49.794+0000] {processor.py:829} INFO - Processing file /home/airflow/.local/lib/python3.8/site-packages/airflow/example_dags/example_task_group.py for tasks to queue
[2023-09-23T04:29:49.796+0000] {logging_mixin.py:151} INFO - [2023-09-23T04:29:49.796+0000] {dagbag.py:539} INFO - Filling up the DagBag from /home/airflow/.local/lib/python3.8/site-packages/airflow/example_dags/example_task_group.py
[2023-09-23T04:29:49.802+0000] {processor.py:839} INFO - DAG(s) dict_keys(['example_task_group']) retrieved from /home/airflow/.local/lib/python3.8/site-packages/airflow/example_dags/example_task_group.py
[2023-09-23T04:29:49.822+0000] {logging_mixin.py:151} INFO - [2023-09-23T04:29:49.822+0000] {dag.py:2915} INFO - Sync 1 DAGs
[2023-09-23T04:29:49.840+0000] {logging_mixin.py:151} INFO - [2023-09-23T04:29:49.840+0000] {dag.py:3696} INFO - Setting next_dagrun for example_task_group to 2023-09-22T04:29:49.840105+00:00, run_after=2023-09-23T04:29:49.840105+00:00
[2023-09-23T04:29:51.960+0000] {processor.py:179} INFO - Processing /home/airflow/.local/lib/python3.8/site-packages/airflow/example_dags/example_task_group.py took 2.334 seconds
[2023-09-23T04:30:22.276+0000] {processor.py:157} INFO - Started process (PID=680) to work on /home/airflow/.local/lib/python3.8/site-packages/airflow/example_dags/example_task_group.py
[2023-09-23T04:30:22.615+0000] {processor.py:829} INFO - Processing file /home/airflow/.local/lib/python3.8/site-packages/airflow/example_dags/example_task_group.py for tasks to queue
[2023-09-23T04:30:22.620+0000] {logging_mixin.py:151} INFO - [2023-09-23T04:30:22.620+0000] {dagbag.py:539} INFO - Filling up the DagBag from /home/airflow/.local/lib/python3.8/site-packages/airflow/example_dags/example_task_group.py
[2023-09-23T04:30:22.626+0000] {processor.py:839} INFO - DAG(s) dict_keys(['example_task_group']) retrieved from /home/airflow/.local/lib/python3.8/site-packages/airflow/example_dags/example_task_group.py
[2023-09-23T04:30:22.645+0000] {logging_mixin.py:151} INFO - [2023-09-23T04:30:22.645+0000] {dag.py:2915} INFO - Sync 1 DAGs
[2023-09-23T04:30:22.664+0000] {logging_mixin.py:151} INFO - [2023-09-23T04:30:22.663+0000] {dag.py:3696} INFO - Setting next_dagrun for example_task_group to 2023-09-22T04:30:22.663714+00:00, run_after=2023-09-23T04:30:22.663714+00:00
[2023-09-23T04:30:22.753+0000] {processor.py:179} INFO - Processing /home/airflow/.local/lib/python3.8/site-packages/airflow/example_dags/example_task_group.py took 0.479 seconds
[2023-09-23T04:30:53.684+0000] {processor.py:157} INFO - Started process (PID=735) to work on /home/airflow/.local/lib/python3.8/site-packages/airflow/example_dags/example_task_group.py
[2023-09-23T04:30:54.422+0000] {processor.py:829} INFO - Processing file /home/airflow/.local/lib/python3.8/site-packages/airflow/example_dags/example_task_group.py for tasks to queue
[2023-09-23T04:30:54.423+0000] {logging_mixin.py:151} INFO - [2023-09-23T04:30:54.423+0000] {dagbag.py:539} INFO - Filling up the DagBag from /home/airflow/.local/lib/python3.8/site-packages/airflow/example_dags/example_task_group.py
[2023-09-23T04:30:54.429+0000] {processor.py:839} INFO - DAG(s) dict_keys(['example_task_group']) retrieved from /home/airflow/.local/lib/python3.8/site-packages/airflow/example_dags/example_task_group.py
[2023-09-23T04:30:54.449+0000] {logging_mixin.py:151} INFO - [2023-09-23T04:30:54.449+0000] {dag.py:2915} INFO - Sync 1 DAGs
[2023-09-23T04:30:54.466+0000] {logging_mixin.py:151} INFO - [2023-09-23T04:30:54.466+0000] {dag.py:3696} INFO - Setting next_dagrun for example_task_group to 2023-09-22T04:30:54.466565+00:00, run_after=2023-09-23T04:30:54.466565+00:00
[2023-09-23T04:30:54.741+0000] {processor.py:179} INFO - Processing /home/airflow/.local/lib/python3.8/site-packages/airflow/example_dags/example_task_group.py took 1.060 seconds
[2023-09-23T22:35:24.628+0000] {processor.py:157} INFO - Started process (PID=74) to work on /home/airflow/.local/lib/python3.8/site-packages/airflow/example_dags/example_task_group.py
[2023-09-23T22:35:24.636+0000] {processor.py:829} INFO - Processing file /home/airflow/.local/lib/python3.8/site-packages/airflow/example_dags/example_task_group.py for tasks to queue
[2023-09-23T22:35:24.638+0000] {logging_mixin.py:151} INFO - [2023-09-23T22:35:24.638+0000] {dagbag.py:539} INFO - Filling up the DagBag from /home/airflow/.local/lib/python3.8/site-packages/airflow/example_dags/example_task_group.py
[2023-09-23T22:35:24.646+0000] {processor.py:839} INFO - DAG(s) dict_keys(['example_task_group']) retrieved from /home/airflow/.local/lib/python3.8/site-packages/airflow/example_dags/example_task_group.py
[2023-09-23T22:35:24.665+0000] {logging_mixin.py:151} INFO - [2023-09-23T22:35:24.665+0000] {dag.py:2915} INFO - Sync 1 DAGs
[2023-09-23T22:35:24.684+0000] {logging_mixin.py:151} INFO - [2023-09-23T22:35:24.684+0000] {dag.py:3696} INFO - Setting next_dagrun for example_task_group to 2023-09-22T22:35:24.683850+00:00, run_after=2023-09-23T22:35:24.683850+00:00
[2023-09-23T22:35:24.766+0000] {processor.py:179} INFO - Processing /home/airflow/.local/lib/python3.8/site-packages/airflow/example_dags/example_task_group.py took 0.141 seconds
[2023-09-23T22:36:02.107+0000] {processor.py:157} INFO - Started process (PID=136) to work on /home/airflow/.local/lib/python3.8/site-packages/airflow/example_dags/example_task_group.py
[2023-09-23T22:36:02.227+0000] {processor.py:829} INFO - Processing file /home/airflow/.local/lib/python3.8/site-packages/airflow/example_dags/example_task_group.py for tasks to queue
[2023-09-23T22:36:02.232+0000] {logging_mixin.py:151} INFO - [2023-09-23T22:36:02.232+0000] {dagbag.py:539} INFO - Filling up the DagBag from /home/airflow/.local/lib/python3.8/site-packages/airflow/example_dags/example_task_group.py
[2023-09-23T22:36:02.245+0000] {processor.py:839} INFO - DAG(s) dict_keys(['example_task_group']) retrieved from /home/airflow/.local/lib/python3.8/site-packages/airflow/example_dags/example_task_group.py
[2023-09-23T22:36:02.259+0000] {logging_mixin.py:151} INFO - [2023-09-23T22:36:02.259+0000] {dag.py:2915} INFO - Sync 1 DAGs
[2023-09-23T22:36:02.278+0000] {logging_mixin.py:151} INFO - [2023-09-23T22:36:02.278+0000] {dag.py:3696} INFO - Setting next_dagrun for example_task_group to 2023-09-22T22:36:02.278067+00:00, run_after=2023-09-23T22:36:02.278067+00:00
[2023-09-23T22:36:02.788+0000] {processor.py:179} INFO - Processing /home/airflow/.local/lib/python3.8/site-packages/airflow/example_dags/example_task_group.py took 0.685 seconds
[2023-09-23T22:36:34.818+0000] {processor.py:157} INFO - Started process (PID=191) to work on /home/airflow/.local/lib/python3.8/site-packages/airflow/example_dags/example_task_group.py
[2023-09-23T22:36:34.901+0000] {processor.py:829} INFO - Processing file /home/airflow/.local/lib/python3.8/site-packages/airflow/example_dags/example_task_group.py for tasks to queue
[2023-09-23T22:36:34.902+0000] {logging_mixin.py:151} INFO - [2023-09-23T22:36:34.902+0000] {dagbag.py:539} INFO - Filling up the DagBag from /home/airflow/.local/lib/python3.8/site-packages/airflow/example_dags/example_task_group.py
[2023-09-23T22:36:34.909+0000] {processor.py:839} INFO - DAG(s) dict_keys(['example_task_group']) retrieved from /home/airflow/.local/lib/python3.8/site-packages/airflow/example_dags/example_task_group.py
[2023-09-23T22:36:34.930+0000] {logging_mixin.py:151} INFO - [2023-09-23T22:36:34.929+0000] {dag.py:2915} INFO - Sync 1 DAGs
[2023-09-23T22:36:34.947+0000] {logging_mixin.py:151} INFO - [2023-09-23T22:36:34.947+0000] {dag.py:3696} INFO - Setting next_dagrun for example_task_group to 2023-09-22T22:36:34.947062+00:00, run_after=2023-09-23T22:36:34.947062+00:00
[2023-09-23T22:36:35.377+0000] {processor.py:179} INFO - Processing /home/airflow/.local/lib/python3.8/site-packages/airflow/example_dags/example_task_group.py took 0.562 seconds
[2023-09-23T22:37:06.031+0000] {processor.py:157} INFO - Started process (PID=246) to work on /home/airflow/.local/lib/python3.8/site-packages/airflow/example_dags/example_task_group.py
[2023-09-23T22:37:06.110+0000] {processor.py:829} INFO - Processing file /home/airflow/.local/lib/python3.8/site-packages/airflow/example_dags/example_task_group.py for tasks to queue
[2023-09-23T22:37:06.112+0000] {logging_mixin.py:151} INFO - [2023-09-23T22:37:06.111+0000] {dagbag.py:539} INFO - Filling up the DagBag from /home/airflow/.local/lib/python3.8/site-packages/airflow/example_dags/example_task_group.py
[2023-09-23T22:37:06.118+0000] {processor.py:839} INFO - DAG(s) dict_keys(['example_task_group']) retrieved from /home/airflow/.local/lib/python3.8/site-packages/airflow/example_dags/example_task_group.py
[2023-09-23T22:37:06.129+0000] {logging_mixin.py:151} INFO - [2023-09-23T22:37:06.128+0000] {dag.py:2915} INFO - Sync 1 DAGs
[2023-09-23T22:37:06.147+0000] {logging_mixin.py:151} INFO - [2023-09-23T22:37:06.147+0000] {dag.py:3696} INFO - Setting next_dagrun for example_task_group to 2023-09-22T22:37:06.146883+00:00, run_after=2023-09-23T22:37:06.146883+00:00
[2023-09-23T22:37:06.300+0000] {processor.py:179} INFO - Processing /home/airflow/.local/lib/python3.8/site-packages/airflow/example_dags/example_task_group.py took 0.272 seconds
[2023-09-23T22:37:36.698+0000] {processor.py:157} INFO - Started process (PID=301) to work on /home/airflow/.local/lib/python3.8/site-packages/airflow/example_dags/example_task_group.py
[2023-09-23T22:37:37.427+0000] {processor.py:829} INFO - Processing file /home/airflow/.local/lib/python3.8/site-packages/airflow/example_dags/example_task_group.py for tasks to queue
[2023-09-23T22:37:37.429+0000] {logging_mixin.py:151} INFO - [2023-09-23T22:37:37.429+0000] {dagbag.py:539} INFO - Filling up the DagBag from /home/airflow/.local/lib/python3.8/site-packages/airflow/example_dags/example_task_group.py
[2023-09-23T22:37:37.435+0000] {processor.py:839} INFO - DAG(s) dict_keys(['example_task_group']) retrieved from /home/airflow/.local/lib/python3.8/site-packages/airflow/example_dags/example_task_group.py
[2023-09-23T22:37:37.455+0000] {logging_mixin.py:151} INFO - [2023-09-23T22:37:37.455+0000] {dag.py:2915} INFO - Sync 1 DAGs
[2023-09-23T22:37:37.473+0000] {logging_mixin.py:151} INFO - [2023-09-23T22:37:37.473+0000] {dag.py:3696} INFO - Setting next_dagrun for example_task_group to 2023-09-22T22:37:37.473478+00:00, run_after=2023-09-23T22:37:37.473478+00:00
[2023-09-23T22:37:37.635+0000] {processor.py:179} INFO - Processing /home/airflow/.local/lib/python3.8/site-packages/airflow/example_dags/example_task_group.py took 0.940 seconds
[2023-09-23T22:38:07.879+0000] {processor.py:157} INFO - Started process (PID=356) to work on /home/airflow/.local/lib/python3.8/site-packages/airflow/example_dags/example_task_group.py
[2023-09-23T22:38:07.966+0000] {processor.py:829} INFO - Processing file /home/airflow/.local/lib/python3.8/site-packages/airflow/example_dags/example_task_group.py for tasks to queue
[2023-09-23T22:38:07.968+0000] {logging_mixin.py:151} INFO - [2023-09-23T22:38:07.967+0000] {dagbag.py:539} INFO - Filling up the DagBag from /home/airflow/.local/lib/python3.8/site-packages/airflow/example_dags/example_task_group.py
[2023-09-23T22:38:07.973+0000] {processor.py:839} INFO - DAG(s) dict_keys(['example_task_group']) retrieved from /home/airflow/.local/lib/python3.8/site-packages/airflow/example_dags/example_task_group.py
[2023-09-23T22:38:07.992+0000] {logging_mixin.py:151} INFO - [2023-09-23T22:38:07.991+0000] {dag.py:2915} INFO - Sync 1 DAGs
[2023-09-23T22:38:08.009+0000] {logging_mixin.py:151} INFO - [2023-09-23T22:38:08.009+0000] {dag.py:3696} INFO - Setting next_dagrun for example_task_group to 2023-09-22T22:38:08.009368+00:00, run_after=2023-09-23T22:38:08.009368+00:00
[2023-09-23T22:38:08.193+0000] {processor.py:179} INFO - Processing /home/airflow/.local/lib/python3.8/site-packages/airflow/example_dags/example_task_group.py took 0.317 seconds
[2023-09-23T22:38:38.606+0000] {processor.py:157} INFO - Started process (PID=411) to work on /home/airflow/.local/lib/python3.8/site-packages/airflow/example_dags/example_task_group.py
[2023-09-23T22:38:38.673+0000] {processor.py:829} INFO - Processing file /home/airflow/.local/lib/python3.8/site-packages/airflow/example_dags/example_task_group.py for tasks to queue
[2023-09-23T22:38:38.674+0000] {logging_mixin.py:151} INFO - [2023-09-23T22:38:38.674+0000] {dagbag.py:539} INFO - Filling up the DagBag from /home/airflow/.local/lib/python3.8/site-packages/airflow/example_dags/example_task_group.py
[2023-09-23T22:38:38.680+0000] {processor.py:839} INFO - DAG(s) dict_keys(['example_task_group']) retrieved from /home/airflow/.local/lib/python3.8/site-packages/airflow/example_dags/example_task_group.py
[2023-09-23T22:38:38.700+0000] {logging_mixin.py:151} INFO - [2023-09-23T22:38:38.700+0000] {dag.py:2915} INFO - Sync 1 DAGs
[2023-09-23T22:38:38.720+0000] {logging_mixin.py:151} INFO - [2023-09-23T22:38:38.720+0000] {dag.py:3696} INFO - Setting next_dagrun for example_task_group to 2023-09-22T22:38:38.720491+00:00, run_after=2023-09-23T22:38:38.720491+00:00
[2023-09-23T22:38:38.913+0000] {processor.py:179} INFO - Processing /home/airflow/.local/lib/python3.8/site-packages/airflow/example_dags/example_task_group.py took 0.311 seconds
[2023-09-23T22:39:09.375+0000] {processor.py:157} INFO - Started process (PID=465) to work on /home/airflow/.local/lib/python3.8/site-packages/airflow/example_dags/example_task_group.py
[2023-09-23T22:39:09.432+0000] {processor.py:829} INFO - Processing file /home/airflow/.local/lib/python3.8/site-packages/airflow/example_dags/example_task_group.py for tasks to queue
[2023-09-23T22:39:09.434+0000] {logging_mixin.py:151} INFO - [2023-09-23T22:39:09.434+0000] {dagbag.py:539} INFO - Filling up the DagBag from /home/airflow/.local/lib/python3.8/site-packages/airflow/example_dags/example_task_group.py
[2023-09-23T22:39:09.441+0000] {processor.py:839} INFO - DAG(s) dict_keys(['example_task_group']) retrieved from /home/airflow/.local/lib/python3.8/site-packages/airflow/example_dags/example_task_group.py
[2023-09-23T22:39:09.462+0000] {logging_mixin.py:151} INFO - [2023-09-23T22:39:09.461+0000] {dag.py:2915} INFO - Sync 1 DAGs
[2023-09-23T22:39:09.482+0000] {logging_mixin.py:151} INFO - [2023-09-23T22:39:09.482+0000] {dag.py:3696} INFO - Setting next_dagrun for example_task_group to 2023-09-22T22:39:09.481827+00:00, run_after=2023-09-23T22:39:09.481827+00:00
[2023-09-23T22:39:09.899+0000] {processor.py:179} INFO - Processing /home/airflow/.local/lib/python3.8/site-packages/airflow/example_dags/example_task_group.py took 0.526 seconds
[2023-09-23T22:39:40.026+0000] {processor.py:157} INFO - Started process (PID=514) to work on /home/airflow/.local/lib/python3.8/site-packages/airflow/example_dags/example_task_group.py
[2023-09-23T22:39:40.101+0000] {processor.py:829} INFO - Processing file /home/airflow/.local/lib/python3.8/site-packages/airflow/example_dags/example_task_group.py for tasks to queue
[2023-09-23T22:39:40.103+0000] {logging_mixin.py:151} INFO - [2023-09-23T22:39:40.103+0000] {dagbag.py:539} INFO - Filling up the DagBag from /home/airflow/.local/lib/python3.8/site-packages/airflow/example_dags/example_task_group.py
[2023-09-23T22:39:40.109+0000] {processor.py:839} INFO - DAG(s) dict_keys(['example_task_group']) retrieved from /home/airflow/.local/lib/python3.8/site-packages/airflow/example_dags/example_task_group.py
[2023-09-23T22:39:40.131+0000] {logging_mixin.py:151} INFO - [2023-09-23T22:39:40.130+0000] {dag.py:2915} INFO - Sync 1 DAGs
[2023-09-23T22:39:40.151+0000] {logging_mixin.py:151} INFO - [2023-09-23T22:39:40.151+0000] {dag.py:3696} INFO - Setting next_dagrun for example_task_group to 2023-09-22T22:39:40.151254+00:00, run_after=2023-09-23T22:39:40.151254+00:00
[2023-09-23T22:39:40.422+0000] {processor.py:179} INFO - Processing /home/airflow/.local/lib/python3.8/site-packages/airflow/example_dags/example_task_group.py took 0.399 seconds
[2023-09-23T22:40:10.858+0000] {processor.py:157} INFO - Started process (PID=569) to work on /home/airflow/.local/lib/python3.8/site-packages/airflow/example_dags/example_task_group.py
[2023-09-23T22:40:10.915+0000] {processor.py:829} INFO - Processing file /home/airflow/.local/lib/python3.8/site-packages/airflow/example_dags/example_task_group.py for tasks to queue
[2023-09-23T22:40:10.917+0000] {logging_mixin.py:151} INFO - [2023-09-23T22:40:10.917+0000] {dagbag.py:539} INFO - Filling up the DagBag from /home/airflow/.local/lib/python3.8/site-packages/airflow/example_dags/example_task_group.py
[2023-09-23T22:40:10.923+0000] {processor.py:839} INFO - DAG(s) dict_keys(['example_task_group']) retrieved from /home/airflow/.local/lib/python3.8/site-packages/airflow/example_dags/example_task_group.py
[2023-09-23T22:40:10.948+0000] {logging_mixin.py:151} INFO - [2023-09-23T22:40:10.948+0000] {dag.py:2915} INFO - Sync 1 DAGs
[2023-09-23T22:40:10.972+0000] {logging_mixin.py:151} INFO - [2023-09-23T22:40:10.972+0000] {dag.py:3696} INFO - Setting next_dagrun for example_task_group to 2023-09-22T22:40:10.971971+00:00, run_after=2023-09-23T22:40:10.971971+00:00
[2023-09-23T22:40:11.091+0000] {processor.py:179} INFO - Processing /home/airflow/.local/lib/python3.8/site-packages/airflow/example_dags/example_task_group.py took 0.236 seconds
[2023-09-23T22:40:45.658+0000] {processor.py:157} INFO - Started process (PID=631) to work on /home/airflow/.local/lib/python3.8/site-packages/airflow/example_dags/example_task_group.py
[2023-09-23T22:40:45.714+0000] {processor.py:829} INFO - Processing file /home/airflow/.local/lib/python3.8/site-packages/airflow/example_dags/example_task_group.py for tasks to queue
[2023-09-23T22:40:45.717+0000] {logging_mixin.py:151} INFO - [2023-09-23T22:40:45.717+0000] {dagbag.py:539} INFO - Filling up the DagBag from /home/airflow/.local/lib/python3.8/site-packages/airflow/example_dags/example_task_group.py
[2023-09-23T22:40:45.725+0000] {processor.py:839} INFO - DAG(s) dict_keys(['example_task_group']) retrieved from /home/airflow/.local/lib/python3.8/site-packages/airflow/example_dags/example_task_group.py
[2023-09-23T22:40:45.752+0000] {logging_mixin.py:151} INFO - [2023-09-23T22:40:45.752+0000] {dag.py:2915} INFO - Sync 1 DAGs
[2023-09-23T22:40:45.772+0000] {logging_mixin.py:151} INFO - [2023-09-23T22:40:45.772+0000] {dag.py:3696} INFO - Setting next_dagrun for example_task_group to 2023-09-22T22:40:45.772446+00:00, run_after=2023-09-23T22:40:45.772446+00:00
[2023-09-23T22:40:46.159+0000] {processor.py:179} INFO - Processing /home/airflow/.local/lib/python3.8/site-packages/airflow/example_dags/example_task_group.py took 0.506 seconds
[2023-09-23T22:41:16.304+0000] {processor.py:157} INFO - Started process (PID=679) to work on /home/airflow/.local/lib/python3.8/site-packages/airflow/example_dags/example_task_group.py
[2023-09-23T22:41:16.424+0000] {processor.py:829} INFO - Processing file /home/airflow/.local/lib/python3.8/site-packages/airflow/example_dags/example_task_group.py for tasks to queue
[2023-09-23T22:41:16.426+0000] {logging_mixin.py:151} INFO - [2023-09-23T22:41:16.426+0000] {dagbag.py:539} INFO - Filling up the DagBag from /home/airflow/.local/lib/python3.8/site-packages/airflow/example_dags/example_task_group.py
[2023-09-23T22:41:16.432+0000] {processor.py:839} INFO - DAG(s) dict_keys(['example_task_group']) retrieved from /home/airflow/.local/lib/python3.8/site-packages/airflow/example_dags/example_task_group.py
[2023-09-23T22:41:16.453+0000] {logging_mixin.py:151} INFO - [2023-09-23T22:41:16.452+0000] {dag.py:2915} INFO - Sync 1 DAGs
[2023-09-23T22:41:16.473+0000] {logging_mixin.py:151} INFO - [2023-09-23T22:41:16.472+0000] {dag.py:3696} INFO - Setting next_dagrun for example_task_group to 2023-09-22T22:41:16.472775+00:00, run_after=2023-09-23T22:41:16.472775+00:00
[2023-09-23T22:41:16.795+0000] {processor.py:179} INFO - Processing /home/airflow/.local/lib/python3.8/site-packages/airflow/example_dags/example_task_group.py took 0.495 seconds
[2023-09-23T22:41:50.545+0000] {processor.py:157} INFO - Started process (PID=741) to work on /home/airflow/.local/lib/python3.8/site-packages/airflow/example_dags/example_task_group.py
[2023-09-23T22:41:50.670+0000] {processor.py:829} INFO - Processing file /home/airflow/.local/lib/python3.8/site-packages/airflow/example_dags/example_task_group.py for tasks to queue
[2023-09-23T22:41:50.672+0000] {logging_mixin.py:151} INFO - [2023-09-23T22:41:50.671+0000] {dagbag.py:539} INFO - Filling up the DagBag from /home/airflow/.local/lib/python3.8/site-packages/airflow/example_dags/example_task_group.py
[2023-09-23T22:41:50.677+0000] {processor.py:839} INFO - DAG(s) dict_keys(['example_task_group']) retrieved from /home/airflow/.local/lib/python3.8/site-packages/airflow/example_dags/example_task_group.py
[2023-09-23T22:41:50.696+0000] {logging_mixin.py:151} INFO - [2023-09-23T22:41:50.696+0000] {dag.py:2915} INFO - Sync 1 DAGs
[2023-09-23T22:41:50.713+0000] {logging_mixin.py:151} INFO - [2023-09-23T22:41:50.713+0000] {dag.py:3696} INFO - Setting next_dagrun for example_task_group to 2023-09-22T22:41:50.713255+00:00, run_after=2023-09-23T22:41:50.713255+00:00
[2023-09-23T22:41:50.891+0000] {processor.py:179} INFO - Processing /home/airflow/.local/lib/python3.8/site-packages/airflow/example_dags/example_task_group.py took 0.349 seconds
