[2023-09-23T03:47:55.694+0000] {processor.py:157} INFO - Started process (PID=53) to work on /home/airflow/.local/lib/python3.8/site-packages/airflow/example_dags/example_latest_only.py
[2023-09-23T03:47:55.694+0000] {processor.py:829} INFO - Processing file /home/airflow/.local/lib/python3.8/site-packages/airflow/example_dags/example_latest_only.py for tasks to queue
[2023-09-23T03:47:55.696+0000] {logging_mixin.py:151} INFO - [2023-09-23T03:47:55.696+0000] {dagbag.py:539} INFO - Filling up the DagBag from /home/airflow/.local/lib/python3.8/site-packages/airflow/example_dags/example_latest_only.py
[2023-09-23T03:47:55.702+0000] {processor.py:839} INFO - DAG(s) dict_keys(['latest_only']) retrieved from /home/airflow/.local/lib/python3.8/site-packages/airflow/example_dags/example_latest_only.py
[2023-09-23T03:47:55.719+0000] {logging_mixin.py:151} INFO - [2023-09-23T03:47:55.718+0000] {dag.py:2915} INFO - Sync 1 DAGs
[2023-09-23T03:47:55.737+0000] {logging_mixin.py:151} INFO - [2023-09-23T03:47:55.736+0000] {dag.py:3696} INFO - Setting next_dagrun for latest_only to 2023-09-22T23:47:55.736642+00:00, run_after=2023-09-23T03:47:55.736642+00:00
[2023-09-23T03:47:55.786+0000] {processor.py:179} INFO - Processing /home/airflow/.local/lib/python3.8/site-packages/airflow/example_dags/example_latest_only.py took 0.095 seconds
[2023-09-23T03:48:26.632+0000] {processor.py:157} INFO - Started process (PID=107) to work on /home/airflow/.local/lib/python3.8/site-packages/airflow/example_dags/example_latest_only.py
[2023-09-23T03:48:26.981+0000] {processor.py:829} INFO - Processing file /home/airflow/.local/lib/python3.8/site-packages/airflow/example_dags/example_latest_only.py for tasks to queue
[2023-09-23T03:48:26.983+0000] {logging_mixin.py:151} INFO - [2023-09-23T03:48:26.983+0000] {dagbag.py:539} INFO - Filling up the DagBag from /home/airflow/.local/lib/python3.8/site-packages/airflow/example_dags/example_latest_only.py
[2023-09-23T03:48:26.986+0000] {processor.py:839} INFO - DAG(s) dict_keys(['latest_only']) retrieved from /home/airflow/.local/lib/python3.8/site-packages/airflow/example_dags/example_latest_only.py
[2023-09-23T03:48:27.004+0000] {logging_mixin.py:151} INFO - [2023-09-23T03:48:27.003+0000] {dag.py:2915} INFO - Sync 1 DAGs
[2023-09-23T03:48:27.022+0000] {logging_mixin.py:151} INFO - [2023-09-23T03:48:27.022+0000] {dag.py:3696} INFO - Setting next_dagrun for latest_only to 2023-09-22T23:48:27.022102+00:00, run_after=2023-09-23T03:48:27.022102+00:00
[2023-09-23T03:48:27.071+0000] {processor.py:179} INFO - Processing /home/airflow/.local/lib/python3.8/site-packages/airflow/example_dags/example_latest_only.py took 0.442 seconds
[2023-09-23T03:48:59.698+0000] {processor.py:157} INFO - Started process (PID=162) to work on /home/airflow/.local/lib/python3.8/site-packages/airflow/example_dags/example_latest_only.py
[2023-09-23T03:48:59.725+0000] {processor.py:829} INFO - Processing file /home/airflow/.local/lib/python3.8/site-packages/airflow/example_dags/example_latest_only.py for tasks to queue
[2023-09-23T03:48:59.727+0000] {logging_mixin.py:151} INFO - [2023-09-23T03:48:59.727+0000] {dagbag.py:539} INFO - Filling up the DagBag from /home/airflow/.local/lib/python3.8/site-packages/airflow/example_dags/example_latest_only.py
[2023-09-23T03:48:59.731+0000] {processor.py:839} INFO - DAG(s) dict_keys(['latest_only']) retrieved from /home/airflow/.local/lib/python3.8/site-packages/airflow/example_dags/example_latest_only.py
[2023-09-23T03:48:59.753+0000] {logging_mixin.py:151} INFO - [2023-09-23T03:48:59.752+0000] {dag.py:2915} INFO - Sync 1 DAGs
[2023-09-23T03:48:59.785+0000] {logging_mixin.py:151} INFO - [2023-09-23T03:48:59.784+0000] {dag.py:3696} INFO - Setting next_dagrun for latest_only to 2023-09-22T23:48:59.784796+00:00, run_after=2023-09-23T03:48:59.784796+00:00
[2023-09-23T03:48:59.853+0000] {processor.py:179} INFO - Processing /home/airflow/.local/lib/python3.8/site-packages/airflow/example_dags/example_latest_only.py took 0.158 seconds
[2023-09-23T03:49:31.337+0000] {processor.py:157} INFO - Started process (PID=217) to work on /home/airflow/.local/lib/python3.8/site-packages/airflow/example_dags/example_latest_only.py
[2023-09-23T03:49:31.341+0000] {processor.py:829} INFO - Processing file /home/airflow/.local/lib/python3.8/site-packages/airflow/example_dags/example_latest_only.py for tasks to queue
[2023-09-23T03:49:31.343+0000] {logging_mixin.py:151} INFO - [2023-09-23T03:49:31.343+0000] {dagbag.py:539} INFO - Filling up the DagBag from /home/airflow/.local/lib/python3.8/site-packages/airflow/example_dags/example_latest_only.py
[2023-09-23T03:49:31.347+0000] {processor.py:839} INFO - DAG(s) dict_keys(['latest_only']) retrieved from /home/airflow/.local/lib/python3.8/site-packages/airflow/example_dags/example_latest_only.py
[2023-09-23T03:49:31.365+0000] {logging_mixin.py:151} INFO - [2023-09-23T03:49:31.365+0000] {dag.py:2915} INFO - Sync 1 DAGs
[2023-09-23T03:49:31.385+0000] {logging_mixin.py:151} INFO - [2023-09-23T03:49:31.385+0000] {dag.py:3696} INFO - Setting next_dagrun for latest_only to 2023-09-22T23:49:31.384929+00:00, run_after=2023-09-23T03:49:31.384929+00:00
[2023-09-23T03:49:31.547+0000] {processor.py:179} INFO - Processing /home/airflow/.local/lib/python3.8/site-packages/airflow/example_dags/example_latest_only.py took 0.212 seconds
[2023-09-23T03:50:03.155+0000] {processor.py:157} INFO - Started process (PID=272) to work on /home/airflow/.local/lib/python3.8/site-packages/airflow/example_dags/example_latest_only.py
[2023-09-23T03:50:03.161+0000] {processor.py:829} INFO - Processing file /home/airflow/.local/lib/python3.8/site-packages/airflow/example_dags/example_latest_only.py for tasks to queue
[2023-09-23T03:50:03.163+0000] {logging_mixin.py:151} INFO - [2023-09-23T03:50:03.162+0000] {dagbag.py:539} INFO - Filling up the DagBag from /home/airflow/.local/lib/python3.8/site-packages/airflow/example_dags/example_latest_only.py
[2023-09-23T03:50:03.166+0000] {processor.py:839} INFO - DAG(s) dict_keys(['latest_only']) retrieved from /home/airflow/.local/lib/python3.8/site-packages/airflow/example_dags/example_latest_only.py
[2023-09-23T03:50:03.184+0000] {logging_mixin.py:151} INFO - [2023-09-23T03:50:03.184+0000] {dag.py:2915} INFO - Sync 1 DAGs
[2023-09-23T03:50:03.203+0000] {logging_mixin.py:151} INFO - [2023-09-23T03:50:03.203+0000] {dag.py:3696} INFO - Setting next_dagrun for latest_only to 2023-09-22T23:50:03.203231+00:00, run_after=2023-09-23T03:50:03.203231+00:00
[2023-09-23T03:50:03.249+0000] {processor.py:179} INFO - Processing /home/airflow/.local/lib/python3.8/site-packages/airflow/example_dags/example_latest_only.py took 0.096 seconds
[2023-09-23T03:50:34.216+0000] {processor.py:157} INFO - Started process (PID=327) to work on /home/airflow/.local/lib/python3.8/site-packages/airflow/example_dags/example_latest_only.py
[2023-09-23T03:50:34.232+0000] {processor.py:829} INFO - Processing file /home/airflow/.local/lib/python3.8/site-packages/airflow/example_dags/example_latest_only.py for tasks to queue
[2023-09-23T03:50:34.234+0000] {logging_mixin.py:151} INFO - [2023-09-23T03:50:34.234+0000] {dagbag.py:539} INFO - Filling up the DagBag from /home/airflow/.local/lib/python3.8/site-packages/airflow/example_dags/example_latest_only.py
[2023-09-23T03:50:34.238+0000] {processor.py:839} INFO - DAG(s) dict_keys(['latest_only']) retrieved from /home/airflow/.local/lib/python3.8/site-packages/airflow/example_dags/example_latest_only.py
[2023-09-23T03:50:34.257+0000] {logging_mixin.py:151} INFO - [2023-09-23T03:50:34.257+0000] {dag.py:2915} INFO - Sync 1 DAGs
[2023-09-23T03:50:34.276+0000] {logging_mixin.py:151} INFO - [2023-09-23T03:50:34.276+0000] {dag.py:3696} INFO - Setting next_dagrun for latest_only to 2023-09-22T23:50:34.276117+00:00, run_after=2023-09-23T03:50:34.276117+00:00
[2023-09-23T03:50:34.318+0000] {processor.py:179} INFO - Processing /home/airflow/.local/lib/python3.8/site-packages/airflow/example_dags/example_latest_only.py took 0.106 seconds
[2023-09-23T03:51:05.006+0000] {processor.py:157} INFO - Started process (PID=382) to work on /home/airflow/.local/lib/python3.8/site-packages/airflow/example_dags/example_latest_only.py
[2023-09-23T03:51:05.018+0000] {processor.py:829} INFO - Processing file /home/airflow/.local/lib/python3.8/site-packages/airflow/example_dags/example_latest_only.py for tasks to queue
[2023-09-23T03:51:05.020+0000] {logging_mixin.py:151} INFO - [2023-09-23T03:51:05.020+0000] {dagbag.py:539} INFO - Filling up the DagBag from /home/airflow/.local/lib/python3.8/site-packages/airflow/example_dags/example_latest_only.py
[2023-09-23T03:51:05.024+0000] {processor.py:839} INFO - DAG(s) dict_keys(['latest_only']) retrieved from /home/airflow/.local/lib/python3.8/site-packages/airflow/example_dags/example_latest_only.py
[2023-09-23T03:51:05.041+0000] {logging_mixin.py:151} INFO - [2023-09-23T03:51:05.041+0000] {dag.py:2915} INFO - Sync 1 DAGs
[2023-09-23T03:51:05.060+0000] {logging_mixin.py:151} INFO - [2023-09-23T03:51:05.059+0000] {dag.py:3696} INFO - Setting next_dagrun for latest_only to 2023-09-22T23:51:05.059639+00:00, run_after=2023-09-23T03:51:05.059639+00:00
[2023-09-23T03:51:05.110+0000] {processor.py:179} INFO - Processing /home/airflow/.local/lib/python3.8/site-packages/airflow/example_dags/example_latest_only.py took 0.107 seconds
[2023-09-23T03:51:37.184+0000] {processor.py:157} INFO - Started process (PID=437) to work on /home/airflow/.local/lib/python3.8/site-packages/airflow/example_dags/example_latest_only.py
[2023-09-23T03:51:37.212+0000] {processor.py:829} INFO - Processing file /home/airflow/.local/lib/python3.8/site-packages/airflow/example_dags/example_latest_only.py for tasks to queue
[2023-09-23T03:51:37.214+0000] {logging_mixin.py:151} INFO - [2023-09-23T03:51:37.213+0000] {dagbag.py:539} INFO - Filling up the DagBag from /home/airflow/.local/lib/python3.8/site-packages/airflow/example_dags/example_latest_only.py
[2023-09-23T03:51:37.217+0000] {processor.py:839} INFO - DAG(s) dict_keys(['latest_only']) retrieved from /home/airflow/.local/lib/python3.8/site-packages/airflow/example_dags/example_latest_only.py
[2023-09-23T03:51:37.234+0000] {logging_mixin.py:151} INFO - [2023-09-23T03:51:37.233+0000] {dag.py:2915} INFO - Sync 1 DAGs
[2023-09-23T03:51:37.252+0000] {logging_mixin.py:151} INFO - [2023-09-23T03:51:37.252+0000] {dag.py:3696} INFO - Setting next_dagrun for latest_only to 2023-09-22T23:51:37.252032+00:00, run_after=2023-09-23T03:51:37.252032+00:00
[2023-09-23T03:51:37.305+0000] {processor.py:179} INFO - Processing /home/airflow/.local/lib/python3.8/site-packages/airflow/example_dags/example_latest_only.py took 0.123 seconds
[2023-09-23T03:52:11.362+0000] {processor.py:157} INFO - Started process (PID=492) to work on /home/airflow/.local/lib/python3.8/site-packages/airflow/example_dags/example_latest_only.py
[2023-09-23T03:52:11.978+0000] {processor.py:829} INFO - Processing file /home/airflow/.local/lib/python3.8/site-packages/airflow/example_dags/example_latest_only.py for tasks to queue
[2023-09-23T03:52:11.980+0000] {logging_mixin.py:151} INFO - [2023-09-23T03:52:11.979+0000] {dagbag.py:539} INFO - Filling up the DagBag from /home/airflow/.local/lib/python3.8/site-packages/airflow/example_dags/example_latest_only.py
[2023-09-23T03:52:11.983+0000] {processor.py:839} INFO - DAG(s) dict_keys(['latest_only']) retrieved from /home/airflow/.local/lib/python3.8/site-packages/airflow/example_dags/example_latest_only.py
[2023-09-23T03:52:12.001+0000] {logging_mixin.py:151} INFO - [2023-09-23T03:52:12.001+0000] {dag.py:2915} INFO - Sync 1 DAGs
[2023-09-23T03:52:12.020+0000] {logging_mixin.py:151} INFO - [2023-09-23T03:52:12.019+0000] {dag.py:3696} INFO - Setting next_dagrun for latest_only to 2023-09-22T23:52:12.019691+00:00, run_after=2023-09-23T03:52:12.019691+00:00
[2023-09-23T03:52:12.349+0000] {processor.py:179} INFO - Processing /home/airflow/.local/lib/python3.8/site-packages/airflow/example_dags/example_latest_only.py took 0.989 seconds
[2023-09-23T03:52:42.959+0000] {processor.py:157} INFO - Started process (PID=547) to work on /home/airflow/.local/lib/python3.8/site-packages/airflow/example_dags/example_latest_only.py
[2023-09-23T03:52:42.967+0000] {processor.py:829} INFO - Processing file /home/airflow/.local/lib/python3.8/site-packages/airflow/example_dags/example_latest_only.py for tasks to queue
[2023-09-23T03:52:42.969+0000] {logging_mixin.py:151} INFO - [2023-09-23T03:52:42.969+0000] {dagbag.py:539} INFO - Filling up the DagBag from /home/airflow/.local/lib/python3.8/site-packages/airflow/example_dags/example_latest_only.py
[2023-09-23T03:52:42.972+0000] {processor.py:839} INFO - DAG(s) dict_keys(['latest_only']) retrieved from /home/airflow/.local/lib/python3.8/site-packages/airflow/example_dags/example_latest_only.py
[2023-09-23T03:52:42.989+0000] {logging_mixin.py:151} INFO - [2023-09-23T03:52:42.989+0000] {dag.py:2915} INFO - Sync 1 DAGs
[2023-09-23T03:52:43.007+0000] {logging_mixin.py:151} INFO - [2023-09-23T03:52:43.007+0000] {dag.py:3696} INFO - Setting next_dagrun for latest_only to 2023-09-22T23:52:43.007369+00:00, run_after=2023-09-23T03:52:43.007369+00:00
[2023-09-23T03:52:43.051+0000] {processor.py:179} INFO - Processing /home/airflow/.local/lib/python3.8/site-packages/airflow/example_dags/example_latest_only.py took 0.095 seconds
[2023-09-23T03:53:14.673+0000] {processor.py:157} INFO - Started process (PID=602) to work on /home/airflow/.local/lib/python3.8/site-packages/airflow/example_dags/example_latest_only.py
[2023-09-23T03:53:14.710+0000] {processor.py:829} INFO - Processing file /home/airflow/.local/lib/python3.8/site-packages/airflow/example_dags/example_latest_only.py for tasks to queue
[2023-09-23T03:53:14.711+0000] {logging_mixin.py:151} INFO - [2023-09-23T03:53:14.711+0000] {dagbag.py:539} INFO - Filling up the DagBag from /home/airflow/.local/lib/python3.8/site-packages/airflow/example_dags/example_latest_only.py
[2023-09-23T03:53:14.715+0000] {processor.py:839} INFO - DAG(s) dict_keys(['latest_only']) retrieved from /home/airflow/.local/lib/python3.8/site-packages/airflow/example_dags/example_latest_only.py
[2023-09-23T03:53:14.733+0000] {logging_mixin.py:151} INFO - [2023-09-23T03:53:14.733+0000] {dag.py:2915} INFO - Sync 1 DAGs
[2023-09-23T03:53:14.751+0000] {logging_mixin.py:151} INFO - [2023-09-23T03:53:14.750+0000] {dag.py:3696} INFO - Setting next_dagrun for latest_only to 2023-09-22T23:53:14.750576+00:00, run_after=2023-09-23T03:53:14.750576+00:00
[2023-09-23T03:53:14.883+0000] {processor.py:179} INFO - Processing /home/airflow/.local/lib/python3.8/site-packages/airflow/example_dags/example_latest_only.py took 0.213 seconds
[2023-09-23T03:53:45.725+0000] {processor.py:157} INFO - Started process (PID=657) to work on /home/airflow/.local/lib/python3.8/site-packages/airflow/example_dags/example_latest_only.py
[2023-09-23T03:53:46.076+0000] {processor.py:829} INFO - Processing file /home/airflow/.local/lib/python3.8/site-packages/airflow/example_dags/example_latest_only.py for tasks to queue
[2023-09-23T03:53:46.078+0000] {logging_mixin.py:151} INFO - [2023-09-23T03:53:46.077+0000] {dagbag.py:539} INFO - Filling up the DagBag from /home/airflow/.local/lib/python3.8/site-packages/airflow/example_dags/example_latest_only.py
[2023-09-23T03:53:46.081+0000] {processor.py:839} INFO - DAG(s) dict_keys(['latest_only']) retrieved from /home/airflow/.local/lib/python3.8/site-packages/airflow/example_dags/example_latest_only.py
[2023-09-23T03:53:46.099+0000] {logging_mixin.py:151} INFO - [2023-09-23T03:53:46.098+0000] {dag.py:2915} INFO - Sync 1 DAGs
[2023-09-23T03:53:46.117+0000] {logging_mixin.py:151} INFO - [2023-09-23T03:53:46.117+0000] {dag.py:3696} INFO - Setting next_dagrun for latest_only to 2023-09-22T23:53:46.116855+00:00, run_after=2023-09-23T03:53:46.116855+00:00
[2023-09-23T03:53:46.200+0000] {processor.py:179} INFO - Processing /home/airflow/.local/lib/python3.8/site-packages/airflow/example_dags/example_latest_only.py took 0.478 seconds
[2023-09-23T03:54:16.296+0000] {processor.py:157} INFO - Started process (PID=712) to work on /home/airflow/.local/lib/python3.8/site-packages/airflow/example_dags/example_latest_only.py
[2023-09-23T03:54:16.297+0000] {processor.py:829} INFO - Processing file /home/airflow/.local/lib/python3.8/site-packages/airflow/example_dags/example_latest_only.py for tasks to queue
[2023-09-23T03:54:16.298+0000] {logging_mixin.py:151} INFO - [2023-09-23T03:54:16.298+0000] {dagbag.py:539} INFO - Filling up the DagBag from /home/airflow/.local/lib/python3.8/site-packages/airflow/example_dags/example_latest_only.py
[2023-09-23T03:54:16.303+0000] {processor.py:839} INFO - DAG(s) dict_keys(['latest_only']) retrieved from /home/airflow/.local/lib/python3.8/site-packages/airflow/example_dags/example_latest_only.py
[2023-09-23T03:54:16.321+0000] {logging_mixin.py:151} INFO - [2023-09-23T03:54:16.321+0000] {dag.py:2915} INFO - Sync 1 DAGs
[2023-09-23T03:54:16.341+0000] {logging_mixin.py:151} INFO - [2023-09-23T03:54:16.340+0000] {dag.py:3696} INFO - Setting next_dagrun for latest_only to 2023-09-22T23:54:16.340723+00:00, run_after=2023-09-23T03:54:16.340723+00:00
[2023-09-23T03:54:16.397+0000] {processor.py:179} INFO - Processing /home/airflow/.local/lib/python3.8/site-packages/airflow/example_dags/example_latest_only.py took 0.104 seconds
[2023-09-23T03:54:47.910+0000] {processor.py:157} INFO - Started process (PID=767) to work on /home/airflow/.local/lib/python3.8/site-packages/airflow/example_dags/example_latest_only.py
[2023-09-23T03:54:47.913+0000] {processor.py:829} INFO - Processing file /home/airflow/.local/lib/python3.8/site-packages/airflow/example_dags/example_latest_only.py for tasks to queue
[2023-09-23T03:54:47.915+0000] {logging_mixin.py:151} INFO - [2023-09-23T03:54:47.915+0000] {dagbag.py:539} INFO - Filling up the DagBag from /home/airflow/.local/lib/python3.8/site-packages/airflow/example_dags/example_latest_only.py
[2023-09-23T03:54:47.919+0000] {processor.py:839} INFO - DAG(s) dict_keys(['latest_only']) retrieved from /home/airflow/.local/lib/python3.8/site-packages/airflow/example_dags/example_latest_only.py
[2023-09-23T03:54:47.938+0000] {logging_mixin.py:151} INFO - [2023-09-23T03:54:47.938+0000] {dag.py:2915} INFO - Sync 1 DAGs
[2023-09-23T03:54:47.957+0000] {logging_mixin.py:151} INFO - [2023-09-23T03:54:47.957+0000] {dag.py:3696} INFO - Setting next_dagrun for latest_only to 2023-09-22T23:54:47.956996+00:00, run_after=2023-09-23T03:54:47.956996+00:00
[2023-09-23T03:54:48.007+0000] {processor.py:179} INFO - Processing /home/airflow/.local/lib/python3.8/site-packages/airflow/example_dags/example_latest_only.py took 0.100 seconds
[2023-09-23T03:55:19.954+0000] {processor.py:157} INFO - Started process (PID=822) to work on /home/airflow/.local/lib/python3.8/site-packages/airflow/example_dags/example_latest_only.py
[2023-09-23T03:55:19.962+0000] {processor.py:829} INFO - Processing file /home/airflow/.local/lib/python3.8/site-packages/airflow/example_dags/example_latest_only.py for tasks to queue
[2023-09-23T03:55:19.964+0000] {logging_mixin.py:151} INFO - [2023-09-23T03:55:19.963+0000] {dagbag.py:539} INFO - Filling up the DagBag from /home/airflow/.local/lib/python3.8/site-packages/airflow/example_dags/example_latest_only.py
[2023-09-23T03:55:19.967+0000] {processor.py:839} INFO - DAG(s) dict_keys(['latest_only']) retrieved from /home/airflow/.local/lib/python3.8/site-packages/airflow/example_dags/example_latest_only.py
[2023-09-23T03:55:19.984+0000] {logging_mixin.py:151} INFO - [2023-09-23T03:55:19.984+0000] {dag.py:2915} INFO - Sync 1 DAGs
[2023-09-23T03:55:20.001+0000] {logging_mixin.py:151} INFO - [2023-09-23T03:55:20.001+0000] {dag.py:3696} INFO - Setting next_dagrun for latest_only to 2023-09-22T23:55:20.001084+00:00, run_after=2023-09-23T03:55:20.001084+00:00
[2023-09-23T03:55:20.046+0000] {processor.py:179} INFO - Processing /home/airflow/.local/lib/python3.8/site-packages/airflow/example_dags/example_latest_only.py took 0.094 seconds
[2023-09-23T03:55:51.139+0000] {processor.py:157} INFO - Started process (PID=877) to work on /home/airflow/.local/lib/python3.8/site-packages/airflow/example_dags/example_latest_only.py
[2023-09-23T03:55:51.174+0000] {processor.py:829} INFO - Processing file /home/airflow/.local/lib/python3.8/site-packages/airflow/example_dags/example_latest_only.py for tasks to queue
[2023-09-23T03:55:51.175+0000] {logging_mixin.py:151} INFO - [2023-09-23T03:55:51.175+0000] {dagbag.py:539} INFO - Filling up the DagBag from /home/airflow/.local/lib/python3.8/site-packages/airflow/example_dags/example_latest_only.py
[2023-09-23T03:55:51.179+0000] {processor.py:839} INFO - DAG(s) dict_keys(['latest_only']) retrieved from /home/airflow/.local/lib/python3.8/site-packages/airflow/example_dags/example_latest_only.py
[2023-09-23T03:55:51.197+0000] {logging_mixin.py:151} INFO - [2023-09-23T03:55:51.197+0000] {dag.py:2915} INFO - Sync 1 DAGs
[2023-09-23T03:55:51.216+0000] {logging_mixin.py:151} INFO - [2023-09-23T03:55:51.216+0000] {dag.py:3696} INFO - Setting next_dagrun for latest_only to 2023-09-22T23:55:51.216238+00:00, run_after=2023-09-23T03:55:51.216238+00:00
[2023-09-23T03:55:51.287+0000] {processor.py:179} INFO - Processing /home/airflow/.local/lib/python3.8/site-packages/airflow/example_dags/example_latest_only.py took 0.151 seconds
[2023-09-23T03:56:21.707+0000] {processor.py:157} INFO - Started process (PID=932) to work on /home/airflow/.local/lib/python3.8/site-packages/airflow/example_dags/example_latest_only.py
[2023-09-23T03:56:21.748+0000] {processor.py:829} INFO - Processing file /home/airflow/.local/lib/python3.8/site-packages/airflow/example_dags/example_latest_only.py for tasks to queue
[2023-09-23T03:56:21.752+0000] {logging_mixin.py:151} INFO - [2023-09-23T03:56:21.751+0000] {dagbag.py:539} INFO - Filling up the DagBag from /home/airflow/.local/lib/python3.8/site-packages/airflow/example_dags/example_latest_only.py
[2023-09-23T03:56:21.759+0000] {processor.py:839} INFO - DAG(s) dict_keys(['latest_only']) retrieved from /home/airflow/.local/lib/python3.8/site-packages/airflow/example_dags/example_latest_only.py
[2023-09-23T03:56:21.772+0000] {logging_mixin.py:151} INFO - [2023-09-23T03:56:21.772+0000] {dag.py:2915} INFO - Sync 1 DAGs
[2023-09-23T03:56:21.790+0000] {logging_mixin.py:151} INFO - [2023-09-23T03:56:21.790+0000] {dag.py:3696} INFO - Setting next_dagrun for latest_only to 2023-09-22T23:56:21.789949+00:00, run_after=2023-09-23T03:56:21.789949+00:00
[2023-09-23T03:56:21.848+0000] {processor.py:179} INFO - Processing /home/airflow/.local/lib/python3.8/site-packages/airflow/example_dags/example_latest_only.py took 0.143 seconds
[2023-09-23T03:56:52.016+0000] {processor.py:157} INFO - Started process (PID=987) to work on /home/airflow/.local/lib/python3.8/site-packages/airflow/example_dags/example_latest_only.py
[2023-09-23T03:56:52.853+0000] {processor.py:829} INFO - Processing file /home/airflow/.local/lib/python3.8/site-packages/airflow/example_dags/example_latest_only.py for tasks to queue
[2023-09-23T03:56:52.856+0000] {logging_mixin.py:151} INFO - [2023-09-23T03:56:52.856+0000] {dagbag.py:539} INFO - Filling up the DagBag from /home/airflow/.local/lib/python3.8/site-packages/airflow/example_dags/example_latest_only.py
[2023-09-23T03:56:52.865+0000] {processor.py:839} INFO - DAG(s) dict_keys(['latest_only']) retrieved from /home/airflow/.local/lib/python3.8/site-packages/airflow/example_dags/example_latest_only.py
[2023-09-23T03:56:52.889+0000] {logging_mixin.py:151} INFO - [2023-09-23T03:56:52.888+0000] {dag.py:2915} INFO - Sync 1 DAGs
[2023-09-23T03:56:52.910+0000] {logging_mixin.py:151} INFO - [2023-09-23T03:56:52.909+0000] {dag.py:3696} INFO - Setting next_dagrun for latest_only to 2023-09-22T23:56:52.909788+00:00, run_after=2023-09-23T03:56:52.909788+00:00
[2023-09-23T03:56:53.288+0000] {processor.py:179} INFO - Processing /home/airflow/.local/lib/python3.8/site-packages/airflow/example_dags/example_latest_only.py took 1.275 seconds
[2023-09-23T03:57:23.435+0000] {processor.py:157} INFO - Started process (PID=1042) to work on /home/airflow/.local/lib/python3.8/site-packages/airflow/example_dags/example_latest_only.py
[2023-09-23T03:57:25.212+0000] {processor.py:829} INFO - Processing file /home/airflow/.local/lib/python3.8/site-packages/airflow/example_dags/example_latest_only.py for tasks to queue
[2023-09-23T03:57:25.214+0000] {logging_mixin.py:151} INFO - [2023-09-23T03:57:25.214+0000] {dagbag.py:539} INFO - Filling up the DagBag from /home/airflow/.local/lib/python3.8/site-packages/airflow/example_dags/example_latest_only.py
[2023-09-23T03:57:25.217+0000] {processor.py:839} INFO - DAG(s) dict_keys(['latest_only']) retrieved from /home/airflow/.local/lib/python3.8/site-packages/airflow/example_dags/example_latest_only.py
[2023-09-23T03:57:25.234+0000] {logging_mixin.py:151} INFO - [2023-09-23T03:57:25.234+0000] {dag.py:2915} INFO - Sync 1 DAGs
[2023-09-23T03:57:25.251+0000] {logging_mixin.py:151} INFO - [2023-09-23T03:57:25.251+0000] {dag.py:3696} INFO - Setting next_dagrun for latest_only to 2023-09-22T23:57:25.251422+00:00, run_after=2023-09-23T03:57:25.251422+00:00
[2023-09-23T03:57:25.376+0000] {processor.py:179} INFO - Processing /home/airflow/.local/lib/python3.8/site-packages/airflow/example_dags/example_latest_only.py took 1.943 seconds
[2023-09-23T04:04:45.860+0000] {processor.py:157} INFO - Started process (PID=61) to work on /home/airflow/.local/lib/python3.8/site-packages/airflow/example_dags/example_latest_only.py
[2023-09-23T04:04:45.867+0000] {processor.py:829} INFO - Processing file /home/airflow/.local/lib/python3.8/site-packages/airflow/example_dags/example_latest_only.py for tasks to queue
[2023-09-23T04:04:45.869+0000] {logging_mixin.py:151} INFO - [2023-09-23T04:04:45.869+0000] {dagbag.py:539} INFO - Filling up the DagBag from /home/airflow/.local/lib/python3.8/site-packages/airflow/example_dags/example_latest_only.py
[2023-09-23T04:04:45.876+0000] {processor.py:839} INFO - DAG(s) dict_keys(['latest_only']) retrieved from /home/airflow/.local/lib/python3.8/site-packages/airflow/example_dags/example_latest_only.py
[2023-09-23T04:04:45.896+0000] {logging_mixin.py:151} INFO - [2023-09-23T04:04:45.896+0000] {dag.py:2915} INFO - Sync 1 DAGs
[2023-09-23T04:04:45.917+0000] {logging_mixin.py:151} INFO - [2023-09-23T04:04:45.916+0000] {dag.py:3696} INFO - Setting next_dagrun for latest_only to 2023-09-23T00:04:45.916696+00:00, run_after=2023-09-23T04:04:45.916696+00:00
[2023-09-23T04:04:45.975+0000] {processor.py:179} INFO - Processing /home/airflow/.local/lib/python3.8/site-packages/airflow/example_dags/example_latest_only.py took 0.118 seconds
[2023-09-23T04:05:20.165+0000] {processor.py:157} INFO - Started process (PID=117) to work on /home/airflow/.local/lib/python3.8/site-packages/airflow/example_dags/example_latest_only.py
[2023-09-23T04:05:20.174+0000] {processor.py:829} INFO - Processing file /home/airflow/.local/lib/python3.8/site-packages/airflow/example_dags/example_latest_only.py for tasks to queue
[2023-09-23T04:05:20.176+0000] {logging_mixin.py:151} INFO - [2023-09-23T04:05:20.176+0000] {dagbag.py:539} INFO - Filling up the DagBag from /home/airflow/.local/lib/python3.8/site-packages/airflow/example_dags/example_latest_only.py
[2023-09-23T04:05:20.180+0000] {processor.py:839} INFO - DAG(s) dict_keys(['latest_only']) retrieved from /home/airflow/.local/lib/python3.8/site-packages/airflow/example_dags/example_latest_only.py
[2023-09-23T04:05:20.198+0000] {logging_mixin.py:151} INFO - [2023-09-23T04:05:20.197+0000] {dag.py:2915} INFO - Sync 1 DAGs
[2023-09-23T04:05:20.215+0000] {logging_mixin.py:151} INFO - [2023-09-23T04:05:20.215+0000] {dag.py:3696} INFO - Setting next_dagrun for latest_only to 2023-09-23T00:05:20.215385+00:00, run_after=2023-09-23T04:05:20.215385+00:00
[2023-09-23T04:05:20.258+0000] {processor.py:179} INFO - Processing /home/airflow/.local/lib/python3.8/site-packages/airflow/example_dags/example_latest_only.py took 0.096 seconds
[2023-09-23T04:05:52.399+0000] {processor.py:157} INFO - Started process (PID=172) to work on /home/airflow/.local/lib/python3.8/site-packages/airflow/example_dags/example_latest_only.py
[2023-09-23T04:05:52.415+0000] {processor.py:829} INFO - Processing file /home/airflow/.local/lib/python3.8/site-packages/airflow/example_dags/example_latest_only.py for tasks to queue
[2023-09-23T04:05:52.417+0000] {logging_mixin.py:151} INFO - [2023-09-23T04:05:52.416+0000] {dagbag.py:539} INFO - Filling up the DagBag from /home/airflow/.local/lib/python3.8/site-packages/airflow/example_dags/example_latest_only.py
[2023-09-23T04:05:52.420+0000] {processor.py:839} INFO - DAG(s) dict_keys(['latest_only']) retrieved from /home/airflow/.local/lib/python3.8/site-packages/airflow/example_dags/example_latest_only.py
[2023-09-23T04:05:52.438+0000] {logging_mixin.py:151} INFO - [2023-09-23T04:05:52.437+0000] {dag.py:2915} INFO - Sync 1 DAGs
[2023-09-23T04:05:52.455+0000] {logging_mixin.py:151} INFO - [2023-09-23T04:05:52.455+0000] {dag.py:3696} INFO - Setting next_dagrun for latest_only to 2023-09-23T00:05:52.455176+00:00, run_after=2023-09-23T04:05:52.455176+00:00
[2023-09-23T04:05:52.498+0000] {processor.py:179} INFO - Processing /home/airflow/.local/lib/python3.8/site-packages/airflow/example_dags/example_latest_only.py took 0.102 seconds
[2023-09-23T04:06:23.298+0000] {processor.py:157} INFO - Started process (PID=227) to work on /home/airflow/.local/lib/python3.8/site-packages/airflow/example_dags/example_latest_only.py
[2023-09-23T04:06:23.322+0000] {processor.py:829} INFO - Processing file /home/airflow/.local/lib/python3.8/site-packages/airflow/example_dags/example_latest_only.py for tasks to queue
[2023-09-23T04:06:23.324+0000] {logging_mixin.py:151} INFO - [2023-09-23T04:06:23.323+0000] {dagbag.py:539} INFO - Filling up the DagBag from /home/airflow/.local/lib/python3.8/site-packages/airflow/example_dags/example_latest_only.py
[2023-09-23T04:06:23.328+0000] {processor.py:839} INFO - DAG(s) dict_keys(['latest_only']) retrieved from /home/airflow/.local/lib/python3.8/site-packages/airflow/example_dags/example_latest_only.py
[2023-09-23T04:06:23.346+0000] {logging_mixin.py:151} INFO - [2023-09-23T04:06:23.346+0000] {dag.py:2915} INFO - Sync 1 DAGs
[2023-09-23T04:06:23.366+0000] {logging_mixin.py:151} INFO - [2023-09-23T04:06:23.366+0000] {dag.py:3696} INFO - Setting next_dagrun for latest_only to 2023-09-23T00:06:23.366149+00:00, run_after=2023-09-23T04:06:23.366149+00:00
[2023-09-23T04:06:23.410+0000] {processor.py:179} INFO - Processing /home/airflow/.local/lib/python3.8/site-packages/airflow/example_dags/example_latest_only.py took 0.115 seconds
[2023-09-23T04:06:53.788+0000] {processor.py:157} INFO - Started process (PID=282) to work on /home/airflow/.local/lib/python3.8/site-packages/airflow/example_dags/example_latest_only.py
[2023-09-23T04:06:53.798+0000] {processor.py:829} INFO - Processing file /home/airflow/.local/lib/python3.8/site-packages/airflow/example_dags/example_latest_only.py for tasks to queue
[2023-09-23T04:06:53.800+0000] {logging_mixin.py:151} INFO - [2023-09-23T04:06:53.800+0000] {dagbag.py:539} INFO - Filling up the DagBag from /home/airflow/.local/lib/python3.8/site-packages/airflow/example_dags/example_latest_only.py
[2023-09-23T04:06:53.804+0000] {processor.py:839} INFO - DAG(s) dict_keys(['latest_only']) retrieved from /home/airflow/.local/lib/python3.8/site-packages/airflow/example_dags/example_latest_only.py
[2023-09-23T04:06:53.821+0000] {logging_mixin.py:151} INFO - [2023-09-23T04:06:53.821+0000] {dag.py:2915} INFO - Sync 1 DAGs
[2023-09-23T04:06:53.838+0000] {logging_mixin.py:151} INFO - [2023-09-23T04:06:53.838+0000] {dag.py:3696} INFO - Setting next_dagrun for latest_only to 2023-09-23T00:06:53.838277+00:00, run_after=2023-09-23T04:06:53.838277+00:00
[2023-09-23T04:06:53.892+0000] {processor.py:179} INFO - Processing /home/airflow/.local/lib/python3.8/site-packages/airflow/example_dags/example_latest_only.py took 0.106 seconds
[2023-09-23T04:07:24.747+0000] {processor.py:157} INFO - Started process (PID=337) to work on /home/airflow/.local/lib/python3.8/site-packages/airflow/example_dags/example_latest_only.py
[2023-09-23T04:07:24.757+0000] {processor.py:829} INFO - Processing file /home/airflow/.local/lib/python3.8/site-packages/airflow/example_dags/example_latest_only.py for tasks to queue
[2023-09-23T04:07:24.759+0000] {logging_mixin.py:151} INFO - [2023-09-23T04:07:24.759+0000] {dagbag.py:539} INFO - Filling up the DagBag from /home/airflow/.local/lib/python3.8/site-packages/airflow/example_dags/example_latest_only.py
[2023-09-23T04:07:24.763+0000] {processor.py:839} INFO - DAG(s) dict_keys(['latest_only']) retrieved from /home/airflow/.local/lib/python3.8/site-packages/airflow/example_dags/example_latest_only.py
[2023-09-23T04:07:24.780+0000] {logging_mixin.py:151} INFO - [2023-09-23T04:07:24.780+0000] {dag.py:2915} INFO - Sync 1 DAGs
[2023-09-23T04:07:24.798+0000] {logging_mixin.py:151} INFO - [2023-09-23T04:07:24.798+0000] {dag.py:3696} INFO - Setting next_dagrun for latest_only to 2023-09-23T00:07:24.797974+00:00, run_after=2023-09-23T04:07:24.797974+00:00
[2023-09-23T04:07:24.841+0000] {processor.py:179} INFO - Processing /home/airflow/.local/lib/python3.8/site-packages/airflow/example_dags/example_latest_only.py took 0.096 seconds
[2023-09-23T04:07:57.235+0000] {processor.py:157} INFO - Started process (PID=392) to work on /home/airflow/.local/lib/python3.8/site-packages/airflow/example_dags/example_latest_only.py
[2023-09-23T04:07:57.249+0000] {processor.py:829} INFO - Processing file /home/airflow/.local/lib/python3.8/site-packages/airflow/example_dags/example_latest_only.py for tasks to queue
[2023-09-23T04:07:57.251+0000] {logging_mixin.py:151} INFO - [2023-09-23T04:07:57.251+0000] {dagbag.py:539} INFO - Filling up the DagBag from /home/airflow/.local/lib/python3.8/site-packages/airflow/example_dags/example_latest_only.py
[2023-09-23T04:07:57.255+0000] {processor.py:839} INFO - DAG(s) dict_keys(['latest_only']) retrieved from /home/airflow/.local/lib/python3.8/site-packages/airflow/example_dags/example_latest_only.py
[2023-09-23T04:07:57.275+0000] {logging_mixin.py:151} INFO - [2023-09-23T04:07:57.274+0000] {dag.py:2915} INFO - Sync 1 DAGs
[2023-09-23T04:07:57.294+0000] {logging_mixin.py:151} INFO - [2023-09-23T04:07:57.294+0000] {dag.py:3696} INFO - Setting next_dagrun for latest_only to 2023-09-23T00:07:57.293866+00:00, run_after=2023-09-23T04:07:57.293866+00:00
[2023-09-23T04:07:57.370+0000] {processor.py:179} INFO - Processing /home/airflow/.local/lib/python3.8/site-packages/airflow/example_dags/example_latest_only.py took 0.138 seconds
[2023-09-23T04:08:27.923+0000] {processor.py:157} INFO - Started process (PID=447) to work on /home/airflow/.local/lib/python3.8/site-packages/airflow/example_dags/example_latest_only.py
[2023-09-23T04:08:27.934+0000] {processor.py:829} INFO - Processing file /home/airflow/.local/lib/python3.8/site-packages/airflow/example_dags/example_latest_only.py for tasks to queue
[2023-09-23T04:08:27.936+0000] {logging_mixin.py:151} INFO - [2023-09-23T04:08:27.935+0000] {dagbag.py:539} INFO - Filling up the DagBag from /home/airflow/.local/lib/python3.8/site-packages/airflow/example_dags/example_latest_only.py
[2023-09-23T04:08:27.940+0000] {processor.py:839} INFO - DAG(s) dict_keys(['latest_only']) retrieved from /home/airflow/.local/lib/python3.8/site-packages/airflow/example_dags/example_latest_only.py
[2023-09-23T04:08:27.957+0000] {logging_mixin.py:151} INFO - [2023-09-23T04:08:27.957+0000] {dag.py:2915} INFO - Sync 1 DAGs
[2023-09-23T04:08:27.975+0000] {logging_mixin.py:151} INFO - [2023-09-23T04:08:27.975+0000] {dag.py:3696} INFO - Setting next_dagrun for latest_only to 2023-09-23T00:08:27.974891+00:00, run_after=2023-09-23T04:08:27.974891+00:00
[2023-09-23T04:08:28.017+0000] {processor.py:179} INFO - Processing /home/airflow/.local/lib/python3.8/site-packages/airflow/example_dags/example_latest_only.py took 0.096 seconds
[2023-09-23T04:09:00.006+0000] {processor.py:157} INFO - Started process (PID=502) to work on /home/airflow/.local/lib/python3.8/site-packages/airflow/example_dags/example_latest_only.py
[2023-09-23T04:09:00.032+0000] {processor.py:829} INFO - Processing file /home/airflow/.local/lib/python3.8/site-packages/airflow/example_dags/example_latest_only.py for tasks to queue
[2023-09-23T04:09:00.034+0000] {logging_mixin.py:151} INFO - [2023-09-23T04:09:00.034+0000] {dagbag.py:539} INFO - Filling up the DagBag from /home/airflow/.local/lib/python3.8/site-packages/airflow/example_dags/example_latest_only.py
[2023-09-23T04:09:00.038+0000] {processor.py:839} INFO - DAG(s) dict_keys(['latest_only']) retrieved from /home/airflow/.local/lib/python3.8/site-packages/airflow/example_dags/example_latest_only.py
[2023-09-23T04:09:00.055+0000] {logging_mixin.py:151} INFO - [2023-09-23T04:09:00.055+0000] {dag.py:2915} INFO - Sync 1 DAGs
[2023-09-23T04:09:00.073+0000] {logging_mixin.py:151} INFO - [2023-09-23T04:09:00.073+0000] {dag.py:3696} INFO - Setting next_dagrun for latest_only to 2023-09-23T00:09:00.073047+00:00, run_after=2023-09-23T04:09:00.073047+00:00
[2023-09-23T04:09:00.175+0000] {processor.py:179} INFO - Processing /home/airflow/.local/lib/python3.8/site-packages/airflow/example_dags/example_latest_only.py took 0.171 seconds
[2023-09-23T04:09:31.132+0000] {processor.py:157} INFO - Started process (PID=557) to work on /home/airflow/.local/lib/python3.8/site-packages/airflow/example_dags/example_latest_only.py
[2023-09-23T04:09:31.158+0000] {processor.py:829} INFO - Processing file /home/airflow/.local/lib/python3.8/site-packages/airflow/example_dags/example_latest_only.py for tasks to queue
[2023-09-23T04:09:31.160+0000] {logging_mixin.py:151} INFO - [2023-09-23T04:09:31.160+0000] {dagbag.py:539} INFO - Filling up the DagBag from /home/airflow/.local/lib/python3.8/site-packages/airflow/example_dags/example_latest_only.py
[2023-09-23T04:09:31.164+0000] {processor.py:839} INFO - DAG(s) dict_keys(['latest_only']) retrieved from /home/airflow/.local/lib/python3.8/site-packages/airflow/example_dags/example_latest_only.py
[2023-09-23T04:09:31.183+0000] {logging_mixin.py:151} INFO - [2023-09-23T04:09:31.182+0000] {dag.py:2915} INFO - Sync 1 DAGs
[2023-09-23T04:09:31.200+0000] {logging_mixin.py:151} INFO - [2023-09-23T04:09:31.200+0000] {dag.py:3696} INFO - Setting next_dagrun for latest_only to 2023-09-23T00:09:31.200477+00:00, run_after=2023-09-23T04:09:31.200477+00:00
[2023-09-23T04:09:31.248+0000] {processor.py:179} INFO - Processing /home/airflow/.local/lib/python3.8/site-packages/airflow/example_dags/example_latest_only.py took 0.119 seconds
[2023-09-23T04:10:02.122+0000] {processor.py:157} INFO - Started process (PID=612) to work on /home/airflow/.local/lib/python3.8/site-packages/airflow/example_dags/example_latest_only.py
[2023-09-23T04:10:02.124+0000] {processor.py:829} INFO - Processing file /home/airflow/.local/lib/python3.8/site-packages/airflow/example_dags/example_latest_only.py for tasks to queue
[2023-09-23T04:10:02.126+0000] {logging_mixin.py:151} INFO - [2023-09-23T04:10:02.125+0000] {dagbag.py:539} INFO - Filling up the DagBag from /home/airflow/.local/lib/python3.8/site-packages/airflow/example_dags/example_latest_only.py
[2023-09-23T04:10:02.130+0000] {processor.py:839} INFO - DAG(s) dict_keys(['latest_only']) retrieved from /home/airflow/.local/lib/python3.8/site-packages/airflow/example_dags/example_latest_only.py
[2023-09-23T04:10:02.148+0000] {logging_mixin.py:151} INFO - [2023-09-23T04:10:02.148+0000] {dag.py:2915} INFO - Sync 1 DAGs
[2023-09-23T04:10:02.166+0000] {logging_mixin.py:151} INFO - [2023-09-23T04:10:02.165+0000] {dag.py:3696} INFO - Setting next_dagrun for latest_only to 2023-09-23T00:10:02.165739+00:00, run_after=2023-09-23T04:10:02.165739+00:00
[2023-09-23T04:10:02.226+0000] {processor.py:179} INFO - Processing /home/airflow/.local/lib/python3.8/site-packages/airflow/example_dags/example_latest_only.py took 0.106 seconds
[2023-09-23T04:10:33.416+0000] {processor.py:157} INFO - Started process (PID=667) to work on /home/airflow/.local/lib/python3.8/site-packages/airflow/example_dags/example_latest_only.py
[2023-09-23T04:10:33.418+0000] {processor.py:829} INFO - Processing file /home/airflow/.local/lib/python3.8/site-packages/airflow/example_dags/example_latest_only.py for tasks to queue
[2023-09-23T04:10:33.420+0000] {logging_mixin.py:151} INFO - [2023-09-23T04:10:33.420+0000] {dagbag.py:539} INFO - Filling up the DagBag from /home/airflow/.local/lib/python3.8/site-packages/airflow/example_dags/example_latest_only.py
[2023-09-23T04:10:33.425+0000] {processor.py:839} INFO - DAG(s) dict_keys(['latest_only']) retrieved from /home/airflow/.local/lib/python3.8/site-packages/airflow/example_dags/example_latest_only.py
[2023-09-23T04:10:33.445+0000] {logging_mixin.py:151} INFO - [2023-09-23T04:10:33.445+0000] {dag.py:2915} INFO - Sync 1 DAGs
[2023-09-23T04:10:33.463+0000] {logging_mixin.py:151} INFO - [2023-09-23T04:10:33.463+0000] {dag.py:3696} INFO - Setting next_dagrun for latest_only to 2023-09-23T00:10:33.463113+00:00, run_after=2023-09-23T04:10:33.463113+00:00
[2023-09-23T04:10:33.511+0000] {processor.py:179} INFO - Processing /home/airflow/.local/lib/python3.8/site-packages/airflow/example_dags/example_latest_only.py took 0.098 seconds
[2023-09-23T04:11:03.731+0000] {processor.py:157} INFO - Started process (PID=722) to work on /home/airflow/.local/lib/python3.8/site-packages/airflow/example_dags/example_latest_only.py
[2023-09-23T04:11:03.733+0000] {processor.py:829} INFO - Processing file /home/airflow/.local/lib/python3.8/site-packages/airflow/example_dags/example_latest_only.py for tasks to queue
[2023-09-23T04:11:03.734+0000] {logging_mixin.py:151} INFO - [2023-09-23T04:11:03.734+0000] {dagbag.py:539} INFO - Filling up the DagBag from /home/airflow/.local/lib/python3.8/site-packages/airflow/example_dags/example_latest_only.py
[2023-09-23T04:11:03.738+0000] {processor.py:839} INFO - DAG(s) dict_keys(['latest_only']) retrieved from /home/airflow/.local/lib/python3.8/site-packages/airflow/example_dags/example_latest_only.py
[2023-09-23T04:11:03.756+0000] {logging_mixin.py:151} INFO - [2023-09-23T04:11:03.756+0000] {dag.py:2915} INFO - Sync 1 DAGs
[2023-09-23T04:11:03.774+0000] {logging_mixin.py:151} INFO - [2023-09-23T04:11:03.773+0000] {dag.py:3696} INFO - Setting next_dagrun for latest_only to 2023-09-23T00:11:03.773769+00:00, run_after=2023-09-23T04:11:03.773769+00:00
[2023-09-23T04:11:03.825+0000] {processor.py:179} INFO - Processing /home/airflow/.local/lib/python3.8/site-packages/airflow/example_dags/example_latest_only.py took 0.096 seconds
[2023-09-23T04:11:34.534+0000] {processor.py:157} INFO - Started process (PID=777) to work on /home/airflow/.local/lib/python3.8/site-packages/airflow/example_dags/example_latest_only.py
[2023-09-23T04:11:34.535+0000] {processor.py:829} INFO - Processing file /home/airflow/.local/lib/python3.8/site-packages/airflow/example_dags/example_latest_only.py for tasks to queue
[2023-09-23T04:11:34.537+0000] {logging_mixin.py:151} INFO - [2023-09-23T04:11:34.537+0000] {dagbag.py:539} INFO - Filling up the DagBag from /home/airflow/.local/lib/python3.8/site-packages/airflow/example_dags/example_latest_only.py
[2023-09-23T04:11:34.541+0000] {processor.py:839} INFO - DAG(s) dict_keys(['latest_only']) retrieved from /home/airflow/.local/lib/python3.8/site-packages/airflow/example_dags/example_latest_only.py
[2023-09-23T04:11:34.559+0000] {logging_mixin.py:151} INFO - [2023-09-23T04:11:34.558+0000] {dag.py:2915} INFO - Sync 1 DAGs
[2023-09-23T04:11:34.576+0000] {logging_mixin.py:151} INFO - [2023-09-23T04:11:34.576+0000] {dag.py:3696} INFO - Setting next_dagrun for latest_only to 2023-09-23T00:11:34.576255+00:00, run_after=2023-09-23T04:11:34.576255+00:00
[2023-09-23T04:11:34.627+0000] {processor.py:179} INFO - Processing /home/airflow/.local/lib/python3.8/site-packages/airflow/example_dags/example_latest_only.py took 0.095 seconds
[2023-09-23T04:12:04.729+0000] {processor.py:157} INFO - Started process (PID=832) to work on /home/airflow/.local/lib/python3.8/site-packages/airflow/example_dags/example_latest_only.py
[2023-09-23T04:12:04.731+0000] {processor.py:829} INFO - Processing file /home/airflow/.local/lib/python3.8/site-packages/airflow/example_dags/example_latest_only.py for tasks to queue
[2023-09-23T04:12:04.733+0000] {logging_mixin.py:151} INFO - [2023-09-23T04:12:04.732+0000] {dagbag.py:539} INFO - Filling up the DagBag from /home/airflow/.local/lib/python3.8/site-packages/airflow/example_dags/example_latest_only.py
[2023-09-23T04:12:04.736+0000] {processor.py:839} INFO - DAG(s) dict_keys(['latest_only']) retrieved from /home/airflow/.local/lib/python3.8/site-packages/airflow/example_dags/example_latest_only.py
[2023-09-23T04:12:04.754+0000] {logging_mixin.py:151} INFO - [2023-09-23T04:12:04.754+0000] {dag.py:2915} INFO - Sync 1 DAGs
[2023-09-23T04:12:04.771+0000] {logging_mixin.py:151} INFO - [2023-09-23T04:12:04.771+0000] {dag.py:3696} INFO - Setting next_dagrun for latest_only to 2023-09-23T00:12:04.770950+00:00, run_after=2023-09-23T04:12:04.770950+00:00
[2023-09-23T04:12:04.822+0000] {processor.py:179} INFO - Processing /home/airflow/.local/lib/python3.8/site-packages/airflow/example_dags/example_latest_only.py took 0.095 seconds
[2023-09-23T04:12:36.062+0000] {processor.py:157} INFO - Started process (PID=887) to work on /home/airflow/.local/lib/python3.8/site-packages/airflow/example_dags/example_latest_only.py
[2023-09-23T04:12:36.068+0000] {processor.py:829} INFO - Processing file /home/airflow/.local/lib/python3.8/site-packages/airflow/example_dags/example_latest_only.py for tasks to queue
[2023-09-23T04:12:36.070+0000] {logging_mixin.py:151} INFO - [2023-09-23T04:12:36.070+0000] {dagbag.py:539} INFO - Filling up the DagBag from /home/airflow/.local/lib/python3.8/site-packages/airflow/example_dags/example_latest_only.py
[2023-09-23T04:12:36.074+0000] {processor.py:839} INFO - DAG(s) dict_keys(['latest_only']) retrieved from /home/airflow/.local/lib/python3.8/site-packages/airflow/example_dags/example_latest_only.py
[2023-09-23T04:12:36.091+0000] {logging_mixin.py:151} INFO - [2023-09-23T04:12:36.091+0000] {dag.py:2915} INFO - Sync 1 DAGs
[2023-09-23T04:12:36.109+0000] {logging_mixin.py:151} INFO - [2023-09-23T04:12:36.109+0000] {dag.py:3696} INFO - Setting next_dagrun for latest_only to 2023-09-23T00:12:36.109531+00:00, run_after=2023-09-23T04:12:36.109531+00:00
[2023-09-23T04:12:36.157+0000] {processor.py:179} INFO - Processing /home/airflow/.local/lib/python3.8/site-packages/airflow/example_dags/example_latest_only.py took 0.097 seconds
[2023-09-23T04:13:06.610+0000] {processor.py:157} INFO - Started process (PID=942) to work on /home/airflow/.local/lib/python3.8/site-packages/airflow/example_dags/example_latest_only.py
[2023-09-23T04:13:06.626+0000] {processor.py:829} INFO - Processing file /home/airflow/.local/lib/python3.8/site-packages/airflow/example_dags/example_latest_only.py for tasks to queue
[2023-09-23T04:13:06.628+0000] {logging_mixin.py:151} INFO - [2023-09-23T04:13:06.628+0000] {dagbag.py:539} INFO - Filling up the DagBag from /home/airflow/.local/lib/python3.8/site-packages/airflow/example_dags/example_latest_only.py
[2023-09-23T04:13:06.632+0000] {processor.py:839} INFO - DAG(s) dict_keys(['latest_only']) retrieved from /home/airflow/.local/lib/python3.8/site-packages/airflow/example_dags/example_latest_only.py
[2023-09-23T04:13:06.650+0000] {logging_mixin.py:151} INFO - [2023-09-23T04:13:06.650+0000] {dag.py:2915} INFO - Sync 1 DAGs
[2023-09-23T04:13:06.668+0000] {logging_mixin.py:151} INFO - [2023-09-23T04:13:06.668+0000] {dag.py:3696} INFO - Setting next_dagrun for latest_only to 2023-09-23T00:13:06.668456+00:00, run_after=2023-09-23T04:13:06.668456+00:00
[2023-09-23T04:13:06.715+0000] {processor.py:179} INFO - Processing /home/airflow/.local/lib/python3.8/site-packages/airflow/example_dags/example_latest_only.py took 0.108 seconds
[2023-09-23T04:13:38.341+0000] {processor.py:157} INFO - Started process (PID=997) to work on /home/airflow/.local/lib/python3.8/site-packages/airflow/example_dags/example_latest_only.py
[2023-09-23T04:13:38.343+0000] {processor.py:829} INFO - Processing file /home/airflow/.local/lib/python3.8/site-packages/airflow/example_dags/example_latest_only.py for tasks to queue
[2023-09-23T04:13:38.345+0000] {logging_mixin.py:151} INFO - [2023-09-23T04:13:38.344+0000] {dagbag.py:539} INFO - Filling up the DagBag from /home/airflow/.local/lib/python3.8/site-packages/airflow/example_dags/example_latest_only.py
[2023-09-23T04:13:38.348+0000] {processor.py:839} INFO - DAG(s) dict_keys(['latest_only']) retrieved from /home/airflow/.local/lib/python3.8/site-packages/airflow/example_dags/example_latest_only.py
[2023-09-23T04:13:38.366+0000] {logging_mixin.py:151} INFO - [2023-09-23T04:13:38.366+0000] {dag.py:2915} INFO - Sync 1 DAGs
[2023-09-23T04:13:38.384+0000] {logging_mixin.py:151} INFO - [2023-09-23T04:13:38.384+0000] {dag.py:3696} INFO - Setting next_dagrun for latest_only to 2023-09-23T00:13:38.384331+00:00, run_after=2023-09-23T04:13:38.384331+00:00
[2023-09-23T04:13:38.434+0000] {processor.py:179} INFO - Processing /home/airflow/.local/lib/python3.8/site-packages/airflow/example_dags/example_latest_only.py took 0.096 seconds
[2023-09-23T04:14:09.655+0000] {processor.py:157} INFO - Started process (PID=1052) to work on /home/airflow/.local/lib/python3.8/site-packages/airflow/example_dags/example_latest_only.py
[2023-09-23T04:14:09.656+0000] {processor.py:829} INFO - Processing file /home/airflow/.local/lib/python3.8/site-packages/airflow/example_dags/example_latest_only.py for tasks to queue
[2023-09-23T04:14:09.658+0000] {logging_mixin.py:151} INFO - [2023-09-23T04:14:09.658+0000] {dagbag.py:539} INFO - Filling up the DagBag from /home/airflow/.local/lib/python3.8/site-packages/airflow/example_dags/example_latest_only.py
[2023-09-23T04:14:09.662+0000] {processor.py:839} INFO - DAG(s) dict_keys(['latest_only']) retrieved from /home/airflow/.local/lib/python3.8/site-packages/airflow/example_dags/example_latest_only.py
[2023-09-23T04:14:09.679+0000] {logging_mixin.py:151} INFO - [2023-09-23T04:14:09.679+0000] {dag.py:2915} INFO - Sync 1 DAGs
[2023-09-23T04:14:09.696+0000] {logging_mixin.py:151} INFO - [2023-09-23T04:14:09.696+0000] {dag.py:3696} INFO - Setting next_dagrun for latest_only to 2023-09-23T00:14:09.696321+00:00, run_after=2023-09-23T04:14:09.696321+00:00
[2023-09-23T04:14:09.747+0000] {processor.py:179} INFO - Processing /home/airflow/.local/lib/python3.8/site-packages/airflow/example_dags/example_latest_only.py took 0.095 seconds
[2023-09-23T04:14:41.048+0000] {processor.py:157} INFO - Started process (PID=1107) to work on /home/airflow/.local/lib/python3.8/site-packages/airflow/example_dags/example_latest_only.py
[2023-09-23T04:14:41.050+0000] {processor.py:829} INFO - Processing file /home/airflow/.local/lib/python3.8/site-packages/airflow/example_dags/example_latest_only.py for tasks to queue
[2023-09-23T04:14:41.052+0000] {logging_mixin.py:151} INFO - [2023-09-23T04:14:41.052+0000] {dagbag.py:539} INFO - Filling up the DagBag from /home/airflow/.local/lib/python3.8/site-packages/airflow/example_dags/example_latest_only.py
[2023-09-23T04:14:41.055+0000] {processor.py:839} INFO - DAG(s) dict_keys(['latest_only']) retrieved from /home/airflow/.local/lib/python3.8/site-packages/airflow/example_dags/example_latest_only.py
[2023-09-23T04:14:41.073+0000] {logging_mixin.py:151} INFO - [2023-09-23T04:14:41.073+0000] {dag.py:2915} INFO - Sync 1 DAGs
[2023-09-23T04:14:41.090+0000] {logging_mixin.py:151} INFO - [2023-09-23T04:14:41.090+0000] {dag.py:3696} INFO - Setting next_dagrun for latest_only to 2023-09-23T00:14:41.090416+00:00, run_after=2023-09-23T04:14:41.090416+00:00
[2023-09-23T04:14:41.141+0000] {processor.py:179} INFO - Processing /home/airflow/.local/lib/python3.8/site-packages/airflow/example_dags/example_latest_only.py took 0.096 seconds
[2023-09-23T04:15:13.421+0000] {processor.py:157} INFO - Started process (PID=1162) to work on /home/airflow/.local/lib/python3.8/site-packages/airflow/example_dags/example_latest_only.py
[2023-09-23T04:15:13.423+0000] {processor.py:829} INFO - Processing file /home/airflow/.local/lib/python3.8/site-packages/airflow/example_dags/example_latest_only.py for tasks to queue
[2023-09-23T04:15:13.424+0000] {logging_mixin.py:151} INFO - [2023-09-23T04:15:13.424+0000] {dagbag.py:539} INFO - Filling up the DagBag from /home/airflow/.local/lib/python3.8/site-packages/airflow/example_dags/example_latest_only.py
[2023-09-23T04:15:13.428+0000] {processor.py:839} INFO - DAG(s) dict_keys(['latest_only']) retrieved from /home/airflow/.local/lib/python3.8/site-packages/airflow/example_dags/example_latest_only.py
[2023-09-23T04:15:13.445+0000] {logging_mixin.py:151} INFO - [2023-09-23T04:15:13.444+0000] {dag.py:2915} INFO - Sync 1 DAGs
[2023-09-23T04:15:13.461+0000] {logging_mixin.py:151} INFO - [2023-09-23T04:15:13.461+0000] {dag.py:3696} INFO - Setting next_dagrun for latest_only to 2023-09-23T00:15:13.461465+00:00, run_after=2023-09-23T04:15:13.461465+00:00
[2023-09-23T04:15:13.504+0000] {processor.py:179} INFO - Processing /home/airflow/.local/lib/python3.8/site-packages/airflow/example_dags/example_latest_only.py took 0.085 seconds
[2023-09-23T04:15:43.970+0000] {processor.py:157} INFO - Started process (PID=1217) to work on /home/airflow/.local/lib/python3.8/site-packages/airflow/example_dags/example_latest_only.py
[2023-09-23T04:15:43.980+0000] {processor.py:829} INFO - Processing file /home/airflow/.local/lib/python3.8/site-packages/airflow/example_dags/example_latest_only.py for tasks to queue
[2023-09-23T04:15:43.982+0000] {logging_mixin.py:151} INFO - [2023-09-23T04:15:43.981+0000] {dagbag.py:539} INFO - Filling up the DagBag from /home/airflow/.local/lib/python3.8/site-packages/airflow/example_dags/example_latest_only.py
[2023-09-23T04:15:43.985+0000] {processor.py:839} INFO - DAG(s) dict_keys(['latest_only']) retrieved from /home/airflow/.local/lib/python3.8/site-packages/airflow/example_dags/example_latest_only.py
[2023-09-23T04:15:44.002+0000] {logging_mixin.py:151} INFO - [2023-09-23T04:15:44.002+0000] {dag.py:2915} INFO - Sync 1 DAGs
[2023-09-23T04:15:44.019+0000] {logging_mixin.py:151} INFO - [2023-09-23T04:15:44.019+0000] {dag.py:3696} INFO - Setting next_dagrun for latest_only to 2023-09-23T00:15:44.019011+00:00, run_after=2023-09-23T04:15:44.019011+00:00
[2023-09-23T04:15:44.074+0000] {processor.py:179} INFO - Processing /home/airflow/.local/lib/python3.8/site-packages/airflow/example_dags/example_latest_only.py took 0.106 seconds
[2023-09-23T04:16:15.717+0000] {processor.py:157} INFO - Started process (PID=1272) to work on /home/airflow/.local/lib/python3.8/site-packages/airflow/example_dags/example_latest_only.py
[2023-09-23T04:16:15.752+0000] {processor.py:829} INFO - Processing file /home/airflow/.local/lib/python3.8/site-packages/airflow/example_dags/example_latest_only.py for tasks to queue
[2023-09-23T04:16:15.755+0000] {logging_mixin.py:151} INFO - [2023-09-23T04:16:15.754+0000] {dagbag.py:539} INFO - Filling up the DagBag from /home/airflow/.local/lib/python3.8/site-packages/airflow/example_dags/example_latest_only.py
[2023-09-23T04:16:15.760+0000] {processor.py:839} INFO - DAG(s) dict_keys(['latest_only']) retrieved from /home/airflow/.local/lib/python3.8/site-packages/airflow/example_dags/example_latest_only.py
[2023-09-23T04:16:15.779+0000] {logging_mixin.py:151} INFO - [2023-09-23T04:16:15.779+0000] {dag.py:2915} INFO - Sync 1 DAGs
[2023-09-23T04:16:15.800+0000] {logging_mixin.py:151} INFO - [2023-09-23T04:16:15.800+0000] {dag.py:3696} INFO - Setting next_dagrun for latest_only to 2023-09-23T00:16:15.799918+00:00, run_after=2023-09-23T04:16:15.799918+00:00
[2023-09-23T04:16:15.850+0000] {processor.py:179} INFO - Processing /home/airflow/.local/lib/python3.8/site-packages/airflow/example_dags/example_latest_only.py took 0.135 seconds
[2023-09-23T04:16:46.652+0000] {processor.py:157} INFO - Started process (PID=1327) to work on /home/airflow/.local/lib/python3.8/site-packages/airflow/example_dags/example_latest_only.py
[2023-09-23T04:16:46.662+0000] {processor.py:829} INFO - Processing file /home/airflow/.local/lib/python3.8/site-packages/airflow/example_dags/example_latest_only.py for tasks to queue
[2023-09-23T04:16:46.664+0000] {logging_mixin.py:151} INFO - [2023-09-23T04:16:46.664+0000] {dagbag.py:539} INFO - Filling up the DagBag from /home/airflow/.local/lib/python3.8/site-packages/airflow/example_dags/example_latest_only.py
[2023-09-23T04:16:46.667+0000] {processor.py:839} INFO - DAG(s) dict_keys(['latest_only']) retrieved from /home/airflow/.local/lib/python3.8/site-packages/airflow/example_dags/example_latest_only.py
[2023-09-23T04:16:46.685+0000] {logging_mixin.py:151} INFO - [2023-09-23T04:16:46.684+0000] {dag.py:2915} INFO - Sync 1 DAGs
[2023-09-23T04:16:46.703+0000] {logging_mixin.py:151} INFO - [2023-09-23T04:16:46.702+0000] {dag.py:3696} INFO - Setting next_dagrun for latest_only to 2023-09-23T00:16:46.702756+00:00, run_after=2023-09-23T04:16:46.702756+00:00
[2023-09-23T04:16:46.818+0000] {processor.py:179} INFO - Processing /home/airflow/.local/lib/python3.8/site-packages/airflow/example_dags/example_latest_only.py took 0.169 seconds
[2023-09-23T04:17:17.428+0000] {processor.py:157} INFO - Started process (PID=1382) to work on /home/airflow/.local/lib/python3.8/site-packages/airflow/example_dags/example_latest_only.py
[2023-09-23T04:17:17.429+0000] {processor.py:829} INFO - Processing file /home/airflow/.local/lib/python3.8/site-packages/airflow/example_dags/example_latest_only.py for tasks to queue
[2023-09-23T04:17:17.432+0000] {logging_mixin.py:151} INFO - [2023-09-23T04:17:17.431+0000] {dagbag.py:539} INFO - Filling up the DagBag from /home/airflow/.local/lib/python3.8/site-packages/airflow/example_dags/example_latest_only.py
[2023-09-23T04:17:17.436+0000] {processor.py:839} INFO - DAG(s) dict_keys(['latest_only']) retrieved from /home/airflow/.local/lib/python3.8/site-packages/airflow/example_dags/example_latest_only.py
[2023-09-23T04:17:17.454+0000] {logging_mixin.py:151} INFO - [2023-09-23T04:17:17.454+0000] {dag.py:2915} INFO - Sync 1 DAGs
[2023-09-23T04:17:17.473+0000] {logging_mixin.py:151} INFO - [2023-09-23T04:17:17.472+0000] {dag.py:3696} INFO - Setting next_dagrun for latest_only to 2023-09-23T00:17:17.472762+00:00, run_after=2023-09-23T04:17:17.472762+00:00
[2023-09-23T04:17:17.522+0000] {processor.py:179} INFO - Processing /home/airflow/.local/lib/python3.8/site-packages/airflow/example_dags/example_latest_only.py took 0.098 seconds
[2023-09-23T04:17:48.853+0000] {processor.py:157} INFO - Started process (PID=1437) to work on /home/airflow/.local/lib/python3.8/site-packages/airflow/example_dags/example_latest_only.py
[2023-09-23T04:17:48.854+0000] {processor.py:829} INFO - Processing file /home/airflow/.local/lib/python3.8/site-packages/airflow/example_dags/example_latest_only.py for tasks to queue
[2023-09-23T04:17:48.856+0000] {logging_mixin.py:151} INFO - [2023-09-23T04:17:48.856+0000] {dagbag.py:539} INFO - Filling up the DagBag from /home/airflow/.local/lib/python3.8/site-packages/airflow/example_dags/example_latest_only.py
[2023-09-23T04:17:48.860+0000] {processor.py:839} INFO - DAG(s) dict_keys(['latest_only']) retrieved from /home/airflow/.local/lib/python3.8/site-packages/airflow/example_dags/example_latest_only.py
[2023-09-23T04:17:48.870+0000] {logging_mixin.py:151} INFO - [2023-09-23T04:17:48.870+0000] {dag.py:2915} INFO - Sync 1 DAGs
[2023-09-23T04:17:48.888+0000] {logging_mixin.py:151} INFO - [2023-09-23T04:17:48.888+0000] {dag.py:3696} INFO - Setting next_dagrun for latest_only to 2023-09-23T00:17:48.887904+00:00, run_after=2023-09-23T04:17:48.887904+00:00
[2023-09-23T04:17:48.997+0000] {processor.py:179} INFO - Processing /home/airflow/.local/lib/python3.8/site-packages/airflow/example_dags/example_latest_only.py took 0.146 seconds
[2023-09-23T04:18:20.581+0000] {processor.py:157} INFO - Started process (PID=1492) to work on /home/airflow/.local/lib/python3.8/site-packages/airflow/example_dags/example_latest_only.py
[2023-09-23T04:18:20.597+0000] {processor.py:829} INFO - Processing file /home/airflow/.local/lib/python3.8/site-packages/airflow/example_dags/example_latest_only.py for tasks to queue
[2023-09-23T04:18:20.598+0000] {logging_mixin.py:151} INFO - [2023-09-23T04:18:20.598+0000] {dagbag.py:539} INFO - Filling up the DagBag from /home/airflow/.local/lib/python3.8/site-packages/airflow/example_dags/example_latest_only.py
[2023-09-23T04:18:20.602+0000] {processor.py:839} INFO - DAG(s) dict_keys(['latest_only']) retrieved from /home/airflow/.local/lib/python3.8/site-packages/airflow/example_dags/example_latest_only.py
[2023-09-23T04:18:20.624+0000] {logging_mixin.py:151} INFO - [2023-09-23T04:18:20.623+0000] {dag.py:2915} INFO - Sync 1 DAGs
[2023-09-23T04:18:20.645+0000] {logging_mixin.py:151} INFO - [2023-09-23T04:18:20.644+0000] {dag.py:3696} INFO - Setting next_dagrun for latest_only to 2023-09-23T00:18:20.644672+00:00, run_after=2023-09-23T04:18:20.644672+00:00
[2023-09-23T04:18:20.699+0000] {processor.py:179} INFO - Processing /home/airflow/.local/lib/python3.8/site-packages/airflow/example_dags/example_latest_only.py took 0.121 seconds
[2023-09-23T04:18:54.732+0000] {processor.py:157} INFO - Started process (PID=1547) to work on /home/airflow/.local/lib/python3.8/site-packages/airflow/example_dags/example_latest_only.py
[2023-09-23T04:18:54.792+0000] {processor.py:829} INFO - Processing file /home/airflow/.local/lib/python3.8/site-packages/airflow/example_dags/example_latest_only.py for tasks to queue
[2023-09-23T04:18:54.794+0000] {logging_mixin.py:151} INFO - [2023-09-23T04:18:54.794+0000] {dagbag.py:539} INFO - Filling up the DagBag from /home/airflow/.local/lib/python3.8/site-packages/airflow/example_dags/example_latest_only.py
[2023-09-23T04:18:54.798+0000] {processor.py:839} INFO - DAG(s) dict_keys(['latest_only']) retrieved from /home/airflow/.local/lib/python3.8/site-packages/airflow/example_dags/example_latest_only.py
[2023-09-23T04:18:54.819+0000] {logging_mixin.py:151} INFO - [2023-09-23T04:18:54.819+0000] {dag.py:2915} INFO - Sync 1 DAGs
[2023-09-23T04:18:54.837+0000] {logging_mixin.py:151} INFO - [2023-09-23T04:18:54.837+0000] {dag.py:3696} INFO - Setting next_dagrun for latest_only to 2023-09-23T00:18:54.837098+00:00, run_after=2023-09-23T04:18:54.837098+00:00
[2023-09-23T04:18:55.508+0000] {processor.py:179} INFO - Processing /home/airflow/.local/lib/python3.8/site-packages/airflow/example_dags/example_latest_only.py took 0.778 seconds
[2023-09-23T04:19:26.691+0000] {processor.py:157} INFO - Started process (PID=1602) to work on /home/airflow/.local/lib/python3.8/site-packages/airflow/example_dags/example_latest_only.py
[2023-09-23T04:19:26.732+0000] {processor.py:829} INFO - Processing file /home/airflow/.local/lib/python3.8/site-packages/airflow/example_dags/example_latest_only.py for tasks to queue
[2023-09-23T04:19:26.734+0000] {logging_mixin.py:151} INFO - [2023-09-23T04:19:26.734+0000] {dagbag.py:539} INFO - Filling up the DagBag from /home/airflow/.local/lib/python3.8/site-packages/airflow/example_dags/example_latest_only.py
[2023-09-23T04:19:26.738+0000] {processor.py:839} INFO - DAG(s) dict_keys(['latest_only']) retrieved from /home/airflow/.local/lib/python3.8/site-packages/airflow/example_dags/example_latest_only.py
[2023-09-23T04:19:26.758+0000] {logging_mixin.py:151} INFO - [2023-09-23T04:19:26.758+0000] {dag.py:2915} INFO - Sync 1 DAGs
[2023-09-23T04:19:26.779+0000] {logging_mixin.py:151} INFO - [2023-09-23T04:19:26.778+0000] {dag.py:3696} INFO - Setting next_dagrun for latest_only to 2023-09-23T00:19:26.778684+00:00, run_after=2023-09-23T04:19:26.778684+00:00
[2023-09-23T04:19:26.860+0000] {processor.py:179} INFO - Processing /home/airflow/.local/lib/python3.8/site-packages/airflow/example_dags/example_latest_only.py took 0.171 seconds
[2023-09-23T04:24:07.762+0000] {processor.py:157} INFO - Started process (PID=53) to work on /home/airflow/.local/lib/python3.8/site-packages/airflow/example_dags/example_latest_only.py
[2023-09-23T04:24:07.793+0000] {processor.py:829} INFO - Processing file /home/airflow/.local/lib/python3.8/site-packages/airflow/example_dags/example_latest_only.py for tasks to queue
[2023-09-23T04:24:07.795+0000] {logging_mixin.py:151} INFO - [2023-09-23T04:24:07.795+0000] {dagbag.py:539} INFO - Filling up the DagBag from /home/airflow/.local/lib/python3.8/site-packages/airflow/example_dags/example_latest_only.py
[2023-09-23T04:24:07.803+0000] {processor.py:839} INFO - DAG(s) dict_keys(['latest_only']) retrieved from /home/airflow/.local/lib/python3.8/site-packages/airflow/example_dags/example_latest_only.py
[2023-09-23T04:24:07.823+0000] {logging_mixin.py:151} INFO - [2023-09-23T04:24:07.822+0000] {dag.py:2915} INFO - Sync 1 DAGs
[2023-09-23T04:24:07.844+0000] {logging_mixin.py:151} INFO - [2023-09-23T04:24:07.843+0000] {dag.py:3696} INFO - Setting next_dagrun for latest_only to 2023-09-23T00:24:07.843684+00:00, run_after=2023-09-23T04:24:07.843684+00:00
[2023-09-23T04:24:07.897+0000] {processor.py:179} INFO - Processing /home/airflow/.local/lib/python3.8/site-packages/airflow/example_dags/example_latest_only.py took 0.138 seconds
[2023-09-23T04:24:57.158+0000] {processor.py:157} INFO - Started process (PID=116) to work on /home/airflow/.local/lib/python3.8/site-packages/airflow/example_dags/example_latest_only.py
[2023-09-23T04:24:57.163+0000] {processor.py:829} INFO - Processing file /home/airflow/.local/lib/python3.8/site-packages/airflow/example_dags/example_latest_only.py for tasks to queue
[2023-09-23T04:24:57.165+0000] {logging_mixin.py:151} INFO - [2023-09-23T04:24:57.165+0000] {dagbag.py:539} INFO - Filling up the DagBag from /home/airflow/.local/lib/python3.8/site-packages/airflow/example_dags/example_latest_only.py
[2023-09-23T04:24:57.169+0000] {processor.py:839} INFO - DAG(s) dict_keys(['latest_only']) retrieved from /home/airflow/.local/lib/python3.8/site-packages/airflow/example_dags/example_latest_only.py
[2023-09-23T04:24:57.187+0000] {logging_mixin.py:151} INFO - [2023-09-23T04:24:57.187+0000] {dag.py:2915} INFO - Sync 1 DAGs
[2023-09-23T04:24:57.205+0000] {logging_mixin.py:151} INFO - [2023-09-23T04:24:57.205+0000] {dag.py:3696} INFO - Setting next_dagrun for latest_only to 2023-09-23T00:24:57.205090+00:00, run_after=2023-09-23T04:24:57.205090+00:00
[2023-09-23T04:24:57.253+0000] {processor.py:179} INFO - Processing /home/airflow/.local/lib/python3.8/site-packages/airflow/example_dags/example_latest_only.py took 0.097 seconds
[2023-09-23T04:25:28.094+0000] {processor.py:157} INFO - Started process (PID=171) to work on /home/airflow/.local/lib/python3.8/site-packages/airflow/example_dags/example_latest_only.py
[2023-09-23T04:25:28.096+0000] {processor.py:829} INFO - Processing file /home/airflow/.local/lib/python3.8/site-packages/airflow/example_dags/example_latest_only.py for tasks to queue
[2023-09-23T04:25:28.098+0000] {logging_mixin.py:151} INFO - [2023-09-23T04:25:28.098+0000] {dagbag.py:539} INFO - Filling up the DagBag from /home/airflow/.local/lib/python3.8/site-packages/airflow/example_dags/example_latest_only.py
[2023-09-23T04:25:28.102+0000] {processor.py:839} INFO - DAG(s) dict_keys(['latest_only']) retrieved from /home/airflow/.local/lib/python3.8/site-packages/airflow/example_dags/example_latest_only.py
[2023-09-23T04:25:28.121+0000] {logging_mixin.py:151} INFO - [2023-09-23T04:25:28.121+0000] {dag.py:2915} INFO - Sync 1 DAGs
[2023-09-23T04:25:28.141+0000] {logging_mixin.py:151} INFO - [2023-09-23T04:25:28.141+0000] {dag.py:3696} INFO - Setting next_dagrun for latest_only to 2023-09-23T00:25:28.141021+00:00, run_after=2023-09-23T04:25:28.141021+00:00
[2023-09-23T04:25:28.220+0000] {processor.py:179} INFO - Processing /home/airflow/.local/lib/python3.8/site-packages/airflow/example_dags/example_latest_only.py took 0.128 seconds
[2023-09-23T04:26:01.743+0000] {processor.py:157} INFO - Started process (PID=226) to work on /home/airflow/.local/lib/python3.8/site-packages/airflow/example_dags/example_latest_only.py
[2023-09-23T04:26:02.210+0000] {processor.py:829} INFO - Processing file /home/airflow/.local/lib/python3.8/site-packages/airflow/example_dags/example_latest_only.py for tasks to queue
[2023-09-23T04:26:02.216+0000] {logging_mixin.py:151} INFO - [2023-09-23T04:26:02.215+0000] {dagbag.py:539} INFO - Filling up the DagBag from /home/airflow/.local/lib/python3.8/site-packages/airflow/example_dags/example_latest_only.py
[2023-09-23T04:26:02.226+0000] {processor.py:839} INFO - DAG(s) dict_keys(['latest_only']) retrieved from /home/airflow/.local/lib/python3.8/site-packages/airflow/example_dags/example_latest_only.py
[2023-09-23T04:26:02.243+0000] {logging_mixin.py:151} INFO - [2023-09-23T04:26:02.243+0000] {dag.py:2915} INFO - Sync 1 DAGs
[2023-09-23T04:26:02.261+0000] {logging_mixin.py:151} INFO - [2023-09-23T04:26:02.261+0000] {dag.py:3696} INFO - Setting next_dagrun for latest_only to 2023-09-23T00:26:02.261049+00:00, run_after=2023-09-23T04:26:02.261049+00:00
[2023-09-23T04:26:02.752+0000] {processor.py:179} INFO - Processing /home/airflow/.local/lib/python3.8/site-packages/airflow/example_dags/example_latest_only.py took 1.011 seconds
[2023-09-23T04:26:33.706+0000] {processor.py:157} INFO - Started process (PID=281) to work on /home/airflow/.local/lib/python3.8/site-packages/airflow/example_dags/example_latest_only.py
[2023-09-23T04:26:34.445+0000] {processor.py:829} INFO - Processing file /home/airflow/.local/lib/python3.8/site-packages/airflow/example_dags/example_latest_only.py for tasks to queue
[2023-09-23T04:26:34.447+0000] {logging_mixin.py:151} INFO - [2023-09-23T04:26:34.447+0000] {dagbag.py:539} INFO - Filling up the DagBag from /home/airflow/.local/lib/python3.8/site-packages/airflow/example_dags/example_latest_only.py
[2023-09-23T04:26:34.453+0000] {processor.py:839} INFO - DAG(s) dict_keys(['latest_only']) retrieved from /home/airflow/.local/lib/python3.8/site-packages/airflow/example_dags/example_latest_only.py
[2023-09-23T04:26:34.475+0000] {logging_mixin.py:151} INFO - [2023-09-23T04:26:34.475+0000] {dag.py:2915} INFO - Sync 1 DAGs
[2023-09-23T04:26:34.498+0000] {logging_mixin.py:151} INFO - [2023-09-23T04:26:34.498+0000] {dag.py:3696} INFO - Setting next_dagrun for latest_only to 2023-09-23T00:26:34.498160+00:00, run_after=2023-09-23T04:26:34.498160+00:00
[2023-09-23T04:26:34.747+0000] {processor.py:179} INFO - Processing /home/airflow/.local/lib/python3.8/site-packages/airflow/example_dags/example_latest_only.py took 1.044 seconds
[2023-09-23T04:27:05.482+0000] {processor.py:157} INFO - Started process (PID=336) to work on /home/airflow/.local/lib/python3.8/site-packages/airflow/example_dags/example_latest_only.py
[2023-09-23T04:27:05.484+0000] {processor.py:829} INFO - Processing file /home/airflow/.local/lib/python3.8/site-packages/airflow/example_dags/example_latest_only.py for tasks to queue
[2023-09-23T04:27:05.485+0000] {logging_mixin.py:151} INFO - [2023-09-23T04:27:05.485+0000] {dagbag.py:539} INFO - Filling up the DagBag from /home/airflow/.local/lib/python3.8/site-packages/airflow/example_dags/example_latest_only.py
[2023-09-23T04:27:05.489+0000] {processor.py:839} INFO - DAG(s) dict_keys(['latest_only']) retrieved from /home/airflow/.local/lib/python3.8/site-packages/airflow/example_dags/example_latest_only.py
[2023-09-23T04:27:05.510+0000] {logging_mixin.py:151} INFO - [2023-09-23T04:27:05.510+0000] {dag.py:2915} INFO - Sync 1 DAGs
[2023-09-23T04:27:05.530+0000] {logging_mixin.py:151} INFO - [2023-09-23T04:27:05.529+0000] {dag.py:3696} INFO - Setting next_dagrun for latest_only to 2023-09-23T00:27:05.529674+00:00, run_after=2023-09-23T04:27:05.529674+00:00
[2023-09-23T04:27:06.276+0000] {processor.py:179} INFO - Processing /home/airflow/.local/lib/python3.8/site-packages/airflow/example_dags/example_latest_only.py took 0.797 seconds
[2023-09-23T04:27:36.845+0000] {processor.py:157} INFO - Started process (PID=391) to work on /home/airflow/.local/lib/python3.8/site-packages/airflow/example_dags/example_latest_only.py
[2023-09-23T04:27:37.093+0000] {processor.py:829} INFO - Processing file /home/airflow/.local/lib/python3.8/site-packages/airflow/example_dags/example_latest_only.py for tasks to queue
[2023-09-23T04:27:37.095+0000] {logging_mixin.py:151} INFO - [2023-09-23T04:27:37.094+0000] {dagbag.py:539} INFO - Filling up the DagBag from /home/airflow/.local/lib/python3.8/site-packages/airflow/example_dags/example_latest_only.py
[2023-09-23T04:27:37.099+0000] {processor.py:839} INFO - DAG(s) dict_keys(['latest_only']) retrieved from /home/airflow/.local/lib/python3.8/site-packages/airflow/example_dags/example_latest_only.py
[2023-09-23T04:27:37.116+0000] {logging_mixin.py:151} INFO - [2023-09-23T04:27:37.116+0000] {dag.py:2915} INFO - Sync 1 DAGs
[2023-09-23T04:27:37.134+0000] {logging_mixin.py:151} INFO - [2023-09-23T04:27:37.134+0000] {dag.py:3696} INFO - Setting next_dagrun for latest_only to 2023-09-23T00:27:37.133959+00:00, run_after=2023-09-23T04:27:37.133959+00:00
[2023-09-23T04:27:37.760+0000] {processor.py:179} INFO - Processing /home/airflow/.local/lib/python3.8/site-packages/airflow/example_dags/example_latest_only.py took 0.918 seconds
[2023-09-23T04:28:08.446+0000] {processor.py:157} INFO - Started process (PID=446) to work on /home/airflow/.local/lib/python3.8/site-packages/airflow/example_dags/example_latest_only.py
[2023-09-23T04:28:08.857+0000] {processor.py:829} INFO - Processing file /home/airflow/.local/lib/python3.8/site-packages/airflow/example_dags/example_latest_only.py for tasks to queue
[2023-09-23T04:28:08.859+0000] {logging_mixin.py:151} INFO - [2023-09-23T04:28:08.859+0000] {dagbag.py:539} INFO - Filling up the DagBag from /home/airflow/.local/lib/python3.8/site-packages/airflow/example_dags/example_latest_only.py
[2023-09-23T04:28:08.864+0000] {processor.py:839} INFO - DAG(s) dict_keys(['latest_only']) retrieved from /home/airflow/.local/lib/python3.8/site-packages/airflow/example_dags/example_latest_only.py
[2023-09-23T04:28:08.936+0000] {logging_mixin.py:151} INFO - [2023-09-23T04:28:08.936+0000] {dag.py:2915} INFO - Sync 1 DAGs
[2023-09-23T04:28:08.957+0000] {logging_mixin.py:151} INFO - [2023-09-23T04:28:08.957+0000] {dag.py:3696} INFO - Setting next_dagrun for latest_only to 2023-09-23T00:28:08.956900+00:00, run_after=2023-09-23T04:28:08.956900+00:00
[2023-09-23T04:28:09.017+0000] {processor.py:179} INFO - Processing /home/airflow/.local/lib/python3.8/site-packages/airflow/example_dags/example_latest_only.py took 0.573 seconds
[2023-09-23T04:28:39.819+0000] {processor.py:157} INFO - Started process (PID=501) to work on /home/airflow/.local/lib/python3.8/site-packages/airflow/example_dags/example_latest_only.py
[2023-09-23T04:28:39.833+0000] {processor.py:829} INFO - Processing file /home/airflow/.local/lib/python3.8/site-packages/airflow/example_dags/example_latest_only.py for tasks to queue
[2023-09-23T04:28:39.835+0000] {logging_mixin.py:151} INFO - [2023-09-23T04:28:39.835+0000] {dagbag.py:539} INFO - Filling up the DagBag from /home/airflow/.local/lib/python3.8/site-packages/airflow/example_dags/example_latest_only.py
[2023-09-23T04:28:39.839+0000] {processor.py:839} INFO - DAG(s) dict_keys(['latest_only']) retrieved from /home/airflow/.local/lib/python3.8/site-packages/airflow/example_dags/example_latest_only.py
[2023-09-23T04:28:39.857+0000] {logging_mixin.py:151} INFO - [2023-09-23T04:28:39.857+0000] {dag.py:2915} INFO - Sync 1 DAGs
[2023-09-23T04:28:39.876+0000] {logging_mixin.py:151} INFO - [2023-09-23T04:28:39.876+0000] {dag.py:3696} INFO - Setting next_dagrun for latest_only to 2023-09-23T00:28:39.876199+00:00, run_after=2023-09-23T04:28:39.876199+00:00
[2023-09-23T04:28:41.197+0000] {processor.py:179} INFO - Processing /home/airflow/.local/lib/python3.8/site-packages/airflow/example_dags/example_latest_only.py took 1.381 seconds
[2023-09-23T04:29:12.001+0000] {processor.py:157} INFO - Started process (PID=556) to work on /home/airflow/.local/lib/python3.8/site-packages/airflow/example_dags/example_latest_only.py
[2023-09-23T04:29:12.175+0000] {processor.py:829} INFO - Processing file /home/airflow/.local/lib/python3.8/site-packages/airflow/example_dags/example_latest_only.py for tasks to queue
[2023-09-23T04:29:12.181+0000] {logging_mixin.py:151} INFO - [2023-09-23T04:29:12.181+0000] {dagbag.py:539} INFO - Filling up the DagBag from /home/airflow/.local/lib/python3.8/site-packages/airflow/example_dags/example_latest_only.py
[2023-09-23T04:29:12.185+0000] {processor.py:839} INFO - DAG(s) dict_keys(['latest_only']) retrieved from /home/airflow/.local/lib/python3.8/site-packages/airflow/example_dags/example_latest_only.py
[2023-09-23T04:29:12.196+0000] {logging_mixin.py:151} INFO - [2023-09-23T04:29:12.196+0000] {dag.py:2915} INFO - Sync 1 DAGs
[2023-09-23T04:29:12.216+0000] {logging_mixin.py:151} INFO - [2023-09-23T04:29:12.216+0000] {dag.py:3696} INFO - Setting next_dagrun for latest_only to 2023-09-23T00:29:12.215750+00:00, run_after=2023-09-23T04:29:12.215750+00:00
[2023-09-23T04:29:12.883+0000] {processor.py:179} INFO - Processing /home/airflow/.local/lib/python3.8/site-packages/airflow/example_dags/example_latest_only.py took 0.885 seconds
[2023-09-23T04:29:43.638+0000] {processor.py:157} INFO - Started process (PID=611) to work on /home/airflow/.local/lib/python3.8/site-packages/airflow/example_dags/example_latest_only.py
[2023-09-23T04:29:44.427+0000] {processor.py:829} INFO - Processing file /home/airflow/.local/lib/python3.8/site-packages/airflow/example_dags/example_latest_only.py for tasks to queue
[2023-09-23T04:29:44.429+0000] {logging_mixin.py:151} INFO - [2023-09-23T04:29:44.429+0000] {dagbag.py:539} INFO - Filling up the DagBag from /home/airflow/.local/lib/python3.8/site-packages/airflow/example_dags/example_latest_only.py
[2023-09-23T04:29:44.433+0000] {processor.py:839} INFO - DAG(s) dict_keys(['latest_only']) retrieved from /home/airflow/.local/lib/python3.8/site-packages/airflow/example_dags/example_latest_only.py
[2023-09-23T04:29:44.450+0000] {logging_mixin.py:151} INFO - [2023-09-23T04:29:44.450+0000] {dag.py:2915} INFO - Sync 1 DAGs
[2023-09-23T04:29:44.468+0000] {logging_mixin.py:151} INFO - [2023-09-23T04:29:44.468+0000] {dag.py:3696} INFO - Setting next_dagrun for latest_only to 2023-09-23T00:29:44.468063+00:00, run_after=2023-09-23T04:29:44.468063+00:00
[2023-09-23T04:29:44.540+0000] {processor.py:179} INFO - Processing /home/airflow/.local/lib/python3.8/site-packages/airflow/example_dags/example_latest_only.py took 0.904 seconds
[2023-09-23T04:30:15.163+0000] {processor.py:157} INFO - Started process (PID=666) to work on /home/airflow/.local/lib/python3.8/site-packages/airflow/example_dags/example_latest_only.py
[2023-09-23T04:30:15.746+0000] {processor.py:829} INFO - Processing file /home/airflow/.local/lib/python3.8/site-packages/airflow/example_dags/example_latest_only.py for tasks to queue
[2023-09-23T04:30:15.751+0000] {logging_mixin.py:151} INFO - [2023-09-23T04:30:15.751+0000] {dagbag.py:539} INFO - Filling up the DagBag from /home/airflow/.local/lib/python3.8/site-packages/airflow/example_dags/example_latest_only.py
[2023-09-23T04:30:15.755+0000] {processor.py:839} INFO - DAG(s) dict_keys(['latest_only']) retrieved from /home/airflow/.local/lib/python3.8/site-packages/airflow/example_dags/example_latest_only.py
[2023-09-23T04:30:15.774+0000] {logging_mixin.py:151} INFO - [2023-09-23T04:30:15.774+0000] {dag.py:2915} INFO - Sync 1 DAGs
[2023-09-23T04:30:15.792+0000] {logging_mixin.py:151} INFO - [2023-09-23T04:30:15.792+0000] {dag.py:3696} INFO - Setting next_dagrun for latest_only to 2023-09-23T00:30:15.792523+00:00, run_after=2023-09-23T04:30:15.792523+00:00
[2023-09-23T04:30:15.977+0000] {processor.py:179} INFO - Processing /home/airflow/.local/lib/python3.8/site-packages/airflow/example_dags/example_latest_only.py took 0.817 seconds
[2023-09-23T04:30:46.650+0000] {processor.py:157} INFO - Started process (PID=721) to work on /home/airflow/.local/lib/python3.8/site-packages/airflow/example_dags/example_latest_only.py
[2023-09-23T04:30:46.659+0000] {processor.py:829} INFO - Processing file /home/airflow/.local/lib/python3.8/site-packages/airflow/example_dags/example_latest_only.py for tasks to queue
[2023-09-23T04:30:46.661+0000] {logging_mixin.py:151} INFO - [2023-09-23T04:30:46.661+0000] {dagbag.py:539} INFO - Filling up the DagBag from /home/airflow/.local/lib/python3.8/site-packages/airflow/example_dags/example_latest_only.py
[2023-09-23T04:30:46.665+0000] {processor.py:839} INFO - DAG(s) dict_keys(['latest_only']) retrieved from /home/airflow/.local/lib/python3.8/site-packages/airflow/example_dags/example_latest_only.py
[2023-09-23T04:30:46.683+0000] {logging_mixin.py:151} INFO - [2023-09-23T04:30:46.683+0000] {dag.py:2915} INFO - Sync 1 DAGs
[2023-09-23T04:30:46.700+0000] {logging_mixin.py:151} INFO - [2023-09-23T04:30:46.700+0000] {dag.py:3696} INFO - Setting next_dagrun for latest_only to 2023-09-23T00:30:46.700390+00:00, run_after=2023-09-23T04:30:46.700390+00:00
[2023-09-23T04:30:47.767+0000] {processor.py:179} INFO - Processing /home/airflow/.local/lib/python3.8/site-packages/airflow/example_dags/example_latest_only.py took 1.119 seconds
[2023-09-23T22:35:21.991+0000] {processor.py:157} INFO - Started process (PID=60) to work on /home/airflow/.local/lib/python3.8/site-packages/airflow/example_dags/example_latest_only.py
[2023-09-23T22:35:21.993+0000] {processor.py:829} INFO - Processing file /home/airflow/.local/lib/python3.8/site-packages/airflow/example_dags/example_latest_only.py for tasks to queue
[2023-09-23T22:35:21.996+0000] {logging_mixin.py:151} INFO - [2023-09-23T22:35:21.996+0000] {dagbag.py:539} INFO - Filling up the DagBag from /home/airflow/.local/lib/python3.8/site-packages/airflow/example_dags/example_latest_only.py
[2023-09-23T22:35:22.002+0000] {processor.py:839} INFO - DAG(s) dict_keys(['latest_only']) retrieved from /home/airflow/.local/lib/python3.8/site-packages/airflow/example_dags/example_latest_only.py
[2023-09-23T22:35:22.021+0000] {logging_mixin.py:151} INFO - [2023-09-23T22:35:22.021+0000] {dag.py:2915} INFO - Sync 1 DAGs
[2023-09-23T22:35:22.041+0000] {logging_mixin.py:151} INFO - [2023-09-23T22:35:22.041+0000] {dag.py:3696} INFO - Setting next_dagrun for latest_only to 2023-09-23T18:35:22.041326+00:00, run_after=2023-09-23T22:35:22.041326+00:00
[2023-09-23T22:35:22.117+0000] {processor.py:179} INFO - Processing /home/airflow/.local/lib/python3.8/site-packages/airflow/example_dags/example_latest_only.py took 0.129 seconds
[2023-09-23T22:35:57.438+0000] {processor.py:157} INFO - Started process (PID=115) to work on /home/airflow/.local/lib/python3.8/site-packages/airflow/example_dags/example_latest_only.py
[2023-09-23T22:35:57.515+0000] {processor.py:829} INFO - Processing file /home/airflow/.local/lib/python3.8/site-packages/airflow/example_dags/example_latest_only.py for tasks to queue
[2023-09-23T22:35:57.518+0000] {logging_mixin.py:151} INFO - [2023-09-23T22:35:57.518+0000] {dagbag.py:539} INFO - Filling up the DagBag from /home/airflow/.local/lib/python3.8/site-packages/airflow/example_dags/example_latest_only.py
[2023-09-23T22:35:57.524+0000] {processor.py:839} INFO - DAG(s) dict_keys(['latest_only']) retrieved from /home/airflow/.local/lib/python3.8/site-packages/airflow/example_dags/example_latest_only.py
[2023-09-23T22:35:57.540+0000] {logging_mixin.py:151} INFO - [2023-09-23T22:35:57.540+0000] {dag.py:2915} INFO - Sync 1 DAGs
[2023-09-23T22:35:57.560+0000] {logging_mixin.py:151} INFO - [2023-09-23T22:35:57.560+0000] {dag.py:3696} INFO - Setting next_dagrun for latest_only to 2023-09-23T18:35:57.559943+00:00, run_after=2023-09-23T22:35:57.559943+00:00
[2023-09-23T22:35:57.799+0000] {processor.py:179} INFO - Processing /home/airflow/.local/lib/python3.8/site-packages/airflow/example_dags/example_latest_only.py took 0.367 seconds
[2023-09-23T22:36:27.975+0000] {processor.py:157} INFO - Started process (PID=170) to work on /home/airflow/.local/lib/python3.8/site-packages/airflow/example_dags/example_latest_only.py
[2023-09-23T22:36:28.014+0000] {processor.py:829} INFO - Processing file /home/airflow/.local/lib/python3.8/site-packages/airflow/example_dags/example_latest_only.py for tasks to queue
[2023-09-23T22:36:28.016+0000] {logging_mixin.py:151} INFO - [2023-09-23T22:36:28.015+0000] {dagbag.py:539} INFO - Filling up the DagBag from /home/airflow/.local/lib/python3.8/site-packages/airflow/example_dags/example_latest_only.py
[2023-09-23T22:36:28.019+0000] {processor.py:839} INFO - DAG(s) dict_keys(['latest_only']) retrieved from /home/airflow/.local/lib/python3.8/site-packages/airflow/example_dags/example_latest_only.py
[2023-09-23T22:36:28.037+0000] {logging_mixin.py:151} INFO - [2023-09-23T22:36:28.036+0000] {dag.py:2915} INFO - Sync 1 DAGs
[2023-09-23T22:36:28.054+0000] {logging_mixin.py:151} INFO - [2023-09-23T22:36:28.054+0000] {dag.py:3696} INFO - Setting next_dagrun for latest_only to 2023-09-23T18:36:28.054329+00:00, run_after=2023-09-23T22:36:28.054329+00:00
[2023-09-23T22:36:28.099+0000] {processor.py:179} INFO - Processing /home/airflow/.local/lib/python3.8/site-packages/airflow/example_dags/example_latest_only.py took 0.127 seconds
[2023-09-23T22:36:58.842+0000] {processor.py:157} INFO - Started process (PID=225) to work on /home/airflow/.local/lib/python3.8/site-packages/airflow/example_dags/example_latest_only.py
[2023-09-23T22:36:58.873+0000] {processor.py:829} INFO - Processing file /home/airflow/.local/lib/python3.8/site-packages/airflow/example_dags/example_latest_only.py for tasks to queue
[2023-09-23T22:36:58.875+0000] {logging_mixin.py:151} INFO - [2023-09-23T22:36:58.875+0000] {dagbag.py:539} INFO - Filling up the DagBag from /home/airflow/.local/lib/python3.8/site-packages/airflow/example_dags/example_latest_only.py
[2023-09-23T22:36:58.880+0000] {processor.py:839} INFO - DAG(s) dict_keys(['latest_only']) retrieved from /home/airflow/.local/lib/python3.8/site-packages/airflow/example_dags/example_latest_only.py
[2023-09-23T22:36:58.892+0000] {logging_mixin.py:151} INFO - [2023-09-23T22:36:58.891+0000] {dag.py:2915} INFO - Sync 1 DAGs
[2023-09-23T22:36:58.912+0000] {logging_mixin.py:151} INFO - [2023-09-23T22:36:58.912+0000] {dag.py:3696} INFO - Setting next_dagrun for latest_only to 2023-09-23T18:36:58.911898+00:00, run_after=2023-09-23T22:36:58.911898+00:00
[2023-09-23T22:36:58.991+0000] {processor.py:179} INFO - Processing /home/airflow/.local/lib/python3.8/site-packages/airflow/example_dags/example_latest_only.py took 0.152 seconds
[2023-09-23T22:37:29.565+0000] {processor.py:157} INFO - Started process (PID=280) to work on /home/airflow/.local/lib/python3.8/site-packages/airflow/example_dags/example_latest_only.py
[2023-09-23T22:37:29.574+0000] {processor.py:829} INFO - Processing file /home/airflow/.local/lib/python3.8/site-packages/airflow/example_dags/example_latest_only.py for tasks to queue
[2023-09-23T22:37:29.576+0000] {logging_mixin.py:151} INFO - [2023-09-23T22:37:29.575+0000] {dagbag.py:539} INFO - Filling up the DagBag from /home/airflow/.local/lib/python3.8/site-packages/airflow/example_dags/example_latest_only.py
[2023-09-23T22:37:29.579+0000] {processor.py:839} INFO - DAG(s) dict_keys(['latest_only']) retrieved from /home/airflow/.local/lib/python3.8/site-packages/airflow/example_dags/example_latest_only.py
[2023-09-23T22:37:29.596+0000] {logging_mixin.py:151} INFO - [2023-09-23T22:37:29.596+0000] {dag.py:2915} INFO - Sync 1 DAGs
[2023-09-23T22:37:29.614+0000] {logging_mixin.py:151} INFO - [2023-09-23T22:37:29.614+0000] {dag.py:3696} INFO - Setting next_dagrun for latest_only to 2023-09-23T18:37:29.614037+00:00, run_after=2023-09-23T22:37:29.614037+00:00
[2023-09-23T22:37:29.657+0000] {processor.py:179} INFO - Processing /home/airflow/.local/lib/python3.8/site-packages/airflow/example_dags/example_latest_only.py took 0.095 seconds
[2023-09-23T22:38:00.108+0000] {processor.py:157} INFO - Started process (PID=335) to work on /home/airflow/.local/lib/python3.8/site-packages/airflow/example_dags/example_latest_only.py
[2023-09-23T22:38:00.115+0000] {processor.py:829} INFO - Processing file /home/airflow/.local/lib/python3.8/site-packages/airflow/example_dags/example_latest_only.py for tasks to queue
[2023-09-23T22:38:00.117+0000] {logging_mixin.py:151} INFO - [2023-09-23T22:38:00.116+0000] {dagbag.py:539} INFO - Filling up the DagBag from /home/airflow/.local/lib/python3.8/site-packages/airflow/example_dags/example_latest_only.py
[2023-09-23T22:38:00.120+0000] {processor.py:839} INFO - DAG(s) dict_keys(['latest_only']) retrieved from /home/airflow/.local/lib/python3.8/site-packages/airflow/example_dags/example_latest_only.py
[2023-09-23T22:38:00.138+0000] {logging_mixin.py:151} INFO - [2023-09-23T22:38:00.137+0000] {dag.py:2915} INFO - Sync 1 DAGs
[2023-09-23T22:38:00.155+0000] {logging_mixin.py:151} INFO - [2023-09-23T22:38:00.155+0000] {dag.py:3696} INFO - Setting next_dagrun for latest_only to 2023-09-23T18:38:00.155165+00:00, run_after=2023-09-23T22:38:00.155165+00:00
[2023-09-23T22:38:00.212+0000] {processor.py:179} INFO - Processing /home/airflow/.local/lib/python3.8/site-packages/airflow/example_dags/example_latest_only.py took 0.106 seconds
[2023-09-23T22:38:34.244+0000] {processor.py:157} INFO - Started process (PID=390) to work on /home/airflow/.local/lib/python3.8/site-packages/airflow/example_dags/example_latest_only.py
[2023-09-23T22:38:34.299+0000] {processor.py:829} INFO - Processing file /home/airflow/.local/lib/python3.8/site-packages/airflow/example_dags/example_latest_only.py for tasks to queue
[2023-09-23T22:38:34.306+0000] {logging_mixin.py:151} INFO - [2023-09-23T22:38:34.306+0000] {dagbag.py:539} INFO - Filling up the DagBag from /home/airflow/.local/lib/python3.8/site-packages/airflow/example_dags/example_latest_only.py
[2023-09-23T22:38:34.316+0000] {processor.py:839} INFO - DAG(s) dict_keys(['latest_only']) retrieved from /home/airflow/.local/lib/python3.8/site-packages/airflow/example_dags/example_latest_only.py
[2023-09-23T22:38:34.340+0000] {logging_mixin.py:151} INFO - [2023-09-23T22:38:34.340+0000] {dag.py:2915} INFO - Sync 1 DAGs
[2023-09-23T22:38:34.362+0000] {logging_mixin.py:151} INFO - [2023-09-23T22:38:34.362+0000] {dag.py:3696} INFO - Setting next_dagrun for latest_only to 2023-09-23T18:38:34.362403+00:00, run_after=2023-09-23T22:38:34.362403+00:00
[2023-09-23T22:38:34.554+0000] {processor.py:179} INFO - Processing /home/airflow/.local/lib/python3.8/site-packages/airflow/example_dags/example_latest_only.py took 0.313 seconds
[2023-09-23T22:39:05.366+0000] {processor.py:157} INFO - Started process (PID=445) to work on /home/airflow/.local/lib/python3.8/site-packages/airflow/example_dags/example_latest_only.py
[2023-09-23T22:39:05.418+0000] {processor.py:829} INFO - Processing file /home/airflow/.local/lib/python3.8/site-packages/airflow/example_dags/example_latest_only.py for tasks to queue
[2023-09-23T22:39:05.420+0000] {logging_mixin.py:151} INFO - [2023-09-23T22:39:05.420+0000] {dagbag.py:539} INFO - Filling up the DagBag from /home/airflow/.local/lib/python3.8/site-packages/airflow/example_dags/example_latest_only.py
[2023-09-23T22:39:05.424+0000] {processor.py:839} INFO - DAG(s) dict_keys(['latest_only']) retrieved from /home/airflow/.local/lib/python3.8/site-packages/airflow/example_dags/example_latest_only.py
[2023-09-23T22:39:05.443+0000] {logging_mixin.py:151} INFO - [2023-09-23T22:39:05.443+0000] {dag.py:2915} INFO - Sync 1 DAGs
[2023-09-23T22:39:05.463+0000] {logging_mixin.py:151} INFO - [2023-09-23T22:39:05.463+0000] {dag.py:3696} INFO - Setting next_dagrun for latest_only to 2023-09-23T18:39:05.463275+00:00, run_after=2023-09-23T22:39:05.463275+00:00
[2023-09-23T22:39:05.694+0000] {processor.py:179} INFO - Processing /home/airflow/.local/lib/python3.8/site-packages/airflow/example_dags/example_latest_only.py took 0.332 seconds
[2023-09-23T22:39:35.879+0000] {processor.py:157} INFO - Started process (PID=500) to work on /home/airflow/.local/lib/python3.8/site-packages/airflow/example_dags/example_latest_only.py
[2023-09-23T22:39:35.959+0000] {processor.py:829} INFO - Processing file /home/airflow/.local/lib/python3.8/site-packages/airflow/example_dags/example_latest_only.py for tasks to queue
[2023-09-23T22:39:35.961+0000] {logging_mixin.py:151} INFO - [2023-09-23T22:39:35.961+0000] {dagbag.py:539} INFO - Filling up the DagBag from /home/airflow/.local/lib/python3.8/site-packages/airflow/example_dags/example_latest_only.py
[2023-09-23T22:39:35.965+0000] {processor.py:839} INFO - DAG(s) dict_keys(['latest_only']) retrieved from /home/airflow/.local/lib/python3.8/site-packages/airflow/example_dags/example_latest_only.py
[2023-09-23T22:39:35.983+0000] {logging_mixin.py:151} INFO - [2023-09-23T22:39:35.983+0000] {dag.py:2915} INFO - Sync 1 DAGs
[2023-09-23T22:39:36.002+0000] {logging_mixin.py:151} INFO - [2023-09-23T22:39:36.002+0000] {dag.py:3696} INFO - Setting next_dagrun for latest_only to 2023-09-23T18:39:36.002058+00:00, run_after=2023-09-23T22:39:36.002058+00:00
[2023-09-23T22:39:36.095+0000] {processor.py:179} INFO - Processing /home/airflow/.local/lib/python3.8/site-packages/airflow/example_dags/example_latest_only.py took 0.219 seconds
[2023-09-23T22:40:06.456+0000] {processor.py:157} INFO - Started process (PID=555) to work on /home/airflow/.local/lib/python3.8/site-packages/airflow/example_dags/example_latest_only.py
[2023-09-23T22:40:06.579+0000] {processor.py:829} INFO - Processing file /home/airflow/.local/lib/python3.8/site-packages/airflow/example_dags/example_latest_only.py for tasks to queue
[2023-09-23T22:40:06.581+0000] {logging_mixin.py:151} INFO - [2023-09-23T22:40:06.581+0000] {dagbag.py:539} INFO - Filling up the DagBag from /home/airflow/.local/lib/python3.8/site-packages/airflow/example_dags/example_latest_only.py
[2023-09-23T22:40:06.585+0000] {processor.py:839} INFO - DAG(s) dict_keys(['latest_only']) retrieved from /home/airflow/.local/lib/python3.8/site-packages/airflow/example_dags/example_latest_only.py
[2023-09-23T22:40:06.603+0000] {logging_mixin.py:151} INFO - [2023-09-23T22:40:06.603+0000] {dag.py:2915} INFO - Sync 1 DAGs
[2023-09-23T22:40:06.620+0000] {logging_mixin.py:151} INFO - [2023-09-23T22:40:06.620+0000] {dag.py:3696} INFO - Setting next_dagrun for latest_only to 2023-09-23T18:40:06.620488+00:00, run_after=2023-09-23T22:40:06.620488+00:00
[2023-09-23T22:40:08.204+0000] {processor.py:179} INFO - Processing /home/airflow/.local/lib/python3.8/site-packages/airflow/example_dags/example_latest_only.py took 1.751 seconds
[2023-09-23T22:40:38.253+0000] {processor.py:157} INFO - Started process (PID=610) to work on /home/airflow/.local/lib/python3.8/site-packages/airflow/example_dags/example_latest_only.py
[2023-09-23T22:40:38.269+0000] {processor.py:829} INFO - Processing file /home/airflow/.local/lib/python3.8/site-packages/airflow/example_dags/example_latest_only.py for tasks to queue
[2023-09-23T22:40:38.271+0000] {logging_mixin.py:151} INFO - [2023-09-23T22:40:38.271+0000] {dagbag.py:539} INFO - Filling up the DagBag from /home/airflow/.local/lib/python3.8/site-packages/airflow/example_dags/example_latest_only.py
[2023-09-23T22:40:38.275+0000] {processor.py:839} INFO - DAG(s) dict_keys(['latest_only']) retrieved from /home/airflow/.local/lib/python3.8/site-packages/airflow/example_dags/example_latest_only.py
[2023-09-23T22:40:38.340+0000] {logging_mixin.py:151} INFO - [2023-09-23T22:40:38.340+0000] {dag.py:2915} INFO - Sync 1 DAGs
[2023-09-23T22:40:38.360+0000] {logging_mixin.py:151} INFO - [2023-09-23T22:40:38.359+0000] {dag.py:3696} INFO - Setting next_dagrun for latest_only to 2023-09-23T18:40:38.359672+00:00, run_after=2023-09-23T22:40:38.359672+00:00
[2023-09-23T22:40:38.742+0000] {processor.py:179} INFO - Processing /home/airflow/.local/lib/python3.8/site-packages/airflow/example_dags/example_latest_only.py took 0.492 seconds
[2023-09-23T22:41:09.163+0000] {processor.py:157} INFO - Started process (PID=665) to work on /home/airflow/.local/lib/python3.8/site-packages/airflow/example_dags/example_latest_only.py
[2023-09-23T22:41:09.373+0000] {processor.py:829} INFO - Processing file /home/airflow/.local/lib/python3.8/site-packages/airflow/example_dags/example_latest_only.py for tasks to queue
[2023-09-23T22:41:09.375+0000] {logging_mixin.py:151} INFO - [2023-09-23T22:41:09.375+0000] {dagbag.py:539} INFO - Filling up the DagBag from /home/airflow/.local/lib/python3.8/site-packages/airflow/example_dags/example_latest_only.py
[2023-09-23T22:41:09.380+0000] {processor.py:839} INFO - DAG(s) dict_keys(['latest_only']) retrieved from /home/airflow/.local/lib/python3.8/site-packages/airflow/example_dags/example_latest_only.py
[2023-09-23T22:41:09.399+0000] {logging_mixin.py:151} INFO - [2023-09-23T22:41:09.399+0000] {dag.py:2915} INFO - Sync 1 DAGs
[2023-09-23T22:41:09.419+0000] {logging_mixin.py:151} INFO - [2023-09-23T22:41:09.419+0000] {dag.py:3696} INFO - Setting next_dagrun for latest_only to 2023-09-23T18:41:09.419579+00:00, run_after=2023-09-23T22:41:09.419579+00:00
[2023-09-23T22:41:09.815+0000] {processor.py:179} INFO - Processing /home/airflow/.local/lib/python3.8/site-packages/airflow/example_dags/example_latest_only.py took 0.655 seconds
[2023-09-23T22:41:40.225+0000] {processor.py:157} INFO - Started process (PID=720) to work on /home/airflow/.local/lib/python3.8/site-packages/airflow/example_dags/example_latest_only.py
[2023-09-23T22:41:40.304+0000] {processor.py:829} INFO - Processing file /home/airflow/.local/lib/python3.8/site-packages/airflow/example_dags/example_latest_only.py for tasks to queue
[2023-09-23T22:41:40.307+0000] {logging_mixin.py:151} INFO - [2023-09-23T22:41:40.306+0000] {dagbag.py:539} INFO - Filling up the DagBag from /home/airflow/.local/lib/python3.8/site-packages/airflow/example_dags/example_latest_only.py
[2023-09-23T22:41:40.312+0000] {processor.py:839} INFO - DAG(s) dict_keys(['latest_only']) retrieved from /home/airflow/.local/lib/python3.8/site-packages/airflow/example_dags/example_latest_only.py
[2023-09-23T22:41:40.338+0000] {logging_mixin.py:151} INFO - [2023-09-23T22:41:40.338+0000] {dag.py:2915} INFO - Sync 1 DAGs
[2023-09-23T22:41:40.359+0000] {logging_mixin.py:151} INFO - [2023-09-23T22:41:40.359+0000] {dag.py:3696} INFO - Setting next_dagrun for latest_only to 2023-09-23T18:41:40.358895+00:00, run_after=2023-09-23T22:41:40.358895+00:00
[2023-09-23T22:41:40.518+0000] {processor.py:179} INFO - Processing /home/airflow/.local/lib/python3.8/site-packages/airflow/example_dags/example_latest_only.py took 0.295 seconds
