[2023-09-23T03:47:57.215+0000] {processor.py:157} INFO - Started process (PID=66) to work on /home/airflow/.local/lib/python3.8/site-packages/airflow/example_dags/example_complex.py
[2023-09-23T03:47:57.215+0000] {processor.py:829} INFO - Processing file /home/airflow/.local/lib/python3.8/site-packages/airflow/example_dags/example_complex.py for tasks to queue
[2023-09-23T03:47:57.217+0000] {logging_mixin.py:151} INFO - [2023-09-23T03:47:57.217+0000] {dagbag.py:539} INFO - Filling up the DagBag from /home/airflow/.local/lib/python3.8/site-packages/airflow/example_dags/example_complex.py
[2023-09-23T03:47:57.230+0000] {processor.py:839} INFO - DAG(s) dict_keys(['example_complex']) retrieved from /home/airflow/.local/lib/python3.8/site-packages/airflow/example_dags/example_complex.py
[2023-09-23T03:47:57.259+0000] {logging_mixin.py:151} INFO - [2023-09-23T03:47:57.259+0000] {dag.py:2915} INFO - Sync 1 DAGs
[2023-09-23T03:47:57.269+0000] {logging_mixin.py:151} INFO - [2023-09-23T03:47:57.269+0000] {dag.py:3696} INFO - Setting next_dagrun for example_complex to None, run_after=None
[2023-09-23T03:47:57.332+0000] {processor.py:179} INFO - Processing /home/airflow/.local/lib/python3.8/site-packages/airflow/example_dags/example_complex.py took 0.120 seconds
[2023-09-23T03:48:28.015+0000] {processor.py:157} INFO - Started process (PID=120) to work on /home/airflow/.local/lib/python3.8/site-packages/airflow/example_dags/example_complex.py
[2023-09-23T03:48:28.027+0000] {processor.py:829} INFO - Processing file /home/airflow/.local/lib/python3.8/site-packages/airflow/example_dags/example_complex.py for tasks to queue
[2023-09-23T03:48:28.032+0000] {logging_mixin.py:151} INFO - [2023-09-23T03:48:28.032+0000] {dagbag.py:539} INFO - Filling up the DagBag from /home/airflow/.local/lib/python3.8/site-packages/airflow/example_dags/example_complex.py
[2023-09-23T03:48:28.052+0000] {processor.py:839} INFO - DAG(s) dict_keys(['example_complex']) retrieved from /home/airflow/.local/lib/python3.8/site-packages/airflow/example_dags/example_complex.py
[2023-09-23T03:48:28.081+0000] {logging_mixin.py:151} INFO - [2023-09-23T03:48:28.081+0000] {dag.py:2915} INFO - Sync 1 DAGs
[2023-09-23T03:48:28.091+0000] {logging_mixin.py:151} INFO - [2023-09-23T03:48:28.091+0000] {dag.py:3696} INFO - Setting next_dagrun for example_complex to None, run_after=None
[2023-09-23T03:48:28.171+0000] {processor.py:179} INFO - Processing /home/airflow/.local/lib/python3.8/site-packages/airflow/example_dags/example_complex.py took 0.159 seconds
[2023-09-23T03:49:01.217+0000] {processor.py:157} INFO - Started process (PID=175) to work on /home/airflow/.local/lib/python3.8/site-packages/airflow/example_dags/example_complex.py
[2023-09-23T03:49:01.218+0000] {processor.py:829} INFO - Processing file /home/airflow/.local/lib/python3.8/site-packages/airflow/example_dags/example_complex.py for tasks to queue
[2023-09-23T03:49:01.220+0000] {logging_mixin.py:151} INFO - [2023-09-23T03:49:01.220+0000] {dagbag.py:539} INFO - Filling up the DagBag from /home/airflow/.local/lib/python3.8/site-packages/airflow/example_dags/example_complex.py
[2023-09-23T03:49:01.231+0000] {processor.py:839} INFO - DAG(s) dict_keys(['example_complex']) retrieved from /home/airflow/.local/lib/python3.8/site-packages/airflow/example_dags/example_complex.py
[2023-09-23T03:49:01.258+0000] {logging_mixin.py:151} INFO - [2023-09-23T03:49:01.258+0000] {dag.py:2915} INFO - Sync 1 DAGs
[2023-09-23T03:49:01.269+0000] {logging_mixin.py:151} INFO - [2023-09-23T03:49:01.269+0000] {dag.py:3696} INFO - Setting next_dagrun for example_complex to None, run_after=None
[2023-09-23T03:49:01.311+0000] {processor.py:179} INFO - Processing /home/airflow/.local/lib/python3.8/site-packages/airflow/example_dags/example_complex.py took 0.097 seconds
[2023-09-23T03:49:32.546+0000] {processor.py:157} INFO - Started process (PID=230) to work on /home/airflow/.local/lib/python3.8/site-packages/airflow/example_dags/example_complex.py
[2023-09-23T03:49:32.555+0000] {processor.py:829} INFO - Processing file /home/airflow/.local/lib/python3.8/site-packages/airflow/example_dags/example_complex.py for tasks to queue
[2023-09-23T03:49:32.557+0000] {logging_mixin.py:151} INFO - [2023-09-23T03:49:32.557+0000] {dagbag.py:539} INFO - Filling up the DagBag from /home/airflow/.local/lib/python3.8/site-packages/airflow/example_dags/example_complex.py
[2023-09-23T03:49:32.566+0000] {processor.py:839} INFO - DAG(s) dict_keys(['example_complex']) retrieved from /home/airflow/.local/lib/python3.8/site-packages/airflow/example_dags/example_complex.py
[2023-09-23T03:49:32.592+0000] {logging_mixin.py:151} INFO - [2023-09-23T03:49:32.592+0000] {dag.py:2915} INFO - Sync 1 DAGs
[2023-09-23T03:49:32.603+0000] {logging_mixin.py:151} INFO - [2023-09-23T03:49:32.603+0000] {dag.py:3696} INFO - Setting next_dagrun for example_complex to None, run_after=None
[2023-09-23T03:49:32.727+0000] {processor.py:179} INFO - Processing /home/airflow/.local/lib/python3.8/site-packages/airflow/example_dags/example_complex.py took 0.184 seconds
[2023-09-23T03:50:04.337+0000] {processor.py:157} INFO - Started process (PID=285) to work on /home/airflow/.local/lib/python3.8/site-packages/airflow/example_dags/example_complex.py
[2023-09-23T03:50:04.340+0000] {processor.py:829} INFO - Processing file /home/airflow/.local/lib/python3.8/site-packages/airflow/example_dags/example_complex.py for tasks to queue
[2023-09-23T03:50:04.342+0000] {logging_mixin.py:151} INFO - [2023-09-23T03:50:04.342+0000] {dagbag.py:539} INFO - Filling up the DagBag from /home/airflow/.local/lib/python3.8/site-packages/airflow/example_dags/example_complex.py
[2023-09-23T03:50:04.351+0000] {processor.py:839} INFO - DAG(s) dict_keys(['example_complex']) retrieved from /home/airflow/.local/lib/python3.8/site-packages/airflow/example_dags/example_complex.py
[2023-09-23T03:50:04.379+0000] {logging_mixin.py:151} INFO - [2023-09-23T03:50:04.379+0000] {dag.py:2915} INFO - Sync 1 DAGs
[2023-09-23T03:50:04.389+0000] {logging_mixin.py:151} INFO - [2023-09-23T03:50:04.389+0000] {dag.py:3696} INFO - Setting next_dagrun for example_complex to None, run_after=None
[2023-09-23T03:50:04.476+0000] {processor.py:179} INFO - Processing /home/airflow/.local/lib/python3.8/site-packages/airflow/example_dags/example_complex.py took 0.141 seconds
[2023-09-23T03:50:35.153+0000] {processor.py:157} INFO - Started process (PID=340) to work on /home/airflow/.local/lib/python3.8/site-packages/airflow/example_dags/example_complex.py
[2023-09-23T03:50:35.157+0000] {processor.py:829} INFO - Processing file /home/airflow/.local/lib/python3.8/site-packages/airflow/example_dags/example_complex.py for tasks to queue
[2023-09-23T03:50:35.159+0000] {logging_mixin.py:151} INFO - [2023-09-23T03:50:35.159+0000] {dagbag.py:539} INFO - Filling up the DagBag from /home/airflow/.local/lib/python3.8/site-packages/airflow/example_dags/example_complex.py
[2023-09-23T03:50:35.169+0000] {processor.py:839} INFO - DAG(s) dict_keys(['example_complex']) retrieved from /home/airflow/.local/lib/python3.8/site-packages/airflow/example_dags/example_complex.py
[2023-09-23T03:50:35.198+0000] {logging_mixin.py:151} INFO - [2023-09-23T03:50:35.198+0000] {dag.py:2915} INFO - Sync 1 DAGs
[2023-09-23T03:50:35.209+0000] {logging_mixin.py:151} INFO - [2023-09-23T03:50:35.209+0000] {dag.py:3696} INFO - Setting next_dagrun for example_complex to None, run_after=None
[2023-09-23T03:50:35.259+0000] {processor.py:179} INFO - Processing /home/airflow/.local/lib/python3.8/site-packages/airflow/example_dags/example_complex.py took 0.109 seconds
[2023-09-23T03:51:06.003+0000] {processor.py:157} INFO - Started process (PID=395) to work on /home/airflow/.local/lib/python3.8/site-packages/airflow/example_dags/example_complex.py
[2023-09-23T03:51:06.005+0000] {processor.py:829} INFO - Processing file /home/airflow/.local/lib/python3.8/site-packages/airflow/example_dags/example_complex.py for tasks to queue
[2023-09-23T03:51:06.006+0000] {logging_mixin.py:151} INFO - [2023-09-23T03:51:06.006+0000] {dagbag.py:539} INFO - Filling up the DagBag from /home/airflow/.local/lib/python3.8/site-packages/airflow/example_dags/example_complex.py
[2023-09-23T03:51:06.016+0000] {processor.py:839} INFO - DAG(s) dict_keys(['example_complex']) retrieved from /home/airflow/.local/lib/python3.8/site-packages/airflow/example_dags/example_complex.py
[2023-09-23T03:51:06.044+0000] {logging_mixin.py:151} INFO - [2023-09-23T03:51:06.044+0000] {dag.py:2915} INFO - Sync 1 DAGs
[2023-09-23T03:51:06.055+0000] {logging_mixin.py:151} INFO - [2023-09-23T03:51:06.055+0000] {dag.py:3696} INFO - Setting next_dagrun for example_complex to None, run_after=None
[2023-09-23T03:51:06.100+0000] {processor.py:179} INFO - Processing /home/airflow/.local/lib/python3.8/site-packages/airflow/example_dags/example_complex.py took 0.100 seconds
[2023-09-23T03:51:38.153+0000] {processor.py:157} INFO - Started process (PID=450) to work on /home/airflow/.local/lib/python3.8/site-packages/airflow/example_dags/example_complex.py
[2023-09-23T03:51:38.154+0000] {processor.py:829} INFO - Processing file /home/airflow/.local/lib/python3.8/site-packages/airflow/example_dags/example_complex.py for tasks to queue
[2023-09-23T03:51:38.156+0000] {logging_mixin.py:151} INFO - [2023-09-23T03:51:38.156+0000] {dagbag.py:539} INFO - Filling up the DagBag from /home/airflow/.local/lib/python3.8/site-packages/airflow/example_dags/example_complex.py
[2023-09-23T03:51:38.165+0000] {processor.py:839} INFO - DAG(s) dict_keys(['example_complex']) retrieved from /home/airflow/.local/lib/python3.8/site-packages/airflow/example_dags/example_complex.py
[2023-09-23T03:51:38.192+0000] {logging_mixin.py:151} INFO - [2023-09-23T03:51:38.191+0000] {dag.py:2915} INFO - Sync 1 DAGs
[2023-09-23T03:51:38.202+0000] {logging_mixin.py:151} INFO - [2023-09-23T03:51:38.201+0000] {dag.py:3696} INFO - Setting next_dagrun for example_complex to None, run_after=None
[2023-09-23T03:51:38.284+0000] {processor.py:179} INFO - Processing /home/airflow/.local/lib/python3.8/site-packages/airflow/example_dags/example_complex.py took 0.133 seconds
[2023-09-23T03:52:18.802+0000] {processor.py:157} INFO - Started process (PID=505) to work on /home/airflow/.local/lib/python3.8/site-packages/airflow/example_dags/example_complex.py
[2023-09-23T03:52:18.957+0000] {processor.py:829} INFO - Processing file /home/airflow/.local/lib/python3.8/site-packages/airflow/example_dags/example_complex.py for tasks to queue
[2023-09-23T03:52:18.961+0000] {logging_mixin.py:151} INFO - [2023-09-23T03:52:18.961+0000] {dagbag.py:539} INFO - Filling up the DagBag from /home/airflow/.local/lib/python3.8/site-packages/airflow/example_dags/example_complex.py
[2023-09-23T03:52:18.970+0000] {processor.py:839} INFO - DAG(s) dict_keys(['example_complex']) retrieved from /home/airflow/.local/lib/python3.8/site-packages/airflow/example_dags/example_complex.py
[2023-09-23T03:52:18.997+0000] {logging_mixin.py:151} INFO - [2023-09-23T03:52:18.997+0000] {dag.py:2915} INFO - Sync 1 DAGs
[2023-09-23T03:52:19.007+0000] {logging_mixin.py:151} INFO - [2023-09-23T03:52:19.007+0000] {dag.py:3696} INFO - Setting next_dagrun for example_complex to None, run_after=None
[2023-09-23T03:52:19.343+0000] {processor.py:179} INFO - Processing /home/airflow/.local/lib/python3.8/site-packages/airflow/example_dags/example_complex.py took 0.543 seconds
[2023-09-23T03:52:49.927+0000] {processor.py:157} INFO - Started process (PID=560) to work on /home/airflow/.local/lib/python3.8/site-packages/airflow/example_dags/example_complex.py
[2023-09-23T03:52:49.957+0000] {processor.py:829} INFO - Processing file /home/airflow/.local/lib/python3.8/site-packages/airflow/example_dags/example_complex.py for tasks to queue
[2023-09-23T03:52:49.959+0000] {logging_mixin.py:151} INFO - [2023-09-23T03:52:49.959+0000] {dagbag.py:539} INFO - Filling up the DagBag from /home/airflow/.local/lib/python3.8/site-packages/airflow/example_dags/example_complex.py
[2023-09-23T03:52:49.969+0000] {processor.py:839} INFO - DAG(s) dict_keys(['example_complex']) retrieved from /home/airflow/.local/lib/python3.8/site-packages/airflow/example_dags/example_complex.py
[2023-09-23T03:52:49.998+0000] {logging_mixin.py:151} INFO - [2023-09-23T03:52:49.998+0000] {dag.py:2915} INFO - Sync 1 DAGs
[2023-09-23T03:52:50.009+0000] {logging_mixin.py:151} INFO - [2023-09-23T03:52:50.009+0000] {dag.py:3696} INFO - Setting next_dagrun for example_complex to None, run_after=None
[2023-09-23T03:52:50.317+0000] {processor.py:179} INFO - Processing /home/airflow/.local/lib/python3.8/site-packages/airflow/example_dags/example_complex.py took 0.393 seconds
[2023-09-23T03:53:21.366+0000] {processor.py:157} INFO - Started process (PID=615) to work on /home/airflow/.local/lib/python3.8/site-packages/airflow/example_dags/example_complex.py
[2023-09-23T03:53:21.389+0000] {processor.py:829} INFO - Processing file /home/airflow/.local/lib/python3.8/site-packages/airflow/example_dags/example_complex.py for tasks to queue
[2023-09-23T03:53:21.391+0000] {logging_mixin.py:151} INFO - [2023-09-23T03:53:21.390+0000] {dagbag.py:539} INFO - Filling up the DagBag from /home/airflow/.local/lib/python3.8/site-packages/airflow/example_dags/example_complex.py
[2023-09-23T03:53:21.400+0000] {processor.py:839} INFO - DAG(s) dict_keys(['example_complex']) retrieved from /home/airflow/.local/lib/python3.8/site-packages/airflow/example_dags/example_complex.py
[2023-09-23T03:53:21.428+0000] {logging_mixin.py:151} INFO - [2023-09-23T03:53:21.428+0000] {dag.py:2915} INFO - Sync 1 DAGs
[2023-09-23T03:53:21.439+0000] {logging_mixin.py:151} INFO - [2023-09-23T03:53:21.438+0000] {dag.py:3696} INFO - Setting next_dagrun for example_complex to None, run_after=None
[2023-09-23T03:53:21.486+0000] {processor.py:179} INFO - Processing /home/airflow/.local/lib/python3.8/site-packages/airflow/example_dags/example_complex.py took 0.124 seconds
[2023-09-23T03:53:51.731+0000] {processor.py:157} INFO - Started process (PID=670) to work on /home/airflow/.local/lib/python3.8/site-packages/airflow/example_dags/example_complex.py
[2023-09-23T03:53:51.744+0000] {processor.py:829} INFO - Processing file /home/airflow/.local/lib/python3.8/site-packages/airflow/example_dags/example_complex.py for tasks to queue
[2023-09-23T03:53:51.745+0000] {logging_mixin.py:151} INFO - [2023-09-23T03:53:51.745+0000] {dagbag.py:539} INFO - Filling up the DagBag from /home/airflow/.local/lib/python3.8/site-packages/airflow/example_dags/example_complex.py
[2023-09-23T03:53:51.755+0000] {processor.py:839} INFO - DAG(s) dict_keys(['example_complex']) retrieved from /home/airflow/.local/lib/python3.8/site-packages/airflow/example_dags/example_complex.py
[2023-09-23T03:53:51.782+0000] {logging_mixin.py:151} INFO - [2023-09-23T03:53:51.782+0000] {dag.py:2915} INFO - Sync 1 DAGs
[2023-09-23T03:53:51.812+0000] {logging_mixin.py:151} INFO - [2023-09-23T03:53:51.812+0000] {dag.py:3696} INFO - Setting next_dagrun for example_complex to None, run_after=None
[2023-09-23T03:53:51.874+0000] {processor.py:179} INFO - Processing /home/airflow/.local/lib/python3.8/site-packages/airflow/example_dags/example_complex.py took 0.145 seconds
[2023-09-23T03:54:22.163+0000] {processor.py:157} INFO - Started process (PID=725) to work on /home/airflow/.local/lib/python3.8/site-packages/airflow/example_dags/example_complex.py
[2023-09-23T03:54:22.190+0000] {processor.py:829} INFO - Processing file /home/airflow/.local/lib/python3.8/site-packages/airflow/example_dags/example_complex.py for tasks to queue
[2023-09-23T03:54:22.192+0000] {logging_mixin.py:151} INFO - [2023-09-23T03:54:22.192+0000] {dagbag.py:539} INFO - Filling up the DagBag from /home/airflow/.local/lib/python3.8/site-packages/airflow/example_dags/example_complex.py
[2023-09-23T03:54:22.203+0000] {processor.py:839} INFO - DAG(s) dict_keys(['example_complex']) retrieved from /home/airflow/.local/lib/python3.8/site-packages/airflow/example_dags/example_complex.py
[2023-09-23T03:54:22.231+0000] {logging_mixin.py:151} INFO - [2023-09-23T03:54:22.231+0000] {dag.py:2915} INFO - Sync 1 DAGs
[2023-09-23T03:54:22.241+0000] {logging_mixin.py:151} INFO - [2023-09-23T03:54:22.241+0000] {dag.py:3696} INFO - Setting next_dagrun for example_complex to None, run_after=None
[2023-09-23T03:54:22.292+0000] {processor.py:179} INFO - Processing /home/airflow/.local/lib/python3.8/site-packages/airflow/example_dags/example_complex.py took 0.133 seconds
[2023-09-23T03:54:53.864+0000] {processor.py:157} INFO - Started process (PID=780) to work on /home/airflow/.local/lib/python3.8/site-packages/airflow/example_dags/example_complex.py
[2023-09-23T03:54:53.866+0000] {processor.py:829} INFO - Processing file /home/airflow/.local/lib/python3.8/site-packages/airflow/example_dags/example_complex.py for tasks to queue
[2023-09-23T03:54:53.868+0000] {logging_mixin.py:151} INFO - [2023-09-23T03:54:53.868+0000] {dagbag.py:539} INFO - Filling up the DagBag from /home/airflow/.local/lib/python3.8/site-packages/airflow/example_dags/example_complex.py
[2023-09-23T03:54:53.877+0000] {processor.py:839} INFO - DAG(s) dict_keys(['example_complex']) retrieved from /home/airflow/.local/lib/python3.8/site-packages/airflow/example_dags/example_complex.py
[2023-09-23T03:54:53.906+0000] {logging_mixin.py:151} INFO - [2023-09-23T03:54:53.906+0000] {dag.py:2915} INFO - Sync 1 DAGs
[2023-09-23T03:54:53.917+0000] {logging_mixin.py:151} INFO - [2023-09-23T03:54:53.916+0000] {dag.py:3696} INFO - Setting next_dagrun for example_complex to None, run_after=None
[2023-09-23T03:54:54.449+0000] {processor.py:179} INFO - Processing /home/airflow/.local/lib/python3.8/site-packages/airflow/example_dags/example_complex.py took 0.587 seconds
[2023-09-23T03:55:25.881+0000] {processor.py:157} INFO - Started process (PID=835) to work on /home/airflow/.local/lib/python3.8/site-packages/airflow/example_dags/example_complex.py
[2023-09-23T03:55:25.921+0000] {processor.py:829} INFO - Processing file /home/airflow/.local/lib/python3.8/site-packages/airflow/example_dags/example_complex.py for tasks to queue
[2023-09-23T03:55:25.922+0000] {logging_mixin.py:151} INFO - [2023-09-23T03:55:25.922+0000] {dagbag.py:539} INFO - Filling up the DagBag from /home/airflow/.local/lib/python3.8/site-packages/airflow/example_dags/example_complex.py
[2023-09-23T03:55:25.933+0000] {processor.py:839} INFO - DAG(s) dict_keys(['example_complex']) retrieved from /home/airflow/.local/lib/python3.8/site-packages/airflow/example_dags/example_complex.py
[2023-09-23T03:55:25.959+0000] {logging_mixin.py:151} INFO - [2023-09-23T03:55:25.959+0000] {dag.py:2915} INFO - Sync 1 DAGs
[2023-09-23T03:55:25.969+0000] {logging_mixin.py:151} INFO - [2023-09-23T03:55:25.969+0000] {dag.py:3696} INFO - Setting next_dagrun for example_complex to None, run_after=None
[2023-09-23T03:55:26.034+0000] {processor.py:179} INFO - Processing /home/airflow/.local/lib/python3.8/site-packages/airflow/example_dags/example_complex.py took 0.156 seconds
[2023-09-23T03:55:56.481+0000] {processor.py:157} INFO - Started process (PID=890) to work on /home/airflow/.local/lib/python3.8/site-packages/airflow/example_dags/example_complex.py
[2023-09-23T03:55:56.504+0000] {processor.py:829} INFO - Processing file /home/airflow/.local/lib/python3.8/site-packages/airflow/example_dags/example_complex.py for tasks to queue
[2023-09-23T03:55:56.506+0000] {logging_mixin.py:151} INFO - [2023-09-23T03:55:56.506+0000] {dagbag.py:539} INFO - Filling up the DagBag from /home/airflow/.local/lib/python3.8/site-packages/airflow/example_dags/example_complex.py
[2023-09-23T03:55:56.515+0000] {processor.py:839} INFO - DAG(s) dict_keys(['example_complex']) retrieved from /home/airflow/.local/lib/python3.8/site-packages/airflow/example_dags/example_complex.py
[2023-09-23T03:55:56.527+0000] {logging_mixin.py:151} INFO - [2023-09-23T03:55:56.526+0000] {dag.py:2915} INFO - Sync 1 DAGs
[2023-09-23T03:55:56.538+0000] {logging_mixin.py:151} INFO - [2023-09-23T03:55:56.538+0000] {dag.py:3696} INFO - Setting next_dagrun for example_complex to None, run_after=None
[2023-09-23T03:55:56.599+0000] {processor.py:179} INFO - Processing /home/airflow/.local/lib/python3.8/site-packages/airflow/example_dags/example_complex.py took 0.122 seconds
[2023-09-23T03:56:29.204+0000] {processor.py:157} INFO - Started process (PID=945) to work on /home/airflow/.local/lib/python3.8/site-packages/airflow/example_dags/example_complex.py
[2023-09-23T03:56:29.309+0000] {processor.py:829} INFO - Processing file /home/airflow/.local/lib/python3.8/site-packages/airflow/example_dags/example_complex.py for tasks to queue
[2023-09-23T03:56:29.315+0000] {logging_mixin.py:151} INFO - [2023-09-23T03:56:29.314+0000] {dagbag.py:539} INFO - Filling up the DagBag from /home/airflow/.local/lib/python3.8/site-packages/airflow/example_dags/example_complex.py
[2023-09-23T03:56:29.335+0000] {processor.py:839} INFO - DAG(s) dict_keys(['example_complex']) retrieved from /home/airflow/.local/lib/python3.8/site-packages/airflow/example_dags/example_complex.py
[2023-09-23T03:56:29.365+0000] {logging_mixin.py:151} INFO - [2023-09-23T03:56:29.365+0000] {dag.py:2915} INFO - Sync 1 DAGs
[2023-09-23T03:56:29.377+0000] {logging_mixin.py:151} INFO - [2023-09-23T03:56:29.377+0000] {dag.py:3696} INFO - Setting next_dagrun for example_complex to None, run_after=None
[2023-09-23T03:56:30.125+0000] {processor.py:179} INFO - Processing /home/airflow/.local/lib/python3.8/site-packages/airflow/example_dags/example_complex.py took 0.923 seconds
[2023-09-23T03:57:02.984+0000] {processor.py:157} INFO - Started process (PID=1000) to work on /home/airflow/.local/lib/python3.8/site-packages/airflow/example_dags/example_complex.py
[2023-09-23T03:57:03.318+0000] {processor.py:829} INFO - Processing file /home/airflow/.local/lib/python3.8/site-packages/airflow/example_dags/example_complex.py for tasks to queue
[2023-09-23T03:57:03.320+0000] {logging_mixin.py:151} INFO - [2023-09-23T03:57:03.320+0000] {dagbag.py:539} INFO - Filling up the DagBag from /home/airflow/.local/lib/python3.8/site-packages/airflow/example_dags/example_complex.py
[2023-09-23T03:57:03.330+0000] {processor.py:839} INFO - DAG(s) dict_keys(['example_complex']) retrieved from /home/airflow/.local/lib/python3.8/site-packages/airflow/example_dags/example_complex.py
[2023-09-23T03:57:03.358+0000] {logging_mixin.py:151} INFO - [2023-09-23T03:57:03.358+0000] {dag.py:2915} INFO - Sync 1 DAGs
[2023-09-23T03:57:03.368+0000] {logging_mixin.py:151} INFO - [2023-09-23T03:57:03.368+0000] {dag.py:3696} INFO - Setting next_dagrun for example_complex to None, run_after=None
[2023-09-23T03:57:04.442+0000] {processor.py:179} INFO - Processing /home/airflow/.local/lib/python3.8/site-packages/airflow/example_dags/example_complex.py took 1.462 seconds
[2023-09-23T03:57:35.176+0000] {processor.py:157} INFO - Started process (PID=1055) to work on /home/airflow/.local/lib/python3.8/site-packages/airflow/example_dags/example_complex.py
[2023-09-23T03:57:35.816+0000] {processor.py:829} INFO - Processing file /home/airflow/.local/lib/python3.8/site-packages/airflow/example_dags/example_complex.py for tasks to queue
[2023-09-23T03:57:35.817+0000] {logging_mixin.py:151} INFO - [2023-09-23T03:57:35.817+0000] {dagbag.py:539} INFO - Filling up the DagBag from /home/airflow/.local/lib/python3.8/site-packages/airflow/example_dags/example_complex.py
[2023-09-23T03:57:35.826+0000] {processor.py:839} INFO - DAG(s) dict_keys(['example_complex']) retrieved from /home/airflow/.local/lib/python3.8/site-packages/airflow/example_dags/example_complex.py
[2023-09-23T03:57:35.854+0000] {logging_mixin.py:151} INFO - [2023-09-23T03:57:35.854+0000] {dag.py:2915} INFO - Sync 1 DAGs
[2023-09-23T03:57:35.865+0000] {logging_mixin.py:151} INFO - [2023-09-23T03:57:35.865+0000] {dag.py:3696} INFO - Setting next_dagrun for example_complex to None, run_after=None
[2023-09-23T03:57:36.067+0000] {processor.py:179} INFO - Processing /home/airflow/.local/lib/python3.8/site-packages/airflow/example_dags/example_complex.py took 0.894 seconds
[2023-09-23T04:04:47.222+0000] {processor.py:157} INFO - Started process (PID=74) to work on /home/airflow/.local/lib/python3.8/site-packages/airflow/example_dags/example_complex.py
[2023-09-23T04:04:47.247+0000] {processor.py:829} INFO - Processing file /home/airflow/.local/lib/python3.8/site-packages/airflow/example_dags/example_complex.py for tasks to queue
[2023-09-23T04:04:47.249+0000] {logging_mixin.py:151} INFO - [2023-09-23T04:04:47.249+0000] {dagbag.py:539} INFO - Filling up the DagBag from /home/airflow/.local/lib/python3.8/site-packages/airflow/example_dags/example_complex.py
[2023-09-23T04:04:47.261+0000] {processor.py:839} INFO - DAG(s) dict_keys(['example_complex']) retrieved from /home/airflow/.local/lib/python3.8/site-packages/airflow/example_dags/example_complex.py
[2023-09-23T04:04:47.290+0000] {logging_mixin.py:151} INFO - [2023-09-23T04:04:47.290+0000] {dag.py:2915} INFO - Sync 1 DAGs
[2023-09-23T04:04:47.301+0000] {logging_mixin.py:151} INFO - [2023-09-23T04:04:47.301+0000] {dag.py:3696} INFO - Setting next_dagrun for example_complex to None, run_after=None
[2023-09-23T04:04:47.340+0000] {processor.py:179} INFO - Processing /home/airflow/.local/lib/python3.8/site-packages/airflow/example_dags/example_complex.py took 0.120 seconds
[2023-09-23T04:05:22.169+0000] {processor.py:157} INFO - Started process (PID=130) to work on /home/airflow/.local/lib/python3.8/site-packages/airflow/example_dags/example_complex.py
[2023-09-23T04:05:22.171+0000] {processor.py:829} INFO - Processing file /home/airflow/.local/lib/python3.8/site-packages/airflow/example_dags/example_complex.py for tasks to queue
[2023-09-23T04:05:22.173+0000] {logging_mixin.py:151} INFO - [2023-09-23T04:05:22.172+0000] {dagbag.py:539} INFO - Filling up the DagBag from /home/airflow/.local/lib/python3.8/site-packages/airflow/example_dags/example_complex.py
[2023-09-23T04:05:22.182+0000] {processor.py:839} INFO - DAG(s) dict_keys(['example_complex']) retrieved from /home/airflow/.local/lib/python3.8/site-packages/airflow/example_dags/example_complex.py
[2023-09-23T04:05:22.210+0000] {logging_mixin.py:151} INFO - [2023-09-23T04:05:22.210+0000] {dag.py:2915} INFO - Sync 1 DAGs
[2023-09-23T04:05:22.220+0000] {logging_mixin.py:151} INFO - [2023-09-23T04:05:22.220+0000] {dag.py:3696} INFO - Setting next_dagrun for example_complex to None, run_after=None
[2023-09-23T04:05:22.799+0000] {processor.py:179} INFO - Processing /home/airflow/.local/lib/python3.8/site-packages/airflow/example_dags/example_complex.py took 0.633 seconds
[2023-09-23T04:05:53.362+0000] {processor.py:157} INFO - Started process (PID=185) to work on /home/airflow/.local/lib/python3.8/site-packages/airflow/example_dags/example_complex.py
[2023-09-23T04:05:53.389+0000] {processor.py:829} INFO - Processing file /home/airflow/.local/lib/python3.8/site-packages/airflow/example_dags/example_complex.py for tasks to queue
[2023-09-23T04:05:53.391+0000] {logging_mixin.py:151} INFO - [2023-09-23T04:05:53.390+0000] {dagbag.py:539} INFO - Filling up the DagBag from /home/airflow/.local/lib/python3.8/site-packages/airflow/example_dags/example_complex.py
[2023-09-23T04:05:53.400+0000] {processor.py:839} INFO - DAG(s) dict_keys(['example_complex']) retrieved from /home/airflow/.local/lib/python3.8/site-packages/airflow/example_dags/example_complex.py
[2023-09-23T04:05:53.427+0000] {logging_mixin.py:151} INFO - [2023-09-23T04:05:53.426+0000] {dag.py:2915} INFO - Sync 1 DAGs
[2023-09-23T04:05:53.437+0000] {logging_mixin.py:151} INFO - [2023-09-23T04:05:53.437+0000] {dag.py:3696} INFO - Setting next_dagrun for example_complex to None, run_after=None
[2023-09-23T04:05:53.483+0000] {processor.py:179} INFO - Processing /home/airflow/.local/lib/python3.8/site-packages/airflow/example_dags/example_complex.py took 0.123 seconds
[2023-09-23T04:06:24.456+0000] {processor.py:157} INFO - Started process (PID=240) to work on /home/airflow/.local/lib/python3.8/site-packages/airflow/example_dags/example_complex.py
[2023-09-23T04:06:24.466+0000] {processor.py:829} INFO - Processing file /home/airflow/.local/lib/python3.8/site-packages/airflow/example_dags/example_complex.py for tasks to queue
[2023-09-23T04:06:24.468+0000] {logging_mixin.py:151} INFO - [2023-09-23T04:06:24.467+0000] {dagbag.py:539} INFO - Filling up the DagBag from /home/airflow/.local/lib/python3.8/site-packages/airflow/example_dags/example_complex.py
[2023-09-23T04:06:24.477+0000] {processor.py:839} INFO - DAG(s) dict_keys(['example_complex']) retrieved from /home/airflow/.local/lib/python3.8/site-packages/airflow/example_dags/example_complex.py
[2023-09-23T04:06:24.506+0000] {logging_mixin.py:151} INFO - [2023-09-23T04:06:24.506+0000] {dag.py:2915} INFO - Sync 1 DAGs
[2023-09-23T04:06:24.516+0000] {logging_mixin.py:151} INFO - [2023-09-23T04:06:24.516+0000] {dag.py:3696} INFO - Setting next_dagrun for example_complex to None, run_after=None
[2023-09-23T04:06:24.560+0000] {processor.py:179} INFO - Processing /home/airflow/.local/lib/python3.8/site-packages/airflow/example_dags/example_complex.py took 0.107 seconds
[2023-09-23T04:06:54.774+0000] {processor.py:157} INFO - Started process (PID=295) to work on /home/airflow/.local/lib/python3.8/site-packages/airflow/example_dags/example_complex.py
[2023-09-23T04:06:54.776+0000] {processor.py:829} INFO - Processing file /home/airflow/.local/lib/python3.8/site-packages/airflow/example_dags/example_complex.py for tasks to queue
[2023-09-23T04:06:54.777+0000] {logging_mixin.py:151} INFO - [2023-09-23T04:06:54.777+0000] {dagbag.py:539} INFO - Filling up the DagBag from /home/airflow/.local/lib/python3.8/site-packages/airflow/example_dags/example_complex.py
[2023-09-23T04:06:54.787+0000] {processor.py:839} INFO - DAG(s) dict_keys(['example_complex']) retrieved from /home/airflow/.local/lib/python3.8/site-packages/airflow/example_dags/example_complex.py
[2023-09-23T04:06:54.816+0000] {logging_mixin.py:151} INFO - [2023-09-23T04:06:54.816+0000] {dag.py:2915} INFO - Sync 1 DAGs
[2023-09-23T04:06:54.827+0000] {logging_mixin.py:151} INFO - [2023-09-23T04:06:54.827+0000] {dag.py:3696} INFO - Setting next_dagrun for example_complex to None, run_after=None
[2023-09-23T04:06:54.905+0000] {processor.py:179} INFO - Processing /home/airflow/.local/lib/python3.8/site-packages/airflow/example_dags/example_complex.py took 0.134 seconds
[2023-09-23T04:07:25.802+0000] {processor.py:157} INFO - Started process (PID=350) to work on /home/airflow/.local/lib/python3.8/site-packages/airflow/example_dags/example_complex.py
[2023-09-23T04:07:25.803+0000] {processor.py:829} INFO - Processing file /home/airflow/.local/lib/python3.8/site-packages/airflow/example_dags/example_complex.py for tasks to queue
[2023-09-23T04:07:25.805+0000] {logging_mixin.py:151} INFO - [2023-09-23T04:07:25.805+0000] {dagbag.py:539} INFO - Filling up the DagBag from /home/airflow/.local/lib/python3.8/site-packages/airflow/example_dags/example_complex.py
[2023-09-23T04:07:25.815+0000] {processor.py:839} INFO - DAG(s) dict_keys(['example_complex']) retrieved from /home/airflow/.local/lib/python3.8/site-packages/airflow/example_dags/example_complex.py
[2023-09-23T04:07:25.842+0000] {logging_mixin.py:151} INFO - [2023-09-23T04:07:25.842+0000] {dag.py:2915} INFO - Sync 1 DAGs
[2023-09-23T04:07:25.852+0000] {logging_mixin.py:151} INFO - [2023-09-23T04:07:25.852+0000] {dag.py:3696} INFO - Setting next_dagrun for example_complex to None, run_after=None
[2023-09-23T04:07:25.912+0000] {processor.py:179} INFO - Processing /home/airflow/.local/lib/python3.8/site-packages/airflow/example_dags/example_complex.py took 0.113 seconds
[2023-09-23T04:07:58.266+0000] {processor.py:157} INFO - Started process (PID=405) to work on /home/airflow/.local/lib/python3.8/site-packages/airflow/example_dags/example_complex.py
[2023-09-23T04:07:58.270+0000] {processor.py:829} INFO - Processing file /home/airflow/.local/lib/python3.8/site-packages/airflow/example_dags/example_complex.py for tasks to queue
[2023-09-23T04:07:58.272+0000] {logging_mixin.py:151} INFO - [2023-09-23T04:07:58.272+0000] {dagbag.py:539} INFO - Filling up the DagBag from /home/airflow/.local/lib/python3.8/site-packages/airflow/example_dags/example_complex.py
[2023-09-23T04:07:58.282+0000] {processor.py:839} INFO - DAG(s) dict_keys(['example_complex']) retrieved from /home/airflow/.local/lib/python3.8/site-packages/airflow/example_dags/example_complex.py
[2023-09-23T04:07:58.309+0000] {logging_mixin.py:151} INFO - [2023-09-23T04:07:58.309+0000] {dag.py:2915} INFO - Sync 1 DAGs
[2023-09-23T04:07:58.320+0000] {logging_mixin.py:151} INFO - [2023-09-23T04:07:58.320+0000] {dag.py:3696} INFO - Setting next_dagrun for example_complex to None, run_after=None
[2023-09-23T04:07:58.360+0000] {processor.py:179} INFO - Processing /home/airflow/.local/lib/python3.8/site-packages/airflow/example_dags/example_complex.py took 0.097 seconds
[2023-09-23T04:08:28.888+0000] {processor.py:157} INFO - Started process (PID=460) to work on /home/airflow/.local/lib/python3.8/site-packages/airflow/example_dags/example_complex.py
[2023-09-23T04:08:28.890+0000] {processor.py:829} INFO - Processing file /home/airflow/.local/lib/python3.8/site-packages/airflow/example_dags/example_complex.py for tasks to queue
[2023-09-23T04:08:28.891+0000] {logging_mixin.py:151} INFO - [2023-09-23T04:08:28.891+0000] {dagbag.py:539} INFO - Filling up the DagBag from /home/airflow/.local/lib/python3.8/site-packages/airflow/example_dags/example_complex.py
[2023-09-23T04:08:28.901+0000] {processor.py:839} INFO - DAG(s) dict_keys(['example_complex']) retrieved from /home/airflow/.local/lib/python3.8/site-packages/airflow/example_dags/example_complex.py
[2023-09-23T04:08:28.930+0000] {logging_mixin.py:151} INFO - [2023-09-23T04:08:28.930+0000] {dag.py:2915} INFO - Sync 1 DAGs
[2023-09-23T04:08:28.941+0000] {logging_mixin.py:151} INFO - [2023-09-23T04:08:28.940+0000] {dag.py:3696} INFO - Setting next_dagrun for example_complex to None, run_after=None
[2023-09-23T04:08:29.046+0000] {processor.py:179} INFO - Processing /home/airflow/.local/lib/python3.8/site-packages/airflow/example_dags/example_complex.py took 0.161 seconds
[2023-09-23T04:09:01.710+0000] {processor.py:157} INFO - Started process (PID=515) to work on /home/airflow/.local/lib/python3.8/site-packages/airflow/example_dags/example_complex.py
[2023-09-23T04:09:01.724+0000] {processor.py:829} INFO - Processing file /home/airflow/.local/lib/python3.8/site-packages/airflow/example_dags/example_complex.py for tasks to queue
[2023-09-23T04:09:01.726+0000] {logging_mixin.py:151} INFO - [2023-09-23T04:09:01.726+0000] {dagbag.py:539} INFO - Filling up the DagBag from /home/airflow/.local/lib/python3.8/site-packages/airflow/example_dags/example_complex.py
[2023-09-23T04:09:01.735+0000] {processor.py:839} INFO - DAG(s) dict_keys(['example_complex']) retrieved from /home/airflow/.local/lib/python3.8/site-packages/airflow/example_dags/example_complex.py
[2023-09-23T04:09:01.763+0000] {logging_mixin.py:151} INFO - [2023-09-23T04:09:01.763+0000] {dag.py:2915} INFO - Sync 1 DAGs
[2023-09-23T04:09:01.773+0000] {logging_mixin.py:151} INFO - [2023-09-23T04:09:01.773+0000] {dag.py:3696} INFO - Setting next_dagrun for example_complex to None, run_after=None
[2023-09-23T04:09:01.853+0000] {processor.py:179} INFO - Processing /home/airflow/.local/lib/python3.8/site-packages/airflow/example_dags/example_complex.py took 0.146 seconds
[2023-09-23T04:09:32.052+0000] {processor.py:157} INFO - Started process (PID=570) to work on /home/airflow/.local/lib/python3.8/site-packages/airflow/example_dags/example_complex.py
[2023-09-23T04:09:32.055+0000] {processor.py:829} INFO - Processing file /home/airflow/.local/lib/python3.8/site-packages/airflow/example_dags/example_complex.py for tasks to queue
[2023-09-23T04:09:32.057+0000] {logging_mixin.py:151} INFO - [2023-09-23T04:09:32.056+0000] {dagbag.py:539} INFO - Filling up the DagBag from /home/airflow/.local/lib/python3.8/site-packages/airflow/example_dags/example_complex.py
[2023-09-23T04:09:32.066+0000] {processor.py:839} INFO - DAG(s) dict_keys(['example_complex']) retrieved from /home/airflow/.local/lib/python3.8/site-packages/airflow/example_dags/example_complex.py
[2023-09-23T04:09:32.094+0000] {logging_mixin.py:151} INFO - [2023-09-23T04:09:32.093+0000] {dag.py:2915} INFO - Sync 1 DAGs
[2023-09-23T04:09:32.104+0000] {logging_mixin.py:151} INFO - [2023-09-23T04:09:32.104+0000] {dag.py:3696} INFO - Setting next_dagrun for example_complex to None, run_after=None
[2023-09-23T04:09:32.171+0000] {processor.py:179} INFO - Processing /home/airflow/.local/lib/python3.8/site-packages/airflow/example_dags/example_complex.py took 0.122 seconds
[2023-09-23T04:10:03.129+0000] {processor.py:157} INFO - Started process (PID=625) to work on /home/airflow/.local/lib/python3.8/site-packages/airflow/example_dags/example_complex.py
[2023-09-23T04:10:03.131+0000] {processor.py:829} INFO - Processing file /home/airflow/.local/lib/python3.8/site-packages/airflow/example_dags/example_complex.py for tasks to queue
[2023-09-23T04:10:03.132+0000] {logging_mixin.py:151} INFO - [2023-09-23T04:10:03.132+0000] {dagbag.py:539} INFO - Filling up the DagBag from /home/airflow/.local/lib/python3.8/site-packages/airflow/example_dags/example_complex.py
[2023-09-23T04:10:03.142+0000] {processor.py:839} INFO - DAG(s) dict_keys(['example_complex']) retrieved from /home/airflow/.local/lib/python3.8/site-packages/airflow/example_dags/example_complex.py
[2023-09-23T04:10:03.170+0000] {logging_mixin.py:151} INFO - [2023-09-23T04:10:03.170+0000] {dag.py:2915} INFO - Sync 1 DAGs
[2023-09-23T04:10:03.181+0000] {logging_mixin.py:151} INFO - [2023-09-23T04:10:03.180+0000] {dag.py:3696} INFO - Setting next_dagrun for example_complex to None, run_after=None
[2023-09-23T04:10:03.232+0000] {processor.py:179} INFO - Processing /home/airflow/.local/lib/python3.8/site-packages/airflow/example_dags/example_complex.py took 0.106 seconds
[2023-09-23T04:10:34.676+0000] {processor.py:157} INFO - Started process (PID=680) to work on /home/airflow/.local/lib/python3.8/site-packages/airflow/example_dags/example_complex.py
[2023-09-23T04:10:34.691+0000] {processor.py:829} INFO - Processing file /home/airflow/.local/lib/python3.8/site-packages/airflow/example_dags/example_complex.py for tasks to queue
[2023-09-23T04:10:34.693+0000] {logging_mixin.py:151} INFO - [2023-09-23T04:10:34.693+0000] {dagbag.py:539} INFO - Filling up the DagBag from /home/airflow/.local/lib/python3.8/site-packages/airflow/example_dags/example_complex.py
[2023-09-23T04:10:34.703+0000] {processor.py:839} INFO - DAG(s) dict_keys(['example_complex']) retrieved from /home/airflow/.local/lib/python3.8/site-packages/airflow/example_dags/example_complex.py
[2023-09-23T04:10:34.730+0000] {logging_mixin.py:151} INFO - [2023-09-23T04:10:34.730+0000] {dag.py:2915} INFO - Sync 1 DAGs
[2023-09-23T04:10:34.740+0000] {logging_mixin.py:151} INFO - [2023-09-23T04:10:34.740+0000] {dag.py:3696} INFO - Setting next_dagrun for example_complex to None, run_after=None
[2023-09-23T04:10:34.781+0000] {processor.py:179} INFO - Processing /home/airflow/.local/lib/python3.8/site-packages/airflow/example_dags/example_complex.py took 0.107 seconds
[2023-09-23T04:11:07.600+0000] {processor.py:157} INFO - Started process (PID=735) to work on /home/airflow/.local/lib/python3.8/site-packages/airflow/example_dags/example_complex.py
[2023-09-23T04:11:07.601+0000] {processor.py:829} INFO - Processing file /home/airflow/.local/lib/python3.8/site-packages/airflow/example_dags/example_complex.py for tasks to queue
[2023-09-23T04:11:07.602+0000] {logging_mixin.py:151} INFO - [2023-09-23T04:11:07.602+0000] {dagbag.py:539} INFO - Filling up the DagBag from /home/airflow/.local/lib/python3.8/site-packages/airflow/example_dags/example_complex.py
[2023-09-23T04:11:07.612+0000] {processor.py:839} INFO - DAG(s) dict_keys(['example_complex']) retrieved from /home/airflow/.local/lib/python3.8/site-packages/airflow/example_dags/example_complex.py
[2023-09-23T04:11:07.639+0000] {logging_mixin.py:151} INFO - [2023-09-23T04:11:07.639+0000] {dag.py:2915} INFO - Sync 1 DAGs
[2023-09-23T04:11:07.650+0000] {logging_mixin.py:151} INFO - [2023-09-23T04:11:07.649+0000] {dag.py:3696} INFO - Setting next_dagrun for example_complex to None, run_after=None
[2023-09-23T04:11:07.747+0000] {processor.py:179} INFO - Processing /home/airflow/.local/lib/python3.8/site-packages/airflow/example_dags/example_complex.py took 0.150 seconds
[2023-09-23T04:11:38.698+0000] {processor.py:157} INFO - Started process (PID=790) to work on /home/airflow/.local/lib/python3.8/site-packages/airflow/example_dags/example_complex.py
[2023-09-23T04:11:38.730+0000] {processor.py:829} INFO - Processing file /home/airflow/.local/lib/python3.8/site-packages/airflow/example_dags/example_complex.py for tasks to queue
[2023-09-23T04:11:38.732+0000] {logging_mixin.py:151} INFO - [2023-09-23T04:11:38.731+0000] {dagbag.py:539} INFO - Filling up the DagBag from /home/airflow/.local/lib/python3.8/site-packages/airflow/example_dags/example_complex.py
[2023-09-23T04:11:38.741+0000] {processor.py:839} INFO - DAG(s) dict_keys(['example_complex']) retrieved from /home/airflow/.local/lib/python3.8/site-packages/airflow/example_dags/example_complex.py
[2023-09-23T04:11:38.768+0000] {logging_mixin.py:151} INFO - [2023-09-23T04:11:38.768+0000] {dag.py:2915} INFO - Sync 1 DAGs
[2023-09-23T04:11:38.778+0000] {logging_mixin.py:151} INFO - [2023-09-23T04:11:38.778+0000] {dag.py:3696} INFO - Setting next_dagrun for example_complex to None, run_after=None
[2023-09-23T04:11:38.844+0000] {processor.py:179} INFO - Processing /home/airflow/.local/lib/python3.8/site-packages/airflow/example_dags/example_complex.py took 0.149 seconds
[2023-09-23T04:12:09.479+0000] {processor.py:157} INFO - Started process (PID=845) to work on /home/airflow/.local/lib/python3.8/site-packages/airflow/example_dags/example_complex.py
[2023-09-23T04:12:09.498+0000] {processor.py:829} INFO - Processing file /home/airflow/.local/lib/python3.8/site-packages/airflow/example_dags/example_complex.py for tasks to queue
[2023-09-23T04:12:09.499+0000] {logging_mixin.py:151} INFO - [2023-09-23T04:12:09.499+0000] {dagbag.py:539} INFO - Filling up the DagBag from /home/airflow/.local/lib/python3.8/site-packages/airflow/example_dags/example_complex.py
[2023-09-23T04:12:09.508+0000] {processor.py:839} INFO - DAG(s) dict_keys(['example_complex']) retrieved from /home/airflow/.local/lib/python3.8/site-packages/airflow/example_dags/example_complex.py
[2023-09-23T04:12:09.535+0000] {logging_mixin.py:151} INFO - [2023-09-23T04:12:09.535+0000] {dag.py:2915} INFO - Sync 1 DAGs
[2023-09-23T04:12:09.546+0000] {logging_mixin.py:151} INFO - [2023-09-23T04:12:09.546+0000] {dag.py:3696} INFO - Setting next_dagrun for example_complex to None, run_after=None
[2023-09-23T04:12:09.659+0000] {processor.py:179} INFO - Processing /home/airflow/.local/lib/python3.8/site-packages/airflow/example_dags/example_complex.py took 0.182 seconds
[2023-09-23T04:12:40.262+0000] {processor.py:157} INFO - Started process (PID=900) to work on /home/airflow/.local/lib/python3.8/site-packages/airflow/example_dags/example_complex.py
[2023-09-23T04:12:40.359+0000] {processor.py:829} INFO - Processing file /home/airflow/.local/lib/python3.8/site-packages/airflow/example_dags/example_complex.py for tasks to queue
[2023-09-23T04:12:40.365+0000] {logging_mixin.py:151} INFO - [2023-09-23T04:12:40.364+0000] {dagbag.py:539} INFO - Filling up the DagBag from /home/airflow/.local/lib/python3.8/site-packages/airflow/example_dags/example_complex.py
[2023-09-23T04:12:40.381+0000] {processor.py:839} INFO - DAG(s) dict_keys(['example_complex']) retrieved from /home/airflow/.local/lib/python3.8/site-packages/airflow/example_dags/example_complex.py
[2023-09-23T04:12:40.408+0000] {logging_mixin.py:151} INFO - [2023-09-23T04:12:40.408+0000] {dag.py:2915} INFO - Sync 1 DAGs
[2023-09-23T04:12:40.418+0000] {logging_mixin.py:151} INFO - [2023-09-23T04:12:40.418+0000] {dag.py:3696} INFO - Setting next_dagrun for example_complex to None, run_after=None
[2023-09-23T04:12:40.490+0000] {processor.py:179} INFO - Processing /home/airflow/.local/lib/python3.8/site-packages/airflow/example_dags/example_complex.py took 0.230 seconds
[2023-09-23T04:13:11.049+0000] {processor.py:157} INFO - Started process (PID=955) to work on /home/airflow/.local/lib/python3.8/site-packages/airflow/example_dags/example_complex.py
[2023-09-23T04:13:11.070+0000] {processor.py:829} INFO - Processing file /home/airflow/.local/lib/python3.8/site-packages/airflow/example_dags/example_complex.py for tasks to queue
[2023-09-23T04:13:11.072+0000] {logging_mixin.py:151} INFO - [2023-09-23T04:13:11.072+0000] {dagbag.py:539} INFO - Filling up the DagBag from /home/airflow/.local/lib/python3.8/site-packages/airflow/example_dags/example_complex.py
[2023-09-23T04:13:11.084+0000] {processor.py:839} INFO - DAG(s) dict_keys(['example_complex']) retrieved from /home/airflow/.local/lib/python3.8/site-packages/airflow/example_dags/example_complex.py
[2023-09-23T04:13:11.112+0000] {logging_mixin.py:151} INFO - [2023-09-23T04:13:11.112+0000] {dag.py:2915} INFO - Sync 1 DAGs
[2023-09-23T04:13:11.122+0000] {logging_mixin.py:151} INFO - [2023-09-23T04:13:11.122+0000] {dag.py:3696} INFO - Setting next_dagrun for example_complex to None, run_after=None
[2023-09-23T04:13:11.169+0000] {processor.py:179} INFO - Processing /home/airflow/.local/lib/python3.8/site-packages/airflow/example_dags/example_complex.py took 0.124 seconds
[2023-09-23T04:13:42.437+0000] {processor.py:157} INFO - Started process (PID=1010) to work on /home/airflow/.local/lib/python3.8/site-packages/airflow/example_dags/example_complex.py
[2023-09-23T04:13:42.447+0000] {processor.py:829} INFO - Processing file /home/airflow/.local/lib/python3.8/site-packages/airflow/example_dags/example_complex.py for tasks to queue
[2023-09-23T04:13:42.449+0000] {logging_mixin.py:151} INFO - [2023-09-23T04:13:42.449+0000] {dagbag.py:539} INFO - Filling up the DagBag from /home/airflow/.local/lib/python3.8/site-packages/airflow/example_dags/example_complex.py
[2023-09-23T04:13:42.458+0000] {processor.py:839} INFO - DAG(s) dict_keys(['example_complex']) retrieved from /home/airflow/.local/lib/python3.8/site-packages/airflow/example_dags/example_complex.py
[2023-09-23T04:13:42.485+0000] {logging_mixin.py:151} INFO - [2023-09-23T04:13:42.485+0000] {dag.py:2915} INFO - Sync 1 DAGs
[2023-09-23T04:13:42.496+0000] {logging_mixin.py:151} INFO - [2023-09-23T04:13:42.495+0000] {dag.py:3696} INFO - Setting next_dagrun for example_complex to None, run_after=None
[2023-09-23T04:13:42.542+0000] {processor.py:179} INFO - Processing /home/airflow/.local/lib/python3.8/site-packages/airflow/example_dags/example_complex.py took 0.108 seconds
[2023-09-23T04:14:14.613+0000] {processor.py:157} INFO - Started process (PID=1065) to work on /home/airflow/.local/lib/python3.8/site-packages/airflow/example_dags/example_complex.py
[2023-09-23T04:14:14.617+0000] {processor.py:829} INFO - Processing file /home/airflow/.local/lib/python3.8/site-packages/airflow/example_dags/example_complex.py for tasks to queue
[2023-09-23T04:14:14.619+0000] {logging_mixin.py:151} INFO - [2023-09-23T04:14:14.618+0000] {dagbag.py:539} INFO - Filling up the DagBag from /home/airflow/.local/lib/python3.8/site-packages/airflow/example_dags/example_complex.py
[2023-09-23T04:14:14.628+0000] {processor.py:839} INFO - DAG(s) dict_keys(['example_complex']) retrieved from /home/airflow/.local/lib/python3.8/site-packages/airflow/example_dags/example_complex.py
[2023-09-23T04:14:14.656+0000] {logging_mixin.py:151} INFO - [2023-09-23T04:14:14.656+0000] {dag.py:2915} INFO - Sync 1 DAGs
[2023-09-23T04:14:14.667+0000] {logging_mixin.py:151} INFO - [2023-09-23T04:14:14.666+0000] {dag.py:3696} INFO - Setting next_dagrun for example_complex to None, run_after=None
[2023-09-23T04:14:14.707+0000] {processor.py:179} INFO - Processing /home/airflow/.local/lib/python3.8/site-packages/airflow/example_dags/example_complex.py took 0.096 seconds
[2023-09-23T04:14:46.086+0000] {processor.py:157} INFO - Started process (PID=1120) to work on /home/airflow/.local/lib/python3.8/site-packages/airflow/example_dags/example_complex.py
[2023-09-23T04:14:46.091+0000] {processor.py:829} INFO - Processing file /home/airflow/.local/lib/python3.8/site-packages/airflow/example_dags/example_complex.py for tasks to queue
[2023-09-23T04:14:46.093+0000] {logging_mixin.py:151} INFO - [2023-09-23T04:14:46.093+0000] {dagbag.py:539} INFO - Filling up the DagBag from /home/airflow/.local/lib/python3.8/site-packages/airflow/example_dags/example_complex.py
[2023-09-23T04:14:46.102+0000] {processor.py:839} INFO - DAG(s) dict_keys(['example_complex']) retrieved from /home/airflow/.local/lib/python3.8/site-packages/airflow/example_dags/example_complex.py
[2023-09-23T04:14:46.129+0000] {logging_mixin.py:151} INFO - [2023-09-23T04:14:46.129+0000] {dag.py:2915} INFO - Sync 1 DAGs
[2023-09-23T04:14:46.139+0000] {logging_mixin.py:151} INFO - [2023-09-23T04:14:46.139+0000] {dag.py:3696} INFO - Setting next_dagrun for example_complex to None, run_after=None
[2023-09-23T04:14:46.190+0000] {processor.py:179} INFO - Processing /home/airflow/.local/lib/python3.8/site-packages/airflow/example_dags/example_complex.py took 0.107 seconds
[2023-09-23T04:15:16.452+0000] {processor.py:157} INFO - Started process (PID=1175) to work on /home/airflow/.local/lib/python3.8/site-packages/airflow/example_dags/example_complex.py
[2023-09-23T04:15:16.454+0000] {processor.py:829} INFO - Processing file /home/airflow/.local/lib/python3.8/site-packages/airflow/example_dags/example_complex.py for tasks to queue
[2023-09-23T04:15:16.456+0000] {logging_mixin.py:151} INFO - [2023-09-23T04:15:16.456+0000] {dagbag.py:539} INFO - Filling up the DagBag from /home/airflow/.local/lib/python3.8/site-packages/airflow/example_dags/example_complex.py
[2023-09-23T04:15:16.465+0000] {processor.py:839} INFO - DAG(s) dict_keys(['example_complex']) retrieved from /home/airflow/.local/lib/python3.8/site-packages/airflow/example_dags/example_complex.py
[2023-09-23T04:15:16.492+0000] {logging_mixin.py:151} INFO - [2023-09-23T04:15:16.491+0000] {dag.py:2915} INFO - Sync 1 DAGs
[2023-09-23T04:15:16.502+0000] {logging_mixin.py:151} INFO - [2023-09-23T04:15:16.501+0000] {dag.py:3696} INFO - Setting next_dagrun for example_complex to None, run_after=None
[2023-09-23T04:15:16.568+0000] {processor.py:179} INFO - Processing /home/airflow/.local/lib/python3.8/site-packages/airflow/example_dags/example_complex.py took 0.119 seconds
[2023-09-23T04:15:47.400+0000] {processor.py:157} INFO - Started process (PID=1230) to work on /home/airflow/.local/lib/python3.8/site-packages/airflow/example_dags/example_complex.py
[2023-09-23T04:15:47.426+0000] {processor.py:829} INFO - Processing file /home/airflow/.local/lib/python3.8/site-packages/airflow/example_dags/example_complex.py for tasks to queue
[2023-09-23T04:15:47.427+0000] {logging_mixin.py:151} INFO - [2023-09-23T04:15:47.427+0000] {dagbag.py:539} INFO - Filling up the DagBag from /home/airflow/.local/lib/python3.8/site-packages/airflow/example_dags/example_complex.py
[2023-09-23T04:15:47.437+0000] {processor.py:839} INFO - DAG(s) dict_keys(['example_complex']) retrieved from /home/airflow/.local/lib/python3.8/site-packages/airflow/example_dags/example_complex.py
[2023-09-23T04:15:47.463+0000] {logging_mixin.py:151} INFO - [2023-09-23T04:15:47.463+0000] {dag.py:2915} INFO - Sync 1 DAGs
[2023-09-23T04:15:47.473+0000] {logging_mixin.py:151} INFO - [2023-09-23T04:15:47.473+0000] {dag.py:3696} INFO - Setting next_dagrun for example_complex to None, run_after=None
[2023-09-23T04:15:47.522+0000] {processor.py:179} INFO - Processing /home/airflow/.local/lib/python3.8/site-packages/airflow/example_dags/example_complex.py took 0.125 seconds
[2023-09-23T04:16:18.736+0000] {processor.py:157} INFO - Started process (PID=1285) to work on /home/airflow/.local/lib/python3.8/site-packages/airflow/example_dags/example_complex.py
[2023-09-23T04:16:18.742+0000] {processor.py:829} INFO - Processing file /home/airflow/.local/lib/python3.8/site-packages/airflow/example_dags/example_complex.py for tasks to queue
[2023-09-23T04:16:18.744+0000] {logging_mixin.py:151} INFO - [2023-09-23T04:16:18.744+0000] {dagbag.py:539} INFO - Filling up the DagBag from /home/airflow/.local/lib/python3.8/site-packages/airflow/example_dags/example_complex.py
[2023-09-23T04:16:18.754+0000] {processor.py:839} INFO - DAG(s) dict_keys(['example_complex']) retrieved from /home/airflow/.local/lib/python3.8/site-packages/airflow/example_dags/example_complex.py
[2023-09-23T04:16:18.782+0000] {logging_mixin.py:151} INFO - [2023-09-23T04:16:18.781+0000] {dag.py:2915} INFO - Sync 1 DAGs
[2023-09-23T04:16:18.792+0000] {logging_mixin.py:151} INFO - [2023-09-23T04:16:18.792+0000] {dag.py:3696} INFO - Setting next_dagrun for example_complex to None, run_after=None
[2023-09-23T04:16:18.841+0000] {processor.py:179} INFO - Processing /home/airflow/.local/lib/python3.8/site-packages/airflow/example_dags/example_complex.py took 0.107 seconds
[2023-09-23T04:16:49.036+0000] {processor.py:157} INFO - Started process (PID=1340) to work on /home/airflow/.local/lib/python3.8/site-packages/airflow/example_dags/example_complex.py
[2023-09-23T04:16:49.048+0000] {processor.py:829} INFO - Processing file /home/airflow/.local/lib/python3.8/site-packages/airflow/example_dags/example_complex.py for tasks to queue
[2023-09-23T04:16:49.050+0000] {logging_mixin.py:151} INFO - [2023-09-23T04:16:49.049+0000] {dagbag.py:539} INFO - Filling up the DagBag from /home/airflow/.local/lib/python3.8/site-packages/airflow/example_dags/example_complex.py
[2023-09-23T04:16:49.059+0000] {processor.py:839} INFO - DAG(s) dict_keys(['example_complex']) retrieved from /home/airflow/.local/lib/python3.8/site-packages/airflow/example_dags/example_complex.py
[2023-09-23T04:16:49.085+0000] {logging_mixin.py:151} INFO - [2023-09-23T04:16:49.085+0000] {dag.py:2915} INFO - Sync 1 DAGs
[2023-09-23T04:16:49.095+0000] {logging_mixin.py:151} INFO - [2023-09-23T04:16:49.095+0000] {dag.py:3696} INFO - Setting next_dagrun for example_complex to None, run_after=None
[2023-09-23T04:16:49.142+0000] {processor.py:179} INFO - Processing /home/airflow/.local/lib/python3.8/site-packages/airflow/example_dags/example_complex.py took 0.108 seconds
[2023-09-23T04:17:21.035+0000] {processor.py:157} INFO - Started process (PID=1395) to work on /home/airflow/.local/lib/python3.8/site-packages/airflow/example_dags/example_complex.py
[2023-09-23T04:17:21.356+0000] {processor.py:829} INFO - Processing file /home/airflow/.local/lib/python3.8/site-packages/airflow/example_dags/example_complex.py for tasks to queue
[2023-09-23T04:17:21.359+0000] {logging_mixin.py:151} INFO - [2023-09-23T04:17:21.359+0000] {dagbag.py:539} INFO - Filling up the DagBag from /home/airflow/.local/lib/python3.8/site-packages/airflow/example_dags/example_complex.py
[2023-09-23T04:17:21.369+0000] {processor.py:839} INFO - DAG(s) dict_keys(['example_complex']) retrieved from /home/airflow/.local/lib/python3.8/site-packages/airflow/example_dags/example_complex.py
[2023-09-23T04:17:21.397+0000] {logging_mixin.py:151} INFO - [2023-09-23T04:17:21.397+0000] {dag.py:2915} INFO - Sync 1 DAGs
[2023-09-23T04:17:21.408+0000] {logging_mixin.py:151} INFO - [2023-09-23T04:17:21.408+0000] {dag.py:3696} INFO - Setting next_dagrun for example_complex to None, run_after=None
[2023-09-23T04:17:21.460+0000] {processor.py:179} INFO - Processing /home/airflow/.local/lib/python3.8/site-packages/airflow/example_dags/example_complex.py took 0.428 seconds
[2023-09-23T04:17:52.035+0000] {processor.py:157} INFO - Started process (PID=1450) to work on /home/airflow/.local/lib/python3.8/site-packages/airflow/example_dags/example_complex.py
[2023-09-23T04:17:52.160+0000] {processor.py:829} INFO - Processing file /home/airflow/.local/lib/python3.8/site-packages/airflow/example_dags/example_complex.py for tasks to queue
[2023-09-23T04:17:52.162+0000] {logging_mixin.py:151} INFO - [2023-09-23T04:17:52.161+0000] {dagbag.py:539} INFO - Filling up the DagBag from /home/airflow/.local/lib/python3.8/site-packages/airflow/example_dags/example_complex.py
[2023-09-23T04:17:52.174+0000] {processor.py:839} INFO - DAG(s) dict_keys(['example_complex']) retrieved from /home/airflow/.local/lib/python3.8/site-packages/airflow/example_dags/example_complex.py
[2023-09-23T04:17:52.187+0000] {logging_mixin.py:151} INFO - [2023-09-23T04:17:52.186+0000] {dag.py:2915} INFO - Sync 1 DAGs
[2023-09-23T04:17:52.199+0000] {logging_mixin.py:151} INFO - [2023-09-23T04:17:52.199+0000] {dag.py:3696} INFO - Setting next_dagrun for example_complex to None, run_after=None
[2023-09-23T04:17:53.502+0000] {processor.py:179} INFO - Processing /home/airflow/.local/lib/python3.8/site-packages/airflow/example_dags/example_complex.py took 1.470 seconds
[2023-09-23T04:18:23.602+0000] {processor.py:157} INFO - Started process (PID=1505) to work on /home/airflow/.local/lib/python3.8/site-packages/airflow/example_dags/example_complex.py
[2023-09-23T04:18:23.624+0000] {processor.py:829} INFO - Processing file /home/airflow/.local/lib/python3.8/site-packages/airflow/example_dags/example_complex.py for tasks to queue
[2023-09-23T04:18:23.626+0000] {logging_mixin.py:151} INFO - [2023-09-23T04:18:23.626+0000] {dagbag.py:539} INFO - Filling up the DagBag from /home/airflow/.local/lib/python3.8/site-packages/airflow/example_dags/example_complex.py
[2023-09-23T04:18:23.635+0000] {processor.py:839} INFO - DAG(s) dict_keys(['example_complex']) retrieved from /home/airflow/.local/lib/python3.8/site-packages/airflow/example_dags/example_complex.py
[2023-09-23T04:18:23.663+0000] {logging_mixin.py:151} INFO - [2023-09-23T04:18:23.663+0000] {dag.py:2915} INFO - Sync 1 DAGs
[2023-09-23T04:18:23.673+0000] {logging_mixin.py:151} INFO - [2023-09-23T04:18:23.673+0000] {dag.py:3696} INFO - Setting next_dagrun for example_complex to None, run_after=None
[2023-09-23T04:18:23.739+0000] {processor.py:179} INFO - Processing /home/airflow/.local/lib/python3.8/site-packages/airflow/example_dags/example_complex.py took 0.139 seconds
[2023-09-23T04:19:02.643+0000] {processor.py:157} INFO - Started process (PID=1560) to work on /home/airflow/.local/lib/python3.8/site-packages/airflow/example_dags/example_complex.py
[2023-09-23T04:19:02.688+0000] {processor.py:829} INFO - Processing file /home/airflow/.local/lib/python3.8/site-packages/airflow/example_dags/example_complex.py for tasks to queue
[2023-09-23T04:19:02.690+0000] {logging_mixin.py:151} INFO - [2023-09-23T04:19:02.690+0000] {dagbag.py:539} INFO - Filling up the DagBag from /home/airflow/.local/lib/python3.8/site-packages/airflow/example_dags/example_complex.py
[2023-09-23T04:19:02.702+0000] {processor.py:839} INFO - DAG(s) dict_keys(['example_complex']) retrieved from /home/airflow/.local/lib/python3.8/site-packages/airflow/example_dags/example_complex.py
[2023-09-23T04:19:02.729+0000] {logging_mixin.py:151} INFO - [2023-09-23T04:19:02.729+0000] {dag.py:2915} INFO - Sync 1 DAGs
[2023-09-23T04:19:02.739+0000] {logging_mixin.py:151} INFO - [2023-09-23T04:19:02.739+0000] {dag.py:3696} INFO - Setting next_dagrun for example_complex to None, run_after=None
[2023-09-23T04:19:04.630+0000] {processor.py:179} INFO - Processing /home/airflow/.local/lib/python3.8/site-packages/airflow/example_dags/example_complex.py took 1.989 seconds
[2023-09-23T04:19:35.538+0000] {processor.py:157} INFO - Started process (PID=1615) to work on /home/airflow/.local/lib/python3.8/site-packages/airflow/example_dags/example_complex.py
[2023-09-23T04:19:35.546+0000] {processor.py:829} INFO - Processing file /home/airflow/.local/lib/python3.8/site-packages/airflow/example_dags/example_complex.py for tasks to queue
[2023-09-23T04:19:35.548+0000] {logging_mixin.py:151} INFO - [2023-09-23T04:19:35.547+0000] {dagbag.py:539} INFO - Filling up the DagBag from /home/airflow/.local/lib/python3.8/site-packages/airflow/example_dags/example_complex.py
[2023-09-23T04:19:35.557+0000] {processor.py:839} INFO - DAG(s) dict_keys(['example_complex']) retrieved from /home/airflow/.local/lib/python3.8/site-packages/airflow/example_dags/example_complex.py
[2023-09-23T04:19:35.583+0000] {logging_mixin.py:151} INFO - [2023-09-23T04:19:35.583+0000] {dag.py:2915} INFO - Sync 1 DAGs
[2023-09-23T04:19:35.594+0000] {logging_mixin.py:151} INFO - [2023-09-23T04:19:35.594+0000] {dag.py:3696} INFO - Setting next_dagrun for example_complex to None, run_after=None
[2023-09-23T04:19:36.257+0000] {processor.py:179} INFO - Processing /home/airflow/.local/lib/python3.8/site-packages/airflow/example_dags/example_complex.py took 0.722 seconds
[2023-09-23T04:24:09.347+0000] {processor.py:157} INFO - Started process (PID=66) to work on /home/airflow/.local/lib/python3.8/site-packages/airflow/example_dags/example_complex.py
[2023-09-23T04:24:09.348+0000] {processor.py:829} INFO - Processing file /home/airflow/.local/lib/python3.8/site-packages/airflow/example_dags/example_complex.py for tasks to queue
[2023-09-23T04:24:09.350+0000] {logging_mixin.py:151} INFO - [2023-09-23T04:24:09.350+0000] {dagbag.py:539} INFO - Filling up the DagBag from /home/airflow/.local/lib/python3.8/site-packages/airflow/example_dags/example_complex.py
[2023-09-23T04:24:09.366+0000] {processor.py:839} INFO - DAG(s) dict_keys(['example_complex']) retrieved from /home/airflow/.local/lib/python3.8/site-packages/airflow/example_dags/example_complex.py
[2023-09-23T04:24:09.396+0000] {logging_mixin.py:151} INFO - [2023-09-23T04:24:09.396+0000] {dag.py:2915} INFO - Sync 1 DAGs
[2023-09-23T04:24:09.408+0000] {logging_mixin.py:151} INFO - [2023-09-23T04:24:09.407+0000] {dag.py:3696} INFO - Setting next_dagrun for example_complex to None, run_after=None
[2023-09-23T04:24:09.459+0000] {processor.py:179} INFO - Processing /home/airflow/.local/lib/python3.8/site-packages/airflow/example_dags/example_complex.py took 0.115 seconds
[2023-09-23T04:24:58.062+0000] {processor.py:157} INFO - Started process (PID=129) to work on /home/airflow/.local/lib/python3.8/site-packages/airflow/example_dags/example_complex.py
[2023-09-23T04:24:58.065+0000] {processor.py:829} INFO - Processing file /home/airflow/.local/lib/python3.8/site-packages/airflow/example_dags/example_complex.py for tasks to queue
[2023-09-23T04:24:58.066+0000] {logging_mixin.py:151} INFO - [2023-09-23T04:24:58.066+0000] {dagbag.py:539} INFO - Filling up the DagBag from /home/airflow/.local/lib/python3.8/site-packages/airflow/example_dags/example_complex.py
[2023-09-23T04:24:58.076+0000] {processor.py:839} INFO - DAG(s) dict_keys(['example_complex']) retrieved from /home/airflow/.local/lib/python3.8/site-packages/airflow/example_dags/example_complex.py
[2023-09-23T04:24:58.104+0000] {logging_mixin.py:151} INFO - [2023-09-23T04:24:58.103+0000] {dag.py:2915} INFO - Sync 1 DAGs
[2023-09-23T04:24:58.114+0000] {logging_mixin.py:151} INFO - [2023-09-23T04:24:58.114+0000] {dag.py:3696} INFO - Setting next_dagrun for example_complex to None, run_after=None
[2023-09-23T04:24:58.167+0000] {processor.py:179} INFO - Processing /home/airflow/.local/lib/python3.8/site-packages/airflow/example_dags/example_complex.py took 0.108 seconds
[2023-09-23T04:25:29.622+0000] {processor.py:157} INFO - Started process (PID=184) to work on /home/airflow/.local/lib/python3.8/site-packages/airflow/example_dags/example_complex.py
[2023-09-23T04:25:29.623+0000] {processor.py:829} INFO - Processing file /home/airflow/.local/lib/python3.8/site-packages/airflow/example_dags/example_complex.py for tasks to queue
[2023-09-23T04:25:29.625+0000] {logging_mixin.py:151} INFO - [2023-09-23T04:25:29.624+0000] {dagbag.py:539} INFO - Filling up the DagBag from /home/airflow/.local/lib/python3.8/site-packages/airflow/example_dags/example_complex.py
[2023-09-23T04:25:29.634+0000] {processor.py:839} INFO - DAG(s) dict_keys(['example_complex']) retrieved from /home/airflow/.local/lib/python3.8/site-packages/airflow/example_dags/example_complex.py
[2023-09-23T04:25:29.662+0000] {logging_mixin.py:151} INFO - [2023-09-23T04:25:29.662+0000] {dag.py:2915} INFO - Sync 1 DAGs
[2023-09-23T04:25:29.672+0000] {logging_mixin.py:151} INFO - [2023-09-23T04:25:29.672+0000] {dag.py:3696} INFO - Setting next_dagrun for example_complex to None, run_after=None
[2023-09-23T04:25:29.736+0000] {processor.py:179} INFO - Processing /home/airflow/.local/lib/python3.8/site-packages/airflow/example_dags/example_complex.py took 0.117 seconds
[2023-09-23T04:26:04.608+0000] {processor.py:157} INFO - Started process (PID=239) to work on /home/airflow/.local/lib/python3.8/site-packages/airflow/example_dags/example_complex.py
[2023-09-23T04:26:04.641+0000] {processor.py:829} INFO - Processing file /home/airflow/.local/lib/python3.8/site-packages/airflow/example_dags/example_complex.py for tasks to queue
[2023-09-23T04:26:04.643+0000] {logging_mixin.py:151} INFO - [2023-09-23T04:26:04.642+0000] {dagbag.py:539} INFO - Filling up the DagBag from /home/airflow/.local/lib/python3.8/site-packages/airflow/example_dags/example_complex.py
[2023-09-23T04:26:04.652+0000] {processor.py:839} INFO - DAG(s) dict_keys(['example_complex']) retrieved from /home/airflow/.local/lib/python3.8/site-packages/airflow/example_dags/example_complex.py
[2023-09-23T04:26:04.679+0000] {logging_mixin.py:151} INFO - [2023-09-23T04:26:04.678+0000] {dag.py:2915} INFO - Sync 1 DAGs
[2023-09-23T04:26:04.688+0000] {logging_mixin.py:151} INFO - [2023-09-23T04:26:04.688+0000] {dag.py:3696} INFO - Setting next_dagrun for example_complex to None, run_after=None
[2023-09-23T04:26:04.813+0000] {processor.py:179} INFO - Processing /home/airflow/.local/lib/python3.8/site-packages/airflow/example_dags/example_complex.py took 0.209 seconds
[2023-09-23T04:26:36.078+0000] {processor.py:157} INFO - Started process (PID=294) to work on /home/airflow/.local/lib/python3.8/site-packages/airflow/example_dags/example_complex.py
[2023-09-23T04:26:36.084+0000] {processor.py:829} INFO - Processing file /home/airflow/.local/lib/python3.8/site-packages/airflow/example_dags/example_complex.py for tasks to queue
[2023-09-23T04:26:36.086+0000] {logging_mixin.py:151} INFO - [2023-09-23T04:26:36.086+0000] {dagbag.py:539} INFO - Filling up the DagBag from /home/airflow/.local/lib/python3.8/site-packages/airflow/example_dags/example_complex.py
[2023-09-23T04:26:36.095+0000] {processor.py:839} INFO - DAG(s) dict_keys(['example_complex']) retrieved from /home/airflow/.local/lib/python3.8/site-packages/airflow/example_dags/example_complex.py
[2023-09-23T04:26:36.123+0000] {logging_mixin.py:151} INFO - [2023-09-23T04:26:36.123+0000] {dag.py:2915} INFO - Sync 1 DAGs
[2023-09-23T04:26:36.134+0000] {logging_mixin.py:151} INFO - [2023-09-23T04:26:36.133+0000] {dag.py:3696} INFO - Setting next_dagrun for example_complex to None, run_after=None
[2023-09-23T04:26:36.226+0000] {processor.py:179} INFO - Processing /home/airflow/.local/lib/python3.8/site-packages/airflow/example_dags/example_complex.py took 0.150 seconds
[2023-09-23T04:27:07.921+0000] {processor.py:157} INFO - Started process (PID=349) to work on /home/airflow/.local/lib/python3.8/site-packages/airflow/example_dags/example_complex.py
[2023-09-23T04:27:07.932+0000] {processor.py:829} INFO - Processing file /home/airflow/.local/lib/python3.8/site-packages/airflow/example_dags/example_complex.py for tasks to queue
[2023-09-23T04:27:07.934+0000] {logging_mixin.py:151} INFO - [2023-09-23T04:27:07.934+0000] {dagbag.py:539} INFO - Filling up the DagBag from /home/airflow/.local/lib/python3.8/site-packages/airflow/example_dags/example_complex.py
[2023-09-23T04:27:07.943+0000] {processor.py:839} INFO - DAG(s) dict_keys(['example_complex']) retrieved from /home/airflow/.local/lib/python3.8/site-packages/airflow/example_dags/example_complex.py
[2023-09-23T04:27:07.971+0000] {logging_mixin.py:151} INFO - [2023-09-23T04:27:07.970+0000] {dag.py:2915} INFO - Sync 1 DAGs
[2023-09-23T04:27:07.981+0000] {logging_mixin.py:151} INFO - [2023-09-23T04:27:07.981+0000] {dag.py:3696} INFO - Setting next_dagrun for example_complex to None, run_after=None
[2023-09-23T04:27:08.038+0000] {processor.py:179} INFO - Processing /home/airflow/.local/lib/python3.8/site-packages/airflow/example_dags/example_complex.py took 0.120 seconds
[2023-09-23T04:27:40.303+0000] {processor.py:157} INFO - Started process (PID=404) to work on /home/airflow/.local/lib/python3.8/site-packages/airflow/example_dags/example_complex.py
[2023-09-23T04:27:40.345+0000] {processor.py:829} INFO - Processing file /home/airflow/.local/lib/python3.8/site-packages/airflow/example_dags/example_complex.py for tasks to queue
[2023-09-23T04:27:40.347+0000] {logging_mixin.py:151} INFO - [2023-09-23T04:27:40.347+0000] {dagbag.py:539} INFO - Filling up the DagBag from /home/airflow/.local/lib/python3.8/site-packages/airflow/example_dags/example_complex.py
[2023-09-23T04:27:40.357+0000] {processor.py:839} INFO - DAG(s) dict_keys(['example_complex']) retrieved from /home/airflow/.local/lib/python3.8/site-packages/airflow/example_dags/example_complex.py
[2023-09-23T04:27:40.384+0000] {logging_mixin.py:151} INFO - [2023-09-23T04:27:40.384+0000] {dag.py:2915} INFO - Sync 1 DAGs
[2023-09-23T04:27:40.395+0000] {logging_mixin.py:151} INFO - [2023-09-23T04:27:40.395+0000] {dag.py:3696} INFO - Setting next_dagrun for example_complex to None, run_after=None
[2023-09-23T04:27:40.539+0000] {processor.py:179} INFO - Processing /home/airflow/.local/lib/python3.8/site-packages/airflow/example_dags/example_complex.py took 0.239 seconds
[2023-09-23T04:28:12.024+0000] {processor.py:157} INFO - Started process (PID=459) to work on /home/airflow/.local/lib/python3.8/site-packages/airflow/example_dags/example_complex.py
[2023-09-23T04:28:12.070+0000] {processor.py:829} INFO - Processing file /home/airflow/.local/lib/python3.8/site-packages/airflow/example_dags/example_complex.py for tasks to queue
[2023-09-23T04:28:12.072+0000] {logging_mixin.py:151} INFO - [2023-09-23T04:28:12.072+0000] {dagbag.py:539} INFO - Filling up the DagBag from /home/airflow/.local/lib/python3.8/site-packages/airflow/example_dags/example_complex.py
[2023-09-23T04:28:12.084+0000] {processor.py:839} INFO - DAG(s) dict_keys(['example_complex']) retrieved from /home/airflow/.local/lib/python3.8/site-packages/airflow/example_dags/example_complex.py
[2023-09-23T04:28:12.114+0000] {logging_mixin.py:151} INFO - [2023-09-23T04:28:12.114+0000] {dag.py:2915} INFO - Sync 1 DAGs
[2023-09-23T04:28:12.125+0000] {logging_mixin.py:151} INFO - [2023-09-23T04:28:12.125+0000] {dag.py:3696} INFO - Setting next_dagrun for example_complex to None, run_after=None
[2023-09-23T04:28:12.191+0000] {processor.py:179} INFO - Processing /home/airflow/.local/lib/python3.8/site-packages/airflow/example_dags/example_complex.py took 0.171 seconds
[2023-09-23T04:28:42.580+0000] {processor.py:157} INFO - Started process (PID=514) to work on /home/airflow/.local/lib/python3.8/site-packages/airflow/example_dags/example_complex.py
[2023-09-23T04:28:42.599+0000] {processor.py:829} INFO - Processing file /home/airflow/.local/lib/python3.8/site-packages/airflow/example_dags/example_complex.py for tasks to queue
[2023-09-23T04:28:42.601+0000] {logging_mixin.py:151} INFO - [2023-09-23T04:28:42.601+0000] {dagbag.py:539} INFO - Filling up the DagBag from /home/airflow/.local/lib/python3.8/site-packages/airflow/example_dags/example_complex.py
[2023-09-23T04:28:42.611+0000] {processor.py:839} INFO - DAG(s) dict_keys(['example_complex']) retrieved from /home/airflow/.local/lib/python3.8/site-packages/airflow/example_dags/example_complex.py
[2023-09-23T04:28:42.639+0000] {logging_mixin.py:151} INFO - [2023-09-23T04:28:42.639+0000] {dag.py:2915} INFO - Sync 1 DAGs
[2023-09-23T04:28:42.650+0000] {logging_mixin.py:151} INFO - [2023-09-23T04:28:42.650+0000] {dag.py:3696} INFO - Setting next_dagrun for example_complex to None, run_after=None
[2023-09-23T04:28:42.695+0000] {processor.py:179} INFO - Processing /home/airflow/.local/lib/python3.8/site-packages/airflow/example_dags/example_complex.py took 0.117 seconds
[2023-09-23T04:29:16.214+0000] {processor.py:157} INFO - Started process (PID=569) to work on /home/airflow/.local/lib/python3.8/site-packages/airflow/example_dags/example_complex.py
[2023-09-23T04:29:16.230+0000] {processor.py:829} INFO - Processing file /home/airflow/.local/lib/python3.8/site-packages/airflow/example_dags/example_complex.py for tasks to queue
[2023-09-23T04:29:16.231+0000] {logging_mixin.py:151} INFO - [2023-09-23T04:29:16.231+0000] {dagbag.py:539} INFO - Filling up the DagBag from /home/airflow/.local/lib/python3.8/site-packages/airflow/example_dags/example_complex.py
[2023-09-23T04:29:16.241+0000] {processor.py:839} INFO - DAG(s) dict_keys(['example_complex']) retrieved from /home/airflow/.local/lib/python3.8/site-packages/airflow/example_dags/example_complex.py
[2023-09-23T04:29:16.252+0000] {logging_mixin.py:151} INFO - [2023-09-23T04:29:16.252+0000] {dag.py:2915} INFO - Sync 1 DAGs
[2023-09-23T04:29:16.264+0000] {logging_mixin.py:151} INFO - [2023-09-23T04:29:16.264+0000] {dag.py:3696} INFO - Setting next_dagrun for example_complex to None, run_after=None
[2023-09-23T04:29:16.317+0000] {processor.py:179} INFO - Processing /home/airflow/.local/lib/python3.8/site-packages/airflow/example_dags/example_complex.py took 0.107 seconds
[2023-09-23T04:29:49.372+0000] {processor.py:157} INFO - Started process (PID=624) to work on /home/airflow/.local/lib/python3.8/site-packages/airflow/example_dags/example_complex.py
[2023-09-23T04:29:49.805+0000] {processor.py:829} INFO - Processing file /home/airflow/.local/lib/python3.8/site-packages/airflow/example_dags/example_complex.py for tasks to queue
[2023-09-23T04:29:49.807+0000] {logging_mixin.py:151} INFO - [2023-09-23T04:29:49.806+0000] {dagbag.py:539} INFO - Filling up the DagBag from /home/airflow/.local/lib/python3.8/site-packages/airflow/example_dags/example_complex.py
[2023-09-23T04:29:49.816+0000] {processor.py:839} INFO - DAG(s) dict_keys(['example_complex']) retrieved from /home/airflow/.local/lib/python3.8/site-packages/airflow/example_dags/example_complex.py
[2023-09-23T04:29:49.844+0000] {logging_mixin.py:151} INFO - [2023-09-23T04:29:49.844+0000] {dag.py:2915} INFO - Sync 1 DAGs
[2023-09-23T04:29:49.859+0000] {logging_mixin.py:151} INFO - [2023-09-23T04:29:49.859+0000] {dag.py:3696} INFO - Setting next_dagrun for example_complex to None, run_after=None
[2023-09-23T04:29:51.960+0000] {processor.py:179} INFO - Processing /home/airflow/.local/lib/python3.8/site-packages/airflow/example_dags/example_complex.py took 2.591 seconds
[2023-09-23T04:30:22.272+0000] {processor.py:157} INFO - Started process (PID=679) to work on /home/airflow/.local/lib/python3.8/site-packages/airflow/example_dags/example_complex.py
[2023-09-23T04:30:22.428+0000] {processor.py:829} INFO - Processing file /home/airflow/.local/lib/python3.8/site-packages/airflow/example_dags/example_complex.py for tasks to queue
[2023-09-23T04:30:22.434+0000] {logging_mixin.py:151} INFO - [2023-09-23T04:30:22.433+0000] {dagbag.py:539} INFO - Filling up the DagBag from /home/airflow/.local/lib/python3.8/site-packages/airflow/example_dags/example_complex.py
[2023-09-23T04:30:22.443+0000] {processor.py:839} INFO - DAG(s) dict_keys(['example_complex']) retrieved from /home/airflow/.local/lib/python3.8/site-packages/airflow/example_dags/example_complex.py
[2023-09-23T04:30:22.470+0000] {logging_mixin.py:151} INFO - [2023-09-23T04:30:22.470+0000] {dag.py:2915} INFO - Sync 1 DAGs
[2023-09-23T04:30:22.480+0000] {logging_mixin.py:151} INFO - [2023-09-23T04:30:22.480+0000] {dag.py:3696} INFO - Setting next_dagrun for example_complex to None, run_after=None
[2023-09-23T04:30:22.709+0000] {processor.py:179} INFO - Processing /home/airflow/.local/lib/python3.8/site-packages/airflow/example_dags/example_complex.py took 0.440 seconds
[2023-09-23T04:30:53.679+0000] {processor.py:157} INFO - Started process (PID=734) to work on /home/airflow/.local/lib/python3.8/site-packages/airflow/example_dags/example_complex.py
[2023-09-23T04:30:54.416+0000] {processor.py:829} INFO - Processing file /home/airflow/.local/lib/python3.8/site-packages/airflow/example_dags/example_complex.py for tasks to queue
[2023-09-23T04:30:54.421+0000] {logging_mixin.py:151} INFO - [2023-09-23T04:30:54.420+0000] {dagbag.py:539} INFO - Filling up the DagBag from /home/airflow/.local/lib/python3.8/site-packages/airflow/example_dags/example_complex.py
[2023-09-23T04:30:54.431+0000] {processor.py:839} INFO - DAG(s) dict_keys(['example_complex']) retrieved from /home/airflow/.local/lib/python3.8/site-packages/airflow/example_dags/example_complex.py
[2023-09-23T04:30:54.457+0000] {logging_mixin.py:151} INFO - [2023-09-23T04:30:54.457+0000] {dag.py:2915} INFO - Sync 1 DAGs
[2023-09-23T04:30:54.467+0000] {logging_mixin.py:151} INFO - [2023-09-23T04:30:54.467+0000] {dag.py:3696} INFO - Setting next_dagrun for example_complex to None, run_after=None
[2023-09-23T04:30:54.756+0000] {processor.py:179} INFO - Processing /home/airflow/.local/lib/python3.8/site-packages/airflow/example_dags/example_complex.py took 1.079 seconds
[2023-09-23T22:35:24.410+0000] {processor.py:157} INFO - Started process (PID=73) to work on /home/airflow/.local/lib/python3.8/site-packages/airflow/example_dags/example_complex.py
[2023-09-23T22:35:24.480+0000] {processor.py:829} INFO - Processing file /home/airflow/.local/lib/python3.8/site-packages/airflow/example_dags/example_complex.py for tasks to queue
[2023-09-23T22:35:24.481+0000] {logging_mixin.py:151} INFO - [2023-09-23T22:35:24.481+0000] {dagbag.py:539} INFO - Filling up the DagBag from /home/airflow/.local/lib/python3.8/site-packages/airflow/example_dags/example_complex.py
[2023-09-23T22:35:24.493+0000] {processor.py:839} INFO - DAG(s) dict_keys(['example_complex']) retrieved from /home/airflow/.local/lib/python3.8/site-packages/airflow/example_dags/example_complex.py
[2023-09-23T22:35:24.520+0000] {logging_mixin.py:151} INFO - [2023-09-23T22:35:24.520+0000] {dag.py:2915} INFO - Sync 1 DAGs
[2023-09-23T22:35:24.532+0000] {logging_mixin.py:151} INFO - [2023-09-23T22:35:24.532+0000] {dag.py:3696} INFO - Setting next_dagrun for example_complex to None, run_after=None
[2023-09-23T22:35:24.609+0000] {processor.py:179} INFO - Processing /home/airflow/.local/lib/python3.8/site-packages/airflow/example_dags/example_complex.py took 0.202 seconds
[2023-09-23T22:36:01.858+0000] {processor.py:157} INFO - Started process (PID=135) to work on /home/airflow/.local/lib/python3.8/site-packages/airflow/example_dags/example_complex.py
[2023-09-23T22:36:01.975+0000] {processor.py:829} INFO - Processing file /home/airflow/.local/lib/python3.8/site-packages/airflow/example_dags/example_complex.py for tasks to queue
[2023-09-23T22:36:01.977+0000] {logging_mixin.py:151} INFO - [2023-09-23T22:36:01.977+0000] {dagbag.py:539} INFO - Filling up the DagBag from /home/airflow/.local/lib/python3.8/site-packages/airflow/example_dags/example_complex.py
[2023-09-23T22:36:01.990+0000] {processor.py:839} INFO - DAG(s) dict_keys(['example_complex']) retrieved from /home/airflow/.local/lib/python3.8/site-packages/airflow/example_dags/example_complex.py
[2023-09-23T22:36:02.002+0000] {logging_mixin.py:151} INFO - [2023-09-23T22:36:02.002+0000] {dag.py:2915} INFO - Sync 1 DAGs
[2023-09-23T22:36:02.014+0000] {logging_mixin.py:151} INFO - [2023-09-23T22:36:02.014+0000] {dag.py:3696} INFO - Setting next_dagrun for example_complex to None, run_after=None
[2023-09-23T22:36:02.453+0000] {processor.py:179} INFO - Processing /home/airflow/.local/lib/python3.8/site-packages/airflow/example_dags/example_complex.py took 0.597 seconds
[2023-09-23T22:36:33.552+0000] {processor.py:157} INFO - Started process (PID=190) to work on /home/airflow/.local/lib/python3.8/site-packages/airflow/example_dags/example_complex.py
[2023-09-23T22:36:34.449+0000] {processor.py:829} INFO - Processing file /home/airflow/.local/lib/python3.8/site-packages/airflow/example_dags/example_complex.py for tasks to queue
[2023-09-23T22:36:34.451+0000] {logging_mixin.py:151} INFO - [2023-09-23T22:36:34.451+0000] {dagbag.py:539} INFO - Filling up the DagBag from /home/airflow/.local/lib/python3.8/site-packages/airflow/example_dags/example_complex.py
[2023-09-23T22:36:34.461+0000] {processor.py:839} INFO - DAG(s) dict_keys(['example_complex']) retrieved from /home/airflow/.local/lib/python3.8/site-packages/airflow/example_dags/example_complex.py
[2023-09-23T22:36:34.489+0000] {logging_mixin.py:151} INFO - [2023-09-23T22:36:34.489+0000] {dag.py:2915} INFO - Sync 1 DAGs
[2023-09-23T22:36:34.500+0000] {logging_mixin.py:151} INFO - [2023-09-23T22:36:34.500+0000] {dag.py:3696} INFO - Setting next_dagrun for example_complex to None, run_after=None
[2023-09-23T22:36:35.099+0000] {processor.py:179} INFO - Processing /home/airflow/.local/lib/python3.8/site-packages/airflow/example_dags/example_complex.py took 1.549 seconds
[2023-09-23T22:37:06.026+0000] {processor.py:157} INFO - Started process (PID=245) to work on /home/airflow/.local/lib/python3.8/site-packages/airflow/example_dags/example_complex.py
[2023-09-23T22:37:06.096+0000] {processor.py:829} INFO - Processing file /home/airflow/.local/lib/python3.8/site-packages/airflow/example_dags/example_complex.py for tasks to queue
[2023-09-23T22:37:06.098+0000] {logging_mixin.py:151} INFO - [2023-09-23T22:37:06.098+0000] {dagbag.py:539} INFO - Filling up the DagBag from /home/airflow/.local/lib/python3.8/site-packages/airflow/example_dags/example_complex.py
[2023-09-23T22:37:06.109+0000] {processor.py:839} INFO - DAG(s) dict_keys(['example_complex']) retrieved from /home/airflow/.local/lib/python3.8/site-packages/airflow/example_dags/example_complex.py
[2023-09-23T22:37:06.121+0000] {logging_mixin.py:151} INFO - [2023-09-23T22:37:06.121+0000] {dag.py:2915} INFO - Sync 1 DAGs
[2023-09-23T22:37:06.132+0000] {logging_mixin.py:151} INFO - [2023-09-23T22:37:06.132+0000] {dag.py:3696} INFO - Setting next_dagrun for example_complex to None, run_after=None
[2023-09-23T22:37:06.226+0000] {processor.py:179} INFO - Processing /home/airflow/.local/lib/python3.8/site-packages/airflow/example_dags/example_complex.py took 0.203 seconds
[2023-09-23T22:37:36.693+0000] {processor.py:157} INFO - Started process (PID=300) to work on /home/airflow/.local/lib/python3.8/site-packages/airflow/example_dags/example_complex.py
[2023-09-23T22:37:37.416+0000] {processor.py:829} INFO - Processing file /home/airflow/.local/lib/python3.8/site-packages/airflow/example_dags/example_complex.py for tasks to queue
[2023-09-23T22:37:37.419+0000] {logging_mixin.py:151} INFO - [2023-09-23T22:37:37.418+0000] {dagbag.py:539} INFO - Filling up the DagBag from /home/airflow/.local/lib/python3.8/site-packages/airflow/example_dags/example_complex.py
[2023-09-23T22:37:37.433+0000] {processor.py:839} INFO - DAG(s) dict_keys(['example_complex']) retrieved from /home/airflow/.local/lib/python3.8/site-packages/airflow/example_dags/example_complex.py
[2023-09-23T22:37:37.462+0000] {logging_mixin.py:151} INFO - [2023-09-23T22:37:37.461+0000] {dag.py:2915} INFO - Sync 1 DAGs
[2023-09-23T22:37:37.472+0000] {logging_mixin.py:151} INFO - [2023-09-23T22:37:37.472+0000] {dag.py:3696} INFO - Setting next_dagrun for example_complex to None, run_after=None
[2023-09-23T22:37:37.636+0000] {processor.py:179} INFO - Processing /home/airflow/.local/lib/python3.8/site-packages/airflow/example_dags/example_complex.py took 0.945 seconds
[2023-09-23T22:38:07.874+0000] {processor.py:157} INFO - Started process (PID=355) to work on /home/airflow/.local/lib/python3.8/site-packages/airflow/example_dags/example_complex.py
[2023-09-23T22:38:07.955+0000] {processor.py:829} INFO - Processing file /home/airflow/.local/lib/python3.8/site-packages/airflow/example_dags/example_complex.py for tasks to queue
[2023-09-23T22:38:07.957+0000] {logging_mixin.py:151} INFO - [2023-09-23T22:38:07.956+0000] {dagbag.py:539} INFO - Filling up the DagBag from /home/airflow/.local/lib/python3.8/site-packages/airflow/example_dags/example_complex.py
[2023-09-23T22:38:07.966+0000] {processor.py:839} INFO - DAG(s) dict_keys(['example_complex']) retrieved from /home/airflow/.local/lib/python3.8/site-packages/airflow/example_dags/example_complex.py
[2023-09-23T22:38:07.993+0000] {logging_mixin.py:151} INFO - [2023-09-23T22:38:07.993+0000] {dag.py:2915} INFO - Sync 1 DAGs
[2023-09-23T22:38:08.003+0000] {logging_mixin.py:151} INFO - [2023-09-23T22:38:08.003+0000] {dag.py:3696} INFO - Setting next_dagrun for example_complex to None, run_after=None
[2023-09-23T22:38:08.135+0000] {processor.py:179} INFO - Processing /home/airflow/.local/lib/python3.8/site-packages/airflow/example_dags/example_complex.py took 0.266 seconds
[2023-09-23T22:38:38.164+0000] {processor.py:157} INFO - Started process (PID=403) to work on /home/airflow/.local/lib/python3.8/site-packages/airflow/example_dags/example_complex.py
[2023-09-23T22:38:38.312+0000] {processor.py:829} INFO - Processing file /home/airflow/.local/lib/python3.8/site-packages/airflow/example_dags/example_complex.py for tasks to queue
[2023-09-23T22:38:38.314+0000] {logging_mixin.py:151} INFO - [2023-09-23T22:38:38.313+0000] {dagbag.py:539} INFO - Filling up the DagBag from /home/airflow/.local/lib/python3.8/site-packages/airflow/example_dags/example_complex.py
[2023-09-23T22:38:38.323+0000] {processor.py:839} INFO - DAG(s) dict_keys(['example_complex']) retrieved from /home/airflow/.local/lib/python3.8/site-packages/airflow/example_dags/example_complex.py
[2023-09-23T22:38:38.391+0000] {logging_mixin.py:151} INFO - [2023-09-23T22:38:38.391+0000] {dag.py:2915} INFO - Sync 1 DAGs
[2023-09-23T22:38:38.402+0000] {logging_mixin.py:151} INFO - [2023-09-23T22:38:38.402+0000] {dag.py:3696} INFO - Setting next_dagrun for example_complex to None, run_after=None
[2023-09-23T22:38:38.588+0000] {processor.py:179} INFO - Processing /home/airflow/.local/lib/python3.8/site-packages/airflow/example_dags/example_complex.py took 0.428 seconds
[2023-09-23T22:39:09.371+0000] {processor.py:157} INFO - Started process (PID=460) to work on /home/airflow/.local/lib/python3.8/site-packages/airflow/example_dags/example_complex.py
[2023-09-23T22:39:09.422+0000] {processor.py:829} INFO - Processing file /home/airflow/.local/lib/python3.8/site-packages/airflow/example_dags/example_complex.py for tasks to queue
[2023-09-23T22:39:09.424+0000] {logging_mixin.py:151} INFO - [2023-09-23T22:39:09.424+0000] {dagbag.py:539} INFO - Filling up the DagBag from /home/airflow/.local/lib/python3.8/site-packages/airflow/example_dags/example_complex.py
[2023-09-23T22:39:09.434+0000] {processor.py:839} INFO - DAG(s) dict_keys(['example_complex']) retrieved from /home/airflow/.local/lib/python3.8/site-packages/airflow/example_dags/example_complex.py
[2023-09-23T22:39:09.463+0000] {logging_mixin.py:151} INFO - [2023-09-23T22:39:09.463+0000] {dag.py:2915} INFO - Sync 1 DAGs
[2023-09-23T22:39:09.474+0000] {logging_mixin.py:151} INFO - [2023-09-23T22:39:09.473+0000] {dag.py:3696} INFO - Setting next_dagrun for example_complex to None, run_after=None
[2023-09-23T22:39:09.740+0000] {processor.py:179} INFO - Processing /home/airflow/.local/lib/python3.8/site-packages/airflow/example_dags/example_complex.py took 0.373 seconds
[2023-09-23T22:39:40.021+0000] {processor.py:157} INFO - Started process (PID=513) to work on /home/airflow/.local/lib/python3.8/site-packages/airflow/example_dags/example_complex.py
[2023-09-23T22:39:40.101+0000] {processor.py:829} INFO - Processing file /home/airflow/.local/lib/python3.8/site-packages/airflow/example_dags/example_complex.py for tasks to queue
[2023-09-23T22:39:40.103+0000] {logging_mixin.py:151} INFO - [2023-09-23T22:39:40.102+0000] {dagbag.py:539} INFO - Filling up the DagBag from /home/airflow/.local/lib/python3.8/site-packages/airflow/example_dags/example_complex.py
[2023-09-23T22:39:40.113+0000] {processor.py:839} INFO - DAG(s) dict_keys(['example_complex']) retrieved from /home/airflow/.local/lib/python3.8/site-packages/airflow/example_dags/example_complex.py
[2023-09-23T22:39:40.142+0000] {logging_mixin.py:151} INFO - [2023-09-23T22:39:40.142+0000] {dag.py:2915} INFO - Sync 1 DAGs
[2023-09-23T22:39:40.155+0000] {logging_mixin.py:151} INFO - [2023-09-23T22:39:40.155+0000] {dag.py:3696} INFO - Setting next_dagrun for example_complex to None, run_after=None
[2023-09-23T22:39:40.477+0000] {processor.py:179} INFO - Processing /home/airflow/.local/lib/python3.8/site-packages/airflow/example_dags/example_complex.py took 0.460 seconds
[2023-09-23T22:40:10.853+0000] {processor.py:157} INFO - Started process (PID=568) to work on /home/airflow/.local/lib/python3.8/site-packages/airflow/example_dags/example_complex.py
[2023-09-23T22:40:10.906+0000] {processor.py:829} INFO - Processing file /home/airflow/.local/lib/python3.8/site-packages/airflow/example_dags/example_complex.py for tasks to queue
[2023-09-23T22:40:10.908+0000] {logging_mixin.py:151} INFO - [2023-09-23T22:40:10.908+0000] {dagbag.py:539} INFO - Filling up the DagBag from /home/airflow/.local/lib/python3.8/site-packages/airflow/example_dags/example_complex.py
[2023-09-23T22:40:10.918+0000] {processor.py:839} INFO - DAG(s) dict_keys(['example_complex']) retrieved from /home/airflow/.local/lib/python3.8/site-packages/airflow/example_dags/example_complex.py
[2023-09-23T22:40:10.949+0000] {logging_mixin.py:151} INFO - [2023-09-23T22:40:10.949+0000] {dag.py:2915} INFO - Sync 1 DAGs
[2023-09-23T22:40:10.965+0000] {logging_mixin.py:151} INFO - [2023-09-23T22:40:10.965+0000] {dag.py:3696} INFO - Setting next_dagrun for example_complex to None, run_after=None
[2023-09-23T22:40:11.060+0000] {processor.py:179} INFO - Processing /home/airflow/.local/lib/python3.8/site-packages/airflow/example_dags/example_complex.py took 0.211 seconds
[2023-09-23T22:40:45.029+0000] {processor.py:157} INFO - Started process (PID=630) to work on /home/airflow/.local/lib/python3.8/site-packages/airflow/example_dags/example_complex.py
[2023-09-23T22:40:45.527+0000] {processor.py:829} INFO - Processing file /home/airflow/.local/lib/python3.8/site-packages/airflow/example_dags/example_complex.py for tasks to queue
[2023-09-23T22:40:45.529+0000] {logging_mixin.py:151} INFO - [2023-09-23T22:40:45.528+0000] {dagbag.py:539} INFO - Filling up the DagBag from /home/airflow/.local/lib/python3.8/site-packages/airflow/example_dags/example_complex.py
[2023-09-23T22:40:45.540+0000] {processor.py:839} INFO - DAG(s) dict_keys(['example_complex']) retrieved from /home/airflow/.local/lib/python3.8/site-packages/airflow/example_dags/example_complex.py
[2023-09-23T22:40:45.583+0000] {logging_mixin.py:151} INFO - [2023-09-23T22:40:45.582+0000] {dag.py:2915} INFO - Sync 1 DAGs
[2023-09-23T22:40:45.597+0000] {logging_mixin.py:151} INFO - [2023-09-23T22:40:45.596+0000] {dag.py:3696} INFO - Setting next_dagrun for example_complex to None, run_after=None
[2023-09-23T22:40:45.834+0000] {processor.py:179} INFO - Processing /home/airflow/.local/lib/python3.8/site-packages/airflow/example_dags/example_complex.py took 0.808 seconds
[2023-09-23T22:41:15.862+0000] {processor.py:157} INFO - Started process (PID=678) to work on /home/airflow/.local/lib/python3.8/site-packages/airflow/example_dags/example_complex.py
[2023-09-23T22:41:15.919+0000] {processor.py:829} INFO - Processing file /home/airflow/.local/lib/python3.8/site-packages/airflow/example_dags/example_complex.py for tasks to queue
[2023-09-23T22:41:15.920+0000] {logging_mixin.py:151} INFO - [2023-09-23T22:41:15.920+0000] {dagbag.py:539} INFO - Filling up the DagBag from /home/airflow/.local/lib/python3.8/site-packages/airflow/example_dags/example_complex.py
[2023-09-23T22:41:15.931+0000] {processor.py:839} INFO - DAG(s) dict_keys(['example_complex']) retrieved from /home/airflow/.local/lib/python3.8/site-packages/airflow/example_dags/example_complex.py
[2023-09-23T22:41:15.961+0000] {logging_mixin.py:151} INFO - [2023-09-23T22:41:15.961+0000] {dag.py:2915} INFO - Sync 1 DAGs
[2023-09-23T22:41:15.973+0000] {logging_mixin.py:151} INFO - [2023-09-23T22:41:15.972+0000] {dag.py:3696} INFO - Setting next_dagrun for example_complex to None, run_after=None
[2023-09-23T22:41:16.284+0000] {processor.py:179} INFO - Processing /home/airflow/.local/lib/python3.8/site-packages/airflow/example_dags/example_complex.py took 0.425 seconds
[2023-09-23T22:41:50.540+0000] {processor.py:157} INFO - Started process (PID=740) to work on /home/airflow/.local/lib/python3.8/site-packages/airflow/example_dags/example_complex.py
[2023-09-23T22:41:50.608+0000] {processor.py:829} INFO - Processing file /home/airflow/.local/lib/python3.8/site-packages/airflow/example_dags/example_complex.py for tasks to queue
[2023-09-23T22:41:50.609+0000] {logging_mixin.py:151} INFO - [2023-09-23T22:41:50.609+0000] {dagbag.py:539} INFO - Filling up the DagBag from /home/airflow/.local/lib/python3.8/site-packages/airflow/example_dags/example_complex.py
[2023-09-23T22:41:50.618+0000] {processor.py:839} INFO - DAG(s) dict_keys(['example_complex']) retrieved from /home/airflow/.local/lib/python3.8/site-packages/airflow/example_dags/example_complex.py
[2023-09-23T22:41:50.645+0000] {logging_mixin.py:151} INFO - [2023-09-23T22:41:50.645+0000] {dag.py:2915} INFO - Sync 1 DAGs
[2023-09-23T22:41:50.655+0000] {logging_mixin.py:151} INFO - [2023-09-23T22:41:50.654+0000] {dag.py:3696} INFO - Setting next_dagrun for example_complex to None, run_after=None
[2023-09-23T22:41:50.784+0000] {processor.py:179} INFO - Processing /home/airflow/.local/lib/python3.8/site-packages/airflow/example_dags/example_complex.py took 0.246 seconds
