[2023-09-23T03:47:55.654+0000] {processor.py:157} INFO - Started process (PID=52) to work on /home/airflow/.local/lib/python3.8/site-packages/airflow/example_dags/tutorial_dag.py
[2023-09-23T03:47:55.655+0000] {processor.py:829} INFO - Processing file /home/airflow/.local/lib/python3.8/site-packages/airflow/example_dags/tutorial_dag.py for tasks to queue
[2023-09-23T03:47:55.656+0000] {logging_mixin.py:151} INFO - [2023-09-23T03:47:55.656+0000] {dagbag.py:539} INFO - Filling up the DagBag from /home/airflow/.local/lib/python3.8/site-packages/airflow/example_dags/tutorial_dag.py
[2023-09-23T03:47:55.662+0000] {processor.py:839} INFO - DAG(s) dict_keys(['tutorial_dag']) retrieved from /home/airflow/.local/lib/python3.8/site-packages/airflow/example_dags/tutorial_dag.py
[2023-09-23T03:47:55.680+0000] {logging_mixin.py:151} INFO - [2023-09-23T03:47:55.679+0000] {dag.py:2915} INFO - Sync 1 DAGs
[2023-09-23T03:47:55.690+0000] {logging_mixin.py:151} INFO - [2023-09-23T03:47:55.690+0000] {dag.py:3696} INFO - Setting next_dagrun for tutorial_dag to None, run_after=None
[2023-09-23T03:47:55.738+0000] {processor.py:179} INFO - Processing /home/airflow/.local/lib/python3.8/site-packages/airflow/example_dags/tutorial_dag.py took 0.086 seconds
[2023-09-23T03:48:26.454+0000] {processor.py:157} INFO - Started process (PID=106) to work on /home/airflow/.local/lib/python3.8/site-packages/airflow/example_dags/tutorial_dag.py
[2023-09-23T03:48:26.496+0000] {processor.py:829} INFO - Processing file /home/airflow/.local/lib/python3.8/site-packages/airflow/example_dags/tutorial_dag.py for tasks to queue
[2023-09-23T03:48:26.498+0000] {logging_mixin.py:151} INFO - [2023-09-23T03:48:26.498+0000] {dagbag.py:539} INFO - Filling up the DagBag from /home/airflow/.local/lib/python3.8/site-packages/airflow/example_dags/tutorial_dag.py
[2023-09-23T03:48:26.502+0000] {processor.py:839} INFO - DAG(s) dict_keys(['tutorial_dag']) retrieved from /home/airflow/.local/lib/python3.8/site-packages/airflow/example_dags/tutorial_dag.py
[2023-09-23T03:48:26.520+0000] {logging_mixin.py:151} INFO - [2023-09-23T03:48:26.519+0000] {dag.py:2915} INFO - Sync 1 DAGs
[2023-09-23T03:48:26.530+0000] {logging_mixin.py:151} INFO - [2023-09-23T03:48:26.530+0000] {dag.py:3696} INFO - Setting next_dagrun for tutorial_dag to None, run_after=None
[2023-09-23T03:48:26.953+0000] {processor.py:179} INFO - Processing /home/airflow/.local/lib/python3.8/site-packages/airflow/example_dags/tutorial_dag.py took 0.501 seconds
[2023-09-23T03:48:59.567+0000] {processor.py:157} INFO - Started process (PID=161) to work on /home/airflow/.local/lib/python3.8/site-packages/airflow/example_dags/tutorial_dag.py
[2023-09-23T03:48:59.620+0000] {processor.py:829} INFO - Processing file /home/airflow/.local/lib/python3.8/site-packages/airflow/example_dags/tutorial_dag.py for tasks to queue
[2023-09-23T03:48:59.621+0000] {logging_mixin.py:151} INFO - [2023-09-23T03:48:59.621+0000] {dagbag.py:539} INFO - Filling up the DagBag from /home/airflow/.local/lib/python3.8/site-packages/airflow/example_dags/tutorial_dag.py
[2023-09-23T03:48:59.625+0000] {processor.py:839} INFO - DAG(s) dict_keys(['tutorial_dag']) retrieved from /home/airflow/.local/lib/python3.8/site-packages/airflow/example_dags/tutorial_dag.py
[2023-09-23T03:48:59.642+0000] {logging_mixin.py:151} INFO - [2023-09-23T03:48:59.642+0000] {dag.py:2915} INFO - Sync 1 DAGs
[2023-09-23T03:48:59.652+0000] {logging_mixin.py:151} INFO - [2023-09-23T03:48:59.652+0000] {dag.py:3696} INFO - Setting next_dagrun for tutorial_dag to None, run_after=None
[2023-09-23T03:48:59.734+0000] {processor.py:179} INFO - Processing /home/airflow/.local/lib/python3.8/site-packages/airflow/example_dags/tutorial_dag.py took 0.169 seconds
[2023-09-23T03:49:31.256+0000] {processor.py:157} INFO - Started process (PID=216) to work on /home/airflow/.local/lib/python3.8/site-packages/airflow/example_dags/tutorial_dag.py
[2023-09-23T03:49:31.257+0000] {processor.py:829} INFO - Processing file /home/airflow/.local/lib/python3.8/site-packages/airflow/example_dags/tutorial_dag.py for tasks to queue
[2023-09-23T03:49:31.259+0000] {logging_mixin.py:151} INFO - [2023-09-23T03:49:31.259+0000] {dagbag.py:539} INFO - Filling up the DagBag from /home/airflow/.local/lib/python3.8/site-packages/airflow/example_dags/tutorial_dag.py
[2023-09-23T03:49:31.263+0000] {processor.py:839} INFO - DAG(s) dict_keys(['tutorial_dag']) retrieved from /home/airflow/.local/lib/python3.8/site-packages/airflow/example_dags/tutorial_dag.py
[2023-09-23T03:49:31.281+0000] {logging_mixin.py:151} INFO - [2023-09-23T03:49:31.280+0000] {dag.py:2915} INFO - Sync 1 DAGs
[2023-09-23T03:49:31.291+0000] {logging_mixin.py:151} INFO - [2023-09-23T03:49:31.291+0000] {dag.py:3696} INFO - Setting next_dagrun for tutorial_dag to None, run_after=None
[2023-09-23T03:49:31.349+0000] {processor.py:179} INFO - Processing /home/airflow/.local/lib/python3.8/site-packages/airflow/example_dags/tutorial_dag.py took 0.096 seconds
[2023-09-23T03:50:03.127+0000] {processor.py:157} INFO - Started process (PID=271) to work on /home/airflow/.local/lib/python3.8/site-packages/airflow/example_dags/tutorial_dag.py
[2023-09-23T03:50:03.139+0000] {processor.py:829} INFO - Processing file /home/airflow/.local/lib/python3.8/site-packages/airflow/example_dags/tutorial_dag.py for tasks to queue
[2023-09-23T03:50:03.141+0000] {logging_mixin.py:151} INFO - [2023-09-23T03:50:03.140+0000] {dagbag.py:539} INFO - Filling up the DagBag from /home/airflow/.local/lib/python3.8/site-packages/airflow/example_dags/tutorial_dag.py
[2023-09-23T03:50:03.145+0000] {processor.py:839} INFO - DAG(s) dict_keys(['tutorial_dag']) retrieved from /home/airflow/.local/lib/python3.8/site-packages/airflow/example_dags/tutorial_dag.py
[2023-09-23T03:50:03.163+0000] {logging_mixin.py:151} INFO - [2023-09-23T03:50:03.162+0000] {dag.py:2915} INFO - Sync 1 DAGs
[2023-09-23T03:50:03.173+0000] {logging_mixin.py:151} INFO - [2023-09-23T03:50:03.173+0000] {dag.py:3696} INFO - Setting next_dagrun for tutorial_dag to None, run_after=None
[2023-09-23T03:50:03.221+0000] {processor.py:179} INFO - Processing /home/airflow/.local/lib/python3.8/site-packages/airflow/example_dags/tutorial_dag.py took 0.096 seconds
[2023-09-23T03:50:34.175+0000] {processor.py:157} INFO - Started process (PID=326) to work on /home/airflow/.local/lib/python3.8/site-packages/airflow/example_dags/tutorial_dag.py
[2023-09-23T03:50:34.199+0000] {processor.py:829} INFO - Processing file /home/airflow/.local/lib/python3.8/site-packages/airflow/example_dags/tutorial_dag.py for tasks to queue
[2023-09-23T03:50:34.201+0000] {logging_mixin.py:151} INFO - [2023-09-23T03:50:34.201+0000] {dagbag.py:539} INFO - Filling up the DagBag from /home/airflow/.local/lib/python3.8/site-packages/airflow/example_dags/tutorial_dag.py
[2023-09-23T03:50:34.205+0000] {processor.py:839} INFO - DAG(s) dict_keys(['tutorial_dag']) retrieved from /home/airflow/.local/lib/python3.8/site-packages/airflow/example_dags/tutorial_dag.py
[2023-09-23T03:50:34.222+0000] {logging_mixin.py:151} INFO - [2023-09-23T03:50:34.222+0000] {dag.py:2915} INFO - Sync 1 DAGs
[2023-09-23T03:50:34.233+0000] {logging_mixin.py:151} INFO - [2023-09-23T03:50:34.233+0000] {dag.py:3696} INFO - Setting next_dagrun for tutorial_dag to None, run_after=None
[2023-09-23T03:50:34.280+0000] {processor.py:179} INFO - Processing /home/airflow/.local/lib/python3.8/site-packages/airflow/example_dags/tutorial_dag.py took 0.107 seconds
[2023-09-23T03:51:04.977+0000] {processor.py:157} INFO - Started process (PID=381) to work on /home/airflow/.local/lib/python3.8/site-packages/airflow/example_dags/tutorial_dag.py
[2023-09-23T03:51:04.985+0000] {processor.py:829} INFO - Processing file /home/airflow/.local/lib/python3.8/site-packages/airflow/example_dags/tutorial_dag.py for tasks to queue
[2023-09-23T03:51:04.986+0000] {logging_mixin.py:151} INFO - [2023-09-23T03:51:04.986+0000] {dagbag.py:539} INFO - Filling up the DagBag from /home/airflow/.local/lib/python3.8/site-packages/airflow/example_dags/tutorial_dag.py
[2023-09-23T03:51:04.991+0000] {processor.py:839} INFO - DAG(s) dict_keys(['tutorial_dag']) retrieved from /home/airflow/.local/lib/python3.8/site-packages/airflow/example_dags/tutorial_dag.py
[2023-09-23T03:51:05.008+0000] {logging_mixin.py:151} INFO - [2023-09-23T03:51:05.008+0000] {dag.py:2915} INFO - Sync 1 DAGs
[2023-09-23T03:51:05.018+0000] {logging_mixin.py:151} INFO - [2023-09-23T03:51:05.018+0000] {dag.py:3696} INFO - Setting next_dagrun for tutorial_dag to None, run_after=None
[2023-09-23T03:51:05.071+0000] {processor.py:179} INFO - Processing /home/airflow/.local/lib/python3.8/site-packages/airflow/example_dags/tutorial_dag.py took 0.097 seconds
[2023-09-23T03:51:37.155+0000] {processor.py:157} INFO - Started process (PID=436) to work on /home/airflow/.local/lib/python3.8/site-packages/airflow/example_dags/tutorial_dag.py
[2023-09-23T03:51:37.167+0000] {processor.py:829} INFO - Processing file /home/airflow/.local/lib/python3.8/site-packages/airflow/example_dags/tutorial_dag.py for tasks to queue
[2023-09-23T03:51:37.169+0000] {logging_mixin.py:151} INFO - [2023-09-23T03:51:37.169+0000] {dagbag.py:539} INFO - Filling up the DagBag from /home/airflow/.local/lib/python3.8/site-packages/airflow/example_dags/tutorial_dag.py
[2023-09-23T03:51:37.173+0000] {processor.py:839} INFO - DAG(s) dict_keys(['tutorial_dag']) retrieved from /home/airflow/.local/lib/python3.8/site-packages/airflow/example_dags/tutorial_dag.py
[2023-09-23T03:51:37.189+0000] {logging_mixin.py:151} INFO - [2023-09-23T03:51:37.189+0000] {dag.py:2915} INFO - Sync 1 DAGs
[2023-09-23T03:51:37.200+0000] {logging_mixin.py:151} INFO - [2023-09-23T03:51:37.200+0000] {dag.py:3696} INFO - Setting next_dagrun for tutorial_dag to None, run_after=None
[2023-09-23T03:51:37.244+0000] {processor.py:179} INFO - Processing /home/airflow/.local/lib/python3.8/site-packages/airflow/example_dags/tutorial_dag.py took 0.091 seconds
[2023-09-23T03:52:10.271+0000] {processor.py:157} INFO - Started process (PID=491) to work on /home/airflow/.local/lib/python3.8/site-packages/airflow/example_dags/tutorial_dag.py
[2023-09-23T03:52:10.790+0000] {processor.py:829} INFO - Processing file /home/airflow/.local/lib/python3.8/site-packages/airflow/example_dags/tutorial_dag.py for tasks to queue
[2023-09-23T03:52:10.792+0000] {logging_mixin.py:151} INFO - [2023-09-23T03:52:10.792+0000] {dagbag.py:539} INFO - Filling up the DagBag from /home/airflow/.local/lib/python3.8/site-packages/airflow/example_dags/tutorial_dag.py
[2023-09-23T03:52:10.796+0000] {processor.py:839} INFO - DAG(s) dict_keys(['tutorial_dag']) retrieved from /home/airflow/.local/lib/python3.8/site-packages/airflow/example_dags/tutorial_dag.py
[2023-09-23T03:52:10.814+0000] {logging_mixin.py:151} INFO - [2023-09-23T03:52:10.814+0000] {dag.py:2915} INFO - Sync 1 DAGs
[2023-09-23T03:52:10.824+0000] {logging_mixin.py:151} INFO - [2023-09-23T03:52:10.824+0000] {dag.py:3696} INFO - Setting next_dagrun for tutorial_dag to None, run_after=None
[2023-09-23T03:52:11.348+0000] {processor.py:179} INFO - Processing /home/airflow/.local/lib/python3.8/site-packages/airflow/example_dags/tutorial_dag.py took 1.080 seconds
[2023-09-23T03:52:41.489+0000] {processor.py:157} INFO - Started process (PID=546) to work on /home/airflow/.local/lib/python3.8/site-packages/airflow/example_dags/tutorial_dag.py
[2023-09-23T03:52:41.603+0000] {processor.py:829} INFO - Processing file /home/airflow/.local/lib/python3.8/site-packages/airflow/example_dags/tutorial_dag.py for tasks to queue
[2023-09-23T03:52:41.606+0000] {logging_mixin.py:151} INFO - [2023-09-23T03:52:41.606+0000] {dagbag.py:539} INFO - Filling up the DagBag from /home/airflow/.local/lib/python3.8/site-packages/airflow/example_dags/tutorial_dag.py
[2023-09-23T03:52:41.610+0000] {processor.py:839} INFO - DAG(s) dict_keys(['tutorial_dag']) retrieved from /home/airflow/.local/lib/python3.8/site-packages/airflow/example_dags/tutorial_dag.py
[2023-09-23T03:52:41.626+0000] {logging_mixin.py:151} INFO - [2023-09-23T03:52:41.626+0000] {dag.py:2915} INFO - Sync 1 DAGs
[2023-09-23T03:52:41.635+0000] {logging_mixin.py:151} INFO - [2023-09-23T03:52:41.635+0000] {dag.py:3696} INFO - Setting next_dagrun for tutorial_dag to None, run_after=None
[2023-09-23T03:52:42.959+0000] {processor.py:179} INFO - Processing /home/airflow/.local/lib/python3.8/site-packages/airflow/example_dags/tutorial_dag.py took 1.473 seconds
[2023-09-23T03:53:13.566+0000] {processor.py:157} INFO - Started process (PID=601) to work on /home/airflow/.local/lib/python3.8/site-packages/airflow/example_dags/tutorial_dag.py
[2023-09-23T03:53:14.534+0000] {processor.py:829} INFO - Processing file /home/airflow/.local/lib/python3.8/site-packages/airflow/example_dags/tutorial_dag.py for tasks to queue
[2023-09-23T03:53:14.536+0000] {logging_mixin.py:151} INFO - [2023-09-23T03:53:14.536+0000] {dagbag.py:539} INFO - Filling up the DagBag from /home/airflow/.local/lib/python3.8/site-packages/airflow/example_dags/tutorial_dag.py
[2023-09-23T03:53:14.540+0000] {processor.py:839} INFO - DAG(s) dict_keys(['tutorial_dag']) retrieved from /home/airflow/.local/lib/python3.8/site-packages/airflow/example_dags/tutorial_dag.py
[2023-09-23T03:53:14.557+0000] {logging_mixin.py:151} INFO - [2023-09-23T03:53:14.557+0000] {dag.py:2915} INFO - Sync 1 DAGs
[2023-09-23T03:53:14.567+0000] {logging_mixin.py:151} INFO - [2023-09-23T03:53:14.567+0000] {dag.py:3696} INFO - Setting next_dagrun for tutorial_dag to None, run_after=None
[2023-09-23T03:53:14.655+0000] {processor.py:179} INFO - Processing /home/airflow/.local/lib/python3.8/site-packages/airflow/example_dags/tutorial_dag.py took 1.091 seconds
[2023-09-23T03:53:45.616+0000] {processor.py:157} INFO - Started process (PID=656) to work on /home/airflow/.local/lib/python3.8/site-packages/airflow/example_dags/tutorial_dag.py
[2023-09-23T03:53:45.625+0000] {processor.py:829} INFO - Processing file /home/airflow/.local/lib/python3.8/site-packages/airflow/example_dags/tutorial_dag.py for tasks to queue
[2023-09-23T03:53:45.626+0000] {logging_mixin.py:151} INFO - [2023-09-23T03:53:45.626+0000] {dagbag.py:539} INFO - Filling up the DagBag from /home/airflow/.local/lib/python3.8/site-packages/airflow/example_dags/tutorial_dag.py
[2023-09-23T03:53:45.630+0000] {processor.py:839} INFO - DAG(s) dict_keys(['tutorial_dag']) retrieved from /home/airflow/.local/lib/python3.8/site-packages/airflow/example_dags/tutorial_dag.py
[2023-09-23T03:53:45.648+0000] {logging_mixin.py:151} INFO - [2023-09-23T03:53:45.648+0000] {dag.py:2915} INFO - Sync 1 DAGs
[2023-09-23T03:53:45.658+0000] {logging_mixin.py:151} INFO - [2023-09-23T03:53:45.658+0000] {dag.py:3696} INFO - Setting next_dagrun for tutorial_dag to None, run_after=None
[2023-09-23T03:53:46.050+0000] {processor.py:179} INFO - Processing /home/airflow/.local/lib/python3.8/site-packages/airflow/example_dags/tutorial_dag.py took 0.437 seconds
[2023-09-23T03:54:16.291+0000] {processor.py:157} INFO - Started process (PID=711) to work on /home/airflow/.local/lib/python3.8/site-packages/airflow/example_dags/tutorial_dag.py
[2023-09-23T03:54:16.293+0000] {processor.py:829} INFO - Processing file /home/airflow/.local/lib/python3.8/site-packages/airflow/example_dags/tutorial_dag.py for tasks to queue
[2023-09-23T03:54:16.295+0000] {logging_mixin.py:151} INFO - [2023-09-23T03:54:16.294+0000] {dagbag.py:539} INFO - Filling up the DagBag from /home/airflow/.local/lib/python3.8/site-packages/airflow/example_dags/tutorial_dag.py
[2023-09-23T03:54:16.299+0000] {processor.py:839} INFO - DAG(s) dict_keys(['tutorial_dag']) retrieved from /home/airflow/.local/lib/python3.8/site-packages/airflow/example_dags/tutorial_dag.py
[2023-09-23T03:54:16.317+0000] {logging_mixin.py:151} INFO - [2023-09-23T03:54:16.317+0000] {dag.py:2915} INFO - Sync 1 DAGs
[2023-09-23T03:54:16.327+0000] {logging_mixin.py:151} INFO - [2023-09-23T03:54:16.327+0000] {dag.py:3696} INFO - Setting next_dagrun for tutorial_dag to None, run_after=None
[2023-09-23T03:54:16.370+0000] {processor.py:179} INFO - Processing /home/airflow/.local/lib/python3.8/site-packages/airflow/example_dags/tutorial_dag.py took 0.082 seconds
[2023-09-23T03:54:47.114+0000] {processor.py:157} INFO - Started process (PID=766) to work on /home/airflow/.local/lib/python3.8/site-packages/airflow/example_dags/tutorial_dag.py
[2023-09-23T03:54:47.795+0000] {processor.py:829} INFO - Processing file /home/airflow/.local/lib/python3.8/site-packages/airflow/example_dags/tutorial_dag.py for tasks to queue
[2023-09-23T03:54:47.796+0000] {logging_mixin.py:151} INFO - [2023-09-23T03:54:47.796+0000] {dagbag.py:539} INFO - Filling up the DagBag from /home/airflow/.local/lib/python3.8/site-packages/airflow/example_dags/tutorial_dag.py
[2023-09-23T03:54:47.800+0000] {processor.py:839} INFO - DAG(s) dict_keys(['tutorial_dag']) retrieved from /home/airflow/.local/lib/python3.8/site-packages/airflow/example_dags/tutorial_dag.py
[2023-09-23T03:54:47.818+0000] {logging_mixin.py:151} INFO - [2023-09-23T03:54:47.818+0000] {dag.py:2915} INFO - Sync 1 DAGs
[2023-09-23T03:54:47.829+0000] {logging_mixin.py:151} INFO - [2023-09-23T03:54:47.829+0000] {dag.py:3696} INFO - Setting next_dagrun for tutorial_dag to None, run_after=None
[2023-09-23T03:54:47.894+0000] {processor.py:179} INFO - Processing /home/airflow/.local/lib/python3.8/site-packages/airflow/example_dags/tutorial_dag.py took 0.783 seconds
[2023-09-23T03:55:18.432+0000] {processor.py:157} INFO - Started process (PID=821) to work on /home/airflow/.local/lib/python3.8/site-packages/airflow/example_dags/tutorial_dag.py
[2023-09-23T03:55:18.438+0000] {processor.py:829} INFO - Processing file /home/airflow/.local/lib/python3.8/site-packages/airflow/example_dags/tutorial_dag.py for tasks to queue
[2023-09-23T03:55:18.439+0000] {logging_mixin.py:151} INFO - [2023-09-23T03:55:18.439+0000] {dagbag.py:539} INFO - Filling up the DagBag from /home/airflow/.local/lib/python3.8/site-packages/airflow/example_dags/tutorial_dag.py
[2023-09-23T03:55:18.443+0000] {processor.py:839} INFO - DAG(s) dict_keys(['tutorial_dag']) retrieved from /home/airflow/.local/lib/python3.8/site-packages/airflow/example_dags/tutorial_dag.py
[2023-09-23T03:55:18.459+0000] {logging_mixin.py:151} INFO - [2023-09-23T03:55:18.459+0000] {dag.py:2915} INFO - Sync 1 DAGs
[2023-09-23T03:55:18.469+0000] {logging_mixin.py:151} INFO - [2023-09-23T03:55:18.469+0000] {dag.py:3696} INFO - Setting next_dagrun for tutorial_dag to None, run_after=None
[2023-09-23T03:55:19.933+0000] {processor.py:179} INFO - Processing /home/airflow/.local/lib/python3.8/site-packages/airflow/example_dags/tutorial_dag.py took 1.504 seconds
[2023-09-23T03:55:50.205+0000] {processor.py:157} INFO - Started process (PID=876) to work on /home/airflow/.local/lib/python3.8/site-packages/airflow/example_dags/tutorial_dag.py
[2023-09-23T03:55:50.797+0000] {processor.py:829} INFO - Processing file /home/airflow/.local/lib/python3.8/site-packages/airflow/example_dags/tutorial_dag.py for tasks to queue
[2023-09-23T03:55:50.799+0000] {logging_mixin.py:151} INFO - [2023-09-23T03:55:50.798+0000] {dagbag.py:539} INFO - Filling up the DagBag from /home/airflow/.local/lib/python3.8/site-packages/airflow/example_dags/tutorial_dag.py
[2023-09-23T03:55:50.803+0000] {processor.py:839} INFO - DAG(s) dict_keys(['tutorial_dag']) retrieved from /home/airflow/.local/lib/python3.8/site-packages/airflow/example_dags/tutorial_dag.py
[2023-09-23T03:55:50.820+0000] {logging_mixin.py:151} INFO - [2023-09-23T03:55:50.820+0000] {dag.py:2915} INFO - Sync 1 DAGs
[2023-09-23T03:55:50.831+0000] {logging_mixin.py:151} INFO - [2023-09-23T03:55:50.831+0000] {dag.py:3696} INFO - Setting next_dagrun for tutorial_dag to None, run_after=None
[2023-09-23T03:55:51.125+0000] {processor.py:179} INFO - Processing /home/airflow/.local/lib/python3.8/site-packages/airflow/example_dags/tutorial_dag.py took 0.923 seconds
[2023-09-23T03:56:21.310+0000] {processor.py:157} INFO - Started process (PID=931) to work on /home/airflow/.local/lib/python3.8/site-packages/airflow/example_dags/tutorial_dag.py
[2023-09-23T03:56:21.559+0000] {processor.py:829} INFO - Processing file /home/airflow/.local/lib/python3.8/site-packages/airflow/example_dags/tutorial_dag.py for tasks to queue
[2023-09-23T03:56:21.561+0000] {logging_mixin.py:151} INFO - [2023-09-23T03:56:21.561+0000] {dagbag.py:539} INFO - Filling up the DagBag from /home/airflow/.local/lib/python3.8/site-packages/airflow/example_dags/tutorial_dag.py
[2023-09-23T03:56:21.565+0000] {processor.py:839} INFO - DAG(s) dict_keys(['tutorial_dag']) retrieved from /home/airflow/.local/lib/python3.8/site-packages/airflow/example_dags/tutorial_dag.py
[2023-09-23T03:56:21.576+0000] {logging_mixin.py:151} INFO - [2023-09-23T03:56:21.576+0000] {dag.py:2915} INFO - Sync 1 DAGs
[2023-09-23T03:56:21.588+0000] {logging_mixin.py:151} INFO - [2023-09-23T03:56:21.588+0000] {dag.py:3696} INFO - Setting next_dagrun for tutorial_dag to None, run_after=None
[2023-09-23T03:56:21.748+0000] {processor.py:179} INFO - Processing /home/airflow/.local/lib/python3.8/site-packages/airflow/example_dags/tutorial_dag.py took 0.440 seconds
[2023-09-23T03:56:51.788+0000] {processor.py:157} INFO - Started process (PID=986) to work on /home/airflow/.local/lib/python3.8/site-packages/airflow/example_dags/tutorial_dag.py
[2023-09-23T03:56:51.872+0000] {processor.py:829} INFO - Processing file /home/airflow/.local/lib/python3.8/site-packages/airflow/example_dags/tutorial_dag.py for tasks to queue
[2023-09-23T03:56:51.873+0000] {logging_mixin.py:151} INFO - [2023-09-23T03:56:51.873+0000] {dagbag.py:539} INFO - Filling up the DagBag from /home/airflow/.local/lib/python3.8/site-packages/airflow/example_dags/tutorial_dag.py
[2023-09-23T03:56:51.877+0000] {processor.py:839} INFO - DAG(s) dict_keys(['tutorial_dag']) retrieved from /home/airflow/.local/lib/python3.8/site-packages/airflow/example_dags/tutorial_dag.py
[2023-09-23T03:56:51.895+0000] {logging_mixin.py:151} INFO - [2023-09-23T03:56:51.895+0000] {dag.py:2915} INFO - Sync 1 DAGs
[2023-09-23T03:56:51.905+0000] {logging_mixin.py:151} INFO - [2023-09-23T03:56:51.905+0000] {dag.py:3696} INFO - Setting next_dagrun for tutorial_dag to None, run_after=None
[2023-09-23T03:56:51.998+0000] {processor.py:179} INFO - Processing /home/airflow/.local/lib/python3.8/site-packages/airflow/example_dags/tutorial_dag.py took 0.212 seconds
[2023-09-23T03:57:22.316+0000] {processor.py:157} INFO - Started process (PID=1040) to work on /home/airflow/.local/lib/python3.8/site-packages/airflow/example_dags/tutorial_dag.py
[2023-09-23T03:57:22.336+0000] {processor.py:829} INFO - Processing file /home/airflow/.local/lib/python3.8/site-packages/airflow/example_dags/tutorial_dag.py for tasks to queue
[2023-09-23T03:57:22.338+0000] {logging_mixin.py:151} INFO - [2023-09-23T03:57:22.338+0000] {dagbag.py:539} INFO - Filling up the DagBag from /home/airflow/.local/lib/python3.8/site-packages/airflow/example_dags/tutorial_dag.py
[2023-09-23T03:57:22.342+0000] {processor.py:839} INFO - DAG(s) dict_keys(['tutorial_dag']) retrieved from /home/airflow/.local/lib/python3.8/site-packages/airflow/example_dags/tutorial_dag.py
[2023-09-23T03:57:22.359+0000] {logging_mixin.py:151} INFO - [2023-09-23T03:57:22.359+0000] {dag.py:2915} INFO - Sync 1 DAGs
[2023-09-23T03:57:22.369+0000] {logging_mixin.py:151} INFO - [2023-09-23T03:57:22.369+0000] {dag.py:3696} INFO - Setting next_dagrun for tutorial_dag to None, run_after=None
[2023-09-23T03:57:22.411+0000] {processor.py:179} INFO - Processing /home/airflow/.local/lib/python3.8/site-packages/airflow/example_dags/tutorial_dag.py took 0.098 seconds
[2023-09-23T04:04:45.779+0000] {processor.py:157} INFO - Started process (PID=60) to work on /home/airflow/.local/lib/python3.8/site-packages/airflow/example_dags/tutorial_dag.py
[2023-09-23T04:04:45.780+0000] {processor.py:829} INFO - Processing file /home/airflow/.local/lib/python3.8/site-packages/airflow/example_dags/tutorial_dag.py for tasks to queue
[2023-09-23T04:04:45.782+0000] {logging_mixin.py:151} INFO - [2023-09-23T04:04:45.782+0000] {dagbag.py:539} INFO - Filling up the DagBag from /home/airflow/.local/lib/python3.8/site-packages/airflow/example_dags/tutorial_dag.py
[2023-09-23T04:04:45.790+0000] {processor.py:839} INFO - DAG(s) dict_keys(['tutorial_dag']) retrieved from /home/airflow/.local/lib/python3.8/site-packages/airflow/example_dags/tutorial_dag.py
[2023-09-23T04:04:45.809+0000] {logging_mixin.py:151} INFO - [2023-09-23T04:04:45.809+0000] {dag.py:2915} INFO - Sync 1 DAGs
[2023-09-23T04:04:45.820+0000] {logging_mixin.py:151} INFO - [2023-09-23T04:04:45.820+0000] {dag.py:3696} INFO - Setting next_dagrun for tutorial_dag to None, run_after=None
[2023-09-23T04:04:45.870+0000] {processor.py:179} INFO - Processing /home/airflow/.local/lib/python3.8/site-packages/airflow/example_dags/tutorial_dag.py took 0.094 seconds
[2023-09-23T04:05:20.136+0000] {processor.py:157} INFO - Started process (PID=116) to work on /home/airflow/.local/lib/python3.8/site-packages/airflow/example_dags/tutorial_dag.py
[2023-09-23T04:05:20.141+0000] {processor.py:829} INFO - Processing file /home/airflow/.local/lib/python3.8/site-packages/airflow/example_dags/tutorial_dag.py for tasks to queue
[2023-09-23T04:05:20.143+0000] {logging_mixin.py:151} INFO - [2023-09-23T04:05:20.143+0000] {dagbag.py:539} INFO - Filling up the DagBag from /home/airflow/.local/lib/python3.8/site-packages/airflow/example_dags/tutorial_dag.py
[2023-09-23T04:05:20.147+0000] {processor.py:839} INFO - DAG(s) dict_keys(['tutorial_dag']) retrieved from /home/airflow/.local/lib/python3.8/site-packages/airflow/example_dags/tutorial_dag.py
[2023-09-23T04:05:20.164+0000] {logging_mixin.py:151} INFO - [2023-09-23T04:05:20.164+0000] {dag.py:2915} INFO - Sync 1 DAGs
[2023-09-23T04:05:20.174+0000] {logging_mixin.py:151} INFO - [2023-09-23T04:05:20.174+0000] {dag.py:3696} INFO - Setting next_dagrun for tutorial_dag to None, run_after=None
[2023-09-23T04:05:20.220+0000] {processor.py:179} INFO - Processing /home/airflow/.local/lib/python3.8/site-packages/airflow/example_dags/tutorial_dag.py took 0.086 seconds
[2023-09-23T04:05:52.318+0000] {processor.py:157} INFO - Started process (PID=171) to work on /home/airflow/.local/lib/python3.8/site-packages/airflow/example_dags/tutorial_dag.py
[2023-09-23T04:05:52.333+0000] {processor.py:829} INFO - Processing file /home/airflow/.local/lib/python3.8/site-packages/airflow/example_dags/tutorial_dag.py for tasks to queue
[2023-09-23T04:05:52.335+0000] {logging_mixin.py:151} INFO - [2023-09-23T04:05:52.335+0000] {dagbag.py:539} INFO - Filling up the DagBag from /home/airflow/.local/lib/python3.8/site-packages/airflow/example_dags/tutorial_dag.py
[2023-09-23T04:05:52.339+0000] {processor.py:839} INFO - DAG(s) dict_keys(['tutorial_dag']) retrieved from /home/airflow/.local/lib/python3.8/site-packages/airflow/example_dags/tutorial_dag.py
[2023-09-23T04:05:52.356+0000] {logging_mixin.py:151} INFO - [2023-09-23T04:05:52.356+0000] {dag.py:2915} INFO - Sync 1 DAGs
[2023-09-23T04:05:52.366+0000] {logging_mixin.py:151} INFO - [2023-09-23T04:05:52.366+0000] {dag.py:3696} INFO - Setting next_dagrun for tutorial_dag to None, run_after=None
[2023-09-23T04:05:52.410+0000] {processor.py:179} INFO - Processing /home/airflow/.local/lib/python3.8/site-packages/airflow/example_dags/tutorial_dag.py took 0.095 seconds
[2023-09-23T04:06:23.268+0000] {processor.py:157} INFO - Started process (PID=226) to work on /home/airflow/.local/lib/python3.8/site-packages/airflow/example_dags/tutorial_dag.py
[2023-09-23T04:06:23.278+0000] {processor.py:829} INFO - Processing file /home/airflow/.local/lib/python3.8/site-packages/airflow/example_dags/tutorial_dag.py for tasks to queue
[2023-09-23T04:06:23.280+0000] {logging_mixin.py:151} INFO - [2023-09-23T04:06:23.280+0000] {dagbag.py:539} INFO - Filling up the DagBag from /home/airflow/.local/lib/python3.8/site-packages/airflow/example_dags/tutorial_dag.py
[2023-09-23T04:06:23.285+0000] {processor.py:839} INFO - DAG(s) dict_keys(['tutorial_dag']) retrieved from /home/airflow/.local/lib/python3.8/site-packages/airflow/example_dags/tutorial_dag.py
[2023-09-23T04:06:23.303+0000] {logging_mixin.py:151} INFO - [2023-09-23T04:06:23.303+0000] {dag.py:2915} INFO - Sync 1 DAGs
[2023-09-23T04:06:23.314+0000] {logging_mixin.py:151} INFO - [2023-09-23T04:06:23.313+0000] {dag.py:3696} INFO - Setting next_dagrun for tutorial_dag to None, run_after=None
[2023-09-23T04:06:23.368+0000] {processor.py:179} INFO - Processing /home/airflow/.local/lib/python3.8/site-packages/airflow/example_dags/tutorial_dag.py took 0.102 seconds
[2023-09-23T04:06:53.750+0000] {processor.py:157} INFO - Started process (PID=281) to work on /home/airflow/.local/lib/python3.8/site-packages/airflow/example_dags/tutorial_dag.py
[2023-09-23T04:06:53.763+0000] {processor.py:829} INFO - Processing file /home/airflow/.local/lib/python3.8/site-packages/airflow/example_dags/tutorial_dag.py for tasks to queue
[2023-09-23T04:06:53.765+0000] {logging_mixin.py:151} INFO - [2023-09-23T04:06:53.765+0000] {dagbag.py:539} INFO - Filling up the DagBag from /home/airflow/.local/lib/python3.8/site-packages/airflow/example_dags/tutorial_dag.py
[2023-09-23T04:06:53.769+0000] {processor.py:839} INFO - DAG(s) dict_keys(['tutorial_dag']) retrieved from /home/airflow/.local/lib/python3.8/site-packages/airflow/example_dags/tutorial_dag.py
[2023-09-23T04:06:53.787+0000] {logging_mixin.py:151} INFO - [2023-09-23T04:06:53.787+0000] {dag.py:2915} INFO - Sync 1 DAGs
[2023-09-23T04:06:53.798+0000] {logging_mixin.py:151} INFO - [2023-09-23T04:06:53.797+0000] {dag.py:3696} INFO - Setting next_dagrun for tutorial_dag to None, run_after=None
[2023-09-23T04:06:53.843+0000] {processor.py:179} INFO - Processing /home/airflow/.local/lib/python3.8/site-packages/airflow/example_dags/tutorial_dag.py took 0.096 seconds
[2023-09-23T04:07:24.708+0000] {processor.py:157} INFO - Started process (PID=336) to work on /home/airflow/.local/lib/python3.8/site-packages/airflow/example_dags/tutorial_dag.py
[2023-09-23T04:07:24.723+0000] {processor.py:829} INFO - Processing file /home/airflow/.local/lib/python3.8/site-packages/airflow/example_dags/tutorial_dag.py for tasks to queue
[2023-09-23T04:07:24.725+0000] {logging_mixin.py:151} INFO - [2023-09-23T04:07:24.725+0000] {dagbag.py:539} INFO - Filling up the DagBag from /home/airflow/.local/lib/python3.8/site-packages/airflow/example_dags/tutorial_dag.py
[2023-09-23T04:07:24.729+0000] {processor.py:839} INFO - DAG(s) dict_keys(['tutorial_dag']) retrieved from /home/airflow/.local/lib/python3.8/site-packages/airflow/example_dags/tutorial_dag.py
[2023-09-23T04:07:24.747+0000] {logging_mixin.py:151} INFO - [2023-09-23T04:07:24.746+0000] {dag.py:2915} INFO - Sync 1 DAGs
[2023-09-23T04:07:24.757+0000] {logging_mixin.py:151} INFO - [2023-09-23T04:07:24.757+0000] {dag.py:3696} INFO - Setting next_dagrun for tutorial_dag to None, run_after=None
[2023-09-23T04:07:24.813+0000] {processor.py:179} INFO - Processing /home/airflow/.local/lib/python3.8/site-packages/airflow/example_dags/tutorial_dag.py took 0.107 seconds
[2023-09-23T04:07:56.894+0000] {processor.py:157} INFO - Started process (PID=391) to work on /home/airflow/.local/lib/python3.8/site-packages/airflow/example_dags/tutorial_dag.py
[2023-09-23T04:07:56.916+0000] {processor.py:829} INFO - Processing file /home/airflow/.local/lib/python3.8/site-packages/airflow/example_dags/tutorial_dag.py for tasks to queue
[2023-09-23T04:07:56.919+0000] {logging_mixin.py:151} INFO - [2023-09-23T04:07:56.919+0000] {dagbag.py:539} INFO - Filling up the DagBag from /home/airflow/.local/lib/python3.8/site-packages/airflow/example_dags/tutorial_dag.py
[2023-09-23T04:07:56.923+0000] {processor.py:839} INFO - DAG(s) dict_keys(['tutorial_dag']) retrieved from /home/airflow/.local/lib/python3.8/site-packages/airflow/example_dags/tutorial_dag.py
[2023-09-23T04:07:56.942+0000] {logging_mixin.py:151} INFO - [2023-09-23T04:07:56.942+0000] {dag.py:2915} INFO - Sync 1 DAGs
[2023-09-23T04:07:56.953+0000] {logging_mixin.py:151} INFO - [2023-09-23T04:07:56.953+0000] {dag.py:3696} INFO - Setting next_dagrun for tutorial_dag to None, run_after=None
[2023-09-23T04:07:57.214+0000] {processor.py:179} INFO - Processing /home/airflow/.local/lib/python3.8/site-packages/airflow/example_dags/tutorial_dag.py took 0.322 seconds
[2023-09-23T04:08:27.894+0000] {processor.py:157} INFO - Started process (PID=446) to work on /home/airflow/.local/lib/python3.8/site-packages/airflow/example_dags/tutorial_dag.py
[2023-09-23T04:08:27.903+0000] {processor.py:829} INFO - Processing file /home/airflow/.local/lib/python3.8/site-packages/airflow/example_dags/tutorial_dag.py for tasks to queue
[2023-09-23T04:08:27.904+0000] {logging_mixin.py:151} INFO - [2023-09-23T04:08:27.904+0000] {dagbag.py:539} INFO - Filling up the DagBag from /home/airflow/.local/lib/python3.8/site-packages/airflow/example_dags/tutorial_dag.py
[2023-09-23T04:08:27.908+0000] {processor.py:839} INFO - DAG(s) dict_keys(['tutorial_dag']) retrieved from /home/airflow/.local/lib/python3.8/site-packages/airflow/example_dags/tutorial_dag.py
[2023-09-23T04:08:27.926+0000] {logging_mixin.py:151} INFO - [2023-09-23T04:08:27.926+0000] {dag.py:2915} INFO - Sync 1 DAGs
[2023-09-23T04:08:27.936+0000] {logging_mixin.py:151} INFO - [2023-09-23T04:08:27.936+0000] {dag.py:3696} INFO - Setting next_dagrun for tutorial_dag to None, run_after=None
[2023-09-23T04:08:27.989+0000] {processor.py:179} INFO - Processing /home/airflow/.local/lib/python3.8/site-packages/airflow/example_dags/tutorial_dag.py took 0.097 seconds
[2023-09-23T04:08:59.978+0000] {processor.py:157} INFO - Started process (PID=501) to work on /home/airflow/.local/lib/python3.8/site-packages/airflow/example_dags/tutorial_dag.py
[2023-09-23T04:08:59.992+0000] {processor.py:829} INFO - Processing file /home/airflow/.local/lib/python3.8/site-packages/airflow/example_dags/tutorial_dag.py for tasks to queue
[2023-09-23T04:08:59.994+0000] {logging_mixin.py:151} INFO - [2023-09-23T04:08:59.994+0000] {dagbag.py:539} INFO - Filling up the DagBag from /home/airflow/.local/lib/python3.8/site-packages/airflow/example_dags/tutorial_dag.py
[2023-09-23T04:08:59.998+0000] {processor.py:839} INFO - DAG(s) dict_keys(['tutorial_dag']) retrieved from /home/airflow/.local/lib/python3.8/site-packages/airflow/example_dags/tutorial_dag.py
[2023-09-23T04:09:00.017+0000] {logging_mixin.py:151} INFO - [2023-09-23T04:09:00.017+0000] {dag.py:2915} INFO - Sync 1 DAGs
[2023-09-23T04:09:00.028+0000] {logging_mixin.py:151} INFO - [2023-09-23T04:09:00.028+0000] {dag.py:3696} INFO - Setting next_dagrun for tutorial_dag to None, run_after=None
[2023-09-23T04:09:00.109+0000] {processor.py:179} INFO - Processing /home/airflow/.local/lib/python3.8/site-packages/airflow/example_dags/tutorial_dag.py took 0.133 seconds
[2023-09-23T04:09:31.052+0000] {processor.py:157} INFO - Started process (PID=556) to work on /home/airflow/.local/lib/python3.8/site-packages/airflow/example_dags/tutorial_dag.py
[2023-09-23T04:09:31.056+0000] {processor.py:829} INFO - Processing file /home/airflow/.local/lib/python3.8/site-packages/airflow/example_dags/tutorial_dag.py for tasks to queue
[2023-09-23T04:09:31.058+0000] {logging_mixin.py:151} INFO - [2023-09-23T04:09:31.058+0000] {dagbag.py:539} INFO - Filling up the DagBag from /home/airflow/.local/lib/python3.8/site-packages/airflow/example_dags/tutorial_dag.py
[2023-09-23T04:09:31.062+0000] {processor.py:839} INFO - DAG(s) dict_keys(['tutorial_dag']) retrieved from /home/airflow/.local/lib/python3.8/site-packages/airflow/example_dags/tutorial_dag.py
[2023-09-23T04:09:31.080+0000] {logging_mixin.py:151} INFO - [2023-09-23T04:09:31.079+0000] {dag.py:2915} INFO - Sync 1 DAGs
[2023-09-23T04:09:31.090+0000] {logging_mixin.py:151} INFO - [2023-09-23T04:09:31.090+0000] {dag.py:3696} INFO - Setting next_dagrun for tutorial_dag to None, run_after=None
[2023-09-23T04:09:31.166+0000] {processor.py:179} INFO - Processing /home/airflow/.local/lib/python3.8/site-packages/airflow/example_dags/tutorial_dag.py took 0.118 seconds
[2023-09-23T04:10:02.093+0000] {processor.py:157} INFO - Started process (PID=611) to work on /home/airflow/.local/lib/python3.8/site-packages/airflow/example_dags/tutorial_dag.py
[2023-09-23T04:10:02.115+0000] {processor.py:829} INFO - Processing file /home/airflow/.local/lib/python3.8/site-packages/airflow/example_dags/tutorial_dag.py for tasks to queue
[2023-09-23T04:10:02.117+0000] {logging_mixin.py:151} INFO - [2023-09-23T04:10:02.117+0000] {dagbag.py:539} INFO - Filling up the DagBag from /home/airflow/.local/lib/python3.8/site-packages/airflow/example_dags/tutorial_dag.py
[2023-09-23T04:10:02.121+0000] {processor.py:839} INFO - DAG(s) dict_keys(['tutorial_dag']) retrieved from /home/airflow/.local/lib/python3.8/site-packages/airflow/example_dags/tutorial_dag.py
[2023-09-23T04:10:02.139+0000] {logging_mixin.py:151} INFO - [2023-09-23T04:10:02.139+0000] {dag.py:2915} INFO - Sync 1 DAGs
[2023-09-23T04:10:02.150+0000] {logging_mixin.py:151} INFO - [2023-09-23T04:10:02.150+0000] {dag.py:3696} INFO - Setting next_dagrun for tutorial_dag to None, run_after=None
[2023-09-23T04:10:02.197+0000] {processor.py:179} INFO - Processing /home/airflow/.local/lib/python3.8/site-packages/airflow/example_dags/tutorial_dag.py took 0.107 seconds
[2023-09-23T04:10:33.303+0000] {processor.py:157} INFO - Started process (PID=666) to work on /home/airflow/.local/lib/python3.8/site-packages/airflow/example_dags/tutorial_dag.py
[2023-09-23T04:10:33.304+0000] {processor.py:829} INFO - Processing file /home/airflow/.local/lib/python3.8/site-packages/airflow/example_dags/tutorial_dag.py for tasks to queue
[2023-09-23T04:10:33.306+0000] {logging_mixin.py:151} INFO - [2023-09-23T04:10:33.306+0000] {dagbag.py:539} INFO - Filling up the DagBag from /home/airflow/.local/lib/python3.8/site-packages/airflow/example_dags/tutorial_dag.py
[2023-09-23T04:10:33.310+0000] {processor.py:839} INFO - DAG(s) dict_keys(['tutorial_dag']) retrieved from /home/airflow/.local/lib/python3.8/site-packages/airflow/example_dags/tutorial_dag.py
[2023-09-23T04:10:33.328+0000] {logging_mixin.py:151} INFO - [2023-09-23T04:10:33.328+0000] {dag.py:2915} INFO - Sync 1 DAGs
[2023-09-23T04:10:33.338+0000] {logging_mixin.py:151} INFO - [2023-09-23T04:10:33.338+0000] {dag.py:3696} INFO - Setting next_dagrun for tutorial_dag to None, run_after=None
[2023-09-23T04:10:33.397+0000] {processor.py:179} INFO - Processing /home/airflow/.local/lib/python3.8/site-packages/airflow/example_dags/tutorial_dag.py took 0.097 seconds
[2023-09-23T04:11:03.692+0000] {processor.py:157} INFO - Started process (PID=721) to work on /home/airflow/.local/lib/python3.8/site-packages/airflow/example_dags/tutorial_dag.py
[2023-09-23T04:11:03.707+0000] {processor.py:829} INFO - Processing file /home/airflow/.local/lib/python3.8/site-packages/airflow/example_dags/tutorial_dag.py for tasks to queue
[2023-09-23T04:11:03.709+0000] {logging_mixin.py:151} INFO - [2023-09-23T04:11:03.708+0000] {dagbag.py:539} INFO - Filling up the DagBag from /home/airflow/.local/lib/python3.8/site-packages/airflow/example_dags/tutorial_dag.py
[2023-09-23T04:11:03.713+0000] {processor.py:839} INFO - DAG(s) dict_keys(['tutorial_dag']) retrieved from /home/airflow/.local/lib/python3.8/site-packages/airflow/example_dags/tutorial_dag.py
[2023-09-23T04:11:03.730+0000] {logging_mixin.py:151} INFO - [2023-09-23T04:11:03.730+0000] {dag.py:2915} INFO - Sync 1 DAGs
[2023-09-23T04:11:03.741+0000] {logging_mixin.py:151} INFO - [2023-09-23T04:11:03.741+0000] {dag.py:3696} INFO - Setting next_dagrun for tutorial_dag to None, run_after=None
[2023-09-23T04:11:03.786+0000] {processor.py:179} INFO - Processing /home/airflow/.local/lib/python3.8/site-packages/airflow/example_dags/tutorial_dag.py took 0.097 seconds
[2023-09-23T04:11:34.494+0000] {processor.py:157} INFO - Started process (PID=776) to work on /home/airflow/.local/lib/python3.8/site-packages/airflow/example_dags/tutorial_dag.py
[2023-09-23T04:11:34.509+0000] {processor.py:829} INFO - Processing file /home/airflow/.local/lib/python3.8/site-packages/airflow/example_dags/tutorial_dag.py for tasks to queue
[2023-09-23T04:11:34.511+0000] {logging_mixin.py:151} INFO - [2023-09-23T04:11:34.510+0000] {dagbag.py:539} INFO - Filling up the DagBag from /home/airflow/.local/lib/python3.8/site-packages/airflow/example_dags/tutorial_dag.py
[2023-09-23T04:11:34.515+0000] {processor.py:839} INFO - DAG(s) dict_keys(['tutorial_dag']) retrieved from /home/airflow/.local/lib/python3.8/site-packages/airflow/example_dags/tutorial_dag.py
[2023-09-23T04:11:34.533+0000] {logging_mixin.py:151} INFO - [2023-09-23T04:11:34.533+0000] {dag.py:2915} INFO - Sync 1 DAGs
[2023-09-23T04:11:34.544+0000] {logging_mixin.py:151} INFO - [2023-09-23T04:11:34.544+0000] {dag.py:3696} INFO - Setting next_dagrun for tutorial_dag to None, run_after=None
[2023-09-23T04:11:34.587+0000] {processor.py:179} INFO - Processing /home/airflow/.local/lib/python3.8/site-packages/airflow/example_dags/tutorial_dag.py took 0.097 seconds
[2023-09-23T04:12:04.691+0000] {processor.py:157} INFO - Started process (PID=831) to work on /home/airflow/.local/lib/python3.8/site-packages/airflow/example_dags/tutorial_dag.py
[2023-09-23T04:12:04.705+0000] {processor.py:829} INFO - Processing file /home/airflow/.local/lib/python3.8/site-packages/airflow/example_dags/tutorial_dag.py for tasks to queue
[2023-09-23T04:12:04.707+0000] {logging_mixin.py:151} INFO - [2023-09-23T04:12:04.707+0000] {dagbag.py:539} INFO - Filling up the DagBag from /home/airflow/.local/lib/python3.8/site-packages/airflow/example_dags/tutorial_dag.py
[2023-09-23T04:12:04.711+0000] {processor.py:839} INFO - DAG(s) dict_keys(['tutorial_dag']) retrieved from /home/airflow/.local/lib/python3.8/site-packages/airflow/example_dags/tutorial_dag.py
[2023-09-23T04:12:04.729+0000] {logging_mixin.py:151} INFO - [2023-09-23T04:12:04.729+0000] {dag.py:2915} INFO - Sync 1 DAGs
[2023-09-23T04:12:04.740+0000] {logging_mixin.py:151} INFO - [2023-09-23T04:12:04.740+0000] {dag.py:3696} INFO - Setting next_dagrun for tutorial_dag to None, run_after=None
[2023-09-23T04:12:04.795+0000] {processor.py:179} INFO - Processing /home/airflow/.local/lib/python3.8/site-packages/airflow/example_dags/tutorial_dag.py took 0.107 seconds
[2023-09-23T04:12:35.981+0000] {processor.py:157} INFO - Started process (PID=886) to work on /home/airflow/.local/lib/python3.8/site-packages/airflow/example_dags/tutorial_dag.py
[2023-09-23T04:12:35.982+0000] {processor.py:829} INFO - Processing file /home/airflow/.local/lib/python3.8/site-packages/airflow/example_dags/tutorial_dag.py for tasks to queue
[2023-09-23T04:12:35.984+0000] {logging_mixin.py:151} INFO - [2023-09-23T04:12:35.984+0000] {dagbag.py:539} INFO - Filling up the DagBag from /home/airflow/.local/lib/python3.8/site-packages/airflow/example_dags/tutorial_dag.py
[2023-09-23T04:12:35.988+0000] {processor.py:839} INFO - DAG(s) dict_keys(['tutorial_dag']) retrieved from /home/airflow/.local/lib/python3.8/site-packages/airflow/example_dags/tutorial_dag.py
[2023-09-23T04:12:36.006+0000] {logging_mixin.py:151} INFO - [2023-09-23T04:12:36.005+0000] {dag.py:2915} INFO - Sync 1 DAGs
[2023-09-23T04:12:36.015+0000] {logging_mixin.py:151} INFO - [2023-09-23T04:12:36.015+0000] {dag.py:3696} INFO - Setting next_dagrun for tutorial_dag to None, run_after=None
[2023-09-23T04:12:36.074+0000] {processor.py:179} INFO - Processing /home/airflow/.local/lib/python3.8/site-packages/airflow/example_dags/tutorial_dag.py took 0.096 seconds
[2023-09-23T04:13:06.539+0000] {processor.py:157} INFO - Started process (PID=941) to work on /home/airflow/.local/lib/python3.8/site-packages/airflow/example_dags/tutorial_dag.py
[2023-09-23T04:13:06.540+0000] {processor.py:829} INFO - Processing file /home/airflow/.local/lib/python3.8/site-packages/airflow/example_dags/tutorial_dag.py for tasks to queue
[2023-09-23T04:13:06.542+0000] {logging_mixin.py:151} INFO - [2023-09-23T04:13:06.542+0000] {dagbag.py:539} INFO - Filling up the DagBag from /home/airflow/.local/lib/python3.8/site-packages/airflow/example_dags/tutorial_dag.py
[2023-09-23T04:13:06.546+0000] {processor.py:839} INFO - DAG(s) dict_keys(['tutorial_dag']) retrieved from /home/airflow/.local/lib/python3.8/site-packages/airflow/example_dags/tutorial_dag.py
[2023-09-23T04:13:06.564+0000] {logging_mixin.py:151} INFO - [2023-09-23T04:13:06.563+0000] {dag.py:2915} INFO - Sync 1 DAGs
[2023-09-23T04:13:06.574+0000] {logging_mixin.py:151} INFO - [2023-09-23T04:13:06.574+0000] {dag.py:3696} INFO - Setting next_dagrun for tutorial_dag to None, run_after=None
[2023-09-23T04:13:06.632+0000] {processor.py:179} INFO - Processing /home/airflow/.local/lib/python3.8/site-packages/airflow/example_dags/tutorial_dag.py took 0.096 seconds
[2023-09-23T04:13:38.313+0000] {processor.py:157} INFO - Started process (PID=996) to work on /home/airflow/.local/lib/python3.8/site-packages/airflow/example_dags/tutorial_dag.py
[2023-09-23T04:13:38.328+0000] {processor.py:829} INFO - Processing file /home/airflow/.local/lib/python3.8/site-packages/airflow/example_dags/tutorial_dag.py for tasks to queue
[2023-09-23T04:13:38.330+0000] {logging_mixin.py:151} INFO - [2023-09-23T04:13:38.330+0000] {dagbag.py:539} INFO - Filling up the DagBag from /home/airflow/.local/lib/python3.8/site-packages/airflow/example_dags/tutorial_dag.py
[2023-09-23T04:13:38.334+0000] {processor.py:839} INFO - DAG(s) dict_keys(['tutorial_dag']) retrieved from /home/airflow/.local/lib/python3.8/site-packages/airflow/example_dags/tutorial_dag.py
[2023-09-23T04:13:38.352+0000] {logging_mixin.py:151} INFO - [2023-09-23T04:13:38.351+0000] {dag.py:2915} INFO - Sync 1 DAGs
[2023-09-23T04:13:38.362+0000] {logging_mixin.py:151} INFO - [2023-09-23T04:13:38.362+0000] {dag.py:3696} INFO - Setting next_dagrun for tutorial_dag to None, run_after=None
[2023-09-23T04:13:38.407+0000] {processor.py:179} INFO - Processing /home/airflow/.local/lib/python3.8/site-packages/airflow/example_dags/tutorial_dag.py took 0.097 seconds
[2023-09-23T04:14:09.615+0000] {processor.py:157} INFO - Started process (PID=1051) to work on /home/airflow/.local/lib/python3.8/site-packages/airflow/example_dags/tutorial_dag.py
[2023-09-23T04:14:09.630+0000] {processor.py:829} INFO - Processing file /home/airflow/.local/lib/python3.8/site-packages/airflow/example_dags/tutorial_dag.py for tasks to queue
[2023-09-23T04:14:09.632+0000] {logging_mixin.py:151} INFO - [2023-09-23T04:14:09.632+0000] {dagbag.py:539} INFO - Filling up the DagBag from /home/airflow/.local/lib/python3.8/site-packages/airflow/example_dags/tutorial_dag.py
[2023-09-23T04:14:09.636+0000] {processor.py:839} INFO - DAG(s) dict_keys(['tutorial_dag']) retrieved from /home/airflow/.local/lib/python3.8/site-packages/airflow/example_dags/tutorial_dag.py
[2023-09-23T04:14:09.654+0000] {logging_mixin.py:151} INFO - [2023-09-23T04:14:09.654+0000] {dag.py:2915} INFO - Sync 1 DAGs
[2023-09-23T04:14:09.665+0000] {logging_mixin.py:151} INFO - [2023-09-23T04:14:09.665+0000] {dag.py:3696} INFO - Setting next_dagrun for tutorial_dag to None, run_after=None
[2023-09-23T04:14:09.709+0000] {processor.py:179} INFO - Processing /home/airflow/.local/lib/python3.8/site-packages/airflow/example_dags/tutorial_dag.py took 0.097 seconds
[2023-09-23T04:14:41.020+0000] {processor.py:157} INFO - Started process (PID=1106) to work on /home/airflow/.local/lib/python3.8/site-packages/airflow/example_dags/tutorial_dag.py
[2023-09-23T04:14:41.024+0000] {processor.py:829} INFO - Processing file /home/airflow/.local/lib/python3.8/site-packages/airflow/example_dags/tutorial_dag.py for tasks to queue
[2023-09-23T04:14:41.026+0000] {logging_mixin.py:151} INFO - [2023-09-23T04:14:41.026+0000] {dagbag.py:539} INFO - Filling up the DagBag from /home/airflow/.local/lib/python3.8/site-packages/airflow/example_dags/tutorial_dag.py
[2023-09-23T04:14:41.030+0000] {processor.py:839} INFO - DAG(s) dict_keys(['tutorial_dag']) retrieved from /home/airflow/.local/lib/python3.8/site-packages/airflow/example_dags/tutorial_dag.py
[2023-09-23T04:14:41.047+0000] {logging_mixin.py:151} INFO - [2023-09-23T04:14:41.047+0000] {dag.py:2915} INFO - Sync 1 DAGs
[2023-09-23T04:14:41.058+0000] {logging_mixin.py:151} INFO - [2023-09-23T04:14:41.057+0000] {dag.py:3696} INFO - Setting next_dagrun for tutorial_dag to None, run_after=None
[2023-09-23T04:14:41.103+0000] {processor.py:179} INFO - Processing /home/airflow/.local/lib/python3.8/site-packages/airflow/example_dags/tutorial_dag.py took 0.086 seconds
[2023-09-23T04:15:13.394+0000] {processor.py:157} INFO - Started process (PID=1161) to work on /home/airflow/.local/lib/python3.8/site-packages/airflow/example_dags/tutorial_dag.py
[2023-09-23T04:15:13.398+0000] {processor.py:829} INFO - Processing file /home/airflow/.local/lib/python3.8/site-packages/airflow/example_dags/tutorial_dag.py for tasks to queue
[2023-09-23T04:15:13.399+0000] {logging_mixin.py:151} INFO - [2023-09-23T04:15:13.399+0000] {dagbag.py:539} INFO - Filling up the DagBag from /home/airflow/.local/lib/python3.8/site-packages/airflow/example_dags/tutorial_dag.py
[2023-09-23T04:15:13.403+0000] {processor.py:839} INFO - DAG(s) dict_keys(['tutorial_dag']) retrieved from /home/airflow/.local/lib/python3.8/site-packages/airflow/example_dags/tutorial_dag.py
[2023-09-23T04:15:13.421+0000] {logging_mixin.py:151} INFO - [2023-09-23T04:15:13.421+0000] {dag.py:2915} INFO - Sync 1 DAGs
[2023-09-23T04:15:13.431+0000] {logging_mixin.py:151} INFO - [2023-09-23T04:15:13.431+0000] {dag.py:3696} INFO - Setting next_dagrun for tutorial_dag to None, run_after=None
[2023-09-23T04:15:13.476+0000] {processor.py:179} INFO - Processing /home/airflow/.local/lib/python3.8/site-packages/airflow/example_dags/tutorial_dag.py took 0.085 seconds
[2023-09-23T04:15:43.930+0000] {processor.py:157} INFO - Started process (PID=1216) to work on /home/airflow/.local/lib/python3.8/site-packages/airflow/example_dags/tutorial_dag.py
[2023-09-23T04:15:43.957+0000] {processor.py:829} INFO - Processing file /home/airflow/.local/lib/python3.8/site-packages/airflow/example_dags/tutorial_dag.py for tasks to queue
[2023-09-23T04:15:43.959+0000] {logging_mixin.py:151} INFO - [2023-09-23T04:15:43.959+0000] {dagbag.py:539} INFO - Filling up the DagBag from /home/airflow/.local/lib/python3.8/site-packages/airflow/example_dags/tutorial_dag.py
[2023-09-23T04:15:43.963+0000] {processor.py:839} INFO - DAG(s) dict_keys(['tutorial_dag']) retrieved from /home/airflow/.local/lib/python3.8/site-packages/airflow/example_dags/tutorial_dag.py
[2023-09-23T04:15:43.980+0000] {logging_mixin.py:151} INFO - [2023-09-23T04:15:43.980+0000] {dag.py:2915} INFO - Sync 1 DAGs
[2023-09-23T04:15:43.990+0000] {logging_mixin.py:151} INFO - [2023-09-23T04:15:43.990+0000] {dag.py:3696} INFO - Setting next_dagrun for tutorial_dag to None, run_after=None
[2023-09-23T04:15:44.036+0000] {processor.py:179} INFO - Processing /home/airflow/.local/lib/python3.8/site-packages/airflow/example_dags/tutorial_dag.py took 0.109 seconds
[2023-09-23T04:16:15.563+0000] {processor.py:157} INFO - Started process (PID=1271) to work on /home/airflow/.local/lib/python3.8/site-packages/airflow/example_dags/tutorial_dag.py
[2023-09-23T04:16:15.609+0000] {processor.py:829} INFO - Processing file /home/airflow/.local/lib/python3.8/site-packages/airflow/example_dags/tutorial_dag.py for tasks to queue
[2023-09-23T04:16:15.611+0000] {logging_mixin.py:151} INFO - [2023-09-23T04:16:15.611+0000] {dagbag.py:539} INFO - Filling up the DagBag from /home/airflow/.local/lib/python3.8/site-packages/airflow/example_dags/tutorial_dag.py
[2023-09-23T04:16:15.615+0000] {processor.py:839} INFO - DAG(s) dict_keys(['tutorial_dag']) retrieved from /home/airflow/.local/lib/python3.8/site-packages/airflow/example_dags/tutorial_dag.py
[2023-09-23T04:16:15.635+0000] {logging_mixin.py:151} INFO - [2023-09-23T04:16:15.635+0000] {dag.py:2915} INFO - Sync 1 DAGs
[2023-09-23T04:16:15.645+0000] {logging_mixin.py:151} INFO - [2023-09-23T04:16:15.645+0000] {dag.py:3696} INFO - Setting next_dagrun for tutorial_dag to None, run_after=None
[2023-09-23T04:16:15.701+0000] {processor.py:179} INFO - Processing /home/airflow/.local/lib/python3.8/site-packages/airflow/example_dags/tutorial_dag.py took 0.141 seconds
[2023-09-23T04:16:46.621+0000] {processor.py:157} INFO - Started process (PID=1326) to work on /home/airflow/.local/lib/python3.8/site-packages/airflow/example_dags/tutorial_dag.py
[2023-09-23T04:16:46.629+0000] {processor.py:829} INFO - Processing file /home/airflow/.local/lib/python3.8/site-packages/airflow/example_dags/tutorial_dag.py for tasks to queue
[2023-09-23T04:16:46.631+0000] {logging_mixin.py:151} INFO - [2023-09-23T04:16:46.631+0000] {dagbag.py:539} INFO - Filling up the DagBag from /home/airflow/.local/lib/python3.8/site-packages/airflow/example_dags/tutorial_dag.py
[2023-09-23T04:16:46.635+0000] {processor.py:839} INFO - DAG(s) dict_keys(['tutorial_dag']) retrieved from /home/airflow/.local/lib/python3.8/site-packages/airflow/example_dags/tutorial_dag.py
[2023-09-23T04:16:46.653+0000] {logging_mixin.py:151} INFO - [2023-09-23T04:16:46.653+0000] {dag.py:2915} INFO - Sync 1 DAGs
[2023-09-23T04:16:46.663+0000] {logging_mixin.py:151} INFO - [2023-09-23T04:16:46.663+0000] {dag.py:3696} INFO - Setting next_dagrun for tutorial_dag to None, run_after=None
[2023-09-23T04:16:46.716+0000] {processor.py:179} INFO - Processing /home/airflow/.local/lib/python3.8/site-packages/airflow/example_dags/tutorial_dag.py took 0.097 seconds
[2023-09-23T04:17:17.290+0000] {processor.py:157} INFO - Started process (PID=1381) to work on /home/airflow/.local/lib/python3.8/site-packages/airflow/example_dags/tutorial_dag.py
[2023-09-23T04:17:17.306+0000] {processor.py:829} INFO - Processing file /home/airflow/.local/lib/python3.8/site-packages/airflow/example_dags/tutorial_dag.py for tasks to queue
[2023-09-23T04:17:17.308+0000] {logging_mixin.py:151} INFO - [2023-09-23T04:17:17.308+0000] {dagbag.py:539} INFO - Filling up the DagBag from /home/airflow/.local/lib/python3.8/site-packages/airflow/example_dags/tutorial_dag.py
[2023-09-23T04:17:17.312+0000] {processor.py:839} INFO - DAG(s) dict_keys(['tutorial_dag']) retrieved from /home/airflow/.local/lib/python3.8/site-packages/airflow/example_dags/tutorial_dag.py
[2023-09-23T04:17:17.331+0000] {logging_mixin.py:151} INFO - [2023-09-23T04:17:17.331+0000] {dag.py:2915} INFO - Sync 1 DAGs
[2023-09-23T04:17:17.341+0000] {logging_mixin.py:151} INFO - [2023-09-23T04:17:17.341+0000] {dag.py:3696} INFO - Setting next_dagrun for tutorial_dag to None, run_after=None
[2023-09-23T04:17:17.385+0000] {processor.py:179} INFO - Processing /home/airflow/.local/lib/python3.8/site-packages/airflow/example_dags/tutorial_dag.py took 0.097 seconds
[2023-09-23T04:17:48.801+0000] {processor.py:157} INFO - Started process (PID=1436) to work on /home/airflow/.local/lib/python3.8/site-packages/airflow/example_dags/tutorial_dag.py
[2023-09-23T04:17:48.829+0000] {processor.py:829} INFO - Processing file /home/airflow/.local/lib/python3.8/site-packages/airflow/example_dags/tutorial_dag.py for tasks to queue
[2023-09-23T04:17:48.831+0000] {logging_mixin.py:151} INFO - [2023-09-23T04:17:48.831+0000] {dagbag.py:539} INFO - Filling up the DagBag from /home/airflow/.local/lib/python3.8/site-packages/airflow/example_dags/tutorial_dag.py
[2023-09-23T04:17:48.835+0000] {processor.py:839} INFO - DAG(s) dict_keys(['tutorial_dag']) retrieved from /home/airflow/.local/lib/python3.8/site-packages/airflow/example_dags/tutorial_dag.py
[2023-09-23T04:17:48.845+0000] {logging_mixin.py:151} INFO - [2023-09-23T04:17:48.845+0000] {dag.py:2915} INFO - Sync 1 DAGs
[2023-09-23T04:17:48.856+0000] {logging_mixin.py:151} INFO - [2023-09-23T04:17:48.856+0000] {dag.py:3696} INFO - Setting next_dagrun for tutorial_dag to None, run_after=None
[2023-09-23T04:17:48.948+0000] {processor.py:179} INFO - Processing /home/airflow/.local/lib/python3.8/site-packages/airflow/example_dags/tutorial_dag.py took 0.149 seconds
[2023-09-23T04:18:20.493+0000] {processor.py:157} INFO - Started process (PID=1491) to work on /home/airflow/.local/lib/python3.8/site-packages/airflow/example_dags/tutorial_dag.py
[2023-09-23T04:18:20.494+0000] {processor.py:829} INFO - Processing file /home/airflow/.local/lib/python3.8/site-packages/airflow/example_dags/tutorial_dag.py for tasks to queue
[2023-09-23T04:18:20.495+0000] {logging_mixin.py:151} INFO - [2023-09-23T04:18:20.495+0000] {dagbag.py:539} INFO - Filling up the DagBag from /home/airflow/.local/lib/python3.8/site-packages/airflow/example_dags/tutorial_dag.py
[2023-09-23T04:18:20.499+0000] {processor.py:839} INFO - DAG(s) dict_keys(['tutorial_dag']) retrieved from /home/airflow/.local/lib/python3.8/site-packages/airflow/example_dags/tutorial_dag.py
[2023-09-23T04:18:20.516+0000] {logging_mixin.py:151} INFO - [2023-09-23T04:18:20.516+0000] {dag.py:2915} INFO - Sync 1 DAGs
[2023-09-23T04:18:20.526+0000] {logging_mixin.py:151} INFO - [2023-09-23T04:18:20.526+0000] {dag.py:3696} INFO - Setting next_dagrun for tutorial_dag to None, run_after=None
[2023-09-23T04:18:20.605+0000] {processor.py:179} INFO - Processing /home/airflow/.local/lib/python3.8/site-packages/airflow/example_dags/tutorial_dag.py took 0.115 seconds
[2023-09-23T04:18:53.884+0000] {processor.py:157} INFO - Started process (PID=1546) to work on /home/airflow/.local/lib/python3.8/site-packages/airflow/example_dags/tutorial_dag.py
[2023-09-23T04:18:54.067+0000] {processor.py:829} INFO - Processing file /home/airflow/.local/lib/python3.8/site-packages/airflow/example_dags/tutorial_dag.py for tasks to queue
[2023-09-23T04:18:54.069+0000] {logging_mixin.py:151} INFO - [2023-09-23T04:18:54.069+0000] {dagbag.py:539} INFO - Filling up the DagBag from /home/airflow/.local/lib/python3.8/site-packages/airflow/example_dags/tutorial_dag.py
[2023-09-23T04:18:54.075+0000] {processor.py:839} INFO - DAG(s) dict_keys(['tutorial_dag']) retrieved from /home/airflow/.local/lib/python3.8/site-packages/airflow/example_dags/tutorial_dag.py
[2023-09-23T04:18:54.098+0000] {logging_mixin.py:151} INFO - [2023-09-23T04:18:54.098+0000] {dag.py:2915} INFO - Sync 1 DAGs
[2023-09-23T04:18:54.109+0000] {logging_mixin.py:151} INFO - [2023-09-23T04:18:54.109+0000] {dag.py:3696} INFO - Setting next_dagrun for tutorial_dag to None, run_after=None
[2023-09-23T04:18:55.178+0000] {processor.py:179} INFO - Processing /home/airflow/.local/lib/python3.8/site-packages/airflow/example_dags/tutorial_dag.py took 1.296 seconds
[2023-09-23T04:19:25.458+0000] {processor.py:157} INFO - Started process (PID=1601) to work on /home/airflow/.local/lib/python3.8/site-packages/airflow/example_dags/tutorial_dag.py
[2023-09-23T04:19:26.160+0000] {processor.py:829} INFO - Processing file /home/airflow/.local/lib/python3.8/site-packages/airflow/example_dags/tutorial_dag.py for tasks to queue
[2023-09-23T04:19:26.162+0000] {logging_mixin.py:151} INFO - [2023-09-23T04:19:26.162+0000] {dagbag.py:539} INFO - Filling up the DagBag from /home/airflow/.local/lib/python3.8/site-packages/airflow/example_dags/tutorial_dag.py
[2023-09-23T04:19:26.165+0000] {processor.py:839} INFO - DAG(s) dict_keys(['tutorial_dag']) retrieved from /home/airflow/.local/lib/python3.8/site-packages/airflow/example_dags/tutorial_dag.py
[2023-09-23T04:19:26.182+0000] {logging_mixin.py:151} INFO - [2023-09-23T04:19:26.182+0000] {dag.py:2915} INFO - Sync 1 DAGs
[2023-09-23T04:19:26.192+0000] {logging_mixin.py:151} INFO - [2023-09-23T04:19:26.192+0000] {dag.py:3696} INFO - Setting next_dagrun for tutorial_dag to None, run_after=None
[2023-09-23T04:19:26.766+0000] {processor.py:179} INFO - Processing /home/airflow/.local/lib/python3.8/site-packages/airflow/example_dags/tutorial_dag.py took 1.311 seconds
[2023-09-23T04:24:07.657+0000] {processor.py:157} INFO - Started process (PID=52) to work on /home/airflow/.local/lib/python3.8/site-packages/airflow/example_dags/tutorial_dag.py
[2023-09-23T04:24:07.661+0000] {processor.py:829} INFO - Processing file /home/airflow/.local/lib/python3.8/site-packages/airflow/example_dags/tutorial_dag.py for tasks to queue
[2023-09-23T04:24:07.663+0000] {logging_mixin.py:151} INFO - [2023-09-23T04:24:07.663+0000] {dagbag.py:539} INFO - Filling up the DagBag from /home/airflow/.local/lib/python3.8/site-packages/airflow/example_dags/tutorial_dag.py
[2023-09-23T04:24:07.671+0000] {processor.py:839} INFO - DAG(s) dict_keys(['tutorial_dag']) retrieved from /home/airflow/.local/lib/python3.8/site-packages/airflow/example_dags/tutorial_dag.py
[2023-09-23T04:24:07.691+0000] {logging_mixin.py:151} INFO - [2023-09-23T04:24:07.691+0000] {dag.py:2915} INFO - Sync 1 DAGs
[2023-09-23T04:24:07.703+0000] {logging_mixin.py:151} INFO - [2023-09-23T04:24:07.703+0000] {dag.py:3696} INFO - Setting next_dagrun for tutorial_dag to None, run_after=None
[2023-09-23T04:24:07.781+0000] {processor.py:179} INFO - Processing /home/airflow/.local/lib/python3.8/site-packages/airflow/example_dags/tutorial_dag.py took 0.127 seconds
[2023-09-23T04:24:57.078+0000] {processor.py:157} INFO - Started process (PID=115) to work on /home/airflow/.local/lib/python3.8/site-packages/airflow/example_dags/tutorial_dag.py
[2023-09-23T04:24:57.080+0000] {processor.py:829} INFO - Processing file /home/airflow/.local/lib/python3.8/site-packages/airflow/example_dags/tutorial_dag.py for tasks to queue
[2023-09-23T04:24:57.081+0000] {logging_mixin.py:151} INFO - [2023-09-23T04:24:57.081+0000] {dagbag.py:539} INFO - Filling up the DagBag from /home/airflow/.local/lib/python3.8/site-packages/airflow/example_dags/tutorial_dag.py
[2023-09-23T04:24:57.085+0000] {processor.py:839} INFO - DAG(s) dict_keys(['tutorial_dag']) retrieved from /home/airflow/.local/lib/python3.8/site-packages/airflow/example_dags/tutorial_dag.py
[2023-09-23T04:24:57.103+0000] {logging_mixin.py:151} INFO - [2023-09-23T04:24:57.103+0000] {dag.py:2915} INFO - Sync 1 DAGs
[2023-09-23T04:24:57.113+0000] {logging_mixin.py:151} INFO - [2023-09-23T04:24:57.113+0000] {dag.py:3696} INFO - Setting next_dagrun for tutorial_dag to None, run_after=None
[2023-09-23T04:24:57.171+0000] {processor.py:179} INFO - Processing /home/airflow/.local/lib/python3.8/site-packages/airflow/example_dags/tutorial_dag.py took 0.095 seconds
[2023-09-23T04:25:27.977+0000] {processor.py:157} INFO - Started process (PID=170) to work on /home/airflow/.local/lib/python3.8/site-packages/airflow/example_dags/tutorial_dag.py
[2023-09-23T04:25:27.997+0000] {processor.py:829} INFO - Processing file /home/airflow/.local/lib/python3.8/site-packages/airflow/example_dags/tutorial_dag.py for tasks to queue
[2023-09-23T04:25:28.000+0000] {logging_mixin.py:151} INFO - [2023-09-23T04:25:27.999+0000] {dagbag.py:539} INFO - Filling up the DagBag from /home/airflow/.local/lib/python3.8/site-packages/airflow/example_dags/tutorial_dag.py
[2023-09-23T04:25:28.004+0000] {processor.py:839} INFO - DAG(s) dict_keys(['tutorial_dag']) retrieved from /home/airflow/.local/lib/python3.8/site-packages/airflow/example_dags/tutorial_dag.py
[2023-09-23T04:25:28.024+0000] {logging_mixin.py:151} INFO - [2023-09-23T04:25:28.024+0000] {dag.py:2915} INFO - Sync 1 DAGs
[2023-09-23T04:25:28.036+0000] {logging_mixin.py:151} INFO - [2023-09-23T04:25:28.036+0000] {dag.py:3696} INFO - Setting next_dagrun for tutorial_dag to None, run_after=None
[2023-09-23T04:25:28.133+0000] {processor.py:179} INFO - Processing /home/airflow/.local/lib/python3.8/site-packages/airflow/example_dags/tutorial_dag.py took 0.159 seconds
[2023-09-23T04:26:01.224+0000] {processor.py:157} INFO - Started process (PID=225) to work on /home/airflow/.local/lib/python3.8/site-packages/airflow/example_dags/tutorial_dag.py
[2023-09-23T04:26:01.464+0000] {processor.py:829} INFO - Processing file /home/airflow/.local/lib/python3.8/site-packages/airflow/example_dags/tutorial_dag.py for tasks to queue
[2023-09-23T04:26:01.469+0000] {logging_mixin.py:151} INFO - [2023-09-23T04:26:01.468+0000] {dagbag.py:539} INFO - Filling up the DagBag from /home/airflow/.local/lib/python3.8/site-packages/airflow/example_dags/tutorial_dag.py
[2023-09-23T04:26:01.473+0000] {processor.py:839} INFO - DAG(s) dict_keys(['tutorial_dag']) retrieved from /home/airflow/.local/lib/python3.8/site-packages/airflow/example_dags/tutorial_dag.py
[2023-09-23T04:26:01.490+0000] {logging_mixin.py:151} INFO - [2023-09-23T04:26:01.490+0000] {dag.py:2915} INFO - Sync 1 DAGs
[2023-09-23T04:26:01.501+0000] {logging_mixin.py:151} INFO - [2023-09-23T04:26:01.501+0000] {dag.py:3696} INFO - Setting next_dagrun for tutorial_dag to None, run_after=None
[2023-09-23T04:26:02.535+0000] {processor.py:179} INFO - Processing /home/airflow/.local/lib/python3.8/site-packages/airflow/example_dags/tutorial_dag.py took 1.315 seconds
[2023-09-23T04:26:32.570+0000] {processor.py:157} INFO - Started process (PID=280) to work on /home/airflow/.local/lib/python3.8/site-packages/airflow/example_dags/tutorial_dag.py
[2023-09-23T04:26:32.609+0000] {processor.py:829} INFO - Processing file /home/airflow/.local/lib/python3.8/site-packages/airflow/example_dags/tutorial_dag.py for tasks to queue
[2023-09-23T04:26:32.611+0000] {logging_mixin.py:151} INFO - [2023-09-23T04:26:32.611+0000] {dagbag.py:539} INFO - Filling up the DagBag from /home/airflow/.local/lib/python3.8/site-packages/airflow/example_dags/tutorial_dag.py
[2023-09-23T04:26:32.615+0000] {processor.py:839} INFO - DAG(s) dict_keys(['tutorial_dag']) retrieved from /home/airflow/.local/lib/python3.8/site-packages/airflow/example_dags/tutorial_dag.py
[2023-09-23T04:26:32.634+0000] {logging_mixin.py:151} INFO - [2023-09-23T04:26:32.633+0000] {dag.py:2915} INFO - Sync 1 DAGs
[2023-09-23T04:26:32.644+0000] {logging_mixin.py:151} INFO - [2023-09-23T04:26:32.644+0000] {dag.py:3696} INFO - Setting next_dagrun for tutorial_dag to None, run_after=None
[2023-09-23T04:26:32.713+0000] {processor.py:179} INFO - Processing /home/airflow/.local/lib/python3.8/site-packages/airflow/example_dags/tutorial_dag.py took 0.145 seconds
[2023-09-23T04:27:04.387+0000] {processor.py:157} INFO - Started process (PID=335) to work on /home/airflow/.local/lib/python3.8/site-packages/airflow/example_dags/tutorial_dag.py
[2023-09-23T04:27:04.398+0000] {processor.py:829} INFO - Processing file /home/airflow/.local/lib/python3.8/site-packages/airflow/example_dags/tutorial_dag.py for tasks to queue
[2023-09-23T04:27:04.400+0000] {logging_mixin.py:151} INFO - [2023-09-23T04:27:04.400+0000] {dagbag.py:539} INFO - Filling up the DagBag from /home/airflow/.local/lib/python3.8/site-packages/airflow/example_dags/tutorial_dag.py
[2023-09-23T04:27:04.404+0000] {processor.py:839} INFO - DAG(s) dict_keys(['tutorial_dag']) retrieved from /home/airflow/.local/lib/python3.8/site-packages/airflow/example_dags/tutorial_dag.py
[2023-09-23T04:27:04.422+0000] {logging_mixin.py:151} INFO - [2023-09-23T04:27:04.422+0000] {dag.py:2915} INFO - Sync 1 DAGs
[2023-09-23T04:27:04.432+0000] {logging_mixin.py:151} INFO - [2023-09-23T04:27:04.432+0000] {dag.py:3696} INFO - Setting next_dagrun for tutorial_dag to None, run_after=None
[2023-09-23T04:27:04.489+0000] {processor.py:179} INFO - Processing /home/airflow/.local/lib/python3.8/site-packages/airflow/example_dags/tutorial_dag.py took 0.105 seconds
[2023-09-23T04:27:34.737+0000] {processor.py:157} INFO - Started process (PID=390) to work on /home/airflow/.local/lib/python3.8/site-packages/airflow/example_dags/tutorial_dag.py
[2023-09-23T04:27:34.738+0000] {processor.py:829} INFO - Processing file /home/airflow/.local/lib/python3.8/site-packages/airflow/example_dags/tutorial_dag.py for tasks to queue
[2023-09-23T04:27:34.740+0000] {logging_mixin.py:151} INFO - [2023-09-23T04:27:34.740+0000] {dagbag.py:539} INFO - Filling up the DagBag from /home/airflow/.local/lib/python3.8/site-packages/airflow/example_dags/tutorial_dag.py
[2023-09-23T04:27:34.744+0000] {processor.py:839} INFO - DAG(s) dict_keys(['tutorial_dag']) retrieved from /home/airflow/.local/lib/python3.8/site-packages/airflow/example_dags/tutorial_dag.py
[2023-09-23T04:27:34.763+0000] {logging_mixin.py:151} INFO - [2023-09-23T04:27:34.763+0000] {dag.py:2915} INFO - Sync 1 DAGs
[2023-09-23T04:27:34.773+0000] {logging_mixin.py:151} INFO - [2023-09-23T04:27:34.773+0000] {dag.py:3696} INFO - Setting next_dagrun for tutorial_dag to None, run_after=None
[2023-09-23T04:27:34.851+0000] {processor.py:179} INFO - Processing /home/airflow/.local/lib/python3.8/site-packages/airflow/example_dags/tutorial_dag.py took 0.117 seconds
[2023-09-23T04:28:05.334+0000] {processor.py:157} INFO - Started process (PID=445) to work on /home/airflow/.local/lib/python3.8/site-packages/airflow/example_dags/tutorial_dag.py
[2023-09-23T04:28:05.336+0000] {processor.py:829} INFO - Processing file /home/airflow/.local/lib/python3.8/site-packages/airflow/example_dags/tutorial_dag.py for tasks to queue
[2023-09-23T04:28:05.337+0000] {logging_mixin.py:151} INFO - [2023-09-23T04:28:05.337+0000] {dagbag.py:539} INFO - Filling up the DagBag from /home/airflow/.local/lib/python3.8/site-packages/airflow/example_dags/tutorial_dag.py
[2023-09-23T04:28:05.342+0000] {processor.py:839} INFO - DAG(s) dict_keys(['tutorial_dag']) retrieved from /home/airflow/.local/lib/python3.8/site-packages/airflow/example_dags/tutorial_dag.py
[2023-09-23T04:28:05.360+0000] {logging_mixin.py:151} INFO - [2023-09-23T04:28:05.360+0000] {dag.py:2915} INFO - Sync 1 DAGs
[2023-09-23T04:28:05.371+0000] {logging_mixin.py:151} INFO - [2023-09-23T04:28:05.371+0000] {dag.py:3696} INFO - Setting next_dagrun for tutorial_dag to None, run_after=None
[2023-09-23T04:28:05.426+0000] {processor.py:179} INFO - Processing /home/airflow/.local/lib/python3.8/site-packages/airflow/example_dags/tutorial_dag.py took 0.095 seconds
[2023-09-23T04:28:36.676+0000] {processor.py:157} INFO - Started process (PID=500) to work on /home/airflow/.local/lib/python3.8/site-packages/airflow/example_dags/tutorial_dag.py
[2023-09-23T04:28:36.677+0000] {processor.py:829} INFO - Processing file /home/airflow/.local/lib/python3.8/site-packages/airflow/example_dags/tutorial_dag.py for tasks to queue
[2023-09-23T04:28:36.679+0000] {logging_mixin.py:151} INFO - [2023-09-23T04:28:36.679+0000] {dagbag.py:539} INFO - Filling up the DagBag from /home/airflow/.local/lib/python3.8/site-packages/airflow/example_dags/tutorial_dag.py
[2023-09-23T04:28:36.684+0000] {processor.py:839} INFO - DAG(s) dict_keys(['tutorial_dag']) retrieved from /home/airflow/.local/lib/python3.8/site-packages/airflow/example_dags/tutorial_dag.py
[2023-09-23T04:28:36.703+0000] {logging_mixin.py:151} INFO - [2023-09-23T04:28:36.702+0000] {dag.py:2915} INFO - Sync 1 DAGs
[2023-09-23T04:28:36.713+0000] {logging_mixin.py:151} INFO - [2023-09-23T04:28:36.713+0000] {dag.py:3696} INFO - Setting next_dagrun for tutorial_dag to None, run_after=None
[2023-09-23T04:28:36.806+0000] {processor.py:179} INFO - Processing /home/airflow/.local/lib/python3.8/site-packages/airflow/example_dags/tutorial_dag.py took 0.133 seconds
[2023-09-23T04:29:06.866+0000] {processor.py:157} INFO - Started process (PID=555) to work on /home/airflow/.local/lib/python3.8/site-packages/airflow/example_dags/tutorial_dag.py
[2023-09-23T04:29:06.868+0000] {processor.py:829} INFO - Processing file /home/airflow/.local/lib/python3.8/site-packages/airflow/example_dags/tutorial_dag.py for tasks to queue
[2023-09-23T04:29:06.870+0000] {logging_mixin.py:151} INFO - [2023-09-23T04:29:06.870+0000] {dagbag.py:539} INFO - Filling up the DagBag from /home/airflow/.local/lib/python3.8/site-packages/airflow/example_dags/tutorial_dag.py
[2023-09-23T04:29:06.874+0000] {processor.py:839} INFO - DAG(s) dict_keys(['tutorial_dag']) retrieved from /home/airflow/.local/lib/python3.8/site-packages/airflow/example_dags/tutorial_dag.py
[2023-09-23T04:29:06.886+0000] {logging_mixin.py:151} INFO - [2023-09-23T04:29:06.886+0000] {dag.py:2915} INFO - Sync 1 DAGs
[2023-09-23T04:29:06.897+0000] {logging_mixin.py:151} INFO - [2023-09-23T04:29:06.897+0000] {dag.py:3696} INFO - Setting next_dagrun for tutorial_dag to None, run_after=None
[2023-09-23T04:29:06.981+0000] {processor.py:179} INFO - Processing /home/airflow/.local/lib/python3.8/site-packages/airflow/example_dags/tutorial_dag.py took 0.118 seconds
[2023-09-23T04:29:37.491+0000] {processor.py:157} INFO - Started process (PID=610) to work on /home/airflow/.local/lib/python3.8/site-packages/airflow/example_dags/tutorial_dag.py
[2023-09-23T04:29:37.497+0000] {processor.py:829} INFO - Processing file /home/airflow/.local/lib/python3.8/site-packages/airflow/example_dags/tutorial_dag.py for tasks to queue
[2023-09-23T04:29:37.498+0000] {logging_mixin.py:151} INFO - [2023-09-23T04:29:37.498+0000] {dagbag.py:539} INFO - Filling up the DagBag from /home/airflow/.local/lib/python3.8/site-packages/airflow/example_dags/tutorial_dag.py
[2023-09-23T04:29:37.502+0000] {processor.py:839} INFO - DAG(s) dict_keys(['tutorial_dag']) retrieved from /home/airflow/.local/lib/python3.8/site-packages/airflow/example_dags/tutorial_dag.py
[2023-09-23T04:29:37.520+0000] {logging_mixin.py:151} INFO - [2023-09-23T04:29:37.520+0000] {dag.py:2915} INFO - Sync 1 DAGs
[2023-09-23T04:29:37.530+0000] {logging_mixin.py:151} INFO - [2023-09-23T04:29:37.530+0000] {dag.py:3696} INFO - Setting next_dagrun for tutorial_dag to None, run_after=None
[2023-09-23T04:29:37.594+0000] {processor.py:179} INFO - Processing /home/airflow/.local/lib/python3.8/site-packages/airflow/example_dags/tutorial_dag.py took 0.106 seconds
[2023-09-23T04:30:08.073+0000] {processor.py:157} INFO - Started process (PID=665) to work on /home/airflow/.local/lib/python3.8/site-packages/airflow/example_dags/tutorial_dag.py
[2023-09-23T04:30:08.081+0000] {processor.py:829} INFO - Processing file /home/airflow/.local/lib/python3.8/site-packages/airflow/example_dags/tutorial_dag.py for tasks to queue
[2023-09-23T04:30:08.083+0000] {logging_mixin.py:151} INFO - [2023-09-23T04:30:08.083+0000] {dagbag.py:539} INFO - Filling up the DagBag from /home/airflow/.local/lib/python3.8/site-packages/airflow/example_dags/tutorial_dag.py
[2023-09-23T04:30:08.087+0000] {processor.py:839} INFO - DAG(s) dict_keys(['tutorial_dag']) retrieved from /home/airflow/.local/lib/python3.8/site-packages/airflow/example_dags/tutorial_dag.py
[2023-09-23T04:30:08.105+0000] {logging_mixin.py:151} INFO - [2023-09-23T04:30:08.105+0000] {dag.py:2915} INFO - Sync 1 DAGs
[2023-09-23T04:30:08.116+0000] {logging_mixin.py:151} INFO - [2023-09-23T04:30:08.116+0000] {dag.py:3696} INFO - Setting next_dagrun for tutorial_dag to None, run_after=None
[2023-09-23T04:30:08.166+0000] {processor.py:179} INFO - Processing /home/airflow/.local/lib/python3.8/site-packages/airflow/example_dags/tutorial_dag.py took 0.096 seconds
[2023-09-23T04:30:39.545+0000] {processor.py:157} INFO - Started process (PID=720) to work on /home/airflow/.local/lib/python3.8/site-packages/airflow/example_dags/tutorial_dag.py
[2023-09-23T04:30:39.563+0000] {processor.py:829} INFO - Processing file /home/airflow/.local/lib/python3.8/site-packages/airflow/example_dags/tutorial_dag.py for tasks to queue
[2023-09-23T04:30:39.564+0000] {logging_mixin.py:151} INFO - [2023-09-23T04:30:39.564+0000] {dagbag.py:539} INFO - Filling up the DagBag from /home/airflow/.local/lib/python3.8/site-packages/airflow/example_dags/tutorial_dag.py
[2023-09-23T04:30:39.569+0000] {processor.py:839} INFO - DAG(s) dict_keys(['tutorial_dag']) retrieved from /home/airflow/.local/lib/python3.8/site-packages/airflow/example_dags/tutorial_dag.py
[2023-09-23T04:30:39.586+0000] {logging_mixin.py:151} INFO - [2023-09-23T04:30:39.586+0000] {dag.py:2915} INFO - Sync 1 DAGs
[2023-09-23T04:30:39.597+0000] {logging_mixin.py:151} INFO - [2023-09-23T04:30:39.596+0000] {dag.py:3696} INFO - Setting next_dagrun for tutorial_dag to None, run_after=None
[2023-09-23T04:30:39.651+0000] {processor.py:179} INFO - Processing /home/airflow/.local/lib/python3.8/site-packages/airflow/example_dags/tutorial_dag.py took 0.109 seconds
[2023-09-23T22:35:21.840+0000] {processor.py:157} INFO - Started process (PID=59) to work on /home/airflow/.local/lib/python3.8/site-packages/airflow/example_dags/tutorial_dag.py
[2023-09-23T22:35:21.858+0000] {processor.py:829} INFO - Processing file /home/airflow/.local/lib/python3.8/site-packages/airflow/example_dags/tutorial_dag.py for tasks to queue
[2023-09-23T22:35:21.861+0000] {logging_mixin.py:151} INFO - [2023-09-23T22:35:21.860+0000] {dagbag.py:539} INFO - Filling up the DagBag from /home/airflow/.local/lib/python3.8/site-packages/airflow/example_dags/tutorial_dag.py
[2023-09-23T22:35:21.869+0000] {processor.py:839} INFO - DAG(s) dict_keys(['tutorial_dag']) retrieved from /home/airflow/.local/lib/python3.8/site-packages/airflow/example_dags/tutorial_dag.py
[2023-09-23T22:35:21.889+0000] {logging_mixin.py:151} INFO - [2023-09-23T22:35:21.888+0000] {dag.py:2915} INFO - Sync 1 DAGs
[2023-09-23T22:35:21.900+0000] {logging_mixin.py:151} INFO - [2023-09-23T22:35:21.899+0000] {dag.py:3696} INFO - Setting next_dagrun for tutorial_dag to None, run_after=None
[2023-09-23T22:35:21.977+0000] {processor.py:179} INFO - Processing /home/airflow/.local/lib/python3.8/site-packages/airflow/example_dags/tutorial_dag.py took 0.142 seconds
[2023-09-23T22:35:57.176+0000] {processor.py:157} INFO - Started process (PID=114) to work on /home/airflow/.local/lib/python3.8/site-packages/airflow/example_dags/tutorial_dag.py
[2023-09-23T22:35:57.284+0000] {processor.py:829} INFO - Processing file /home/airflow/.local/lib/python3.8/site-packages/airflow/example_dags/tutorial_dag.py for tasks to queue
[2023-09-23T22:35:57.287+0000] {logging_mixin.py:151} INFO - [2023-09-23T22:35:57.286+0000] {dagbag.py:539} INFO - Filling up the DagBag from /home/airflow/.local/lib/python3.8/site-packages/airflow/example_dags/tutorial_dag.py
[2023-09-23T22:35:57.292+0000] {processor.py:839} INFO - DAG(s) dict_keys(['tutorial_dag']) retrieved from /home/airflow/.local/lib/python3.8/site-packages/airflow/example_dags/tutorial_dag.py
[2023-09-23T22:35:57.306+0000] {logging_mixin.py:151} INFO - [2023-09-23T22:35:57.306+0000] {dag.py:2915} INFO - Sync 1 DAGs
[2023-09-23T22:35:57.320+0000] {logging_mixin.py:151} INFO - [2023-09-23T22:35:57.320+0000] {dag.py:3696} INFO - Setting next_dagrun for tutorial_dag to None, run_after=None
[2023-09-23T22:35:57.635+0000] {processor.py:179} INFO - Processing /home/airflow/.local/lib/python3.8/site-packages/airflow/example_dags/tutorial_dag.py took 0.462 seconds
[2023-09-23T22:36:27.949+0000] {processor.py:157} INFO - Started process (PID=169) to work on /home/airflow/.local/lib/python3.8/site-packages/airflow/example_dags/tutorial_dag.py
[2023-09-23T22:36:27.950+0000] {processor.py:829} INFO - Processing file /home/airflow/.local/lib/python3.8/site-packages/airflow/example_dags/tutorial_dag.py for tasks to queue
[2023-09-23T22:36:27.952+0000] {logging_mixin.py:151} INFO - [2023-09-23T22:36:27.952+0000] {dagbag.py:539} INFO - Filling up the DagBag from /home/airflow/.local/lib/python3.8/site-packages/airflow/example_dags/tutorial_dag.py
[2023-09-23T22:36:27.957+0000] {processor.py:839} INFO - DAG(s) dict_keys(['tutorial_dag']) retrieved from /home/airflow/.local/lib/python3.8/site-packages/airflow/example_dags/tutorial_dag.py
[2023-09-23T22:36:27.976+0000] {logging_mixin.py:151} INFO - [2023-09-23T22:36:27.976+0000] {dag.py:2915} INFO - Sync 1 DAGs
[2023-09-23T22:36:27.986+0000] {logging_mixin.py:151} INFO - [2023-09-23T22:36:27.986+0000] {dag.py:3696} INFO - Setting next_dagrun for tutorial_dag to None, run_after=None
[2023-09-23T22:36:28.061+0000] {processor.py:179} INFO - Processing /home/airflow/.local/lib/python3.8/site-packages/airflow/example_dags/tutorial_dag.py took 0.115 seconds
[2023-09-23T22:36:58.734+0000] {processor.py:157} INFO - Started process (PID=224) to work on /home/airflow/.local/lib/python3.8/site-packages/airflow/example_dags/tutorial_dag.py
[2023-09-23T22:36:58.764+0000] {processor.py:829} INFO - Processing file /home/airflow/.local/lib/python3.8/site-packages/airflow/example_dags/tutorial_dag.py for tasks to queue
[2023-09-23T22:36:58.766+0000] {logging_mixin.py:151} INFO - [2023-09-23T22:36:58.766+0000] {dagbag.py:539} INFO - Filling up the DagBag from /home/airflow/.local/lib/python3.8/site-packages/airflow/example_dags/tutorial_dag.py
[2023-09-23T22:36:58.769+0000] {processor.py:839} INFO - DAG(s) dict_keys(['tutorial_dag']) retrieved from /home/airflow/.local/lib/python3.8/site-packages/airflow/example_dags/tutorial_dag.py
[2023-09-23T22:36:58.780+0000] {logging_mixin.py:151} INFO - [2023-09-23T22:36:58.780+0000] {dag.py:2915} INFO - Sync 1 DAGs
[2023-09-23T22:36:58.791+0000] {logging_mixin.py:151} INFO - [2023-09-23T22:36:58.791+0000] {dag.py:3696} INFO - Setting next_dagrun for tutorial_dag to None, run_after=None
[2023-09-23T22:36:58.878+0000] {processor.py:179} INFO - Processing /home/airflow/.local/lib/python3.8/site-packages/airflow/example_dags/tutorial_dag.py took 0.147 seconds
[2023-09-23T22:37:29.514+0000] {processor.py:157} INFO - Started process (PID=279) to work on /home/airflow/.local/lib/python3.8/site-packages/airflow/example_dags/tutorial_dag.py
[2023-09-23T22:37:29.552+0000] {processor.py:829} INFO - Processing file /home/airflow/.local/lib/python3.8/site-packages/airflow/example_dags/tutorial_dag.py for tasks to queue
[2023-09-23T22:37:29.554+0000] {logging_mixin.py:151} INFO - [2023-09-23T22:37:29.554+0000] {dagbag.py:539} INFO - Filling up the DagBag from /home/airflow/.local/lib/python3.8/site-packages/airflow/example_dags/tutorial_dag.py
[2023-09-23T22:37:29.558+0000] {processor.py:839} INFO - DAG(s) dict_keys(['tutorial_dag']) retrieved from /home/airflow/.local/lib/python3.8/site-packages/airflow/example_dags/tutorial_dag.py
[2023-09-23T22:37:29.575+0000] {logging_mixin.py:151} INFO - [2023-09-23T22:37:29.575+0000] {dag.py:2915} INFO - Sync 1 DAGs
[2023-09-23T22:37:29.585+0000] {logging_mixin.py:151} INFO - [2023-09-23T22:37:29.585+0000] {dag.py:3696} INFO - Setting next_dagrun for tutorial_dag to None, run_after=None
[2023-09-23T22:37:29.630+0000] {processor.py:179} INFO - Processing /home/airflow/.local/lib/python3.8/site-packages/airflow/example_dags/tutorial_dag.py took 0.119 seconds
[2023-09-23T22:38:00.091+0000] {processor.py:157} INFO - Started process (PID=334) to work on /home/airflow/.local/lib/python3.8/site-packages/airflow/example_dags/tutorial_dag.py
[2023-09-23T22:38:00.104+0000] {processor.py:829} INFO - Processing file /home/airflow/.local/lib/python3.8/site-packages/airflow/example_dags/tutorial_dag.py for tasks to queue
[2023-09-23T22:38:00.106+0000] {logging_mixin.py:151} INFO - [2023-09-23T22:38:00.106+0000] {dagbag.py:539} INFO - Filling up the DagBag from /home/airflow/.local/lib/python3.8/site-packages/airflow/example_dags/tutorial_dag.py
[2023-09-23T22:38:00.110+0000] {processor.py:839} INFO - DAG(s) dict_keys(['tutorial_dag']) retrieved from /home/airflow/.local/lib/python3.8/site-packages/airflow/example_dags/tutorial_dag.py
[2023-09-23T22:38:00.127+0000] {logging_mixin.py:151} INFO - [2023-09-23T22:38:00.127+0000] {dag.py:2915} INFO - Sync 1 DAGs
[2023-09-23T22:38:00.137+0000] {logging_mixin.py:151} INFO - [2023-09-23T22:38:00.137+0000] {dag.py:3696} INFO - Setting next_dagrun for tutorial_dag to None, run_after=None
[2023-09-23T22:38:00.185+0000] {processor.py:179} INFO - Processing /home/airflow/.local/lib/python3.8/site-packages/airflow/example_dags/tutorial_dag.py took 0.098 seconds
[2023-09-23T22:38:34.034+0000] {processor.py:157} INFO - Started process (PID=389) to work on /home/airflow/.local/lib/python3.8/site-packages/airflow/example_dags/tutorial_dag.py
[2023-09-23T22:38:34.174+0000] {processor.py:829} INFO - Processing file /home/airflow/.local/lib/python3.8/site-packages/airflow/example_dags/tutorial_dag.py for tasks to queue
[2023-09-23T22:38:34.177+0000] {logging_mixin.py:151} INFO - [2023-09-23T22:38:34.177+0000] {dagbag.py:539} INFO - Filling up the DagBag from /home/airflow/.local/lib/python3.8/site-packages/airflow/example_dags/tutorial_dag.py
[2023-09-23T22:38:34.184+0000] {processor.py:839} INFO - DAG(s) dict_keys(['tutorial_dag']) retrieved from /home/airflow/.local/lib/python3.8/site-packages/airflow/example_dags/tutorial_dag.py
[2023-09-23T22:38:34.207+0000] {logging_mixin.py:151} INFO - [2023-09-23T22:38:34.206+0000] {dag.py:2915} INFO - Sync 1 DAGs
[2023-09-23T22:38:34.218+0000] {logging_mixin.py:151} INFO - [2023-09-23T22:38:34.218+0000] {dag.py:3696} INFO - Setting next_dagrun for tutorial_dag to None, run_after=None
[2023-09-23T22:38:34.351+0000] {processor.py:179} INFO - Processing /home/airflow/.local/lib/python3.8/site-packages/airflow/example_dags/tutorial_dag.py took 0.320 seconds
[2023-09-23T22:39:04.511+0000] {processor.py:157} INFO - Started process (PID=444) to work on /home/airflow/.local/lib/python3.8/site-packages/airflow/example_dags/tutorial_dag.py
[2023-09-23T22:39:04.611+0000] {processor.py:829} INFO - Processing file /home/airflow/.local/lib/python3.8/site-packages/airflow/example_dags/tutorial_dag.py for tasks to queue
[2023-09-23T22:39:04.619+0000] {logging_mixin.py:151} INFO - [2023-09-23T22:39:04.619+0000] {dagbag.py:539} INFO - Filling up the DagBag from /home/airflow/.local/lib/python3.8/site-packages/airflow/example_dags/tutorial_dag.py
[2023-09-23T22:39:04.629+0000] {processor.py:839} INFO - DAG(s) dict_keys(['tutorial_dag']) retrieved from /home/airflow/.local/lib/python3.8/site-packages/airflow/example_dags/tutorial_dag.py
[2023-09-23T22:39:04.653+0000] {logging_mixin.py:151} INFO - [2023-09-23T22:39:04.653+0000] {dag.py:2915} INFO - Sync 1 DAGs
[2023-09-23T22:39:04.665+0000] {logging_mixin.py:151} INFO - [2023-09-23T22:39:04.665+0000] {dag.py:3696} INFO - Setting next_dagrun for tutorial_dag to None, run_after=None
[2023-09-23T22:39:05.498+0000] {processor.py:179} INFO - Processing /home/airflow/.local/lib/python3.8/site-packages/airflow/example_dags/tutorial_dag.py took 0.991 seconds
[2023-09-23T22:39:35.875+0000] {processor.py:157} INFO - Started process (PID=499) to work on /home/airflow/.local/lib/python3.8/site-packages/airflow/example_dags/tutorial_dag.py
[2023-09-23T22:39:35.952+0000] {processor.py:829} INFO - Processing file /home/airflow/.local/lib/python3.8/site-packages/airflow/example_dags/tutorial_dag.py for tasks to queue
[2023-09-23T22:39:35.954+0000] {logging_mixin.py:151} INFO - [2023-09-23T22:39:35.953+0000] {dagbag.py:539} INFO - Filling up the DagBag from /home/airflow/.local/lib/python3.8/site-packages/airflow/example_dags/tutorial_dag.py
[2023-09-23T22:39:35.958+0000] {processor.py:839} INFO - DAG(s) dict_keys(['tutorial_dag']) retrieved from /home/airflow/.local/lib/python3.8/site-packages/airflow/example_dags/tutorial_dag.py
[2023-09-23T22:39:35.976+0000] {logging_mixin.py:151} INFO - [2023-09-23T22:39:35.976+0000] {dag.py:2915} INFO - Sync 1 DAGs
[2023-09-23T22:39:35.987+0000] {logging_mixin.py:151} INFO - [2023-09-23T22:39:35.987+0000] {dag.py:3696} INFO - Setting next_dagrun for tutorial_dag to None, run_after=None
[2023-09-23T22:39:36.033+0000] {processor.py:179} INFO - Processing /home/airflow/.local/lib/python3.8/site-packages/airflow/example_dags/tutorial_dag.py took 0.164 seconds
[2023-09-23T22:40:06.451+0000] {processor.py:157} INFO - Started process (PID=554) to work on /home/airflow/.local/lib/python3.8/site-packages/airflow/example_dags/tutorial_dag.py
[2023-09-23T22:40:06.552+0000] {processor.py:829} INFO - Processing file /home/airflow/.local/lib/python3.8/site-packages/airflow/example_dags/tutorial_dag.py for tasks to queue
[2023-09-23T22:40:06.556+0000] {logging_mixin.py:151} INFO - [2023-09-23T22:40:06.556+0000] {dagbag.py:539} INFO - Filling up the DagBag from /home/airflow/.local/lib/python3.8/site-packages/airflow/example_dags/tutorial_dag.py
[2023-09-23T22:40:06.563+0000] {processor.py:839} INFO - DAG(s) dict_keys(['tutorial_dag']) retrieved from /home/airflow/.local/lib/python3.8/site-packages/airflow/example_dags/tutorial_dag.py
[2023-09-23T22:40:06.585+0000] {logging_mixin.py:151} INFO - [2023-09-23T22:40:06.585+0000] {dag.py:2915} INFO - Sync 1 DAGs
[2023-09-23T22:40:06.595+0000] {logging_mixin.py:151} INFO - [2023-09-23T22:40:06.595+0000] {dag.py:3696} INFO - Setting next_dagrun for tutorial_dag to None, run_after=None
[2023-09-23T22:40:07.364+0000] {processor.py:179} INFO - Processing /home/airflow/.local/lib/python3.8/site-packages/airflow/example_dags/tutorial_dag.py took 0.915 seconds
[2023-09-23T22:40:38.143+0000] {processor.py:157} INFO - Started process (PID=609) to work on /home/airflow/.local/lib/python3.8/site-packages/airflow/example_dags/tutorial_dag.py
[2023-09-23T22:40:38.279+0000] {processor.py:829} INFO - Processing file /home/airflow/.local/lib/python3.8/site-packages/airflow/example_dags/tutorial_dag.py for tasks to queue
[2023-09-23T22:40:38.282+0000] {logging_mixin.py:151} INFO - [2023-09-23T22:40:38.282+0000] {dagbag.py:539} INFO - Filling up the DagBag from /home/airflow/.local/lib/python3.8/site-packages/airflow/example_dags/tutorial_dag.py
[2023-09-23T22:40:38.287+0000] {processor.py:839} INFO - DAG(s) dict_keys(['tutorial_dag']) retrieved from /home/airflow/.local/lib/python3.8/site-packages/airflow/example_dags/tutorial_dag.py
[2023-09-23T22:40:38.340+0000] {logging_mixin.py:151} INFO - [2023-09-23T22:40:38.340+0000] {dag.py:2915} INFO - Sync 1 DAGs
[2023-09-23T22:40:38.351+0000] {logging_mixin.py:151} INFO - [2023-09-23T22:40:38.351+0000] {dag.py:3696} INFO - Setting next_dagrun for tutorial_dag to None, run_after=None
[2023-09-23T22:40:38.632+0000] {processor.py:179} INFO - Processing /home/airflow/.local/lib/python3.8/site-packages/airflow/example_dags/tutorial_dag.py took 0.491 seconds
[2023-09-23T22:41:09.158+0000] {processor.py:157} INFO - Started process (PID=664) to work on /home/airflow/.local/lib/python3.8/site-packages/airflow/example_dags/tutorial_dag.py
[2023-09-23T22:41:09.362+0000] {processor.py:829} INFO - Processing file /home/airflow/.local/lib/python3.8/site-packages/airflow/example_dags/tutorial_dag.py for tasks to queue
[2023-09-23T22:41:09.365+0000] {logging_mixin.py:151} INFO - [2023-09-23T22:41:09.364+0000] {dagbag.py:539} INFO - Filling up the DagBag from /home/airflow/.local/lib/python3.8/site-packages/airflow/example_dags/tutorial_dag.py
[2023-09-23T22:41:09.369+0000] {processor.py:839} INFO - DAG(s) dict_keys(['tutorial_dag']) retrieved from /home/airflow/.local/lib/python3.8/site-packages/airflow/example_dags/tutorial_dag.py
[2023-09-23T22:41:09.388+0000] {logging_mixin.py:151} INFO - [2023-09-23T22:41:09.388+0000] {dag.py:2915} INFO - Sync 1 DAGs
[2023-09-23T22:41:09.400+0000] {logging_mixin.py:151} INFO - [2023-09-23T22:41:09.400+0000] {dag.py:3696} INFO - Setting next_dagrun for tutorial_dag to None, run_after=None
[2023-09-23T22:41:09.672+0000] {processor.py:179} INFO - Processing /home/airflow/.local/lib/python3.8/site-packages/airflow/example_dags/tutorial_dag.py took 0.518 seconds
[2023-09-23T22:41:40.104+0000] {processor.py:157} INFO - Started process (PID=719) to work on /home/airflow/.local/lib/python3.8/site-packages/airflow/example_dags/tutorial_dag.py
[2023-09-23T22:41:40.194+0000] {processor.py:829} INFO - Processing file /home/airflow/.local/lib/python3.8/site-packages/airflow/example_dags/tutorial_dag.py for tasks to queue
[2023-09-23T22:41:40.201+0000] {logging_mixin.py:151} INFO - [2023-09-23T22:41:40.200+0000] {dagbag.py:539} INFO - Filling up the DagBag from /home/airflow/.local/lib/python3.8/site-packages/airflow/example_dags/tutorial_dag.py
[2023-09-23T22:41:40.210+0000] {processor.py:839} INFO - DAG(s) dict_keys(['tutorial_dag']) retrieved from /home/airflow/.local/lib/python3.8/site-packages/airflow/example_dags/tutorial_dag.py
[2023-09-23T22:41:40.228+0000] {logging_mixin.py:151} INFO - [2023-09-23T22:41:40.228+0000] {dag.py:2915} INFO - Sync 1 DAGs
[2023-09-23T22:41:40.238+0000] {logging_mixin.py:151} INFO - [2023-09-23T22:41:40.238+0000] {dag.py:3696} INFO - Setting next_dagrun for tutorial_dag to None, run_after=None
[2023-09-23T22:41:40.449+0000] {processor.py:179} INFO - Processing /home/airflow/.local/lib/python3.8/site-packages/airflow/example_dags/tutorial_dag.py took 0.348 seconds
[2023-09-23T22:42:13.796+0000] {processor.py:157} INFO - Started process (PID=774) to work on /home/airflow/.local/lib/python3.8/site-packages/airflow/example_dags/tutorial_dag.py
[2023-09-23T22:42:13.893+0000] {processor.py:829} INFO - Processing file /home/airflow/.local/lib/python3.8/site-packages/airflow/example_dags/tutorial_dag.py for tasks to queue
[2023-09-23T22:42:13.897+0000] {logging_mixin.py:151} INFO - [2023-09-23T22:42:13.896+0000] {dagbag.py:539} INFO - Filling up the DagBag from /home/airflow/.local/lib/python3.8/site-packages/airflow/example_dags/tutorial_dag.py
[2023-09-23T22:42:13.904+0000] {processor.py:839} INFO - DAG(s) dict_keys(['tutorial_dag']) retrieved from /home/airflow/.local/lib/python3.8/site-packages/airflow/example_dags/tutorial_dag.py
[2023-09-23T22:42:13.928+0000] {logging_mixin.py:151} INFO - [2023-09-23T22:42:13.928+0000] {dag.py:2915} INFO - Sync 1 DAGs
[2023-09-23T22:42:13.938+0000] {logging_mixin.py:151} INFO - [2023-09-23T22:42:13.938+0000] {dag.py:3696} INFO - Setting next_dagrun for tutorial_dag to None, run_after=None
[2023-09-23T22:42:14.166+0000] {processor.py:179} INFO - Processing /home/airflow/.local/lib/python3.8/site-packages/airflow/example_dags/tutorial_dag.py took 0.374 seconds
