[2023-09-23T03:47:56.046+0000] {processor.py:157} INFO - Started process (PID=57) to work on /home/airflow/.local/lib/python3.8/site-packages/airflow/example_dags/tutorial.py
[2023-09-23T03:47:56.047+0000] {processor.py:829} INFO - Processing file /home/airflow/.local/lib/python3.8/site-packages/airflow/example_dags/tutorial.py for tasks to queue
[2023-09-23T03:47:56.049+0000] {logging_mixin.py:151} INFO - [2023-09-23T03:47:56.048+0000] {dagbag.py:539} INFO - Filling up the DagBag from /home/airflow/.local/lib/python3.8/site-packages/airflow/example_dags/tutorial.py
[2023-09-23T03:47:56.055+0000] {processor.py:839} INFO - DAG(s) dict_keys(['tutorial']) retrieved from /home/airflow/.local/lib/python3.8/site-packages/airflow/example_dags/tutorial.py
[2023-09-23T03:47:56.073+0000] {logging_mixin.py:151} INFO - [2023-09-23T03:47:56.073+0000] {dag.py:2915} INFO - Sync 1 DAGs
[2023-09-23T03:47:56.093+0000] {logging_mixin.py:151} INFO - [2023-09-23T03:47:56.093+0000] {dag.py:3696} INFO - Setting next_dagrun for tutorial to 2023-09-22T03:47:56.092810+00:00, run_after=2023-09-23T03:47:56.092810+00:00
[2023-09-23T03:47:56.157+0000] {processor.py:179} INFO - Processing /home/airflow/.local/lib/python3.8/site-packages/airflow/example_dags/tutorial.py took 0.113 seconds
[2023-09-23T03:48:27.137+0000] {processor.py:157} INFO - Started process (PID=110) to work on /home/airflow/.local/lib/python3.8/site-packages/airflow/example_dags/tutorial.py
[2023-09-23T03:48:27.180+0000] {processor.py:829} INFO - Processing file /home/airflow/.local/lib/python3.8/site-packages/airflow/example_dags/tutorial.py for tasks to queue
[2023-09-23T03:48:27.182+0000] {logging_mixin.py:151} INFO - [2023-09-23T03:48:27.182+0000] {dagbag.py:539} INFO - Filling up the DagBag from /home/airflow/.local/lib/python3.8/site-packages/airflow/example_dags/tutorial.py
[2023-09-23T03:48:27.186+0000] {processor.py:839} INFO - DAG(s) dict_keys(['tutorial']) retrieved from /home/airflow/.local/lib/python3.8/site-packages/airflow/example_dags/tutorial.py
[2023-09-23T03:48:27.204+0000] {logging_mixin.py:151} INFO - [2023-09-23T03:48:27.203+0000] {dag.py:2915} INFO - Sync 1 DAGs
[2023-09-23T03:48:27.222+0000] {logging_mixin.py:151} INFO - [2023-09-23T03:48:27.222+0000] {dag.py:3696} INFO - Setting next_dagrun for tutorial to 2023-09-22T03:48:27.222618+00:00, run_after=2023-09-23T03:48:27.222618+00:00
[2023-09-23T03:48:27.274+0000] {processor.py:179} INFO - Processing /home/airflow/.local/lib/python3.8/site-packages/airflow/example_dags/tutorial.py took 0.139 seconds
[2023-09-23T03:48:59.897+0000] {processor.py:157} INFO - Started process (PID=165) to work on /home/airflow/.local/lib/python3.8/site-packages/airflow/example_dags/tutorial.py
[2023-09-23T03:48:59.898+0000] {processor.py:829} INFO - Processing file /home/airflow/.local/lib/python3.8/site-packages/airflow/example_dags/tutorial.py for tasks to queue
[2023-09-23T03:48:59.900+0000] {logging_mixin.py:151} INFO - [2023-09-23T03:48:59.899+0000] {dagbag.py:539} INFO - Filling up the DagBag from /home/airflow/.local/lib/python3.8/site-packages/airflow/example_dags/tutorial.py
[2023-09-23T03:48:59.904+0000] {processor.py:839} INFO - DAG(s) dict_keys(['tutorial']) retrieved from /home/airflow/.local/lib/python3.8/site-packages/airflow/example_dags/tutorial.py
[2023-09-23T03:48:59.921+0000] {logging_mixin.py:151} INFO - [2023-09-23T03:48:59.921+0000] {dag.py:2915} INFO - Sync 1 DAGs
[2023-09-23T03:48:59.939+0000] {logging_mixin.py:151} INFO - [2023-09-23T03:48:59.939+0000] {dag.py:3696} INFO - Setting next_dagrun for tutorial to 2023-09-22T03:48:59.939598+00:00, run_after=2023-09-23T03:48:59.939598+00:00
[2023-09-23T03:49:00.091+0000] {processor.py:179} INFO - Processing /home/airflow/.local/lib/python3.8/site-packages/airflow/example_dags/tutorial.py took 0.196 seconds
[2023-09-23T03:49:31.741+0000] {processor.py:157} INFO - Started process (PID=220) to work on /home/airflow/.local/lib/python3.8/site-packages/airflow/example_dags/tutorial.py
[2023-09-23T03:49:31.743+0000] {processor.py:829} INFO - Processing file /home/airflow/.local/lib/python3.8/site-packages/airflow/example_dags/tutorial.py for tasks to queue
[2023-09-23T03:49:31.745+0000] {logging_mixin.py:151} INFO - [2023-09-23T03:49:31.745+0000] {dagbag.py:539} INFO - Filling up the DagBag from /home/airflow/.local/lib/python3.8/site-packages/airflow/example_dags/tutorial.py
[2023-09-23T03:49:31.751+0000] {processor.py:839} INFO - DAG(s) dict_keys(['tutorial']) retrieved from /home/airflow/.local/lib/python3.8/site-packages/airflow/example_dags/tutorial.py
[2023-09-23T03:49:31.770+0000] {logging_mixin.py:151} INFO - [2023-09-23T03:49:31.770+0000] {dag.py:2915} INFO - Sync 1 DAGs
[2023-09-23T03:49:31.791+0000] {logging_mixin.py:151} INFO - [2023-09-23T03:49:31.791+0000] {dag.py:3696} INFO - Setting next_dagrun for tutorial to 2023-09-22T03:49:31.790818+00:00, run_after=2023-09-23T03:49:31.790818+00:00
[2023-09-23T03:49:31.876+0000] {processor.py:179} INFO - Processing /home/airflow/.local/lib/python3.8/site-packages/airflow/example_dags/tutorial.py took 0.138 seconds
[2023-09-23T03:50:03.474+0000] {processor.py:157} INFO - Started process (PID=276) to work on /home/airflow/.local/lib/python3.8/site-packages/airflow/example_dags/tutorial.py
[2023-09-23T03:50:03.475+0000] {processor.py:829} INFO - Processing file /home/airflow/.local/lib/python3.8/site-packages/airflow/example_dags/tutorial.py for tasks to queue
[2023-09-23T03:50:03.477+0000] {logging_mixin.py:151} INFO - [2023-09-23T03:50:03.477+0000] {dagbag.py:539} INFO - Filling up the DagBag from /home/airflow/.local/lib/python3.8/site-packages/airflow/example_dags/tutorial.py
[2023-09-23T03:50:03.482+0000] {processor.py:839} INFO - DAG(s) dict_keys(['tutorial']) retrieved from /home/airflow/.local/lib/python3.8/site-packages/airflow/example_dags/tutorial.py
[2023-09-23T03:50:03.500+0000] {logging_mixin.py:151} INFO - [2023-09-23T03:50:03.500+0000] {dag.py:2915} INFO - Sync 1 DAGs
[2023-09-23T03:50:03.520+0000] {logging_mixin.py:151} INFO - [2023-09-23T03:50:03.520+0000] {dag.py:3696} INFO - Setting next_dagrun for tutorial to 2023-09-22T03:50:03.519807+00:00, run_after=2023-09-23T03:50:03.519807+00:00
[2023-09-23T03:50:03.573+0000] {processor.py:179} INFO - Processing /home/airflow/.local/lib/python3.8/site-packages/airflow/example_dags/tutorial.py took 0.102 seconds
[2023-09-23T03:50:34.544+0000] {processor.py:157} INFO - Started process (PID=331) to work on /home/airflow/.local/lib/python3.8/site-packages/airflow/example_dags/tutorial.py
[2023-09-23T03:50:34.546+0000] {processor.py:829} INFO - Processing file /home/airflow/.local/lib/python3.8/site-packages/airflow/example_dags/tutorial.py for tasks to queue
[2023-09-23T03:50:34.548+0000] {logging_mixin.py:151} INFO - [2023-09-23T03:50:34.548+0000] {dagbag.py:539} INFO - Filling up the DagBag from /home/airflow/.local/lib/python3.8/site-packages/airflow/example_dags/tutorial.py
[2023-09-23T03:50:34.553+0000] {processor.py:839} INFO - DAG(s) dict_keys(['tutorial']) retrieved from /home/airflow/.local/lib/python3.8/site-packages/airflow/example_dags/tutorial.py
[2023-09-23T03:50:34.571+0000] {logging_mixin.py:151} INFO - [2023-09-23T03:50:34.571+0000] {dag.py:2915} INFO - Sync 1 DAGs
[2023-09-23T03:50:34.591+0000] {logging_mixin.py:151} INFO - [2023-09-23T03:50:34.590+0000] {dag.py:3696} INFO - Setting next_dagrun for tutorial to 2023-09-22T03:50:34.590713+00:00, run_after=2023-09-23T03:50:34.590713+00:00
[2023-09-23T03:50:34.643+0000] {processor.py:179} INFO - Processing /home/airflow/.local/lib/python3.8/site-packages/airflow/example_dags/tutorial.py took 0.102 seconds
[2023-09-23T03:51:05.336+0000] {processor.py:157} INFO - Started process (PID=386) to work on /home/airflow/.local/lib/python3.8/site-packages/airflow/example_dags/tutorial.py
[2023-09-23T03:51:05.337+0000] {processor.py:829} INFO - Processing file /home/airflow/.local/lib/python3.8/site-packages/airflow/example_dags/tutorial.py for tasks to queue
[2023-09-23T03:51:05.339+0000] {logging_mixin.py:151} INFO - [2023-09-23T03:51:05.339+0000] {dagbag.py:539} INFO - Filling up the DagBag from /home/airflow/.local/lib/python3.8/site-packages/airflow/example_dags/tutorial.py
[2023-09-23T03:51:05.343+0000] {processor.py:839} INFO - DAG(s) dict_keys(['tutorial']) retrieved from /home/airflow/.local/lib/python3.8/site-packages/airflow/example_dags/tutorial.py
[2023-09-23T03:51:05.361+0000] {logging_mixin.py:151} INFO - [2023-09-23T03:51:05.361+0000] {dag.py:2915} INFO - Sync 1 DAGs
[2023-09-23T03:51:05.380+0000] {logging_mixin.py:151} INFO - [2023-09-23T03:51:05.379+0000] {dag.py:3696} INFO - Setting next_dagrun for tutorial to 2023-09-22T03:51:05.379699+00:00, run_after=2023-09-23T03:51:05.379699+00:00
[2023-09-23T03:51:05.435+0000] {processor.py:179} INFO - Processing /home/airflow/.local/lib/python3.8/site-packages/airflow/example_dags/tutorial.py took 0.102 seconds
[2023-09-23T03:51:37.475+0000] {processor.py:157} INFO - Started process (PID=441) to work on /home/airflow/.local/lib/python3.8/site-packages/airflow/example_dags/tutorial.py
[2023-09-23T03:51:37.476+0000] {processor.py:829} INFO - Processing file /home/airflow/.local/lib/python3.8/site-packages/airflow/example_dags/tutorial.py for tasks to queue
[2023-09-23T03:51:37.478+0000] {logging_mixin.py:151} INFO - [2023-09-23T03:51:37.478+0000] {dagbag.py:539} INFO - Filling up the DagBag from /home/airflow/.local/lib/python3.8/site-packages/airflow/example_dags/tutorial.py
[2023-09-23T03:51:37.482+0000] {processor.py:839} INFO - DAG(s) dict_keys(['tutorial']) retrieved from /home/airflow/.local/lib/python3.8/site-packages/airflow/example_dags/tutorial.py
[2023-09-23T03:51:37.499+0000] {logging_mixin.py:151} INFO - [2023-09-23T03:51:37.499+0000] {dag.py:2915} INFO - Sync 1 DAGs
[2023-09-23T03:51:37.517+0000] {logging_mixin.py:151} INFO - [2023-09-23T03:51:37.516+0000] {dag.py:3696} INFO - Setting next_dagrun for tutorial to 2023-09-22T03:51:37.516768+00:00, run_after=2023-09-23T03:51:37.516768+00:00
[2023-09-23T03:51:37.564+0000] {processor.py:179} INFO - Processing /home/airflow/.local/lib/python3.8/site-packages/airflow/example_dags/tutorial.py took 0.091 seconds
[2023-09-23T03:52:12.369+0000] {processor.py:157} INFO - Started process (PID=495) to work on /home/airflow/.local/lib/python3.8/site-packages/airflow/example_dags/tutorial.py
[2023-09-23T03:52:12.758+0000] {processor.py:829} INFO - Processing file /home/airflow/.local/lib/python3.8/site-packages/airflow/example_dags/tutorial.py for tasks to queue
[2023-09-23T03:52:12.760+0000] {logging_mixin.py:151} INFO - [2023-09-23T03:52:12.760+0000] {dagbag.py:539} INFO - Filling up the DagBag from /home/airflow/.local/lib/python3.8/site-packages/airflow/example_dags/tutorial.py
[2023-09-23T03:52:12.764+0000] {processor.py:839} INFO - DAG(s) dict_keys(['tutorial']) retrieved from /home/airflow/.local/lib/python3.8/site-packages/airflow/example_dags/tutorial.py
[2023-09-23T03:52:12.782+0000] {logging_mixin.py:151} INFO - [2023-09-23T03:52:12.782+0000] {dag.py:2915} INFO - Sync 1 DAGs
[2023-09-23T03:52:12.801+0000] {logging_mixin.py:151} INFO - [2023-09-23T03:52:12.801+0000] {dag.py:3696} INFO - Setting next_dagrun for tutorial to 2023-09-22T03:52:12.801505+00:00, run_after=2023-09-23T03:52:12.801505+00:00
[2023-09-23T03:52:14.260+0000] {processor.py:179} INFO - Processing /home/airflow/.local/lib/python3.8/site-packages/airflow/example_dags/tutorial.py took 1.894 seconds
[2023-09-23T03:52:44.652+0000] {processor.py:157} INFO - Started process (PID=550) to work on /home/airflow/.local/lib/python3.8/site-packages/airflow/example_dags/tutorial.py
[2023-09-23T03:52:44.654+0000] {processor.py:829} INFO - Processing file /home/airflow/.local/lib/python3.8/site-packages/airflow/example_dags/tutorial.py for tasks to queue
[2023-09-23T03:52:44.656+0000] {logging_mixin.py:151} INFO - [2023-09-23T03:52:44.655+0000] {dagbag.py:539} INFO - Filling up the DagBag from /home/airflow/.local/lib/python3.8/site-packages/airflow/example_dags/tutorial.py
[2023-09-23T03:52:44.660+0000] {processor.py:839} INFO - DAG(s) dict_keys(['tutorial']) retrieved from /home/airflow/.local/lib/python3.8/site-packages/airflow/example_dags/tutorial.py
[2023-09-23T03:52:44.676+0000] {logging_mixin.py:151} INFO - [2023-09-23T03:52:44.676+0000] {dag.py:2915} INFO - Sync 1 DAGs
[2023-09-23T03:52:44.692+0000] {logging_mixin.py:151} INFO - [2023-09-23T03:52:44.692+0000] {dag.py:3696} INFO - Setting next_dagrun for tutorial to 2023-09-22T03:52:44.692585+00:00, run_after=2023-09-23T03:52:44.692585+00:00
[2023-09-23T03:52:44.740+0000] {processor.py:179} INFO - Processing /home/airflow/.local/lib/python3.8/site-packages/airflow/example_dags/tutorial.py took 0.090 seconds
[2023-09-23T03:53:14.900+0000] {processor.py:157} INFO - Started process (PID=605) to work on /home/airflow/.local/lib/python3.8/site-packages/airflow/example_dags/tutorial.py
[2023-09-23T03:53:14.916+0000] {processor.py:829} INFO - Processing file /home/airflow/.local/lib/python3.8/site-packages/airflow/example_dags/tutorial.py for tasks to queue
[2023-09-23T03:53:14.918+0000] {logging_mixin.py:151} INFO - [2023-09-23T03:53:14.917+0000] {dagbag.py:539} INFO - Filling up the DagBag from /home/airflow/.local/lib/python3.8/site-packages/airflow/example_dags/tutorial.py
[2023-09-23T03:53:14.922+0000] {processor.py:839} INFO - DAG(s) dict_keys(['tutorial']) retrieved from /home/airflow/.local/lib/python3.8/site-packages/airflow/example_dags/tutorial.py
[2023-09-23T03:53:14.940+0000] {logging_mixin.py:151} INFO - [2023-09-23T03:53:14.939+0000] {dag.py:2915} INFO - Sync 1 DAGs
[2023-09-23T03:53:14.957+0000] {logging_mixin.py:151} INFO - [2023-09-23T03:53:14.957+0000] {dag.py:3696} INFO - Setting next_dagrun for tutorial to 2023-09-22T03:53:14.957541+00:00, run_after=2023-09-23T03:53:14.957541+00:00
[2023-09-23T03:53:15.058+0000] {processor.py:179} INFO - Processing /home/airflow/.local/lib/python3.8/site-packages/airflow/example_dags/tutorial.py took 0.161 seconds
[2023-09-23T03:53:46.287+0000] {processor.py:157} INFO - Started process (PID=660) to work on /home/airflow/.local/lib/python3.8/site-packages/airflow/example_dags/tutorial.py
[2023-09-23T03:53:46.302+0000] {processor.py:829} INFO - Processing file /home/airflow/.local/lib/python3.8/site-packages/airflow/example_dags/tutorial.py for tasks to queue
[2023-09-23T03:53:46.303+0000] {logging_mixin.py:151} INFO - [2023-09-23T03:53:46.303+0000] {dagbag.py:539} INFO - Filling up the DagBag from /home/airflow/.local/lib/python3.8/site-packages/airflow/example_dags/tutorial.py
[2023-09-23T03:53:46.308+0000] {processor.py:839} INFO - DAG(s) dict_keys(['tutorial']) retrieved from /home/airflow/.local/lib/python3.8/site-packages/airflow/example_dags/tutorial.py
[2023-09-23T03:53:46.327+0000] {logging_mixin.py:151} INFO - [2023-09-23T03:53:46.327+0000] {dag.py:2915} INFO - Sync 1 DAGs
[2023-09-23T03:53:46.345+0000] {logging_mixin.py:151} INFO - [2023-09-23T03:53:46.345+0000] {dag.py:3696} INFO - Setting next_dagrun for tutorial to 2023-09-22T03:53:46.345075+00:00, run_after=2023-09-23T03:53:46.345075+00:00
[2023-09-23T03:53:46.392+0000] {processor.py:179} INFO - Processing /home/airflow/.local/lib/python3.8/site-packages/airflow/example_dags/tutorial.py took 0.108 seconds
[2023-09-23T03:54:16.494+0000] {processor.py:157} INFO - Started process (PID=715) to work on /home/airflow/.local/lib/python3.8/site-packages/airflow/example_dags/tutorial.py
[2023-09-23T03:54:16.499+0000] {processor.py:829} INFO - Processing file /home/airflow/.local/lib/python3.8/site-packages/airflow/example_dags/tutorial.py for tasks to queue
[2023-09-23T03:54:16.501+0000] {logging_mixin.py:151} INFO - [2023-09-23T03:54:16.501+0000] {dagbag.py:539} INFO - Filling up the DagBag from /home/airflow/.local/lib/python3.8/site-packages/airflow/example_dags/tutorial.py
[2023-09-23T03:54:16.506+0000] {processor.py:839} INFO - DAG(s) dict_keys(['tutorial']) retrieved from /home/airflow/.local/lib/python3.8/site-packages/airflow/example_dags/tutorial.py
[2023-09-23T03:54:16.523+0000] {logging_mixin.py:151} INFO - [2023-09-23T03:54:16.523+0000] {dag.py:2915} INFO - Sync 1 DAGs
[2023-09-23T03:54:16.541+0000] {logging_mixin.py:151} INFO - [2023-09-23T03:54:16.541+0000] {dag.py:3696} INFO - Setting next_dagrun for tutorial to 2023-09-22T03:54:16.540927+00:00, run_after=2023-09-23T03:54:16.540927+00:00
[2023-09-23T03:54:16.578+0000] {processor.py:179} INFO - Processing /home/airflow/.local/lib/python3.8/site-packages/airflow/example_dags/tutorial.py took 0.086 seconds
[2023-09-23T03:54:48.062+0000] {processor.py:157} INFO - Started process (PID=770) to work on /home/airflow/.local/lib/python3.8/site-packages/airflow/example_dags/tutorial.py
[2023-09-23T03:54:48.064+0000] {processor.py:829} INFO - Processing file /home/airflow/.local/lib/python3.8/site-packages/airflow/example_dags/tutorial.py for tasks to queue
[2023-09-23T03:54:48.065+0000] {logging_mixin.py:151} INFO - [2023-09-23T03:54:48.065+0000] {dagbag.py:539} INFO - Filling up the DagBag from /home/airflow/.local/lib/python3.8/site-packages/airflow/example_dags/tutorial.py
[2023-09-23T03:54:48.070+0000] {processor.py:839} INFO - DAG(s) dict_keys(['tutorial']) retrieved from /home/airflow/.local/lib/python3.8/site-packages/airflow/example_dags/tutorial.py
[2023-09-23T03:54:48.088+0000] {logging_mixin.py:151} INFO - [2023-09-23T03:54:48.087+0000] {dag.py:2915} INFO - Sync 1 DAGs
[2023-09-23T03:54:48.105+0000] {logging_mixin.py:151} INFO - [2023-09-23T03:54:48.105+0000] {dag.py:3696} INFO - Setting next_dagrun for tutorial to 2023-09-22T03:54:48.105202+00:00, run_after=2023-09-23T03:54:48.105202+00:00
[2023-09-23T03:54:48.155+0000] {processor.py:179} INFO - Processing /home/airflow/.local/lib/python3.8/site-packages/airflow/example_dags/tutorial.py took 0.095 seconds
[2023-09-23T03:55:20.101+0000] {processor.py:157} INFO - Started process (PID=825) to work on /home/airflow/.local/lib/python3.8/site-packages/airflow/example_dags/tutorial.py
[2023-09-23T03:55:20.121+0000] {processor.py:829} INFO - Processing file /home/airflow/.local/lib/python3.8/site-packages/airflow/example_dags/tutorial.py for tasks to queue
[2023-09-23T03:55:20.122+0000] {logging_mixin.py:151} INFO - [2023-09-23T03:55:20.122+0000] {dagbag.py:539} INFO - Filling up the DagBag from /home/airflow/.local/lib/python3.8/site-packages/airflow/example_dags/tutorial.py
[2023-09-23T03:55:20.127+0000] {processor.py:839} INFO - DAG(s) dict_keys(['tutorial']) retrieved from /home/airflow/.local/lib/python3.8/site-packages/airflow/example_dags/tutorial.py
[2023-09-23T03:55:20.143+0000] {logging_mixin.py:151} INFO - [2023-09-23T03:55:20.143+0000] {dag.py:2915} INFO - Sync 1 DAGs
[2023-09-23T03:55:20.160+0000] {logging_mixin.py:151} INFO - [2023-09-23T03:55:20.160+0000] {dag.py:3696} INFO - Setting next_dagrun for tutorial to 2023-09-22T03:55:20.160037+00:00, run_after=2023-09-23T03:55:20.160037+00:00
[2023-09-23T03:55:20.229+0000] {processor.py:179} INFO - Processing /home/airflow/.local/lib/python3.8/site-packages/airflow/example_dags/tutorial.py took 0.130 seconds
[2023-09-23T03:55:51.351+0000] {processor.py:157} INFO - Started process (PID=880) to work on /home/airflow/.local/lib/python3.8/site-packages/airflow/example_dags/tutorial.py
[2023-09-23T03:55:51.361+0000] {processor.py:829} INFO - Processing file /home/airflow/.local/lib/python3.8/site-packages/airflow/example_dags/tutorial.py for tasks to queue
[2023-09-23T03:55:51.362+0000] {logging_mixin.py:151} INFO - [2023-09-23T03:55:51.362+0000] {dagbag.py:539} INFO - Filling up the DagBag from /home/airflow/.local/lib/python3.8/site-packages/airflow/example_dags/tutorial.py
[2023-09-23T03:55:51.367+0000] {processor.py:839} INFO - DAG(s) dict_keys(['tutorial']) retrieved from /home/airflow/.local/lib/python3.8/site-packages/airflow/example_dags/tutorial.py
[2023-09-23T03:55:51.385+0000] {logging_mixin.py:151} INFO - [2023-09-23T03:55:51.385+0000] {dag.py:2915} INFO - Sync 1 DAGs
[2023-09-23T03:55:51.403+0000] {logging_mixin.py:151} INFO - [2023-09-23T03:55:51.403+0000] {dag.py:3696} INFO - Setting next_dagrun for tutorial to 2023-09-22T03:55:51.403316+00:00, run_after=2023-09-23T03:55:51.403316+00:00
[2023-09-23T03:55:51.469+0000] {processor.py:179} INFO - Processing /home/airflow/.local/lib/python3.8/site-packages/airflow/example_dags/tutorial.py took 0.120 seconds
[2023-09-23T03:56:21.914+0000] {processor.py:157} INFO - Started process (PID=935) to work on /home/airflow/.local/lib/python3.8/site-packages/airflow/example_dags/tutorial.py
[2023-09-23T03:56:21.946+0000] {processor.py:829} INFO - Processing file /home/airflow/.local/lib/python3.8/site-packages/airflow/example_dags/tutorial.py for tasks to queue
[2023-09-23T03:56:21.948+0000] {logging_mixin.py:151} INFO - [2023-09-23T03:56:21.948+0000] {dagbag.py:539} INFO - Filling up the DagBag from /home/airflow/.local/lib/python3.8/site-packages/airflow/example_dags/tutorial.py
[2023-09-23T03:56:21.953+0000] {processor.py:839} INFO - DAG(s) dict_keys(['tutorial']) retrieved from /home/airflow/.local/lib/python3.8/site-packages/airflow/example_dags/tutorial.py
[2023-09-23T03:56:21.964+0000] {logging_mixin.py:151} INFO - [2023-09-23T03:56:21.964+0000] {dag.py:2915} INFO - Sync 1 DAGs
[2023-09-23T03:56:21.982+0000] {logging_mixin.py:151} INFO - [2023-09-23T03:56:21.982+0000] {dag.py:3696} INFO - Setting next_dagrun for tutorial to 2023-09-22T03:56:21.981932+00:00, run_after=2023-09-23T03:56:21.981932+00:00
[2023-09-23T03:56:22.053+0000] {processor.py:179} INFO - Processing /home/airflow/.local/lib/python3.8/site-packages/airflow/example_dags/tutorial.py took 0.142 seconds
[2023-09-23T03:56:53.402+0000] {processor.py:157} INFO - Started process (PID=990) to work on /home/airflow/.local/lib/python3.8/site-packages/airflow/example_dags/tutorial.py
[2023-09-23T03:56:53.708+0000] {processor.py:829} INFO - Processing file /home/airflow/.local/lib/python3.8/site-packages/airflow/example_dags/tutorial.py for tasks to queue
[2023-09-23T03:56:53.710+0000] {logging_mixin.py:151} INFO - [2023-09-23T03:56:53.709+0000] {dagbag.py:539} INFO - Filling up the DagBag from /home/airflow/.local/lib/python3.8/site-packages/airflow/example_dags/tutorial.py
[2023-09-23T03:56:53.714+0000] {processor.py:839} INFO - DAG(s) dict_keys(['tutorial']) retrieved from /home/airflow/.local/lib/python3.8/site-packages/airflow/example_dags/tutorial.py
[2023-09-23T03:56:53.732+0000] {logging_mixin.py:151} INFO - [2023-09-23T03:56:53.732+0000] {dag.py:2915} INFO - Sync 1 DAGs
[2023-09-23T03:56:53.751+0000] {logging_mixin.py:151} INFO - [2023-09-23T03:56:53.750+0000] {dag.py:3696} INFO - Setting next_dagrun for tutorial to 2023-09-22T03:56:53.750791+00:00, run_after=2023-09-23T03:56:53.750791+00:00
[2023-09-23T03:56:54.868+0000] {processor.py:179} INFO - Processing /home/airflow/.local/lib/python3.8/site-packages/airflow/example_dags/tutorial.py took 1.468 seconds
[2023-09-23T03:57:25.540+0000] {processor.py:157} INFO - Started process (PID=1045) to work on /home/airflow/.local/lib/python3.8/site-packages/airflow/example_dags/tutorial.py
[2023-09-23T03:57:25.554+0000] {processor.py:829} INFO - Processing file /home/airflow/.local/lib/python3.8/site-packages/airflow/example_dags/tutorial.py for tasks to queue
[2023-09-23T03:57:25.555+0000] {logging_mixin.py:151} INFO - [2023-09-23T03:57:25.555+0000] {dagbag.py:539} INFO - Filling up the DagBag from /home/airflow/.local/lib/python3.8/site-packages/airflow/example_dags/tutorial.py
[2023-09-23T03:57:25.559+0000] {processor.py:839} INFO - DAG(s) dict_keys(['tutorial']) retrieved from /home/airflow/.local/lib/python3.8/site-packages/airflow/example_dags/tutorial.py
[2023-09-23T03:57:25.576+0000] {logging_mixin.py:151} INFO - [2023-09-23T03:57:25.576+0000] {dag.py:2915} INFO - Sync 1 DAGs
[2023-09-23T03:57:25.594+0000] {logging_mixin.py:151} INFO - [2023-09-23T03:57:25.594+0000] {dag.py:3696} INFO - Setting next_dagrun for tutorial to 2023-09-22T03:57:25.594318+00:00, run_after=2023-09-23T03:57:25.594318+00:00
[2023-09-23T03:57:25.659+0000] {processor.py:179} INFO - Processing /home/airflow/.local/lib/python3.8/site-packages/airflow/example_dags/tutorial.py took 0.121 seconds
[2023-09-23T04:04:46.183+0000] {processor.py:157} INFO - Started process (PID=65) to work on /home/airflow/.local/lib/python3.8/site-packages/airflow/example_dags/tutorial.py
[2023-09-23T04:04:46.185+0000] {processor.py:829} INFO - Processing file /home/airflow/.local/lib/python3.8/site-packages/airflow/example_dags/tutorial.py for tasks to queue
[2023-09-23T04:04:46.187+0000] {logging_mixin.py:151} INFO - [2023-09-23T04:04:46.187+0000] {dagbag.py:539} INFO - Filling up the DagBag from /home/airflow/.local/lib/python3.8/site-packages/airflow/example_dags/tutorial.py
[2023-09-23T04:04:46.194+0000] {processor.py:839} INFO - DAG(s) dict_keys(['tutorial']) retrieved from /home/airflow/.local/lib/python3.8/site-packages/airflow/example_dags/tutorial.py
[2023-09-23T04:04:46.213+0000] {logging_mixin.py:151} INFO - [2023-09-23T04:04:46.212+0000] {dag.py:2915} INFO - Sync 1 DAGs
[2023-09-23T04:04:46.231+0000] {logging_mixin.py:151} INFO - [2023-09-23T04:04:46.231+0000] {dag.py:3696} INFO - Setting next_dagrun for tutorial to 2023-09-22T04:04:46.231057+00:00, run_after=2023-09-23T04:04:46.231057+00:00
[2023-09-23T04:04:46.283+0000] {processor.py:179} INFO - Processing /home/airflow/.local/lib/python3.8/site-packages/airflow/example_dags/tutorial.py took 0.103 seconds
[2023-09-23T04:05:20.460+0000] {processor.py:157} INFO - Started process (PID=121) to work on /home/airflow/.local/lib/python3.8/site-packages/airflow/example_dags/tutorial.py
[2023-09-23T04:05:20.462+0000] {processor.py:829} INFO - Processing file /home/airflow/.local/lib/python3.8/site-packages/airflow/example_dags/tutorial.py for tasks to queue
[2023-09-23T04:05:20.465+0000] {logging_mixin.py:151} INFO - [2023-09-23T04:05:20.465+0000] {dagbag.py:539} INFO - Filling up the DagBag from /home/airflow/.local/lib/python3.8/site-packages/airflow/example_dags/tutorial.py
[2023-09-23T04:05:20.469+0000] {processor.py:839} INFO - DAG(s) dict_keys(['tutorial']) retrieved from /home/airflow/.local/lib/python3.8/site-packages/airflow/example_dags/tutorial.py
[2023-09-23T04:05:20.487+0000] {logging_mixin.py:151} INFO - [2023-09-23T04:05:20.487+0000] {dag.py:2915} INFO - Sync 1 DAGs
[2023-09-23T04:05:20.505+0000] {logging_mixin.py:151} INFO - [2023-09-23T04:05:20.505+0000] {dag.py:3696} INFO - Setting next_dagrun for tutorial to 2023-09-22T04:05:20.505544+00:00, run_after=2023-09-23T04:05:20.505544+00:00
[2023-09-23T04:05:20.550+0000] {processor.py:179} INFO - Processing /home/airflow/.local/lib/python3.8/site-packages/airflow/example_dags/tutorial.py took 0.092 seconds
[2023-09-23T04:05:52.679+0000] {processor.py:157} INFO - Started process (PID=176) to work on /home/airflow/.local/lib/python3.8/site-packages/airflow/example_dags/tutorial.py
[2023-09-23T04:05:52.685+0000] {processor.py:829} INFO - Processing file /home/airflow/.local/lib/python3.8/site-packages/airflow/example_dags/tutorial.py for tasks to queue
[2023-09-23T04:05:52.687+0000] {logging_mixin.py:151} INFO - [2023-09-23T04:05:52.687+0000] {dagbag.py:539} INFO - Filling up the DagBag from /home/airflow/.local/lib/python3.8/site-packages/airflow/example_dags/tutorial.py
[2023-09-23T04:05:52.692+0000] {processor.py:839} INFO - DAG(s) dict_keys(['tutorial']) retrieved from /home/airflow/.local/lib/python3.8/site-packages/airflow/example_dags/tutorial.py
[2023-09-23T04:05:52.709+0000] {logging_mixin.py:151} INFO - [2023-09-23T04:05:52.709+0000] {dag.py:2915} INFO - Sync 1 DAGs
[2023-09-23T04:05:52.728+0000] {logging_mixin.py:151} INFO - [2023-09-23T04:05:52.728+0000] {dag.py:3696} INFO - Setting next_dagrun for tutorial to 2023-09-22T04:05:52.727820+00:00, run_after=2023-09-23T04:05:52.727820+00:00
[2023-09-23T04:05:52.779+0000] {processor.py:179} INFO - Processing /home/airflow/.local/lib/python3.8/site-packages/airflow/example_dags/tutorial.py took 0.102 seconds
[2023-09-23T04:06:23.650+0000] {processor.py:157} INFO - Started process (PID=231) to work on /home/airflow/.local/lib/python3.8/site-packages/airflow/example_dags/tutorial.py
[2023-09-23T04:06:23.663+0000] {processor.py:829} INFO - Processing file /home/airflow/.local/lib/python3.8/site-packages/airflow/example_dags/tutorial.py for tasks to queue
[2023-09-23T04:06:23.666+0000] {logging_mixin.py:151} INFO - [2023-09-23T04:06:23.665+0000] {dagbag.py:539} INFO - Filling up the DagBag from /home/airflow/.local/lib/python3.8/site-packages/airflow/example_dags/tutorial.py
[2023-09-23T04:06:23.671+0000] {processor.py:839} INFO - DAG(s) dict_keys(['tutorial']) retrieved from /home/airflow/.local/lib/python3.8/site-packages/airflow/example_dags/tutorial.py
[2023-09-23T04:06:23.694+0000] {logging_mixin.py:151} INFO - [2023-09-23T04:06:23.694+0000] {dag.py:2915} INFO - Sync 1 DAGs
[2023-09-23T04:06:23.719+0000] {logging_mixin.py:151} INFO - [2023-09-23T04:06:23.718+0000] {dag.py:3696} INFO - Setting next_dagrun for tutorial to 2023-09-22T04:06:23.718753+00:00, run_after=2023-09-23T04:06:23.718753+00:00
[2023-09-23T04:06:23.825+0000] {processor.py:179} INFO - Processing /home/airflow/.local/lib/python3.8/site-packages/airflow/example_dags/tutorial.py took 0.178 seconds
[2023-09-23T04:06:54.030+0000] {processor.py:157} INFO - Started process (PID=286) to work on /home/airflow/.local/lib/python3.8/site-packages/airflow/example_dags/tutorial.py
[2023-09-23T04:06:54.044+0000] {processor.py:829} INFO - Processing file /home/airflow/.local/lib/python3.8/site-packages/airflow/example_dags/tutorial.py for tasks to queue
[2023-09-23T04:06:54.046+0000] {logging_mixin.py:151} INFO - [2023-09-23T04:06:54.046+0000] {dagbag.py:539} INFO - Filling up the DagBag from /home/airflow/.local/lib/python3.8/site-packages/airflow/example_dags/tutorial.py
[2023-09-23T04:06:54.051+0000] {processor.py:839} INFO - DAG(s) dict_keys(['tutorial']) retrieved from /home/airflow/.local/lib/python3.8/site-packages/airflow/example_dags/tutorial.py
[2023-09-23T04:06:54.068+0000] {logging_mixin.py:151} INFO - [2023-09-23T04:06:54.068+0000] {dag.py:2915} INFO - Sync 1 DAGs
[2023-09-23T04:06:54.086+0000] {logging_mixin.py:151} INFO - [2023-09-23T04:06:54.086+0000] {dag.py:3696} INFO - Setting next_dagrun for tutorial to 2023-09-22T04:06:54.086002+00:00, run_after=2023-09-23T04:06:54.086002+00:00
[2023-09-23T04:06:54.135+0000] {processor.py:179} INFO - Processing /home/airflow/.local/lib/python3.8/site-packages/airflow/example_dags/tutorial.py took 0.107 seconds
[2023-09-23T04:07:25.065+0000] {processor.py:157} INFO - Started process (PID=341) to work on /home/airflow/.local/lib/python3.8/site-packages/airflow/example_dags/tutorial.py
[2023-09-23T04:07:25.067+0000] {processor.py:829} INFO - Processing file /home/airflow/.local/lib/python3.8/site-packages/airflow/example_dags/tutorial.py for tasks to queue
[2023-09-23T04:07:25.069+0000] {logging_mixin.py:151} INFO - [2023-09-23T04:07:25.069+0000] {dagbag.py:539} INFO - Filling up the DagBag from /home/airflow/.local/lib/python3.8/site-packages/airflow/example_dags/tutorial.py
[2023-09-23T04:07:25.073+0000] {processor.py:839} INFO - DAG(s) dict_keys(['tutorial']) retrieved from /home/airflow/.local/lib/python3.8/site-packages/airflow/example_dags/tutorial.py
[2023-09-23T04:07:25.091+0000] {logging_mixin.py:151} INFO - [2023-09-23T04:07:25.091+0000] {dag.py:2915} INFO - Sync 1 DAGs
[2023-09-23T04:07:25.109+0000] {logging_mixin.py:151} INFO - [2023-09-23T04:07:25.109+0000] {dag.py:3696} INFO - Setting next_dagrun for tutorial to 2023-09-22T04:07:25.109189+00:00, run_after=2023-09-23T04:07:25.109189+00:00
[2023-09-23T04:07:25.181+0000] {processor.py:179} INFO - Processing /home/airflow/.local/lib/python3.8/site-packages/airflow/example_dags/tutorial.py took 0.118 seconds
[2023-09-23T04:07:57.501+0000] {processor.py:157} INFO - Started process (PID=396) to work on /home/airflow/.local/lib/python3.8/site-packages/airflow/example_dags/tutorial.py
[2023-09-23T04:07:57.502+0000] {processor.py:829} INFO - Processing file /home/airflow/.local/lib/python3.8/site-packages/airflow/example_dags/tutorial.py for tasks to queue
[2023-09-23T04:07:57.504+0000] {logging_mixin.py:151} INFO - [2023-09-23T04:07:57.504+0000] {dagbag.py:539} INFO - Filling up the DagBag from /home/airflow/.local/lib/python3.8/site-packages/airflow/example_dags/tutorial.py
[2023-09-23T04:07:57.508+0000] {processor.py:839} INFO - DAG(s) dict_keys(['tutorial']) retrieved from /home/airflow/.local/lib/python3.8/site-packages/airflow/example_dags/tutorial.py
[2023-09-23T04:07:57.526+0000] {logging_mixin.py:151} INFO - [2023-09-23T04:07:57.526+0000] {dag.py:2915} INFO - Sync 1 DAGs
[2023-09-23T04:07:57.544+0000] {logging_mixin.py:151} INFO - [2023-09-23T04:07:57.544+0000] {dag.py:3696} INFO - Setting next_dagrun for tutorial to 2023-09-22T04:07:57.543994+00:00, run_after=2023-09-23T04:07:57.543994+00:00
[2023-09-23T04:07:57.590+0000] {processor.py:179} INFO - Processing /home/airflow/.local/lib/python3.8/site-packages/airflow/example_dags/tutorial.py took 0.092 seconds
[2023-09-23T04:08:28.125+0000] {processor.py:157} INFO - Started process (PID=450) to work on /home/airflow/.local/lib/python3.8/site-packages/airflow/example_dags/tutorial.py
[2023-09-23T04:08:28.130+0000] {processor.py:829} INFO - Processing file /home/airflow/.local/lib/python3.8/site-packages/airflow/example_dags/tutorial.py for tasks to queue
[2023-09-23T04:08:28.132+0000] {logging_mixin.py:151} INFO - [2023-09-23T04:08:28.132+0000] {dagbag.py:539} INFO - Filling up the DagBag from /home/airflow/.local/lib/python3.8/site-packages/airflow/example_dags/tutorial.py
[2023-09-23T04:08:28.137+0000] {processor.py:839} INFO - DAG(s) dict_keys(['tutorial']) retrieved from /home/airflow/.local/lib/python3.8/site-packages/airflow/example_dags/tutorial.py
[2023-09-23T04:08:28.155+0000] {logging_mixin.py:151} INFO - [2023-09-23T04:08:28.155+0000] {dag.py:2915} INFO - Sync 1 DAGs
[2023-09-23T04:08:28.174+0000] {logging_mixin.py:151} INFO - [2023-09-23T04:08:28.173+0000] {dag.py:3696} INFO - Setting next_dagrun for tutorial to 2023-09-22T04:08:28.173753+00:00, run_after=2023-09-23T04:08:28.173753+00:00
[2023-09-23T04:08:28.231+0000] {processor.py:179} INFO - Processing /home/airflow/.local/lib/python3.8/site-packages/airflow/example_dags/tutorial.py took 0.108 seconds
[2023-09-23T04:09:00.617+0000] {processor.py:157} INFO - Started process (PID=505) to work on /home/airflow/.local/lib/python3.8/site-packages/airflow/example_dags/tutorial.py
[2023-09-23T04:09:00.872+0000] {processor.py:829} INFO - Processing file /home/airflow/.local/lib/python3.8/site-packages/airflow/example_dags/tutorial.py for tasks to queue
[2023-09-23T04:09:00.878+0000] {logging_mixin.py:151} INFO - [2023-09-23T04:09:00.877+0000] {dagbag.py:539} INFO - Filling up the DagBag from /home/airflow/.local/lib/python3.8/site-packages/airflow/example_dags/tutorial.py
[2023-09-23T04:09:00.894+0000] {processor.py:839} INFO - DAG(s) dict_keys(['tutorial']) retrieved from /home/airflow/.local/lib/python3.8/site-packages/airflow/example_dags/tutorial.py
[2023-09-23T04:09:00.918+0000] {logging_mixin.py:151} INFO - [2023-09-23T04:09:00.918+0000] {dag.py:2915} INFO - Sync 1 DAGs
[2023-09-23T04:09:00.937+0000] {logging_mixin.py:151} INFO - [2023-09-23T04:09:00.937+0000] {dag.py:3696} INFO - Setting next_dagrun for tutorial to 2023-09-22T04:09:00.936863+00:00, run_after=2023-09-23T04:09:00.936863+00:00
[2023-09-23T04:09:01.011+0000] {processor.py:179} INFO - Processing /home/airflow/.local/lib/python3.8/site-packages/airflow/example_dags/tutorial.py took 0.397 seconds
[2023-09-23T04:09:31.304+0000] {processor.py:157} INFO - Started process (PID=560) to work on /home/airflow/.local/lib/python3.8/site-packages/airflow/example_dags/tutorial.py
[2023-09-23T04:09:31.313+0000] {processor.py:829} INFO - Processing file /home/airflow/.local/lib/python3.8/site-packages/airflow/example_dags/tutorial.py for tasks to queue
[2023-09-23T04:09:31.315+0000] {logging_mixin.py:151} INFO - [2023-09-23T04:09:31.315+0000] {dagbag.py:539} INFO - Filling up the DagBag from /home/airflow/.local/lib/python3.8/site-packages/airflow/example_dags/tutorial.py
[2023-09-23T04:09:31.320+0000] {processor.py:839} INFO - DAG(s) dict_keys(['tutorial']) retrieved from /home/airflow/.local/lib/python3.8/site-packages/airflow/example_dags/tutorial.py
[2023-09-23T04:09:31.338+0000] {logging_mixin.py:151} INFO - [2023-09-23T04:09:31.338+0000] {dag.py:2915} INFO - Sync 1 DAGs
[2023-09-23T04:09:31.355+0000] {logging_mixin.py:151} INFO - [2023-09-23T04:09:31.355+0000] {dag.py:3696} INFO - Setting next_dagrun for tutorial to 2023-09-22T04:09:31.355433+00:00, run_after=2023-09-23T04:09:31.355433+00:00
[2023-09-23T04:09:31.409+0000] {processor.py:179} INFO - Processing /home/airflow/.local/lib/python3.8/site-packages/airflow/example_dags/tutorial.py took 0.108 seconds
[2023-09-23T04:10:02.452+0000] {processor.py:157} INFO - Started process (PID=616) to work on /home/airflow/.local/lib/python3.8/site-packages/airflow/example_dags/tutorial.py
[2023-09-23T04:10:02.453+0000] {processor.py:829} INFO - Processing file /home/airflow/.local/lib/python3.8/site-packages/airflow/example_dags/tutorial.py for tasks to queue
[2023-09-23T04:10:02.455+0000] {logging_mixin.py:151} INFO - [2023-09-23T04:10:02.455+0000] {dagbag.py:539} INFO - Filling up the DagBag from /home/airflow/.local/lib/python3.8/site-packages/airflow/example_dags/tutorial.py
[2023-09-23T04:10:02.460+0000] {processor.py:839} INFO - DAG(s) dict_keys(['tutorial']) retrieved from /home/airflow/.local/lib/python3.8/site-packages/airflow/example_dags/tutorial.py
[2023-09-23T04:10:02.479+0000] {logging_mixin.py:151} INFO - [2023-09-23T04:10:02.479+0000] {dag.py:2915} INFO - Sync 1 DAGs
[2023-09-23T04:10:02.497+0000] {logging_mixin.py:151} INFO - [2023-09-23T04:10:02.497+0000] {dag.py:3696} INFO - Setting next_dagrun for tutorial to 2023-09-22T04:10:02.497477+00:00, run_after=2023-09-23T04:10:02.497477+00:00
[2023-09-23T04:10:02.549+0000] {processor.py:179} INFO - Processing /home/airflow/.local/lib/python3.8/site-packages/airflow/example_dags/tutorial.py took 0.100 seconds
[2023-09-23T04:10:33.747+0000] {processor.py:157} INFO - Started process (PID=671) to work on /home/airflow/.local/lib/python3.8/site-packages/airflow/example_dags/tutorial.py
[2023-09-23T04:10:33.767+0000] {processor.py:829} INFO - Processing file /home/airflow/.local/lib/python3.8/site-packages/airflow/example_dags/tutorial.py for tasks to queue
[2023-09-23T04:10:33.769+0000] {logging_mixin.py:151} INFO - [2023-09-23T04:10:33.768+0000] {dagbag.py:539} INFO - Filling up the DagBag from /home/airflow/.local/lib/python3.8/site-packages/airflow/example_dags/tutorial.py
[2023-09-23T04:10:33.773+0000] {processor.py:839} INFO - DAG(s) dict_keys(['tutorial']) retrieved from /home/airflow/.local/lib/python3.8/site-packages/airflow/example_dags/tutorial.py
[2023-09-23T04:10:33.792+0000] {logging_mixin.py:151} INFO - [2023-09-23T04:10:33.792+0000] {dag.py:2915} INFO - Sync 1 DAGs
[2023-09-23T04:10:33.809+0000] {logging_mixin.py:151} INFO - [2023-09-23T04:10:33.809+0000] {dag.py:3696} INFO - Setting next_dagrun for tutorial to 2023-09-22T04:10:33.809418+00:00, run_after=2023-09-23T04:10:33.809418+00:00
[2023-09-23T04:10:33.885+0000] {processor.py:179} INFO - Processing /home/airflow/.local/lib/python3.8/site-packages/airflow/example_dags/tutorial.py took 0.142 seconds
[2023-09-23T04:11:03.963+0000] {processor.py:157} INFO - Started process (PID=726) to work on /home/airflow/.local/lib/python3.8/site-packages/airflow/example_dags/tutorial.py
[2023-09-23T04:11:03.964+0000] {processor.py:829} INFO - Processing file /home/airflow/.local/lib/python3.8/site-packages/airflow/example_dags/tutorial.py for tasks to queue
[2023-09-23T04:11:03.966+0000] {logging_mixin.py:151} INFO - [2023-09-23T04:11:03.965+0000] {dagbag.py:539} INFO - Filling up the DagBag from /home/airflow/.local/lib/python3.8/site-packages/airflow/example_dags/tutorial.py
[2023-09-23T04:11:03.970+0000] {processor.py:839} INFO - DAG(s) dict_keys(['tutorial']) retrieved from /home/airflow/.local/lib/python3.8/site-packages/airflow/example_dags/tutorial.py
[2023-09-23T04:11:03.988+0000] {logging_mixin.py:151} INFO - [2023-09-23T04:11:03.988+0000] {dag.py:2915} INFO - Sync 1 DAGs
[2023-09-23T04:11:04.006+0000] {logging_mixin.py:151} INFO - [2023-09-23T04:11:04.005+0000] {dag.py:3696} INFO - Setting next_dagrun for tutorial to 2023-09-22T04:11:04.005706+00:00, run_after=2023-09-23T04:11:04.005706+00:00
[2023-09-23T04:11:04.051+0000] {processor.py:179} INFO - Processing /home/airflow/.local/lib/python3.8/site-packages/airflow/example_dags/tutorial.py took 0.091 seconds
[2023-09-23T04:11:34.939+0000] {processor.py:157} INFO - Started process (PID=781) to work on /home/airflow/.local/lib/python3.8/site-packages/airflow/example_dags/tutorial.py
[2023-09-23T04:11:34.947+0000] {processor.py:829} INFO - Processing file /home/airflow/.local/lib/python3.8/site-packages/airflow/example_dags/tutorial.py for tasks to queue
[2023-09-23T04:11:34.948+0000] {logging_mixin.py:151} INFO - [2023-09-23T04:11:34.948+0000] {dagbag.py:539} INFO - Filling up the DagBag from /home/airflow/.local/lib/python3.8/site-packages/airflow/example_dags/tutorial.py
[2023-09-23T04:11:34.953+0000] {processor.py:839} INFO - DAG(s) dict_keys(['tutorial']) retrieved from /home/airflow/.local/lib/python3.8/site-packages/airflow/example_dags/tutorial.py
[2023-09-23T04:11:34.971+0000] {logging_mixin.py:151} INFO - [2023-09-23T04:11:34.971+0000] {dag.py:2915} INFO - Sync 1 DAGs
[2023-09-23T04:11:34.991+0000] {logging_mixin.py:151} INFO - [2023-09-23T04:11:34.991+0000] {dag.py:3696} INFO - Setting next_dagrun for tutorial to 2023-09-22T04:11:34.990791+00:00, run_after=2023-09-23T04:11:34.990791+00:00
[2023-09-23T04:11:35.043+0000] {processor.py:179} INFO - Processing /home/airflow/.local/lib/python3.8/site-packages/airflow/example_dags/tutorial.py took 0.107 seconds
[2023-09-23T04:12:07.251+0000] {processor.py:157} INFO - Started process (PID=836) to work on /home/airflow/.local/lib/python3.8/site-packages/airflow/example_dags/tutorial.py
[2023-09-23T04:12:07.256+0000] {processor.py:829} INFO - Processing file /home/airflow/.local/lib/python3.8/site-packages/airflow/example_dags/tutorial.py for tasks to queue
[2023-09-23T04:12:07.258+0000] {logging_mixin.py:151} INFO - [2023-09-23T04:12:07.257+0000] {dagbag.py:539} INFO - Filling up the DagBag from /home/airflow/.local/lib/python3.8/site-packages/airflow/example_dags/tutorial.py
[2023-09-23T04:12:07.262+0000] {processor.py:839} INFO - DAG(s) dict_keys(['tutorial']) retrieved from /home/airflow/.local/lib/python3.8/site-packages/airflow/example_dags/tutorial.py
[2023-09-23T04:12:07.280+0000] {logging_mixin.py:151} INFO - [2023-09-23T04:12:07.280+0000] {dag.py:2915} INFO - Sync 1 DAGs
[2023-09-23T04:12:07.298+0000] {logging_mixin.py:151} INFO - [2023-09-23T04:12:07.298+0000] {dag.py:3696} INFO - Setting next_dagrun for tutorial to 2023-09-22T04:12:07.298550+00:00, run_after=2023-09-23T04:12:07.298550+00:00
[2023-09-23T04:12:07.346+0000] {processor.py:179} INFO - Processing /home/airflow/.local/lib/python3.8/site-packages/airflow/example_dags/tutorial.py took 0.097 seconds
[2023-09-23T04:12:38.474+0000] {processor.py:157} INFO - Started process (PID=891) to work on /home/airflow/.local/lib/python3.8/site-packages/airflow/example_dags/tutorial.py
[2023-09-23T04:12:38.481+0000] {processor.py:829} INFO - Processing file /home/airflow/.local/lib/python3.8/site-packages/airflow/example_dags/tutorial.py for tasks to queue
[2023-09-23T04:12:38.488+0000] {logging_mixin.py:151} INFO - [2023-09-23T04:12:38.487+0000] {dagbag.py:539} INFO - Filling up the DagBag from /home/airflow/.local/lib/python3.8/site-packages/airflow/example_dags/tutorial.py
[2023-09-23T04:12:38.500+0000] {processor.py:839} INFO - DAG(s) dict_keys(['tutorial']) retrieved from /home/airflow/.local/lib/python3.8/site-packages/airflow/example_dags/tutorial.py
[2023-09-23T04:12:38.524+0000] {logging_mixin.py:151} INFO - [2023-09-23T04:12:38.524+0000] {dag.py:2915} INFO - Sync 1 DAGs
[2023-09-23T04:12:38.542+0000] {logging_mixin.py:151} INFO - [2023-09-23T04:12:38.542+0000] {dag.py:3696} INFO - Setting next_dagrun for tutorial to 2023-09-22T04:12:38.542364+00:00, run_after=2023-09-23T04:12:38.542364+00:00
[2023-09-23T04:12:38.609+0000] {processor.py:179} INFO - Processing /home/airflow/.local/lib/python3.8/site-packages/airflow/example_dags/tutorial.py took 0.138 seconds
[2023-09-23T04:13:10.039+0000] {processor.py:157} INFO - Started process (PID=946) to work on /home/airflow/.local/lib/python3.8/site-packages/airflow/example_dags/tutorial.py
[2023-09-23T04:13:10.067+0000] {processor.py:829} INFO - Processing file /home/airflow/.local/lib/python3.8/site-packages/airflow/example_dags/tutorial.py for tasks to queue
[2023-09-23T04:13:10.068+0000] {logging_mixin.py:151} INFO - [2023-09-23T04:13:10.068+0000] {dagbag.py:539} INFO - Filling up the DagBag from /home/airflow/.local/lib/python3.8/site-packages/airflow/example_dags/tutorial.py
[2023-09-23T04:13:10.073+0000] {processor.py:839} INFO - DAG(s) dict_keys(['tutorial']) retrieved from /home/airflow/.local/lib/python3.8/site-packages/airflow/example_dags/tutorial.py
[2023-09-23T04:13:10.091+0000] {logging_mixin.py:151} INFO - [2023-09-23T04:13:10.090+0000] {dag.py:2915} INFO - Sync 1 DAGs
[2023-09-23T04:13:10.108+0000] {logging_mixin.py:151} INFO - [2023-09-23T04:13:10.108+0000] {dag.py:3696} INFO - Setting next_dagrun for tutorial to 2023-09-22T04:13:10.108408+00:00, run_after=2023-09-23T04:13:10.108408+00:00
[2023-09-23T04:13:10.156+0000] {processor.py:179} INFO - Processing /home/airflow/.local/lib/python3.8/site-packages/airflow/example_dags/tutorial.py took 0.119 seconds
[2023-09-23T04:13:41.764+0000] {processor.py:157} INFO - Started process (PID=1001) to work on /home/airflow/.local/lib/python3.8/site-packages/airflow/example_dags/tutorial.py
[2023-09-23T04:13:41.777+0000] {processor.py:829} INFO - Processing file /home/airflow/.local/lib/python3.8/site-packages/airflow/example_dags/tutorial.py for tasks to queue
[2023-09-23T04:13:41.778+0000] {logging_mixin.py:151} INFO - [2023-09-23T04:13:41.778+0000] {dagbag.py:539} INFO - Filling up the DagBag from /home/airflow/.local/lib/python3.8/site-packages/airflow/example_dags/tutorial.py
[2023-09-23T04:13:41.783+0000] {processor.py:839} INFO - DAG(s) dict_keys(['tutorial']) retrieved from /home/airflow/.local/lib/python3.8/site-packages/airflow/example_dags/tutorial.py
[2023-09-23T04:13:41.801+0000] {logging_mixin.py:151} INFO - [2023-09-23T04:13:41.801+0000] {dag.py:2915} INFO - Sync 1 DAGs
[2023-09-23T04:13:41.819+0000] {logging_mixin.py:151} INFO - [2023-09-23T04:13:41.819+0000] {dag.py:3696} INFO - Setting next_dagrun for tutorial to 2023-09-22T04:13:41.818931+00:00, run_after=2023-09-23T04:13:41.818931+00:00
[2023-09-23T04:13:41.865+0000] {processor.py:179} INFO - Processing /home/airflow/.local/lib/python3.8/site-packages/airflow/example_dags/tutorial.py took 0.104 seconds
[2023-09-23T04:14:12.813+0000] {processor.py:157} INFO - Started process (PID=1056) to work on /home/airflow/.local/lib/python3.8/site-packages/airflow/example_dags/tutorial.py
[2023-09-23T04:14:12.827+0000] {processor.py:829} INFO - Processing file /home/airflow/.local/lib/python3.8/site-packages/airflow/example_dags/tutorial.py for tasks to queue
[2023-09-23T04:14:12.829+0000] {logging_mixin.py:151} INFO - [2023-09-23T04:14:12.829+0000] {dagbag.py:539} INFO - Filling up the DagBag from /home/airflow/.local/lib/python3.8/site-packages/airflow/example_dags/tutorial.py
[2023-09-23T04:14:12.834+0000] {processor.py:839} INFO - DAG(s) dict_keys(['tutorial']) retrieved from /home/airflow/.local/lib/python3.8/site-packages/airflow/example_dags/tutorial.py
[2023-09-23T04:14:12.851+0000] {logging_mixin.py:151} INFO - [2023-09-23T04:14:12.851+0000] {dag.py:2915} INFO - Sync 1 DAGs
[2023-09-23T04:14:12.869+0000] {logging_mixin.py:151} INFO - [2023-09-23T04:14:12.869+0000] {dag.py:3696} INFO - Setting next_dagrun for tutorial to 2023-09-22T04:14:12.869107+00:00, run_after=2023-09-23T04:14:12.869107+00:00
[2023-09-23T04:14:12.914+0000] {processor.py:179} INFO - Processing /home/airflow/.local/lib/python3.8/site-packages/airflow/example_dags/tutorial.py took 0.105 seconds
[2023-09-23T04:14:43.178+0000] {processor.py:157} INFO - Started process (PID=1110) to work on /home/airflow/.local/lib/python3.8/site-packages/airflow/example_dags/tutorial.py
[2023-09-23T04:14:43.199+0000] {processor.py:829} INFO - Processing file /home/airflow/.local/lib/python3.8/site-packages/airflow/example_dags/tutorial.py for tasks to queue
[2023-09-23T04:14:43.201+0000] {logging_mixin.py:151} INFO - [2023-09-23T04:14:43.201+0000] {dagbag.py:539} INFO - Filling up the DagBag from /home/airflow/.local/lib/python3.8/site-packages/airflow/example_dags/tutorial.py
[2023-09-23T04:14:43.206+0000] {processor.py:839} INFO - DAG(s) dict_keys(['tutorial']) retrieved from /home/airflow/.local/lib/python3.8/site-packages/airflow/example_dags/tutorial.py
[2023-09-23T04:14:43.223+0000] {logging_mixin.py:151} INFO - [2023-09-23T04:14:43.223+0000] {dag.py:2915} INFO - Sync 1 DAGs
[2023-09-23T04:14:43.241+0000] {logging_mixin.py:151} INFO - [2023-09-23T04:14:43.241+0000] {dag.py:3696} INFO - Setting next_dagrun for tutorial to 2023-09-22T04:14:43.241196+00:00, run_after=2023-09-23T04:14:43.241196+00:00
[2023-09-23T04:14:45.295+0000] {processor.py:179} INFO - Processing /home/airflow/.local/lib/python3.8/site-packages/airflow/example_dags/tutorial.py took 2.119 seconds
[2023-09-23T04:15:15.548+0000] {processor.py:157} INFO - Started process (PID=1165) to work on /home/airflow/.local/lib/python3.8/site-packages/airflow/example_dags/tutorial.py
[2023-09-23T04:15:15.561+0000] {processor.py:829} INFO - Processing file /home/airflow/.local/lib/python3.8/site-packages/airflow/example_dags/tutorial.py for tasks to queue
[2023-09-23T04:15:15.563+0000] {logging_mixin.py:151} INFO - [2023-09-23T04:15:15.562+0000] {dagbag.py:539} INFO - Filling up the DagBag from /home/airflow/.local/lib/python3.8/site-packages/airflow/example_dags/tutorial.py
[2023-09-23T04:15:15.567+0000] {processor.py:839} INFO - DAG(s) dict_keys(['tutorial']) retrieved from /home/airflow/.local/lib/python3.8/site-packages/airflow/example_dags/tutorial.py
[2023-09-23T04:15:15.585+0000] {logging_mixin.py:151} INFO - [2023-09-23T04:15:15.584+0000] {dag.py:2915} INFO - Sync 1 DAGs
[2023-09-23T04:15:15.602+0000] {logging_mixin.py:151} INFO - [2023-09-23T04:15:15.602+0000] {dag.py:3696} INFO - Setting next_dagrun for tutorial to 2023-09-22T04:15:15.602546+00:00, run_after=2023-09-23T04:15:15.602546+00:00
[2023-09-23T04:15:15.660+0000] {processor.py:179} INFO - Processing /home/airflow/.local/lib/python3.8/site-packages/airflow/example_dags/tutorial.py took 0.115 seconds
[2023-09-23T04:15:46.116+0000] {processor.py:157} INFO - Started process (PID=1220) to work on /home/airflow/.local/lib/python3.8/site-packages/airflow/example_dags/tutorial.py
[2023-09-23T04:15:46.524+0000] {processor.py:829} INFO - Processing file /home/airflow/.local/lib/python3.8/site-packages/airflow/example_dags/tutorial.py for tasks to queue
[2023-09-23T04:15:46.526+0000] {logging_mixin.py:151} INFO - [2023-09-23T04:15:46.526+0000] {dagbag.py:539} INFO - Filling up the DagBag from /home/airflow/.local/lib/python3.8/site-packages/airflow/example_dags/tutorial.py
[2023-09-23T04:15:46.531+0000] {processor.py:839} INFO - DAG(s) dict_keys(['tutorial']) retrieved from /home/airflow/.local/lib/python3.8/site-packages/airflow/example_dags/tutorial.py
[2023-09-23T04:15:46.548+0000] {logging_mixin.py:151} INFO - [2023-09-23T04:15:46.548+0000] {dag.py:2915} INFO - Sync 1 DAGs
[2023-09-23T04:15:46.566+0000] {logging_mixin.py:151} INFO - [2023-09-23T04:15:46.566+0000] {dag.py:3696} INFO - Setting next_dagrun for tutorial to 2023-09-22T04:15:46.565858+00:00, run_after=2023-09-23T04:15:46.565858+00:00
[2023-09-23T04:15:46.639+0000] {processor.py:179} INFO - Processing /home/airflow/.local/lib/python3.8/site-packages/airflow/example_dags/tutorial.py took 0.525 seconds
[2023-09-23T04:16:16.890+0000] {processor.py:157} INFO - Started process (PID=1275) to work on /home/airflow/.local/lib/python3.8/site-packages/airflow/example_dags/tutorial.py
[2023-09-23T04:16:16.950+0000] {processor.py:829} INFO - Processing file /home/airflow/.local/lib/python3.8/site-packages/airflow/example_dags/tutorial.py for tasks to queue
[2023-09-23T04:16:16.952+0000] {logging_mixin.py:151} INFO - [2023-09-23T04:16:16.952+0000] {dagbag.py:539} INFO - Filling up the DagBag from /home/airflow/.local/lib/python3.8/site-packages/airflow/example_dags/tutorial.py
[2023-09-23T04:16:16.956+0000] {processor.py:839} INFO - DAG(s) dict_keys(['tutorial']) retrieved from /home/airflow/.local/lib/python3.8/site-packages/airflow/example_dags/tutorial.py
[2023-09-23T04:16:16.974+0000] {logging_mixin.py:151} INFO - [2023-09-23T04:16:16.974+0000] {dag.py:2915} INFO - Sync 1 DAGs
[2023-09-23T04:16:16.994+0000] {logging_mixin.py:151} INFO - [2023-09-23T04:16:16.994+0000] {dag.py:3696} INFO - Setting next_dagrun for tutorial to 2023-09-22T04:16:16.994057+00:00, run_after=2023-09-23T04:16:16.994057+00:00
[2023-09-23T04:16:17.954+0000] {processor.py:179} INFO - Processing /home/airflow/.local/lib/python3.8/site-packages/airflow/example_dags/tutorial.py took 1.068 seconds
[2023-09-23T04:16:48.048+0000] {processor.py:157} INFO - Started process (PID=1330) to work on /home/airflow/.local/lib/python3.8/site-packages/airflow/example_dags/tutorial.py
[2023-09-23T04:16:48.086+0000] {processor.py:829} INFO - Processing file /home/airflow/.local/lib/python3.8/site-packages/airflow/example_dags/tutorial.py for tasks to queue
[2023-09-23T04:16:48.088+0000] {logging_mixin.py:151} INFO - [2023-09-23T04:16:48.087+0000] {dagbag.py:539} INFO - Filling up the DagBag from /home/airflow/.local/lib/python3.8/site-packages/airflow/example_dags/tutorial.py
[2023-09-23T04:16:48.092+0000] {processor.py:839} INFO - DAG(s) dict_keys(['tutorial']) retrieved from /home/airflow/.local/lib/python3.8/site-packages/airflow/example_dags/tutorial.py
[2023-09-23T04:16:48.109+0000] {logging_mixin.py:151} INFO - [2023-09-23T04:16:48.109+0000] {dag.py:2915} INFO - Sync 1 DAGs
[2023-09-23T04:16:48.126+0000] {logging_mixin.py:151} INFO - [2023-09-23T04:16:48.126+0000] {dag.py:3696} INFO - Setting next_dagrun for tutorial to 2023-09-22T04:16:48.126287+00:00, run_after=2023-09-23T04:16:48.126287+00:00
[2023-09-23T04:16:48.173+0000] {processor.py:179} INFO - Processing /home/airflow/.local/lib/python3.8/site-packages/airflow/example_dags/tutorial.py took 0.128 seconds
[2023-09-23T04:17:18.546+0000] {processor.py:157} INFO - Started process (PID=1385) to work on /home/airflow/.local/lib/python3.8/site-packages/airflow/example_dags/tutorial.py
[2023-09-23T04:17:19.865+0000] {processor.py:829} INFO - Processing file /home/airflow/.local/lib/python3.8/site-packages/airflow/example_dags/tutorial.py for tasks to queue
[2023-09-23T04:17:19.891+0000] {logging_mixin.py:151} INFO - [2023-09-23T04:17:19.891+0000] {dagbag.py:539} INFO - Filling up the DagBag from /home/airflow/.local/lib/python3.8/site-packages/airflow/example_dags/tutorial.py
[2023-09-23T04:17:19.897+0000] {processor.py:839} INFO - DAG(s) dict_keys(['tutorial']) retrieved from /home/airflow/.local/lib/python3.8/site-packages/airflow/example_dags/tutorial.py
[2023-09-23T04:17:19.915+0000] {logging_mixin.py:151} INFO - [2023-09-23T04:17:19.915+0000] {dag.py:2915} INFO - Sync 1 DAGs
[2023-09-23T04:17:19.933+0000] {logging_mixin.py:151} INFO - [2023-09-23T04:17:19.933+0000] {dag.py:3696} INFO - Setting next_dagrun for tutorial to 2023-09-22T04:17:19.932977+00:00, run_after=2023-09-23T04:17:19.932977+00:00
[2023-09-23T04:17:20.202+0000] {processor.py:179} INFO - Processing /home/airflow/.local/lib/python3.8/site-packages/airflow/example_dags/tutorial.py took 1.659 seconds
[2023-09-23T04:17:51.358+0000] {processor.py:157} INFO - Started process (PID=1441) to work on /home/airflow/.local/lib/python3.8/site-packages/airflow/example_dags/tutorial.py
[2023-09-23T04:17:51.376+0000] {processor.py:829} INFO - Processing file /home/airflow/.local/lib/python3.8/site-packages/airflow/example_dags/tutorial.py for tasks to queue
[2023-09-23T04:17:51.377+0000] {logging_mixin.py:151} INFO - [2023-09-23T04:17:51.377+0000] {dagbag.py:539} INFO - Filling up the DagBag from /home/airflow/.local/lib/python3.8/site-packages/airflow/example_dags/tutorial.py
[2023-09-23T04:17:51.383+0000] {processor.py:839} INFO - DAG(s) dict_keys(['tutorial']) retrieved from /home/airflow/.local/lib/python3.8/site-packages/airflow/example_dags/tutorial.py
[2023-09-23T04:17:51.395+0000] {logging_mixin.py:151} INFO - [2023-09-23T04:17:51.395+0000] {dag.py:2915} INFO - Sync 1 DAGs
[2023-09-23T04:17:51.419+0000] {logging_mixin.py:151} INFO - [2023-09-23T04:17:51.418+0000] {dag.py:3696} INFO - Setting next_dagrun for tutorial to 2023-09-22T04:17:51.418725+00:00, run_after=2023-09-23T04:17:51.418725+00:00
[2023-09-23T04:17:51.485+0000] {processor.py:179} INFO - Processing /home/airflow/.local/lib/python3.8/site-packages/airflow/example_dags/tutorial.py took 0.130 seconds
[2023-09-23T04:18:22.926+0000] {processor.py:157} INFO - Started process (PID=1496) to work on /home/airflow/.local/lib/python3.8/site-packages/airflow/example_dags/tutorial.py
[2023-09-23T04:18:22.964+0000] {processor.py:829} INFO - Processing file /home/airflow/.local/lib/python3.8/site-packages/airflow/example_dags/tutorial.py for tasks to queue
[2023-09-23T04:18:22.966+0000] {logging_mixin.py:151} INFO - [2023-09-23T04:18:22.966+0000] {dagbag.py:539} INFO - Filling up the DagBag from /home/airflow/.local/lib/python3.8/site-packages/airflow/example_dags/tutorial.py
[2023-09-23T04:18:22.970+0000] {processor.py:839} INFO - DAG(s) dict_keys(['tutorial']) retrieved from /home/airflow/.local/lib/python3.8/site-packages/airflow/example_dags/tutorial.py
[2023-09-23T04:18:22.988+0000] {logging_mixin.py:151} INFO - [2023-09-23T04:18:22.988+0000] {dag.py:2915} INFO - Sync 1 DAGs
[2023-09-23T04:18:23.006+0000] {logging_mixin.py:151} INFO - [2023-09-23T04:18:23.006+0000] {dag.py:3696} INFO - Setting next_dagrun for tutorial to 2023-09-22T04:18:23.006329+00:00, run_after=2023-09-23T04:18:23.006329+00:00
[2023-09-23T04:18:23.050+0000] {processor.py:179} INFO - Processing /home/airflow/.local/lib/python3.8/site-packages/airflow/example_dags/tutorial.py took 0.127 seconds
[2023-09-23T04:18:56.240+0000] {processor.py:157} INFO - Started process (PID=1551) to work on /home/airflow/.local/lib/python3.8/site-packages/airflow/example_dags/tutorial.py
[2023-09-23T04:18:56.278+0000] {processor.py:829} INFO - Processing file /home/airflow/.local/lib/python3.8/site-packages/airflow/example_dags/tutorial.py for tasks to queue
[2023-09-23T04:18:56.279+0000] {logging_mixin.py:151} INFO - [2023-09-23T04:18:56.279+0000] {dagbag.py:539} INFO - Filling up the DagBag from /home/airflow/.local/lib/python3.8/site-packages/airflow/example_dags/tutorial.py
[2023-09-23T04:18:56.284+0000] {processor.py:839} INFO - DAG(s) dict_keys(['tutorial']) retrieved from /home/airflow/.local/lib/python3.8/site-packages/airflow/example_dags/tutorial.py
[2023-09-23T04:18:56.303+0000] {logging_mixin.py:151} INFO - [2023-09-23T04:18:56.302+0000] {dag.py:2915} INFO - Sync 1 DAGs
[2023-09-23T04:18:56.322+0000] {logging_mixin.py:151} INFO - [2023-09-23T04:18:56.322+0000] {dag.py:3696} INFO - Setting next_dagrun for tutorial to 2023-09-22T04:18:56.322172+00:00, run_after=2023-09-23T04:18:56.322172+00:00
[2023-09-23T04:18:57.397+0000] {processor.py:179} INFO - Processing /home/airflow/.local/lib/python3.8/site-packages/airflow/example_dags/tutorial.py took 1.160 seconds
[2023-09-23T04:19:28.084+0000] {processor.py:157} INFO - Started process (PID=1606) to work on /home/airflow/.local/lib/python3.8/site-packages/airflow/example_dags/tutorial.py
[2023-09-23T04:19:29.615+0000] {processor.py:829} INFO - Processing file /home/airflow/.local/lib/python3.8/site-packages/airflow/example_dags/tutorial.py for tasks to queue
[2023-09-23T04:19:29.651+0000] {logging_mixin.py:151} INFO - [2023-09-23T04:19:29.651+0000] {dagbag.py:539} INFO - Filling up the DagBag from /home/airflow/.local/lib/python3.8/site-packages/airflow/example_dags/tutorial.py
[2023-09-23T04:19:29.659+0000] {processor.py:839} INFO - DAG(s) dict_keys(['tutorial']) retrieved from /home/airflow/.local/lib/python3.8/site-packages/airflow/example_dags/tutorial.py
[2023-09-23T04:19:29.682+0000] {logging_mixin.py:151} INFO - [2023-09-23T04:19:29.682+0000] {dag.py:2915} INFO - Sync 1 DAGs
[2023-09-23T04:19:29.699+0000] {logging_mixin.py:151} INFO - [2023-09-23T04:19:29.699+0000] {dag.py:3696} INFO - Setting next_dagrun for tutorial to 2023-09-22T04:19:29.699287+00:00, run_after=2023-09-23T04:19:29.699287+00:00
[2023-09-23T04:19:29.930+0000] {processor.py:179} INFO - Processing /home/airflow/.local/lib/python3.8/site-packages/airflow/example_dags/tutorial.py took 1.848 seconds
[2023-09-23T04:24:08.068+0000] {processor.py:157} INFO - Started process (PID=57) to work on /home/airflow/.local/lib/python3.8/site-packages/airflow/example_dags/tutorial.py
[2023-09-23T04:24:08.085+0000] {processor.py:829} INFO - Processing file /home/airflow/.local/lib/python3.8/site-packages/airflow/example_dags/tutorial.py for tasks to queue
[2023-09-23T04:24:08.088+0000] {logging_mixin.py:151} INFO - [2023-09-23T04:24:08.088+0000] {dagbag.py:539} INFO - Filling up the DagBag from /home/airflow/.local/lib/python3.8/site-packages/airflow/example_dags/tutorial.py
[2023-09-23T04:24:08.096+0000] {processor.py:839} INFO - DAG(s) dict_keys(['tutorial']) retrieved from /home/airflow/.local/lib/python3.8/site-packages/airflow/example_dags/tutorial.py
[2023-09-23T04:24:08.118+0000] {logging_mixin.py:151} INFO - [2023-09-23T04:24:08.118+0000] {dag.py:2915} INFO - Sync 1 DAGs
[2023-09-23T04:24:08.139+0000] {logging_mixin.py:151} INFO - [2023-09-23T04:24:08.139+0000] {dag.py:3696} INFO - Setting next_dagrun for tutorial to 2023-09-22T04:24:08.138830+00:00, run_after=2023-09-23T04:24:08.138830+00:00
[2023-09-23T04:24:08.200+0000] {processor.py:179} INFO - Processing /home/airflow/.local/lib/python3.8/site-packages/airflow/example_dags/tutorial.py took 0.135 seconds
[2023-09-23T04:24:57.412+0000] {processor.py:157} INFO - Started process (PID=120) to work on /home/airflow/.local/lib/python3.8/site-packages/airflow/example_dags/tutorial.py
[2023-09-23T04:24:57.426+0000] {processor.py:829} INFO - Processing file /home/airflow/.local/lib/python3.8/site-packages/airflow/example_dags/tutorial.py for tasks to queue
[2023-09-23T04:24:57.428+0000] {logging_mixin.py:151} INFO - [2023-09-23T04:24:57.427+0000] {dagbag.py:539} INFO - Filling up the DagBag from /home/airflow/.local/lib/python3.8/site-packages/airflow/example_dags/tutorial.py
[2023-09-23T04:24:57.432+0000] {processor.py:839} INFO - DAG(s) dict_keys(['tutorial']) retrieved from /home/airflow/.local/lib/python3.8/site-packages/airflow/example_dags/tutorial.py
[2023-09-23T04:24:57.450+0000] {logging_mixin.py:151} INFO - [2023-09-23T04:24:57.450+0000] {dag.py:2915} INFO - Sync 1 DAGs
[2023-09-23T04:24:57.468+0000] {logging_mixin.py:151} INFO - [2023-09-23T04:24:57.468+0000] {dag.py:3696} INFO - Setting next_dagrun for tutorial to 2023-09-22T04:24:57.468396+00:00, run_after=2023-09-23T04:24:57.468396+00:00
[2023-09-23T04:24:57.512+0000] {processor.py:179} INFO - Processing /home/airflow/.local/lib/python3.8/site-packages/airflow/example_dags/tutorial.py took 0.103 seconds
[2023-09-23T04:25:28.445+0000] {processor.py:157} INFO - Started process (PID=175) to work on /home/airflow/.local/lib/python3.8/site-packages/airflow/example_dags/tutorial.py
[2023-09-23T04:25:28.447+0000] {processor.py:829} INFO - Processing file /home/airflow/.local/lib/python3.8/site-packages/airflow/example_dags/tutorial.py for tasks to queue
[2023-09-23T04:25:28.449+0000] {logging_mixin.py:151} INFO - [2023-09-23T04:25:28.449+0000] {dagbag.py:539} INFO - Filling up the DagBag from /home/airflow/.local/lib/python3.8/site-packages/airflow/example_dags/tutorial.py
[2023-09-23T04:25:28.455+0000] {processor.py:839} INFO - DAG(s) dict_keys(['tutorial']) retrieved from /home/airflow/.local/lib/python3.8/site-packages/airflow/example_dags/tutorial.py
[2023-09-23T04:25:28.478+0000] {logging_mixin.py:151} INFO - [2023-09-23T04:25:28.477+0000] {dag.py:2915} INFO - Sync 1 DAGs
[2023-09-23T04:25:28.500+0000] {logging_mixin.py:151} INFO - [2023-09-23T04:25:28.500+0000] {dag.py:3696} INFO - Setting next_dagrun for tutorial to 2023-09-22T04:25:28.500442+00:00, run_after=2023-09-23T04:25:28.500442+00:00
[2023-09-23T04:25:28.556+0000] {processor.py:179} INFO - Processing /home/airflow/.local/lib/python3.8/site-packages/airflow/example_dags/tutorial.py took 0.114 seconds
[2023-09-23T04:26:03.205+0000] {processor.py:157} INFO - Started process (PID=230) to work on /home/airflow/.local/lib/python3.8/site-packages/airflow/example_dags/tutorial.py
[2023-09-23T04:26:03.288+0000] {processor.py:829} INFO - Processing file /home/airflow/.local/lib/python3.8/site-packages/airflow/example_dags/tutorial.py for tasks to queue
[2023-09-23T04:26:03.290+0000] {logging_mixin.py:151} INFO - [2023-09-23T04:26:03.290+0000] {dagbag.py:539} INFO - Filling up the DagBag from /home/airflow/.local/lib/python3.8/site-packages/airflow/example_dags/tutorial.py
[2023-09-23T04:26:03.295+0000] {processor.py:839} INFO - DAG(s) dict_keys(['tutorial']) retrieved from /home/airflow/.local/lib/python3.8/site-packages/airflow/example_dags/tutorial.py
[2023-09-23T04:26:03.314+0000] {logging_mixin.py:151} INFO - [2023-09-23T04:26:03.313+0000] {dag.py:2915} INFO - Sync 1 DAGs
[2023-09-23T04:26:03.333+0000] {logging_mixin.py:151} INFO - [2023-09-23T04:26:03.333+0000] {dag.py:3696} INFO - Setting next_dagrun for tutorial to 2023-09-22T04:26:03.333360+00:00, run_after=2023-09-23T04:26:03.333360+00:00
[2023-09-23T04:26:03.559+0000] {processor.py:179} INFO - Processing /home/airflow/.local/lib/python3.8/site-packages/airflow/example_dags/tutorial.py took 0.357 seconds
[2023-09-23T04:26:35.218+0000] {processor.py:157} INFO - Started process (PID=285) to work on /home/airflow/.local/lib/python3.8/site-packages/airflow/example_dags/tutorial.py
[2023-09-23T04:26:35.413+0000] {processor.py:829} INFO - Processing file /home/airflow/.local/lib/python3.8/site-packages/airflow/example_dags/tutorial.py for tasks to queue
[2023-09-23T04:26:35.416+0000] {logging_mixin.py:151} INFO - [2023-09-23T04:26:35.416+0000] {dagbag.py:539} INFO - Filling up the DagBag from /home/airflow/.local/lib/python3.8/site-packages/airflow/example_dags/tutorial.py
[2023-09-23T04:26:35.422+0000] {processor.py:839} INFO - DAG(s) dict_keys(['tutorial']) retrieved from /home/airflow/.local/lib/python3.8/site-packages/airflow/example_dags/tutorial.py
[2023-09-23T04:26:35.439+0000] {logging_mixin.py:151} INFO - [2023-09-23T04:26:35.439+0000] {dag.py:2915} INFO - Sync 1 DAGs
[2023-09-23T04:26:35.459+0000] {logging_mixin.py:151} INFO - [2023-09-23T04:26:35.459+0000] {dag.py:3696} INFO - Setting next_dagrun for tutorial to 2023-09-22T04:26:35.459275+00:00, run_after=2023-09-23T04:26:35.459275+00:00
[2023-09-23T04:26:35.534+0000] {processor.py:179} INFO - Processing /home/airflow/.local/lib/python3.8/site-packages/airflow/example_dags/tutorial.py took 0.319 seconds
[2023-09-23T04:27:06.526+0000] {processor.py:157} INFO - Started process (PID=340) to work on /home/airflow/.local/lib/python3.8/site-packages/airflow/example_dags/tutorial.py
[2023-09-23T04:27:06.535+0000] {processor.py:829} INFO - Processing file /home/airflow/.local/lib/python3.8/site-packages/airflow/example_dags/tutorial.py for tasks to queue
[2023-09-23T04:27:06.537+0000] {logging_mixin.py:151} INFO - [2023-09-23T04:27:06.537+0000] {dagbag.py:539} INFO - Filling up the DagBag from /home/airflow/.local/lib/python3.8/site-packages/airflow/example_dags/tutorial.py
[2023-09-23T04:27:06.542+0000] {processor.py:839} INFO - DAG(s) dict_keys(['tutorial']) retrieved from /home/airflow/.local/lib/python3.8/site-packages/airflow/example_dags/tutorial.py
[2023-09-23T04:27:06.562+0000] {logging_mixin.py:151} INFO - [2023-09-23T04:27:06.562+0000] {dag.py:2915} INFO - Sync 1 DAGs
[2023-09-23T04:27:06.583+0000] {logging_mixin.py:151} INFO - [2023-09-23T04:27:06.583+0000] {dag.py:3696} INFO - Setting next_dagrun for tutorial to 2023-09-22T04:27:06.583120+00:00, run_after=2023-09-23T04:27:06.583120+00:00
[2023-09-23T04:27:06.640+0000] {processor.py:179} INFO - Processing /home/airflow/.local/lib/python3.8/site-packages/airflow/example_dags/tutorial.py took 0.118 seconds
[2023-09-23T04:27:38.042+0000] {processor.py:157} INFO - Started process (PID=395) to work on /home/airflow/.local/lib/python3.8/site-packages/airflow/example_dags/tutorial.py
[2023-09-23T04:27:38.056+0000] {processor.py:829} INFO - Processing file /home/airflow/.local/lib/python3.8/site-packages/airflow/example_dags/tutorial.py for tasks to queue
[2023-09-23T04:27:38.058+0000] {logging_mixin.py:151} INFO - [2023-09-23T04:27:38.058+0000] {dagbag.py:539} INFO - Filling up the DagBag from /home/airflow/.local/lib/python3.8/site-packages/airflow/example_dags/tutorial.py
[2023-09-23T04:27:38.063+0000] {processor.py:839} INFO - DAG(s) dict_keys(['tutorial']) retrieved from /home/airflow/.local/lib/python3.8/site-packages/airflow/example_dags/tutorial.py
[2023-09-23T04:27:38.084+0000] {logging_mixin.py:151} INFO - [2023-09-23T04:27:38.084+0000] {dag.py:2915} INFO - Sync 1 DAGs
[2023-09-23T04:27:38.103+0000] {logging_mixin.py:151} INFO - [2023-09-23T04:27:38.103+0000] {dag.py:3696} INFO - Setting next_dagrun for tutorial to 2023-09-22T04:27:38.102863+00:00, run_after=2023-09-23T04:27:38.102863+00:00
[2023-09-23T04:27:38.194+0000] {processor.py:179} INFO - Processing /home/airflow/.local/lib/python3.8/site-packages/airflow/example_dags/tutorial.py took 0.155 seconds
[2023-09-23T04:28:09.185+0000] {processor.py:157} INFO - Started process (PID=450) to work on /home/airflow/.local/lib/python3.8/site-packages/airflow/example_dags/tutorial.py
[2023-09-23T04:28:09.191+0000] {processor.py:829} INFO - Processing file /home/airflow/.local/lib/python3.8/site-packages/airflow/example_dags/tutorial.py for tasks to queue
[2023-09-23T04:28:09.193+0000] {logging_mixin.py:151} INFO - [2023-09-23T04:28:09.193+0000] {dagbag.py:539} INFO - Filling up the DagBag from /home/airflow/.local/lib/python3.8/site-packages/airflow/example_dags/tutorial.py
[2023-09-23T04:28:09.197+0000] {processor.py:839} INFO - DAG(s) dict_keys(['tutorial']) retrieved from /home/airflow/.local/lib/python3.8/site-packages/airflow/example_dags/tutorial.py
[2023-09-23T04:28:09.216+0000] {logging_mixin.py:151} INFO - [2023-09-23T04:28:09.215+0000] {dag.py:2915} INFO - Sync 1 DAGs
[2023-09-23T04:28:09.234+0000] {logging_mixin.py:151} INFO - [2023-09-23T04:28:09.234+0000] {dag.py:3696} INFO - Setting next_dagrun for tutorial to 2023-09-22T04:28:09.234332+00:00, run_after=2023-09-23T04:28:09.234332+00:00
[2023-09-23T04:28:09.286+0000] {processor.py:179} INFO - Processing /home/airflow/.local/lib/python3.8/site-packages/airflow/example_dags/tutorial.py took 0.103 seconds
[2023-09-23T04:28:41.874+0000] {processor.py:157} INFO - Started process (PID=505) to work on /home/airflow/.local/lib/python3.8/site-packages/airflow/example_dags/tutorial.py
[2023-09-23T04:28:41.885+0000] {processor.py:829} INFO - Processing file /home/airflow/.local/lib/python3.8/site-packages/airflow/example_dags/tutorial.py for tasks to queue
[2023-09-23T04:28:41.887+0000] {logging_mixin.py:151} INFO - [2023-09-23T04:28:41.887+0000] {dagbag.py:539} INFO - Filling up the DagBag from /home/airflow/.local/lib/python3.8/site-packages/airflow/example_dags/tutorial.py
[2023-09-23T04:28:41.891+0000] {processor.py:839} INFO - DAG(s) dict_keys(['tutorial']) retrieved from /home/airflow/.local/lib/python3.8/site-packages/airflow/example_dags/tutorial.py
[2023-09-23T04:28:41.909+0000] {logging_mixin.py:151} INFO - [2023-09-23T04:28:41.909+0000] {dag.py:2915} INFO - Sync 1 DAGs
[2023-09-23T04:28:41.928+0000] {logging_mixin.py:151} INFO - [2023-09-23T04:28:41.928+0000] {dag.py:3696} INFO - Setting next_dagrun for tutorial to 2023-09-22T04:28:41.928285+00:00, run_after=2023-09-23T04:28:41.928285+00:00
[2023-09-23T04:28:41.969+0000] {processor.py:179} INFO - Processing /home/airflow/.local/lib/python3.8/site-packages/airflow/example_dags/tutorial.py took 0.097 seconds
[2023-09-23T04:29:14.580+0000] {processor.py:157} INFO - Started process (PID=560) to work on /home/airflow/.local/lib/python3.8/site-packages/airflow/example_dags/tutorial.py
[2023-09-23T04:29:15.075+0000] {processor.py:829} INFO - Processing file /home/airflow/.local/lib/python3.8/site-packages/airflow/example_dags/tutorial.py for tasks to queue
[2023-09-23T04:29:15.078+0000] {logging_mixin.py:151} INFO - [2023-09-23T04:29:15.078+0000] {dagbag.py:539} INFO - Filling up the DagBag from /home/airflow/.local/lib/python3.8/site-packages/airflow/example_dags/tutorial.py
[2023-09-23T04:29:15.087+0000] {processor.py:839} INFO - DAG(s) dict_keys(['tutorial']) retrieved from /home/airflow/.local/lib/python3.8/site-packages/airflow/example_dags/tutorial.py
[2023-09-23T04:29:15.101+0000] {logging_mixin.py:151} INFO - [2023-09-23T04:29:15.100+0000] {dag.py:2915} INFO - Sync 1 DAGs
[2023-09-23T04:29:15.120+0000] {logging_mixin.py:151} INFO - [2023-09-23T04:29:15.120+0000] {dag.py:3696} INFO - Setting next_dagrun for tutorial to 2023-09-22T04:29:15.120335+00:00, run_after=2023-09-23T04:29:15.120335+00:00
[2023-09-23T04:29:15.674+0000] {processor.py:179} INFO - Processing /home/airflow/.local/lib/python3.8/site-packages/airflow/example_dags/tutorial.py took 1.096 seconds
[2023-09-23T04:29:45.705+0000] {processor.py:157} INFO - Started process (PID=615) to work on /home/airflow/.local/lib/python3.8/site-packages/airflow/example_dags/tutorial.py
[2023-09-23T04:29:45.824+0000] {processor.py:829} INFO - Processing file /home/airflow/.local/lib/python3.8/site-packages/airflow/example_dags/tutorial.py for tasks to queue
[2023-09-23T04:29:45.827+0000] {logging_mixin.py:151} INFO - [2023-09-23T04:29:45.826+0000] {dagbag.py:539} INFO - Filling up the DagBag from /home/airflow/.local/lib/python3.8/site-packages/airflow/example_dags/tutorial.py
[2023-09-23T04:29:45.833+0000] {processor.py:839} INFO - DAG(s) dict_keys(['tutorial']) retrieved from /home/airflow/.local/lib/python3.8/site-packages/airflow/example_dags/tutorial.py
[2023-09-23T04:29:45.855+0000] {logging_mixin.py:151} INFO - [2023-09-23T04:29:45.855+0000] {dag.py:2915} INFO - Sync 1 DAGs
[2023-09-23T04:29:45.885+0000] {logging_mixin.py:151} INFO - [2023-09-23T04:29:45.885+0000] {dag.py:3696} INFO - Setting next_dagrun for tutorial to 2023-09-22T04:29:45.885090+00:00, run_after=2023-09-23T04:29:45.885090+00:00
[2023-09-23T04:29:47.551+0000] {processor.py:179} INFO - Processing /home/airflow/.local/lib/python3.8/site-packages/airflow/example_dags/tutorial.py took 1.849 seconds
[2023-09-23T04:30:18.085+0000] {processor.py:157} INFO - Started process (PID=670) to work on /home/airflow/.local/lib/python3.8/site-packages/airflow/example_dags/tutorial.py
[2023-09-23T04:30:18.471+0000] {processor.py:829} INFO - Processing file /home/airflow/.local/lib/python3.8/site-packages/airflow/example_dags/tutorial.py for tasks to queue
[2023-09-23T04:30:18.473+0000] {logging_mixin.py:151} INFO - [2023-09-23T04:30:18.473+0000] {dagbag.py:539} INFO - Filling up the DagBag from /home/airflow/.local/lib/python3.8/site-packages/airflow/example_dags/tutorial.py
[2023-09-23T04:30:18.478+0000] {processor.py:839} INFO - DAG(s) dict_keys(['tutorial']) retrieved from /home/airflow/.local/lib/python3.8/site-packages/airflow/example_dags/tutorial.py
[2023-09-23T04:30:18.496+0000] {logging_mixin.py:151} INFO - [2023-09-23T04:30:18.496+0000] {dag.py:2915} INFO - Sync 1 DAGs
[2023-09-23T04:30:18.514+0000] {logging_mixin.py:151} INFO - [2023-09-23T04:30:18.514+0000] {dag.py:3696} INFO - Setting next_dagrun for tutorial to 2023-09-22T04:30:18.514207+00:00, run_after=2023-09-23T04:30:18.514207+00:00
[2023-09-23T04:30:18.562+0000] {processor.py:179} INFO - Processing /home/airflow/.local/lib/python3.8/site-packages/airflow/example_dags/tutorial.py took 0.480 seconds
[2023-09-23T04:30:48.832+0000] {processor.py:157} INFO - Started process (PID=725) to work on /home/airflow/.local/lib/python3.8/site-packages/airflow/example_dags/tutorial.py
[2023-09-23T04:30:48.872+0000] {processor.py:829} INFO - Processing file /home/airflow/.local/lib/python3.8/site-packages/airflow/example_dags/tutorial.py for tasks to queue
[2023-09-23T04:30:48.874+0000] {logging_mixin.py:151} INFO - [2023-09-23T04:30:48.874+0000] {dagbag.py:539} INFO - Filling up the DagBag from /home/airflow/.local/lib/python3.8/site-packages/airflow/example_dags/tutorial.py
[2023-09-23T04:30:48.878+0000] {processor.py:839} INFO - DAG(s) dict_keys(['tutorial']) retrieved from /home/airflow/.local/lib/python3.8/site-packages/airflow/example_dags/tutorial.py
[2023-09-23T04:30:48.896+0000] {logging_mixin.py:151} INFO - [2023-09-23T04:30:48.896+0000] {dag.py:2915} INFO - Sync 1 DAGs
[2023-09-23T04:30:48.914+0000] {logging_mixin.py:151} INFO - [2023-09-23T04:30:48.914+0000] {dag.py:3696} INFO - Setting next_dagrun for tutorial to 2023-09-22T04:30:48.914539+00:00, run_after=2023-09-23T04:30:48.914539+00:00
[2023-09-23T04:30:49.775+0000] {processor.py:179} INFO - Processing /home/airflow/.local/lib/python3.8/site-packages/airflow/example_dags/tutorial.py took 0.946 seconds
[2023-09-23T22:35:22.517+0000] {processor.py:157} INFO - Started process (PID=64) to work on /home/airflow/.local/lib/python3.8/site-packages/airflow/example_dags/tutorial.py
[2023-09-23T22:35:22.567+0000] {processor.py:829} INFO - Processing file /home/airflow/.local/lib/python3.8/site-packages/airflow/example_dags/tutorial.py for tasks to queue
[2023-09-23T22:35:22.570+0000] {logging_mixin.py:151} INFO - [2023-09-23T22:35:22.569+0000] {dagbag.py:539} INFO - Filling up the DagBag from /home/airflow/.local/lib/python3.8/site-packages/airflow/example_dags/tutorial.py
[2023-09-23T22:35:22.576+0000] {processor.py:839} INFO - DAG(s) dict_keys(['tutorial']) retrieved from /home/airflow/.local/lib/python3.8/site-packages/airflow/example_dags/tutorial.py
[2023-09-23T22:35:22.595+0000] {logging_mixin.py:151} INFO - [2023-09-23T22:35:22.595+0000] {dag.py:2915} INFO - Sync 1 DAGs
[2023-09-23T22:35:22.613+0000] {logging_mixin.py:151} INFO - [2023-09-23T22:35:22.613+0000] {dag.py:3696} INFO - Setting next_dagrun for tutorial to 2023-09-22T22:35:22.613413+00:00, run_after=2023-09-23T22:35:22.613413+00:00
[2023-09-23T22:35:22.670+0000] {processor.py:179} INFO - Processing /home/airflow/.local/lib/python3.8/site-packages/airflow/example_dags/tutorial.py took 0.156 seconds
[2023-09-23T22:35:58.018+0000] {processor.py:157} INFO - Started process (PID=118) to work on /home/airflow/.local/lib/python3.8/site-packages/airflow/example_dags/tutorial.py
[2023-09-23T22:35:58.341+0000] {processor.py:829} INFO - Processing file /home/airflow/.local/lib/python3.8/site-packages/airflow/example_dags/tutorial.py for tasks to queue
[2023-09-23T22:35:58.662+0000] {logging_mixin.py:151} INFO - [2023-09-23T22:35:58.661+0000] {dagbag.py:539} INFO - Filling up the DagBag from /home/airflow/.local/lib/python3.8/site-packages/airflow/example_dags/tutorial.py
[2023-09-23T22:35:58.666+0000] {processor.py:839} INFO - DAG(s) dict_keys(['tutorial']) retrieved from /home/airflow/.local/lib/python3.8/site-packages/airflow/example_dags/tutorial.py
[2023-09-23T22:35:58.677+0000] {logging_mixin.py:151} INFO - [2023-09-23T22:35:58.677+0000] {dag.py:2915} INFO - Sync 1 DAGs
[2023-09-23T22:35:58.696+0000] {logging_mixin.py:151} INFO - [2023-09-23T22:35:58.696+0000] {dag.py:3696} INFO - Setting next_dagrun for tutorial to 2023-09-22T22:35:58.696093+00:00, run_after=2023-09-23T22:35:58.696093+00:00
[2023-09-23T22:35:59.039+0000] {processor.py:179} INFO - Processing /home/airflow/.local/lib/python3.8/site-packages/airflow/example_dags/tutorial.py took 1.023 seconds
[2023-09-23T22:36:29.136+0000] {processor.py:157} INFO - Started process (PID=173) to work on /home/airflow/.local/lib/python3.8/site-packages/airflow/example_dags/tutorial.py
[2023-09-23T22:36:29.212+0000] {processor.py:829} INFO - Processing file /home/airflow/.local/lib/python3.8/site-packages/airflow/example_dags/tutorial.py for tasks to queue
[2023-09-23T22:36:29.214+0000] {logging_mixin.py:151} INFO - [2023-09-23T22:36:29.214+0000] {dagbag.py:539} INFO - Filling up the DagBag from /home/airflow/.local/lib/python3.8/site-packages/airflow/example_dags/tutorial.py
[2023-09-23T22:36:29.219+0000] {processor.py:839} INFO - DAG(s) dict_keys(['tutorial']) retrieved from /home/airflow/.local/lib/python3.8/site-packages/airflow/example_dags/tutorial.py
[2023-09-23T22:36:29.243+0000] {logging_mixin.py:151} INFO - [2023-09-23T22:36:29.243+0000] {dag.py:2915} INFO - Sync 1 DAGs
[2023-09-23T22:36:29.264+0000] {logging_mixin.py:151} INFO - [2023-09-23T22:36:29.264+0000] {dag.py:3696} INFO - Setting next_dagrun for tutorial to 2023-09-22T22:36:29.264089+00:00, run_after=2023-09-23T22:36:29.264089+00:00
[2023-09-23T22:36:29.409+0000] {processor.py:179} INFO - Processing /home/airflow/.local/lib/python3.8/site-packages/airflow/example_dags/tutorial.py took 0.278 seconds
[2023-09-23T22:37:00.024+0000] {processor.py:157} INFO - Started process (PID=228) to work on /home/airflow/.local/lib/python3.8/site-packages/airflow/example_dags/tutorial.py
[2023-09-23T22:37:00.072+0000] {processor.py:829} INFO - Processing file /home/airflow/.local/lib/python3.8/site-packages/airflow/example_dags/tutorial.py for tasks to queue
[2023-09-23T22:37:00.074+0000] {logging_mixin.py:151} INFO - [2023-09-23T22:37:00.074+0000] {dagbag.py:539} INFO - Filling up the DagBag from /home/airflow/.local/lib/python3.8/site-packages/airflow/example_dags/tutorial.py
[2023-09-23T22:37:00.079+0000] {processor.py:839} INFO - DAG(s) dict_keys(['tutorial']) retrieved from /home/airflow/.local/lib/python3.8/site-packages/airflow/example_dags/tutorial.py
[2023-09-23T22:37:00.089+0000] {logging_mixin.py:151} INFO - [2023-09-23T22:37:00.089+0000] {dag.py:2915} INFO - Sync 1 DAGs
[2023-09-23T22:37:00.108+0000] {logging_mixin.py:151} INFO - [2023-09-23T22:37:00.108+0000] {dag.py:3696} INFO - Setting next_dagrun for tutorial to 2023-09-22T22:37:00.108212+00:00, run_after=2023-09-23T22:37:00.108212+00:00
[2023-09-23T22:37:00.208+0000] {processor.py:179} INFO - Processing /home/airflow/.local/lib/python3.8/site-packages/airflow/example_dags/tutorial.py took 0.187 seconds
[2023-09-23T22:37:30.689+0000] {processor.py:157} INFO - Started process (PID=283) to work on /home/airflow/.local/lib/python3.8/site-packages/airflow/example_dags/tutorial.py
[2023-09-23T22:37:30.830+0000] {processor.py:829} INFO - Processing file /home/airflow/.local/lib/python3.8/site-packages/airflow/example_dags/tutorial.py for tasks to queue
[2023-09-23T22:37:30.836+0000] {logging_mixin.py:151} INFO - [2023-09-23T22:37:30.836+0000] {dagbag.py:539} INFO - Filling up the DagBag from /home/airflow/.local/lib/python3.8/site-packages/airflow/example_dags/tutorial.py
[2023-09-23T22:37:30.845+0000] {processor.py:839} INFO - DAG(s) dict_keys(['tutorial']) retrieved from /home/airflow/.local/lib/python3.8/site-packages/airflow/example_dags/tutorial.py
[2023-09-23T22:37:30.866+0000] {logging_mixin.py:151} INFO - [2023-09-23T22:37:30.866+0000] {dag.py:2915} INFO - Sync 1 DAGs
[2023-09-23T22:37:30.883+0000] {logging_mixin.py:151} INFO - [2023-09-23T22:37:30.883+0000] {dag.py:3696} INFO - Setting next_dagrun for tutorial to 2023-09-22T22:37:30.883395+00:00, run_after=2023-09-23T22:37:30.883395+00:00
[2023-09-23T22:37:30.928+0000] {processor.py:179} INFO - Processing /home/airflow/.local/lib/python3.8/site-packages/airflow/example_dags/tutorial.py took 0.241 seconds
[2023-09-23T22:38:01.245+0000] {processor.py:157} INFO - Started process (PID=338) to work on /home/airflow/.local/lib/python3.8/site-packages/airflow/example_dags/tutorial.py
[2023-09-23T22:38:01.324+0000] {processor.py:829} INFO - Processing file /home/airflow/.local/lib/python3.8/site-packages/airflow/example_dags/tutorial.py for tasks to queue
[2023-09-23T22:38:01.326+0000] {logging_mixin.py:151} INFO - [2023-09-23T22:38:01.326+0000] {dagbag.py:539} INFO - Filling up the DagBag from /home/airflow/.local/lib/python3.8/site-packages/airflow/example_dags/tutorial.py
[2023-09-23T22:38:01.330+0000] {processor.py:839} INFO - DAG(s) dict_keys(['tutorial']) retrieved from /home/airflow/.local/lib/python3.8/site-packages/airflow/example_dags/tutorial.py
[2023-09-23T22:38:01.347+0000] {logging_mixin.py:151} INFO - [2023-09-23T22:38:01.347+0000] {dag.py:2915} INFO - Sync 1 DAGs
[2023-09-23T22:38:01.364+0000] {logging_mixin.py:151} INFO - [2023-09-23T22:38:01.364+0000] {dag.py:3696} INFO - Setting next_dagrun for tutorial to 2023-09-22T22:38:01.364215+00:00, run_after=2023-09-23T22:38:01.364215+00:00
[2023-09-23T22:38:01.468+0000] {processor.py:179} INFO - Processing /home/airflow/.local/lib/python3.8/site-packages/airflow/example_dags/tutorial.py took 0.226 seconds
[2023-09-23T22:38:34.659+0000] {processor.py:157} INFO - Started process (PID=393) to work on /home/airflow/.local/lib/python3.8/site-packages/airflow/example_dags/tutorial.py
[2023-09-23T22:38:34.707+0000] {processor.py:829} INFO - Processing file /home/airflow/.local/lib/python3.8/site-packages/airflow/example_dags/tutorial.py for tasks to queue
[2023-09-23T22:38:34.712+0000] {logging_mixin.py:151} INFO - [2023-09-23T22:38:34.711+0000] {dagbag.py:539} INFO - Filling up the DagBag from /home/airflow/.local/lib/python3.8/site-packages/airflow/example_dags/tutorial.py
[2023-09-23T22:38:34.718+0000] {processor.py:839} INFO - DAG(s) dict_keys(['tutorial']) retrieved from /home/airflow/.local/lib/python3.8/site-packages/airflow/example_dags/tutorial.py
[2023-09-23T22:38:34.737+0000] {logging_mixin.py:151} INFO - [2023-09-23T22:38:34.736+0000] {dag.py:2915} INFO - Sync 1 DAGs
[2023-09-23T22:38:34.755+0000] {logging_mixin.py:151} INFO - [2023-09-23T22:38:34.755+0000] {dag.py:3696} INFO - Setting next_dagrun for tutorial to 2023-09-22T22:38:34.755251+00:00, run_after=2023-09-23T22:38:34.755251+00:00
[2023-09-23T22:38:34.980+0000] {processor.py:179} INFO - Processing /home/airflow/.local/lib/python3.8/site-packages/airflow/example_dags/tutorial.py took 0.324 seconds
[2023-09-23T22:39:06.003+0000] {processor.py:157} INFO - Started process (PID=448) to work on /home/airflow/.local/lib/python3.8/site-packages/airflow/example_dags/tutorial.py
[2023-09-23T22:39:06.060+0000] {processor.py:829} INFO - Processing file /home/airflow/.local/lib/python3.8/site-packages/airflow/example_dags/tutorial.py for tasks to queue
[2023-09-23T22:39:06.064+0000] {logging_mixin.py:151} INFO - [2023-09-23T22:39:06.063+0000] {dagbag.py:539} INFO - Filling up the DagBag from /home/airflow/.local/lib/python3.8/site-packages/airflow/example_dags/tutorial.py
[2023-09-23T22:39:06.072+0000] {processor.py:839} INFO - DAG(s) dict_keys(['tutorial']) retrieved from /home/airflow/.local/lib/python3.8/site-packages/airflow/example_dags/tutorial.py
[2023-09-23T22:39:06.094+0000] {logging_mixin.py:151} INFO - [2023-09-23T22:39:06.094+0000] {dag.py:2915} INFO - Sync 1 DAGs
[2023-09-23T22:39:06.114+0000] {logging_mixin.py:151} INFO - [2023-09-23T22:39:06.114+0000] {dag.py:3696} INFO - Setting next_dagrun for tutorial to 2023-09-22T22:39:06.114505+00:00, run_after=2023-09-23T22:39:06.114505+00:00
[2023-09-23T22:39:06.358+0000] {processor.py:179} INFO - Processing /home/airflow/.local/lib/python3.8/site-packages/airflow/example_dags/tutorial.py took 0.358 seconds
[2023-09-23T22:39:36.559+0000] {processor.py:157} INFO - Started process (PID=503) to work on /home/airflow/.local/lib/python3.8/site-packages/airflow/example_dags/tutorial.py
[2023-09-23T22:39:36.590+0000] {processor.py:829} INFO - Processing file /home/airflow/.local/lib/python3.8/site-packages/airflow/example_dags/tutorial.py for tasks to queue
[2023-09-23T22:39:36.592+0000] {logging_mixin.py:151} INFO - [2023-09-23T22:39:36.592+0000] {dagbag.py:539} INFO - Filling up the DagBag from /home/airflow/.local/lib/python3.8/site-packages/airflow/example_dags/tutorial.py
[2023-09-23T22:39:36.597+0000] {processor.py:839} INFO - DAG(s) dict_keys(['tutorial']) retrieved from /home/airflow/.local/lib/python3.8/site-packages/airflow/example_dags/tutorial.py
[2023-09-23T22:39:36.614+0000] {logging_mixin.py:151} INFO - [2023-09-23T22:39:36.614+0000] {dag.py:2915} INFO - Sync 1 DAGs
[2023-09-23T22:39:36.633+0000] {logging_mixin.py:151} INFO - [2023-09-23T22:39:36.633+0000] {dag.py:3696} INFO - Setting next_dagrun for tutorial to 2023-09-22T22:39:36.632830+00:00, run_after=2023-09-23T22:39:36.632830+00:00
[2023-09-23T22:39:36.699+0000] {processor.py:179} INFO - Processing /home/airflow/.local/lib/python3.8/site-packages/airflow/example_dags/tutorial.py took 0.143 seconds
[2023-09-23T22:40:09.233+0000] {processor.py:157} INFO - Started process (PID=559) to work on /home/airflow/.local/lib/python3.8/site-packages/airflow/example_dags/tutorial.py
[2023-09-23T22:40:09.378+0000] {processor.py:829} INFO - Processing file /home/airflow/.local/lib/python3.8/site-packages/airflow/example_dags/tutorial.py for tasks to queue
[2023-09-23T22:40:09.380+0000] {logging_mixin.py:151} INFO - [2023-09-23T22:40:09.380+0000] {dagbag.py:539} INFO - Filling up the DagBag from /home/airflow/.local/lib/python3.8/site-packages/airflow/example_dags/tutorial.py
[2023-09-23T22:40:09.385+0000] {processor.py:839} INFO - DAG(s) dict_keys(['tutorial']) retrieved from /home/airflow/.local/lib/python3.8/site-packages/airflow/example_dags/tutorial.py
[2023-09-23T22:40:09.407+0000] {logging_mixin.py:151} INFO - [2023-09-23T22:40:09.407+0000] {dag.py:2915} INFO - Sync 1 DAGs
[2023-09-23T22:40:09.426+0000] {logging_mixin.py:151} INFO - [2023-09-23T22:40:09.426+0000] {dag.py:3696} INFO - Setting next_dagrun for tutorial to 2023-09-22T22:40:09.425752+00:00, run_after=2023-09-23T22:40:09.425752+00:00
[2023-09-23T22:40:09.698+0000] {processor.py:179} INFO - Processing /home/airflow/.local/lib/python3.8/site-packages/airflow/example_dags/tutorial.py took 0.468 seconds
[2023-09-23T22:40:41.268+0000] {processor.py:157} INFO - Started process (PID=614) to work on /home/airflow/.local/lib/python3.8/site-packages/airflow/example_dags/tutorial.py
[2023-09-23T22:40:41.378+0000] {processor.py:829} INFO - Processing file /home/airflow/.local/lib/python3.8/site-packages/airflow/example_dags/tutorial.py for tasks to queue
[2023-09-23T22:40:41.379+0000] {logging_mixin.py:151} INFO - [2023-09-23T22:40:41.379+0000] {dagbag.py:539} INFO - Filling up the DagBag from /home/airflow/.local/lib/python3.8/site-packages/airflow/example_dags/tutorial.py
[2023-09-23T22:40:41.384+0000] {processor.py:839} INFO - DAG(s) dict_keys(['tutorial']) retrieved from /home/airflow/.local/lib/python3.8/site-packages/airflow/example_dags/tutorial.py
[2023-09-23T22:40:41.403+0000] {logging_mixin.py:151} INFO - [2023-09-23T22:40:41.403+0000] {dag.py:2915} INFO - Sync 1 DAGs
[2023-09-23T22:40:41.422+0000] {logging_mixin.py:151} INFO - [2023-09-23T22:40:41.422+0000] {dag.py:3696} INFO - Setting next_dagrun for tutorial to 2023-09-22T22:40:41.421938+00:00, run_after=2023-09-23T22:40:41.421938+00:00
[2023-09-23T22:40:41.950+0000] {processor.py:179} INFO - Processing /home/airflow/.local/lib/python3.8/site-packages/airflow/example_dags/tutorial.py took 0.686 seconds
[2023-09-23T22:41:12.926+0000] {processor.py:157} INFO - Started process (PID=669) to work on /home/airflow/.local/lib/python3.8/site-packages/airflow/example_dags/tutorial.py
[2023-09-23T22:41:13.090+0000] {processor.py:829} INFO - Processing file /home/airflow/.local/lib/python3.8/site-packages/airflow/example_dags/tutorial.py for tasks to queue
[2023-09-23T22:41:13.092+0000] {logging_mixin.py:151} INFO - [2023-09-23T22:41:13.091+0000] {dagbag.py:539} INFO - Filling up the DagBag from /home/airflow/.local/lib/python3.8/site-packages/airflow/example_dags/tutorial.py
[2023-09-23T22:41:13.097+0000] {processor.py:839} INFO - DAG(s) dict_keys(['tutorial']) retrieved from /home/airflow/.local/lib/python3.8/site-packages/airflow/example_dags/tutorial.py
[2023-09-23T22:41:13.116+0000] {logging_mixin.py:151} INFO - [2023-09-23T22:41:13.116+0000] {dag.py:2915} INFO - Sync 1 DAGs
[2023-09-23T22:41:13.135+0000] {logging_mixin.py:151} INFO - [2023-09-23T22:41:13.135+0000] {dag.py:3696} INFO - Setting next_dagrun for tutorial to 2023-09-22T22:41:13.135187+00:00, run_after=2023-09-23T22:41:13.135187+00:00
[2023-09-23T22:41:13.544+0000] {processor.py:179} INFO - Processing /home/airflow/.local/lib/python3.8/site-packages/airflow/example_dags/tutorial.py took 0.621 seconds
[2023-09-23T22:41:44.689+0000] {processor.py:157} INFO - Started process (PID=724) to work on /home/airflow/.local/lib/python3.8/site-packages/airflow/example_dags/tutorial.py
[2023-09-23T22:41:44.843+0000] {processor.py:829} INFO - Processing file /home/airflow/.local/lib/python3.8/site-packages/airflow/example_dags/tutorial.py for tasks to queue
[2023-09-23T22:41:44.849+0000] {logging_mixin.py:151} INFO - [2023-09-23T22:41:44.848+0000] {dagbag.py:539} INFO - Filling up the DagBag from /home/airflow/.local/lib/python3.8/site-packages/airflow/example_dags/tutorial.py
[2023-09-23T22:41:44.863+0000] {processor.py:839} INFO - DAG(s) dict_keys(['tutorial']) retrieved from /home/airflow/.local/lib/python3.8/site-packages/airflow/example_dags/tutorial.py
[2023-09-23T22:41:44.889+0000] {logging_mixin.py:151} INFO - [2023-09-23T22:41:44.888+0000] {dag.py:2915} INFO - Sync 1 DAGs
[2023-09-23T22:41:44.907+0000] {logging_mixin.py:151} INFO - [2023-09-23T22:41:44.907+0000] {dag.py:3696} INFO - Setting next_dagrun for tutorial to 2023-09-22T22:41:44.907396+00:00, run_after=2023-09-23T22:41:44.907396+00:00
[2023-09-23T22:41:45.121+0000] {processor.py:179} INFO - Processing /home/airflow/.local/lib/python3.8/site-packages/airflow/example_dags/tutorial.py took 0.435 seconds
